#
# A fatal error has been detected by the Java Runtime Environment:
#
#  EXCEPTION_ACCESS_VIOLATION (0xc0000005) at pc=0x0000000068df3608, pid=8900, tid=0x0000000000001674
#
# JRE version: Java(TM) SE Runtime Environment (8.0_111-b14) (build 1.8.0_111-b14)
# Java VM: Java HotSpot(TM) 64-Bit Server VM (25.111-b14 mixed mode windows-amd64 compressed oops)
# Problematic frame:
# V  [jvm.dll+0x43608]
#
# Failed to write core dump. Minidumps are not enabled by default on client versions of Windows
#
# If you would like to submit a bug report, please visit:
#   http://bugreport.java.com/bugreport/crash.jsp
#

---------------  T H R E A D  ---------------

Current thread (0x0000000013904800):  JavaThread "C1 CompilerThread1" daemon [_thread_in_vm, id=5748, stack(0x0000000014b00000,0x0000000014c00000)]

siginfo: ExceptionCode=0xc0000005, reading address 0xffffffffffffffff

Registers:
RAX=0x0000000013904800, RBX=0x00000000025f9ad0, RCX=0x00000000025f9ad0, RDX=0x00000000025f9ad0
RSP=0x0000000014bfcd80, RBP=0x0000000016e39b20, RSI=0x00000000025f9ad0, RDI=0x0000000000000000
R8 =0x13c695a6ffff0013, R9 =0x0000000000000000, R10=0x0000000016e39d50, R11=0x0000000017e41ab0
R12=0x0000000013904800, R13=0x0000000016e39b20, R14=0x0000000014c52620, R15=0x0000000000000000
RIP=0x0000000068df3608, EFLAGS=0x0000000000010202

Top of Stack: (sp=0x0000000014bfcd80)
0x0000000014bfcd80:   00000000000000b6 0000000014bff330
0x0000000014bfcd90:   0000000000000000 0000000000000077
0x0000000014bfcda0:   0000000018dccdf8 0000000014bff330
0x0000000014bfcdb0:   0000000014bfce90 0000000068ddfe25
0x0000000014bfcdc0:   00000000000000e7 0000000068df3999
0x0000000014bfcdd0:   0000000000000077 0000000000000077
0x0000000014bfcde0:   0000000000000000 0000000000000000
0x0000000014bfcdf0:   00000000000000b6 0000000015671670
0x0000000014bfce00:   00000000025b9ac0 0000000068df1c6b
0x0000000014bfce10:   0000000000000000 0000000013904800
0x0000000014bfce20:   0000000014c53790 0000000068ddce0f
0x0000000014bfce30:   0000000013904800 0000000068df6f80
0x0000000014bfce40:   0000000013904800 0000000013904800
0x0000000014bfce50:   0000000015671670 00000000691d0aeb
0x0000000014bfce60:   0000000000000000 0000000000000000
0x0000000014bfce70:   0000000014c53790 0000000000000000 

Instructions: (pc=0x0000000068df3608)
0x0000000068df35e8:   00 48 8b da ff 15 fe 7d 59 00 44 0f b6 05 5a d9
0x0000000068df35f8:   7a 00 4c 8b e0 45 84 c0 74 39 4c 8b 03 48 8b cb
0x0000000068df3608:   41 ff 50 08 84 c0 74 2b 83 7b 08 00 7e 25 0f b6
0x0000000068df3618:   83 0e 01 00 00 c0 e8 03 a8 01 74 17 48 8b 03 48 


Register to memory mapping:

RAX=0x0000000013904800 is a thread
RBX=0x00000000025f9ad0 is an unknown value
RCX=0x00000000025f9ad0 is an unknown value
RDX=0x00000000025f9ad0 is an unknown value
RSP=0x0000000014bfcd80 is pointing into the stack for thread: 0x0000000013904800
RBP=0x0000000016e39b20 is an unknown value
RSI=0x00000000025f9ad0 is an unknown value
RDI=0x0000000000000000 is an unknown value
R8 =0x13c695a6ffff0013 is an unknown value
R9 =0x0000000000000000 is an unknown value
R10=0x0000000016e39d50 is an unknown value
R11=0x0000000017e41ab0 is an unknown value
R12=0x0000000013904800 is a thread
R13=0x0000000016e39b20 is an unknown value
R14=0x0000000014c52620 is an unknown value
R15=0x0000000000000000 is an unknown value


Stack: [0x0000000014b00000,0x0000000014c00000],  sp=0x0000000014bfcd80,  free space=1011k
Native frames: (J=compiled Java code, j=interpreted, Vv=VM code, C=native code)
V  [jvm.dll+0x43608]
V  [jvm.dll+0x43999]
V  [jvm.dll+0x41c6b]
V  [jvm.dll+0x420aeb]
V  [jvm.dll+0x41b8da]
V  [jvm.dll+0x41e727]
V  [jvm.dll+0x41eeeb]
V  [jvm.dll+0x41fde6]
V  [jvm.dll+0x420048]
V  [jvm.dll+0x42047b]
V  [jvm.dll+0x41ffd5]
V  [jvm.dll+0x41bd3b]
V  [jvm.dll+0x41e727]
V  [jvm.dll+0x41eeeb]
V  [jvm.dll+0x41fde6]
V  [jvm.dll+0x420048]
V  [jvm.dll+0x42047b]
V  [jvm.dll+0x41ffd5]
V  [jvm.dll+0x41bd3b]
V  [jvm.dll+0x41e727]
V  [jvm.dll+0x41f01d]
V  [jvm.dll+0x41fde6]
V  [jvm.dll+0x420048]
V  [jvm.dll+0x42047b]
V  [jvm.dll+0x41ffd5]
V  [jvm.dll+0x41bd3b]
V  [jvm.dll+0x41e727]
V  [jvm.dll+0x41eeeb]
V  [jvm.dll+0x41fde6]
V  [jvm.dll+0x420048]
V  [jvm.dll+0x42047b]
V  [jvm.dll+0x41ffd5]
V  [jvm.dll+0x41bd3b]
V  [jvm.dll+0x41e727]
V  [jvm.dll+0x41f01d]
V  [jvm.dll+0x41fde6]
V  [jvm.dll+0x420048]
V  [jvm.dll+0x42047b]
V  [jvm.dll+0x41ffd5]
V  [jvm.dll+0x41bd3b]
V  [jvm.dll+0x41e727]
V  [jvm.dll+0x41eeeb]
V  [jvm.dll+0x41fde6]
V  [jvm.dll+0x420048]
V  [jvm.dll+0x41bd3b]
V  [jvm.dll+0x41e727]
V  [jvm.dll+0x41eeeb]
V  [jvm.dll+0x41fde6]
V  [jvm.dll+0x420048]
V  [jvm.dll+0x41bd3b]
V  [jvm.dll+0x41e727]
V  [jvm.dll+0x41f01d]
V  [jvm.dll+0x41f412]
V  [jvm.dll+0x4244f5]
V  [jvm.dll+0x424600]
V  [jvm.dll+0x40ddb8]
V  [jvm.dll+0x40e021]
V  [jvm.dll+0x40e1e2]
V  [jvm.dll+0x40e3b1]
V  [jvm.dll+0x40e5bf]
V  [jvm.dll+0xa5742]
V  [jvm.dll+0xa607f]
V  [jvm.dll+0x244b7f]
V  [jvm.dll+0x29c43a]
C  [msvcr100.dll+0x21d9f]
C  [msvcr100.dll+0x21e3b]
C  [KERNEL32.DLL+0x17034]
C  [ntdll.dll+0x52651]


Current CompileTask:
C1:  59986 5866       3       android.content.res.TypedArray::$$robo$$android_content_res_TypedArray$loadStringValueAt (51 bytes)


---------------  P R O C E S S  ---------------

Java Threads: ( => current thread )
  0x00000000170c4000 JavaThread "Java2D Disposer" daemon [_thread_blocked, id=11344, stack(0x000000001b9d0000,0x000000001bad0000)]
  0x0000000016b0c800 JavaThread "SDK 28 Main Thread" [_thread_blocked, id=12604, stack(0x0000000017510000,0x0000000017610000)]
  0x000000001522e000 JavaThread "/127.0.0.1:55087 to /127.0.0.1:55083 workers Thread 3" [_thread_in_native, id=10756, stack(0x0000000016040000,0x0000000016140000)]
  0x000000001522d800 JavaThread "/127.0.0.1:55087 to /127.0.0.1:55083 workers Thread 2" [_thread_blocked, id=12936, stack(0x0000000015f40000,0x0000000016040000)]
  0x00000000155f7000 JavaThread "Test worker" [_thread_blocked, id=10104, stack(0x0000000015b00000,0x0000000015c00000)]
  0x0000000014c4c800 JavaThread "Service Thread" daemon [_thread_blocked, id=10472, stack(0x0000000015000000,0x0000000015100000)]
=>0x0000000013904800 JavaThread "C1 CompilerThread1" daemon [_thread_in_vm, id=5748, stack(0x0000000014b00000,0x0000000014c00000)]
  0x0000000013903800 JavaThread "C2 CompilerThread0" daemon [_thread_blocked, id=7728, stack(0x0000000014a00000,0x0000000014b00000)]
  0x0000000013901000 JavaThread "Attach Listener" daemon [_thread_blocked, id=10336, stack(0x0000000014900000,0x0000000014a00000)]
  0x00000000138fe000 JavaThread "Signal Dispatcher" daemon [_thread_blocked, id=12260, stack(0x0000000014800000,0x0000000014900000)]
  0x0000000013878800 JavaThread "Finalizer" daemon [_thread_blocked, id=8732, stack(0x00000000144c0000,0x00000000145c0000)]
  0x000000000269e000 JavaThread "Reference Handler" daemon [_thread_blocked, id=11620, stack(0x00000000143c0000,0x00000000144c0000)]
  0x00000000025b0800 JavaThread "main" [_thread_blocked, id=12600, stack(0x0000000002400000,0x0000000002500000)]

Other Threads:
  0x0000000013856000 VMThread [stack: 0x00000000142c0000,0x00000000143c0000] [id=10504]
  0x0000000014c92000 WatcherThread [stack: 0x0000000015100000,0x0000000015200000] [id=8824]

VM state:synchronizing (normal execution)

VM Mutex/Monitor currently owned by a thread:  ([mutex/lock_event])
[0x00000000025acd10] Threads_lock - owner thread: 0x0000000013856000

Heap:
 PSYoungGen      total 157696K, used 113424K [0x00000000f5580000, 0x0000000100000000, 0x0000000100000000)
  eden space 148992K, 70% used [0x00000000f5580000,0x00000000fbbdd588,0x00000000fe700000)
  from space 8704K, 98% used [0x00000000fe700000,0x00000000fef66b78,0x00000000fef80000)
  to   space 13312K, 0% used [0x00000000ff300000,0x00000000ff300000,0x0000000100000000)
 ParOldGen       total 103424K, used 65751K [0x00000000e0000000, 0x00000000e6500000, 0x00000000f5580000)
  object space 103424K, 63% used [0x00000000e0000000,0x00000000e4035c70,0x00000000e6500000)
 Metaspace       used 59522K, capacity 66812K, committed 67072K, reserved 1107968K
  class space    used 7052K, capacity 9158K, committed 9216K, reserved 1048576K

Card table byte_map: [0x0000000011a70000,0x0000000011b80000] byte_map_base: 0x0000000011370000

Marking Bits: (ParMarkBitMap*) 0x00000000695ca6c0
 Begin Bits: [0x0000000011e30000, 0x0000000012630000)
 End Bits:   [0x0000000012630000, 0x0000000012e30000)

Polling page: 0x0000000000a10000

CodeCache: size=245760Kb used=16731Kb max_used=16743Kb free=229028Kb
 bounds [0x00000000026b0000, 0x0000000003720000, 0x00000000116b0000]
 total_blobs=6096 nmethods=4811 adapters=1198
 compilation: enabled

Compilation events (10 events):
Event: 59.658 Thread 0x0000000013904800 nmethod 5862 0x00000000036fc110 code [0x00000000036fc2c0, 0x00000000036fc8b8]
Event: 59.658 Thread 0x0000000013904800 5863       3       com.google.common.collect.HashBiMap::put (8 bytes)
Event: 59.658 Thread 0x0000000013904800 nmethod 5863 0x00000000036fcb50 code [0x00000000036fccc0, 0x00000000036fce48]
Event: 59.658 Thread 0x0000000013904800 5864       3       com.google.common.collect.HashBiMap$BiEntry::<init> (18 bytes)
Event: 59.659 Thread 0x0000000013904800 nmethod 5864 0x00000000036fced0 code [0x00000000036fd040, 0x00000000036fd2f0]
Event: 59.659 Thread 0x0000000013904800 5865       3       com.google.common.collect.HashBiMap::rehashIfNecessary (87 bytes)
Event: 59.659 Thread 0x0000000013904800 nmethod 5865 0x00000000036fd450 code [0x00000000036fd620, 0x00000000036fdc08]
Event: 59.662 Thread 0x0000000013904800 5866       3       android.content.res.TypedArray::$$robo$$android_content_res_TypedArray$loadStringValueAt (51 bytes)
Event: 59.713 Thread 0x0000000013903800 nmethod 5823 0x00000000037057d0 code [0x0000000003705ca0, 0x000000000370a8a8]
Event: 59.713 Thread 0x0000000013903800 5833       4       org.robolectric.res.android.CppAssetManager2$Theme::SetTo (296 bytes)

GC Heap History (10 events):
Event: 48.918 GC heap before
{Heap before GC invocations=24 (full 3):
 PSYoungGen      total 163840K, used 161368K [0x00000000f5580000, 0x0000000100000000, 0x0000000100000000)
  eden space 154624K, 100% used [0x00000000f5580000,0x00000000fec80000,0x00000000fec80000)
  from space 9216K, 73% used [0x00000000ff600000,0x00000000ffc96090,0x00000000fff00000)
  to   space 9728K, 0% used [0x00000000fec80000,0x00000000fec80000,0x00000000ff600000)
 ParOldGen       total 103424K, used 54013K [0x00000000e0000000, 0x00000000e6500000, 0x00000000f5580000)
  object space 103424K, 52% used [0x00000000e0000000,0x00000000e34bf640,0x00000000e6500000)
 Metaspace       used 49452K, capacity 55382K, committed 55552K, reserved 1097728K
  class space    used 6030K, capacity 7884K, committed 7936K, reserved 1048576K
Event: 48.941 GC heap after
Heap after GC invocations=24 (full 3):
 PSYoungGen      total 164352K, used 4813K [0x00000000f5580000, 0x00000000fff80000, 0x0000000100000000)
  eden space 154624K, 0% used [0x00000000f5580000,0x00000000f5580000,0x00000000fec80000)
  from space 9728K, 49% used [0x00000000fec80000,0x00000000ff133690,0x00000000ff600000)
  to   space 9216K, 0% used [0x00000000ff680000,0x00000000ff680000,0x00000000fff80000)
 ParOldGen       total 103424K, used 58603K [0x00000000e0000000, 0x00000000e6500000, 0x00000000f5580000)
  object space 103424K, 56% used [0x00000000e0000000,0x00000000e393ad08,0x00000000e6500000)
 Metaspace       used 49452K, capacity 55382K, committed 55552K, reserved 1097728K
  class space    used 6030K, capacity 7884K, committed 7936K, reserved 1048576K
}
Event: 51.475 GC heap before
{Heap before GC invocations=25 (full 3):
 PSYoungGen      total 164352K, used 159437K [0x00000000f5580000, 0x00000000fff80000, 0x0000000100000000)
  eden space 154624K, 100% used [0x00000000f5580000,0x00000000fec80000,0x00000000fec80000)
  from space 9728K, 49% used [0x00000000fec80000,0x00000000ff133690,0x00000000ff600000)
  to   space 9216K, 0% used [0x00000000ff680000,0x00000000ff680000,0x00000000fff80000)
 ParOldGen       total 103424K, used 58603K [0x00000000e0000000, 0x00000000e6500000, 0x00000000f5580000)
  object space 103424K, 56% used [0x00000000e0000000,0x00000000e393ad08,0x00000000e6500000)
 Metaspace       used 52124K, capacity 58492K, committed 58752K, reserved 1099776K
  class space    used 6335K, capacity 8279K, committed 8320K, reserved 1048576K
Event: 51.493 GC heap after
Heap after GC invocations=25 (full 3):
 PSYoungGen      total 164352K, used 6985K [0x00000000f5580000, 0x0000000100000000, 0x0000000100000000)
  eden space 155136K, 0% used [0x00000000f5580000,0x00000000f5580000,0x00000000fed00000)
  from space 9216K, 75% used [0x00000000ff680000,0x00000000ffd52430,0x00000000fff80000)
  to   space 9728K, 0% used [0x00000000fed00000,0x00000000fed00000,0x00000000ff680000)
 ParOldGen       total 103424K, used 58611K [0x00000000e0000000, 0x00000000e6500000, 0x00000000f5580000)
  object space 103424K, 56% used [0x00000000e0000000,0x00000000e393cd08,0x00000000e6500000)
 Metaspace       used 52124K, capacity 58492K, committed 58752K, reserved 1099776K
  class space    used 6335K, capacity 8279K, committed 8320K, reserved 1048576K
}
Event: 53.217 GC heap before
{Heap before GC invocations=26 (full 3):
 PSYoungGen      total 164352K, used 162121K [0x00000000f5580000, 0x0000000100000000, 0x0000000100000000)
  eden space 155136K, 100% used [0x00000000f5580000,0x00000000fed00000,0x00000000fed00000)
  from space 9216K, 75% used [0x00000000ff680000,0x00000000ffd52430,0x00000000fff80000)
  to   space 9728K, 0% used [0x00000000fed00000,0x00000000fed00000,0x00000000ff680000)
 ParOldGen       total 103424K, used 58611K [0x00000000e0000000, 0x00000000e6500000, 0x00000000f5580000)
  object space 103424K, 56% used [0x00000000e0000000,0x00000000e393cd08,0x00000000e6500000)
 Metaspace       used 55552K, capacity 62000K, committed 62080K, reserved 1103872K
  class space    used 6607K, capacity 8575K, committed 8576K, reserved 1048576K
Event: 53.239 GC heap after
Heap after GC invocations=26 (full 3):
 PSYoungGen      total 164352K, used 8912K [0x00000000f5580000, 0x0000000100000000, 0x0000000100000000)
  eden space 155136K, 0% used [0x00000000f5580000,0x00000000f5580000,0x00000000fed00000)
  from space 9216K, 96% used [0x00000000fed00000,0x00000000ff5b4290,0x00000000ff600000)
  to   space 10240K, 0% used [0x00000000ff600000,0x00000000ff600000,0x0000000100000000)
 ParOldGen       total 103424K, used 58611K [0x00000000e0000000, 0x00000000e6500000, 0x00000000f5580000)
  object space 103424K, 56% used [0x00000000e0000000,0x00000000e393cd08,0x00000000e6500000)
 Metaspace       used 55552K, capacity 62000K, committed 62080K, reserved 1103872K
  class space    used 6607K, capacity 8575K, committed 8576K, reserved 1048576K
}
Event: 56.706 GC heap before
{Heap before GC invocations=27 (full 3):
 PSYoungGen      total 164352K, used 164048K [0x00000000f5580000, 0x0000000100000000, 0x0000000100000000)
  eden space 155136K, 100% used [0x00000000f5580000,0x00000000fed00000,0x00000000fed00000)
  from space 9216K, 96% used [0x00000000fed00000,0x00000000ff5b4290,0x00000000ff600000)
  to   space 10240K, 0% used [0x00000000ff600000,0x00000000ff600000,0x0000000100000000)
 ParOldGen       total 103424K, used 58611K [0x00000000e0000000, 0x00000000e6500000, 0x00000000f5580000)
  object space 103424K, 56% used [0x00000000e0000000,0x00000000e393cd08,0x00000000e6500000)
 Metaspace       used 58096K, capacity 65080K, committed 65408K, reserved 1105920K
  class space    used 6920K, capacity 8990K, committed 9088K, reserved 1048576K
Event: 56.739 GC heap after
Heap after GC invocations=27 (full 3):
 PSYoungGen      total 159232K, used 10216K [0x00000000f5580000, 0x0000000100000000, 0x0000000100000000)
  eden space 148992K, 0% used [0x00000000f5580000,0x00000000f5580000,0x00000000fe700000)
  from space 10240K, 99% used [0x00000000ff600000,0x00000000ffffa230,0x0000000100000000)
  to   space 12800K, 0% used [0x00000000fe700000,0x00000000fe700000,0x00000000ff380000)
 ParOldGen       total 103424K, used 61435K [0x00000000e0000000, 0x00000000e6500000, 0x00000000f5580000)
  object space 103424K, 59% used [0x00000000e0000000,0x00000000e3bfef98,0x00000000e6500000)
 Metaspace       used 58096K, capacity 65080K, committed 65408K, reserved 1105920K
  class space    used 6920K, capacity 8990K, committed 9088K, reserved 1048576K
}
Event: 58.879 GC heap before
{Heap before GC invocations=28 (full 3):
 PSYoungGen      total 159232K, used 159208K [0x00000000f5580000, 0x0000000100000000, 0x0000000100000000)
  eden space 148992K, 100% used [0x00000000f5580000,0x00000000fe700000,0x00000000fe700000)
  from space 10240K, 99% used [0x00000000ff600000,0x00000000ffffa230,0x0000000100000000)
  to   space 12800K, 0% used [0x00000000fe700000,0x00000000fe700000,0x00000000ff380000)
 ParOldGen       total 103424K, used 61435K [0x00000000e0000000, 0x00000000e6500000, 0x00000000f5580000)
  object space 103424K, 59% used [0x00000000e0000000,0x00000000e3bfef98,0x00000000e6500000)
 Metaspace       used 59391K, capacity 66552K, committed 66816K, reserved 1107968K
  class space    used 7044K, capacity 9144K, committed 9216K, reserved 1048576K
Event: 58.960 GC heap after
Heap after GC invocations=28 (full 3):
 PSYoungGen      total 157696K, used 8602K [0x00000000f5580000, 0x0000000100000000, 0x0000000100000000)
  eden space 148992K, 0% used [0x00000000f5580000,0x00000000f5580000,0x00000000fe700000)
  from space 8704K, 98% used [0x00000000fe700000,0x00000000fef66b78,0x00000000fef80000)
  to   space 13312K, 0% used [0x00000000ff300000,0x00000000ff300000,0x0000000100000000)
 ParOldGen       total 103424K, used 65751K [0x00000000e0000000, 0x00000000e6500000, 0x00000000f5580000)
  object space 103424K, 63% used [0x00000000e0000000,0x00000000e4035c70,0x00000000e6500000)
 Metaspace       used 59391K, capacity 66552K, committed 66816K, reserved 1107968K
  class space    used 7044K, capacity 9144K, committed 9216K, reserved 1048576K
}

Deoptimization events (10 events):
Event: 58.097 Thread 0x00000000155f7000 Uncommon trap: reason=bimorphic action=maybe_recompile pc=0x000000000344dbc0 method=java.util.regex.Pattern$Curly.match0(Ljava/util/regex/Matcher;IILjava/lang/CharSequence;)Z @ 77
Event: 58.097 Thread 0x00000000155f7000 Uncommon trap: reason=unstable_if action=reinterpret pc=0x0000000002aafbc0 method=com.google.common.collect.Iterators.forArray([Ljava/lang/Object;III)Lcom/google/common/collect/UnmodifiableListIterator; @ 32
Event: 58.098 Thread 0x00000000155f7000 Uncommon trap: reason=class_check action=maybe_recompile pc=0x0000000002f9c3ac method=com.google.common.collect.ImmutableSet$RegularSetBuilderImpl.add(Ljava/lang/Object;)Lcom/google/common/collect/ImmutableSet$SetBuilderImpl; @ 6
Event: 58.099 Thread 0x00000000155f7000 Uncommon trap: reason=class_check action=maybe_recompile pc=0x0000000002f9c3ac method=com.google.common.collect.ImmutableSet$RegularSetBuilderImpl.add(Ljava/lang/Object;)Lcom/google/common/collect/ImmutableSet$SetBuilderImpl; @ 6
Event: 58.099 Thread 0x00000000155f7000 Uncommon trap: reason=class_check action=maybe_recompile pc=0x0000000002f9c3ac method=com.google.common.collect.ImmutableSet$RegularSetBuilderImpl.add(Ljava/lang/Object;)Lcom/google/common/collect/ImmutableSet$SetBuilderImpl; @ 6
Event: 58.099 Thread 0x00000000155f7000 Uncommon trap: reason=class_check action=maybe_recompile pc=0x0000000002f9c3ac method=com.google.common.collect.ImmutableSet$RegularSetBuilderImpl.add(Ljava/lang/Object;)Lcom/google/common/collect/ImmutableSet$SetBuilderImpl; @ 6
Event: 58.099 Thread 0x00000000155f7000 Uncommon trap: reason=unstable_if action=reinterpret pc=0x0000000002de7b78 method=org.robolectric.internal.bytecode.MethodRef.equals(Ljava/lang/Object;)Z @ 2
Event: 58.102 Thread 0x0000000016b0c800 Uncommon trap: reason=bimorphic action=maybe_recompile pc=0x000000000316a730 method=java.util.regex.Pattern$Start.<init>(Ljava/util/regex/Pattern$Node;)V @ 22
Event: 58.153 Thread 0x0000000016b0c800 Uncommon trap: reason=unstable_if action=reinterpret pc=0x0000000002a0ce3c method=java.util.Arrays.hashCode([Ljava/lang/Object;)I @ 34
Event: 58.248 Thread 0x0000000016b0c800 Uncommon trap: reason=unstable_if action=reinterpret pc=0x0000000002dd04a4 method=org.robolectric.res.android.CppAssetManager2$Theme.SetTo(Lorg/robolectric/res/android/CppAssetManager2$Theme;)Z @ 53

Internal exceptions (10 events):
Event: 37.717 Thread 0x0000000016b0c800 Exception <a 'sun/nio/fs/WindowsException'> (0x00000000f839be00) thrown at [C:\re\workspace\8-2-build-windows-amd64-cygwin\jdk8u111\7883\hotspot\src\share\vm\prims\jni.cpp, line 709]
Event: 39.489 Thread 0x0000000016b0c800 Exception <a 'java/lang/NoSuchFieldError': method resolution failed> (0x00000000f6980010) thrown at [C:\re\workspace\8-2-build-windows-amd64-cygwin\jdk8u111\7883\hotspot\src\share\vm\prims\methodHandles.cpp, line 1146]
Event: 44.483 Thread 0x0000000016b0c800 Exception <a 'java/lang/NoSuchFieldError': method resolution failed> (0x00000000f904aaa8) thrown at [C:\re\workspace\8-2-build-windows-amd64-cygwin\jdk8u111\7883\hotspot\src\share\vm\prims\methodHandles.cpp, line 1146]
Event: 47.556 Thread 0x0000000016b0c800 Exception <a 'java/io/FileNotFoundException'> (0x00000000fa7ebde0) thrown at [C:\re\workspace\8-2-build-windows-amd64-cygwin\jdk8u111\7883\hotspot\src\share\vm\prims\jni.cpp, line 709]
Event: 47.926 Thread 0x0000000016b0c800 Implicit null exception at 0x000000000293b055 to 0x000000000293b231
Event: 50.294 Thread 0x0000000016b0c800 Exception <a 'java/lang/NoSuchMethodError': java.lang.Object.lambda$comparingDouble$8dcf42ea$1(Ljava/util/function/ToDoubleFunction;Ljava/lang/Object;Ljava/lang/Object;)I> (0x00000000fd0435a0) thrown at [C:\re\workspace\8-2-build-windows-amd64-cygwin\jdk8
Event: 56.847 Thread 0x0000000016b0c800 Implicit null exception at 0x00000000029708d7 to 0x00000000029709ad
Event: 57.762 Thread 0x0000000016b0c800 Exception <a 'java/lang/NoSuchMethodError': java.lang.Object.lambda$get$0(Ljava/lang/Object;)V> (0x00000000f69142a8) thrown at [C:\re\workspace\8-2-build-windows-amd64-cygwin\jdk8u111\7883\hotspot\src\share\vm\interpreter\linkResolver.cpp, line 582]
Event: 58.153 Thread 0x0000000016b0c800 Implicit null exception at 0x0000000002a0cd7c to 0x0000000002a0ce1d
Event: 58.242 Thread 0x0000000016b0c800 Exception <a 'sun/nio/fs/WindowsException'> (0x00000000f7889e38) thrown at [C:\re\workspace\8-2-build-windows-amd64-cygwin\jdk8u111\7883\hotspot\src\share\vm\prims\jni.cpp, line 709]

Events (10 events):
Event: 59.652 Thread 0x0000000016b0c800 DEOPT PACKING pc=0x000000000341908d sp=0x000000001760c450
Event: 59.652 Thread 0x0000000016b0c800 DEOPT UNPACKING pc=0x00000000026f747f sp=0x000000001760c1b0 mode 0
Event: 59.669 Thread 0x0000000016b0c800 DEOPT PACKING pc=0x000000000341908d sp=0x0000000017608450
Event: 59.669 Thread 0x0000000016b0c800 DEOPT UNPACKING pc=0x00000000026f747f sp=0x00000000176081b0 mode 0
Event: 59.677 Thread 0x0000000016b0c800 DEOPT PACKING pc=0x000000000341908d sp=0x000000001760bb70
Event: 59.677 Thread 0x0000000016b0c800 DEOPT UNPACKING pc=0x00000000026f747f sp=0x000000001760b8d0 mode 0
Event: 59.679 Thread 0x0000000016b0c800 DEOPT PACKING pc=0x000000000341908d sp=0x000000001760c450
Event: 59.679 Thread 0x0000000016b0c800 DEOPT UNPACKING pc=0x00000000026f747f sp=0x000000001760c1b0 mode 0
Event: 59.726 Thread 0x0000000016b0c800 DEOPT PACKING pc=0x000000000341908d sp=0x0000000017608450
Event: 59.726 Thread 0x0000000016b0c800 DEOPT UNPACKING pc=0x00000000026f747f sp=0x00000000176081b0 mode 0


Dynamic libraries:
0x00007ff6dc770000 - 0x00007ff6dc7a7000 	C:\Program Files\Java\jdk1.8.0_111\bin\java.exe
0x00007ffc0e550000 - 0x00007ffc0e745000 	C:\Windows\SYSTEM32\ntdll.dll
0x00007ffc0caf0000 - 0x00007ffc0cbae000 	C:\Windows\System32\KERNEL32.DLL
0x00007ffc0c170000 - 0x00007ffc0c439000 	C:\Windows\System32\KERNELBASE.dll
0x00007ffc0c6d0000 - 0x00007ffc0c77c000 	C:\Windows\System32\ADVAPI32.dll
0x00007ffc0ce30000 - 0x00007ffc0cece000 	C:\Windows\System32\msvcrt.dll
0x00007ffc0e410000 - 0x00007ffc0e4ab000 	C:\Windows\System32\sechost.dll
0x00007ffc0c9c0000 - 0x00007ffc0caea000 	C:\Windows\System32\RPCRT4.dll
0x00007ffc0dac0000 - 0x00007ffc0dc61000 	C:\Windows\System32\USER32.dll
0x00007ffc0bda0000 - 0x00007ffc0bdc2000 	C:\Windows\System32\win32u.dll
0x00007ffc0d230000 - 0x00007ffc0d25b000 	C:\Windows\System32\GDI32.dll
0x00007ffc0c060000 - 0x00007ffc0c16b000 	C:\Windows\System32\gdi32full.dll
0x00007ffc0bf30000 - 0x00007ffc0bfcd000 	C:\Windows\System32\msvcp_win.dll
0x00007ffc0bdd0000 - 0x00007ffc0bed0000 	C:\Windows\System32\ucrtbase.dll
0x00007ffbf68b0000 - 0x00007ffbf6b4a000 	C:\Windows\WinSxS\amd64_microsoft.windows.common-controls_6595b64144ccf1df_6.0.19041.1110_none_60b5254171f9507e\COMCTL32.dll
0x00007ffc0cdf0000 - 0x00007ffc0ce20000 	C:\Windows\System32\IMM32.DLL
0x0000000069650000 - 0x0000000069722000 	C:\Program Files\Java\jdk1.8.0_111\jre\bin\msvcr100.dll
0x0000000068db0000 - 0x000000006964a000 	C:\Program Files\Java\jdk1.8.0_111\jre\bin\server\jvm.dll
0x00007ffc0ce20000 - 0x00007ffc0ce28000 	C:\Windows\System32\PSAPI.DLL
0x00007ffc04960000 - 0x00007ffc0496a000 	C:\Windows\SYSTEM32\VERSION.dll
0x00007ffbf95a0000 - 0x00007ffbf95c7000 	C:\Windows\SYSTEM32\WINMM.dll
0x00007ffbfda00000 - 0x00007ffbfda09000 	C:\Windows\SYSTEM32\WSOCK32.dll
0x00007ffc0d0d0000 - 0x00007ffc0d13b000 	C:\Windows\System32\WS2_32.dll
0x0000000068da0000 - 0x0000000068daf000 	C:\Program Files\Java\jdk1.8.0_111\jre\bin\verify.dll
0x0000000068d70000 - 0x0000000068d99000 	C:\Program Files\Java\jdk1.8.0_111\jre\bin\java.dll
0x0000000068d50000 - 0x0000000068d66000 	C:\Program Files\Java\jdk1.8.0_111\jre\bin\zip.dll
0x00007ffc0dc70000 - 0x00007ffc0e3af000 	C:\Windows\System32\SHELL32.dll
0x00007ffc09d70000 - 0x00007ffc0a500000 	C:\Windows\SYSTEM32\windows.storage.dll
0x00007ffc0d760000 - 0x00007ffc0dab5000 	C:\Windows\System32\combase.dll
0x00007ffc0b5f0000 - 0x00007ffc0b61c000 	C:\Windows\SYSTEM32\Wldp.dll
0x00007ffc0cd40000 - 0x00007ffc0cdee000 	C:\Windows\System32\SHCORE.dll
0x00007ffc0d700000 - 0x00007ffc0d755000 	C:\Windows\System32\shlwapi.dll
0x00007ffc0bbb0000 - 0x00007ffc0bbcf000 	C:\Windows\SYSTEM32\profapi.dll
0x0000000068d30000 - 0x0000000068d4a000 	C:\Program Files\Java\jdk1.8.0_111\jre\bin\net.dll
0x00007ffc0b350000 - 0x00007ffc0b3ba000 	C:\Windows\system32\mswsock.dll
0x0000000068d10000 - 0x0000000068d21000 	C:\Program Files\Java\jdk1.8.0_111\jre\bin\nio.dll
0x00007ffc0b540000 - 0x00007ffc0b558000 	C:\Windows\SYSTEM32\CRYPTSP.dll
0x00007ffc0acd0000 - 0x00007ffc0ad04000 	C:\Windows\system32\rsaenh.dll
0x00007ffc0bc70000 - 0x00007ffc0bc97000 	C:\Windows\System32\bcrypt.dll
0x00007ffc0bb30000 - 0x00007ffc0bb5e000 	C:\Windows\SYSTEM32\USERENV.dll
0x00007ffc0bfd0000 - 0x00007ffc0c053000 	C:\Windows\System32\bcryptprimitives.dll
0x00007ffc0b560000 - 0x00007ffc0b56c000 	C:\Windows\SYSTEM32\CRYPTBASE.dll
0x00007ffc0b040000 - 0x00007ffc0b07b000 	C:\Windows\SYSTEM32\IPHLPAPI.DLL
0x00007ffc0cff0000 - 0x00007ffc0cff8000 	C:\Windows\System32\NSI.dll
0x00007ffc05890000 - 0x00007ffc058a7000 	C:\Windows\SYSTEM32\dhcpcsvc6.DLL
0x00007ffc05a80000 - 0x00007ffc05a9d000 	C:\Windows\SYSTEM32\dhcpcsvc.DLL
0x00007ffc0b080000 - 0x00007ffc0b14c000 	C:\Windows\SYSTEM32\DNSAPI.dll
0x0000000068cd0000 - 0x0000000068cf4000 	C:\Program Files\Java\jdk1.8.0_111\jre\bin\sunec.dll
0x0000000068cc0000 - 0x0000000068ccb000 	C:\Program Files\Java\jdk1.8.0_111\jre\bin\sunmscapi.dll
0x00007ffc0c440000 - 0x00007ffc0c596000 	C:\Windows\System32\CRYPT32.dll
0x0000000068b20000 - 0x0000000068cb8000 	C:\Program Files\Java\jdk1.8.0_111\jre\bin\awt.dll
0x00007ffc0d000000 - 0x00007ffc0d0cd000 	C:\Windows\System32\OLEAUT32.dll
0x00007ffc09600000 - 0x00007ffc09690000 	C:\Windows\SYSTEM32\apphelp.dll
0x00007ffbfce30000 - 0x00007ffbfd014000 	C:\Windows\SYSTEM32\dbghelp.dll

VM Arguments:
jvm_args: -Djava.awt.headless=true -Djava.security.manager=worker.org.gradle.process.internal.worker.child.BootstrapSecurityManager -Dorg.gradle.native=false -Xmx512m -Dfile.encoding=windows-1252 -Duser.country=ID -Duser.language=en -Duser.variant -ea 
java_command: worker.org.gradle.process.internal.worker.GradleWorkerMain 'Gradle Test Executor 1'
java_class_path (initial): C:\Users\HP\.gradle\caches\6.1.1\workerMain\gradle-worker.jar
Launcher Type: SUN_STANDARD

Environment Variables:
PATH=C:\ProgramData\Oracle\Java\javapath;C:\Windows\system32;C:\Windows;C:\Windows\System32\Wbem;C:\Windows\System32\WindowsPowerShell\v1.0\;C:\Windows\System32\OpenSSH\;C:\Program Files\Git\cmd;C:\Program Files\nodejs\;C:\Program Files\Microsoft SQL Server\Client SDK\ODBC\170\Tools\Binn\;C:\Program Files (x86)\Microsoft SQL Server\150\Tools\Binn\;C:\Program Files\Microsoft SQL Server\150\Tools\Binn\;C:\Program Files\Microsoft SQL Server\150\DTS\Binn\;C:\Program Files (x86)\Microsoft SQL Server\150\DTS\Binn\;C:\Program Files\Azure Data Studio\bin;C:\Program Files\Java\jdk1.8.0_111\bin;C:\Program Files (x86)\PuTTY\;C:\Users\HP\AppData\Local\Microsoft\WindowsApps;C:\xampp\php;C:\Users\HP\AppData\Local\ComposerSetup\bin;C:\Users\HP\AppData\Roaming\Composer\vendor\bin;C:\Users\HP\AppData\Roaming\npm;C:\Users\HP\AppData\Local\Programs\Microsoft VS Code\bin;C:\Program Files\Azure Data Studio\bin
USERNAME=HP
OS=Windows_NT
PROCESSOR_IDENTIFIER=AMD64 Family 21 Model 112 Stepping 0, AuthenticAMD



---------------  S Y S T E M  ---------------

OS: Windows 10.0 , 64 bit Build 19041 (10.0.19041.1202)

CPU:total 2 (2 cores per cpu, 1 threads per core) family 21 model 112 stepping 0, cmov, cx8, fxsr, mmx, sse, sse2, sse3, ssse3, sse4.1, sse4.2, popcnt, avx, avx2, aes, clmul, mmxext, 3dnowpref, lzcnt, sse4a, tsc, tscinvbit, tscinv, bmi1

Memory: 4k page, physical 4073412k(281868k free), swap 10440700k(1966556k free)

vm_info: Java HotSpot(TM) 64-Bit Server VM (25.111-b14) for windows-amd64 JRE (1.8.0_111-b14), built on Sep 22 2016 19:24:05 by "java_re" with MS VC++ 10.0 (VS2010)

time: Tue Sep 28 17:43:17 2021
elapsed time: 59 seconds (0d 0h 0m 59s)

