#
# A fatal error has been detected by the Java Runtime Environment:
#
#  EXCEPTION_ACCESS_VIOLATION (0xc0000005) at pc=0x0000000068df3608, pid=11844, tid=0x000000000000003c
#
# JRE version: Java(TM) SE Runtime Environment (8.0_111-b14) (build 1.8.0_111-b14)
# Java VM: Java HotSpot(TM) 64-Bit Server VM (25.111-b14 mixed mode windows-amd64 compressed oops)
# Problematic frame:
# V  [jvm.dll+0x43608]
#
# Failed to write core dump. Minidumps are not enabled by default on client versions of Windows
#
# If you would like to submit a bug report, please visit:
#   http://bugreport.java.com/bugreport/crash.jsp
#

---------------  T H R E A D  ---------------

Current thread (0x0000000013cda000):  JavaThread "C1 CompilerThread1" daemon [_thread_in_vm, id=60, stack(0x0000000014ed0000,0x0000000014fd0000)]

siginfo: ExceptionCode=0xc0000005, reading address 0xffffffffffffffff

Registers:
RAX=0x0000000013cda000, RBX=0x0000000002a79830, RCX=0x0000000002a79830, RDX=0x0000000002a79830
RSP=0x0000000014fcd3a0, RBP=0x0000000016e873c0, RSI=0x0000000002a79830, RDI=0x0000000000000000
R8 =0x13c695a6ffff0013, R9 =0x0000000000000000, R10=0x0000000016e875f0, R11=0x00000000155d8ca0
R12=0x0000000013cda000, R13=0x0000000016e873c0, R14=0x000000001856e4f0, R15=0x0000000000000000
RIP=0x0000000068df3608, EFLAGS=0x0000000000010202

Top of Stack: (sp=0x0000000014fcd3a0)
0x0000000014fcd3a0:   00000000000000b6 0000000014fcf950
0x0000000014fcd3b0:   0000000000000000 0000000000000077
0x0000000014fcd3c0:   0000000019074b58 0000000014fcf950
0x0000000014fcd3d0:   0000000014fcd4b0 0000000068ddfe25
0x0000000014fcd3e0:   00000000000000e7 0000000068df3999
0x0000000014fcd3f0:   0000000000000077 0000000000000077
0x0000000014fcd400:   0000000000000000 0000000000000000
0x0000000014fcd410:   00000000000000b6 000000001a8aceb0
0x0000000014fcd420:   0000000002a39ac0 0000000068df1c6b
0x0000000014fcd430:   0000000000000000 0000000013cda000
0x0000000014fcd440:   000000001856f660 0000000068ddce0f
0x0000000014fcd450:   0000000013cda000 0000000068df6f80
0x0000000014fcd460:   0000000013cda000 0000000013cda000
0x0000000014fcd470:   000000001a8aceb0 00000000691d0aeb
0x0000000014fcd480:   0000000000000000 0000000000000000
0x0000000014fcd490:   000000001856f660 0000000000000000 

Instructions: (pc=0x0000000068df3608)
0x0000000068df35e8:   00 48 8b da ff 15 fe 7d 59 00 44 0f b6 05 5a d9
0x0000000068df35f8:   7a 00 4c 8b e0 45 84 c0 74 39 4c 8b 03 48 8b cb
0x0000000068df3608:   41 ff 50 08 84 c0 74 2b 83 7b 08 00 7e 25 0f b6
0x0000000068df3618:   83 0e 01 00 00 c0 e8 03 a8 01 74 17 48 8b 03 48 


Register to memory mapping:

RAX=0x0000000013cda000 is a thread
RBX=0x0000000002a79830 is an unknown value
RCX=0x0000000002a79830 is an unknown value
RDX=0x0000000002a79830 is an unknown value
RSP=0x0000000014fcd3a0 is pointing into the stack for thread: 0x0000000013cda000
RBP=0x0000000016e873c0 is an unknown value
RSI=0x0000000002a79830 is an unknown value
RDI=0x0000000000000000 is an unknown value
R8 =0x13c695a6ffff0013 is an unknown value
R9 =0x0000000000000000 is an unknown value
R10=0x0000000016e875f0 is an unknown value
R11=0x00000000155d8ca0 is an unknown value
R12=0x0000000013cda000 is a thread
R13=0x0000000016e873c0 is an unknown value
R14=0x000000001856e4f0 is an unknown value
R15=0x0000000000000000 is an unknown value


Stack: [0x0000000014ed0000,0x0000000014fd0000],  sp=0x0000000014fcd3a0,  free space=1012k
Native frames: (J=compiled Java code, j=interpreted, Vv=VM code, C=native code)
V  [jvm.dll+0x43608]
V  [jvm.dll+0x43999]
V  [jvm.dll+0x41c6b]
V  [jvm.dll+0x420aeb]
V  [jvm.dll+0x41b8da]
V  [jvm.dll+0x41e727]
V  [jvm.dll+0x41eeeb]
V  [jvm.dll+0x41fde6]
V  [jvm.dll+0x420048]
V  [jvm.dll+0x42047b]
V  [jvm.dll+0x41ffd5]
V  [jvm.dll+0x41bd3b]
V  [jvm.dll+0x41e727]
V  [jvm.dll+0x41eeeb]
V  [jvm.dll+0x41fde6]
V  [jvm.dll+0x420048]
V  [jvm.dll+0x42047b]
V  [jvm.dll+0x41ffd5]
V  [jvm.dll+0x41bd3b]
V  [jvm.dll+0x41e727]
V  [jvm.dll+0x41f01d]
V  [jvm.dll+0x41fde6]
V  [jvm.dll+0x420048]
V  [jvm.dll+0x42047b]
V  [jvm.dll+0x41ffd5]
V  [jvm.dll+0x41bd3b]
V  [jvm.dll+0x41e727]
V  [jvm.dll+0x41eeeb]
V  [jvm.dll+0x41fde6]
V  [jvm.dll+0x420048]
V  [jvm.dll+0x42047b]
V  [jvm.dll+0x41ffd5]
V  [jvm.dll+0x41bd3b]
V  [jvm.dll+0x41e727]
V  [jvm.dll+0x41f01d]
V  [jvm.dll+0x41fde6]
V  [jvm.dll+0x420048]
V  [jvm.dll+0x42047b]
V  [jvm.dll+0x41ffd5]
V  [jvm.dll+0x41bd3b]
V  [jvm.dll+0x41e727]
V  [jvm.dll+0x41eeeb]
V  [jvm.dll+0x41fde6]
V  [jvm.dll+0x420048]
V  [jvm.dll+0x41bd3b]
V  [jvm.dll+0x41e727]
V  [jvm.dll+0x41eeeb]
V  [jvm.dll+0x41fde6]
V  [jvm.dll+0x420048]
V  [jvm.dll+0x41bd3b]
V  [jvm.dll+0x41e727]
V  [jvm.dll+0x41f01d]
V  [jvm.dll+0x41f412]
V  [jvm.dll+0x4244f5]
V  [jvm.dll+0x424600]
V  [jvm.dll+0x40ddb8]
V  [jvm.dll+0x40e021]
V  [jvm.dll+0x40e1e2]
V  [jvm.dll+0x40e3b1]
V  [jvm.dll+0x40e5bf]
V  [jvm.dll+0xa5742]
V  [jvm.dll+0xa607f]
V  [jvm.dll+0x244b7f]
V  [jvm.dll+0x29c43a]
C  [msvcr100.dll+0x21d9f]
C  [msvcr100.dll+0x21e3b]
C  [KERNEL32.DLL+0x17034]
C  [ntdll.dll+0x52651]


Current CompileTask:
C1:  75022 5706       3       android.content.res.TypedArray::$$robo$$android_content_res_TypedArray$loadStringValueAt (51 bytes)


---------------  P R O C E S S  ---------------

Java Threads: ( => current thread )
  0x0000000016eb2000 JavaThread "Java2D Disposer" daemon [_thread_blocked, id=12984, stack(0x000000001ad80000,0x000000001ae80000)]
  0x0000000015938000 JavaThread "SDK 28 Main Thread" [_thread_blocked, id=3788, stack(0x00000000178e0000,0x00000000179e0000)]
  0x0000000015c88000 JavaThread "/127.0.0.1:62883 to /127.0.0.1:56718 workers Thread 3" [_thread_in_native, id=5640, stack(0x0000000016410000,0x0000000016510000)]
  0x0000000015c80000 JavaThread "/127.0.0.1:62883 to /127.0.0.1:56718 workers Thread 2" [_thread_blocked, id=4400, stack(0x0000000016310000,0x0000000016410000)]
  0x00000000159cf000 JavaThread "Test worker" [_thread_blocked, id=12768, stack(0x0000000015ed0000,0x0000000015fd0000)]
  0x0000000014ffa800 JavaThread "Service Thread" daemon [_thread_blocked, id=7804, stack(0x00000000153d0000,0x00000000154d0000)]
=>0x0000000013cda000 JavaThread "C1 CompilerThread1" daemon [_thread_in_vm, id=60, stack(0x0000000014ed0000,0x0000000014fd0000)]
  0x0000000013cd3000 JavaThread "C2 CompilerThread0" daemon [_thread_blocked, id=2668, stack(0x0000000014dd0000,0x0000000014ed0000)]
  0x0000000013cd1000 JavaThread "Attach Listener" daemon [_thread_blocked, id=12444, stack(0x0000000014cd0000,0x0000000014dd0000)]
  0x0000000013cce000 JavaThread "Signal Dispatcher" daemon [_thread_blocked, id=9424, stack(0x0000000014bd0000,0x0000000014cd0000)]
  0x0000000013c48800 JavaThread "Finalizer" daemon [_thread_blocked, id=11956, stack(0x0000000014890000,0x0000000014990000)]
  0x0000000002b1e000 JavaThread "Reference Handler" daemon [_thread_blocked, id=12876, stack(0x0000000014790000,0x0000000014890000)]
  0x0000000002a30800 JavaThread "main" [_thread_blocked, id=4012, stack(0x0000000002930000,0x0000000002a30000)]

Other Threads:
  0x0000000013c26000 VMThread [stack: 0x0000000014690000,0x0000000014790000] [id=9156]
  0x000000001503c800 WatcherThread [stack: 0x00000000154d0000,0x00000000155d0000] [id=11284]

VM state:synchronizing (normal execution)

VM Mutex/Monitor currently owned by a thread:  ([mutex/lock_event])
[0x000000000282ce90] Threads_lock - owner thread: 0x0000000013c26000

Heap:
 PSYoungGen      total 161792K, used 74329K [0x00000000f5580000, 0x0000000100000000, 0x0000000100000000)
  eden space 152064K, 42% used [0x00000000f5580000,0x00000000f94b9ee0,0x00000000fea00000)
  from space 9728K, 98% used [0x00000000fea00000,0x00000000ff35c880,0x00000000ff380000)
  to   space 12288K, 0% used [0x00000000ff400000,0x00000000ff400000,0x0000000100000000)
 ParOldGen       total 115712K, used 66635K [0x00000000e0000000, 0x00000000e7100000, 0x00000000f5580000)
  object space 115712K, 57% used [0x00000000e0000000,0x00000000e4112d88,0x00000000e7100000)
 Metaspace       used 59538K, capacity 66818K, committed 67072K, reserved 1107968K
  class space    used 7056K, capacity 9163K, committed 9216K, reserved 1048576K

Card table byte_map: [0x0000000011ef0000,0x0000000012000000] byte_map_base: 0x00000000117f0000

Marking Bits: (ParMarkBitMap*) 0x00000000695ca6c0
 Begin Bits: [0x0000000012200000, 0x0000000012a00000)
 End Bits:   [0x0000000012a00000, 0x0000000013200000)

Polling page: 0x0000000000b00000

CodeCache: size=245760Kb used=16541Kb max_used=16553Kb free=229218Kb
 bounds [0x0000000002b30000, 0x0000000003b70000, 0x0000000011b30000]
 total_blobs=6067 nmethods=4782 adapters=1198
 compilation: enabled

Compilation events (10 events):
Event: 72.958 Thread 0x0000000013cd3000 5716       4       sun.reflect.ClassFileAssembler::cpi (22 bytes)
Event: 72.958 Thread 0x0000000013cd3000 nmethod 5716 0x0000000002e54850 code [0x0000000002e54980, 0x0000000002e549f8]
Event: 72.966 Thread 0x0000000013cd3000 5724       4       java.lang.invoke.LambdaForm$MH/1889706267::guard (98 bytes)
Event: 72.968 Thread 0x0000000013cd3000 nmethod 5724 0x0000000003b42110 code [0x0000000003b42280, 0x0000000003b424c8]
Event: 72.968 Thread 0x0000000013cd3000 5723       4       java.lang.invoke.LambdaForm$MH/288108285::linkToCallSite (15 bytes)
Event: 72.969 Thread 0x0000000013cd3000 nmethod 5723 0x0000000003b63d90 code [0x0000000003b63ee0, 0x0000000003b63fb8]
Event: 72.969 Thread 0x0000000013cd3000 5725   !   4       java.lang.invoke.LambdaForm$MH/2069709614::guardWithCatch (75 bytes)
Event: 72.973 Thread 0x0000000013cd3000 nmethod 5725 0x0000000003b478d0 code [0x0000000003b47a40, 0x0000000003b47c68]
Event: 73.064 Thread 0x0000000013cd3000 5729       4       java.lang.invoke.LambdaForm$reinvoker/595263403::dontInline (20 bytes)
Event: 73.067 Thread 0x0000000013cd3000 nmethod 5729 0x0000000003b471d0 code [0x0000000003b47360, 0x0000000003b47580]

GC Heap History (10 events):
Event: 60.679 GC heap before
{Heap before GC invocations=22 (full 3):
 PSYoungGen      total 166400K, used 164338K [0x00000000f5580000, 0x0000000100000000, 0x0000000100000000)
  eden space 158208K, 100% used [0x00000000f5580000,0x00000000ff000000,0x00000000ff000000)
  from space 8192K, 74% used [0x00000000ff800000,0x00000000ffdfca30,0x0000000100000000)
  to   space 8192K, 0% used [0x00000000ff000000,0x00000000ff000000,0x00000000ff800000)
 ParOldGen       total 115712K, used 55888K [0x00000000e0000000, 0x00000000e7100000, 0x00000000f5580000)
  object space 115712K, 48% used [0x00000000e0000000,0x00000000e3694170,0x00000000e7100000)
 Metaspace       used 49864K, capacity 55958K, committed 56064K, reserved 1097728K
  class space    used 6065K, capacity 7926K, committed 7936K, reserved 1048576K
Event: 60.700 GC heap after
Heap after GC invocations=22 (full 3):
 PSYoungGen      total 165888K, used 7501K [0x00000000f5580000, 0x0000000100000000, 0x0000000100000000)
  eden space 158208K, 0% used [0x00000000f5580000,0x00000000f5580000,0x00000000ff000000)
  from space 7680K, 97% used [0x00000000ff000000,0x00000000ff7537b0,0x00000000ff780000)
  to   space 8704K, 0% used [0x00000000ff780000,0x00000000ff780000,0x0000000100000000)
 ParOldGen       total 115712K, used 55896K [0x00000000e0000000, 0x00000000e7100000, 0x00000000f5580000)
  object space 115712K, 48% used [0x00000000e0000000,0x00000000e3696170,0x00000000e7100000)
 Metaspace       used 49864K, capacity 55958K, committed 56064K, reserved 1097728K
  class space    used 6065K, capacity 7926K, committed 7936K, reserved 1048576K
}
Event: 65.114 GC heap before
{Heap before GC invocations=23 (full 3):
 PSYoungGen      total 165888K, used 165709K [0x00000000f5580000, 0x0000000100000000, 0x0000000100000000)
  eden space 158208K, 100% used [0x00000000f5580000,0x00000000ff000000,0x00000000ff000000)
  from space 7680K, 97% used [0x00000000ff000000,0x00000000ff7537b0,0x00000000ff780000)
  to   space 8704K, 0% used [0x00000000ff780000,0x00000000ff780000,0x0000000100000000)
 ParOldGen       total 115712K, used 55896K [0x00000000e0000000, 0x00000000e7100000, 0x00000000f5580000)
  object space 115712K, 48% used [0x00000000e0000000,0x00000000e3696170,0x00000000e7100000)
 Metaspace       used 54021K, capacity 60394K, committed 60672K, reserved 1101824K
  class space    used 6475K, capacity 8436K, committed 8448K, reserved 1048576K
Event: 65.140 GC heap after
Heap after GC invocations=23 (full 3):
 PSYoungGen      total 160768K, used 8692K [0x00000000f5580000, 0x0000000100000000, 0x0000000100000000)
  eden space 152064K, 0% used [0x00000000f5580000,0x00000000f5580000,0x00000000fea00000)
  from space 8704K, 99% used [0x00000000ff780000,0x00000000ffffd020,0x0000000100000000)
  to   space 11264K, 0% used [0x00000000fea00000,0x00000000fea00000,0x00000000ff500000)
 ParOldGen       total 115712K, used 58876K [0x00000000e0000000, 0x00000000e7100000, 0x00000000f5580000)
  object space 115712K, 50% used [0x00000000e0000000,0x00000000e397f0a0,0x00000000e7100000)
 Metaspace       used 54021K, capacity 60394K, committed 60672K, reserved 1101824K
  class space    used 6475K, capacity 8436K, committed 8448K, reserved 1048576K
}
Event: 66.692 GC heap before
{Heap before GC invocations=24 (full 3):
 PSYoungGen      total 160768K, used 160756K [0x00000000f5580000, 0x0000000100000000, 0x0000000100000000)
  eden space 152064K, 100% used [0x00000000f5580000,0x00000000fea00000,0x00000000fea00000)
  from space 8704K, 99% used [0x00000000ff780000,0x00000000ffffd020,0x0000000100000000)
  to   space 11264K, 0% used [0x00000000fea00000,0x00000000fea00000,0x00000000ff500000)
 ParOldGen       total 115712K, used 58876K [0x00000000e0000000, 0x00000000e7100000, 0x00000000f5580000)
  object space 115712K, 50% used [0x00000000e0000000,0x00000000e397f0a0,0x00000000e7100000)
 Metaspace       used 56292K, capacity 63058K, committed 63360K, reserved 1103872K
  class space    used 6695K, capacity 8708K, committed 8832K, reserved 1048576K
Event: 66.751 GC heap after
Heap after GC invocations=24 (full 3):
 PSYoungGen      total 163328K, used 5466K [0x00000000f5580000, 0x0000000100000000, 0x0000000100000000)
  eden space 152064K, 0% used [0x00000000f5580000,0x00000000f5580000,0x00000000fea00000)
  from space 11264K, 48% used [0x00000000fea00000,0x00000000fef569b0,0x00000000ff500000)
  to   space 10752K, 0% used [0x00000000ff580000,0x00000000ff580000,0x0000000100000000)
 ParOldGen       total 115712K, used 64458K [0x00000000e0000000, 0x00000000e7100000, 0x00000000f5580000)
  object space 115712K, 55% used [0x00000000e0000000,0x00000000e3ef2b58,0x00000000e7100000)
 Metaspace       used 56292K, capacity 63058K, committed 63360K, reserved 1103872K
  class space    used 6695K, capacity 8708K, committed 8832K, reserved 1048576K
}
Event: 71.750 GC heap before
{Heap before GC invocations=25 (full 3):
 PSYoungGen      total 163328K, used 157530K [0x00000000f5580000, 0x0000000100000000, 0x0000000100000000)
  eden space 152064K, 100% used [0x00000000f5580000,0x00000000fea00000,0x00000000fea00000)
  from space 11264K, 48% used [0x00000000fea00000,0x00000000fef569b0,0x00000000ff500000)
  to   space 10752K, 0% used [0x00000000ff580000,0x00000000ff580000,0x0000000100000000)
 ParOldGen       total 115712K, used 64458K [0x00000000e0000000, 0x00000000e7100000, 0x00000000f5580000)
  object space 115712K, 55% used [0x00000000e0000000,0x00000000e3ef2b58,0x00000000e7100000)
 Metaspace       used 59183K, capacity 66214K, committed 66560K, reserved 1105920K
  class space    used 7031K, capacity 9103K, committed 9216K, reserved 1048576K
Event: 71.780 GC heap after
Heap after GC invocations=25 (full 3):
 PSYoungGen      total 162816K, used 9262K [0x00000000f5580000, 0x0000000100000000, 0x0000000100000000)
  eden space 152064K, 0% used [0x00000000f5580000,0x00000000f5580000,0x00000000fea00000)
  from space 10752K, 86% used [0x00000000ff580000,0x00000000ffe8b818,0x0000000100000000)
  to   space 11264K, 0% used [0x00000000fea00000,0x00000000fea00000,0x00000000ff500000)
 ParOldGen       total 115712K, used 66635K [0x00000000e0000000, 0x00000000e7100000, 0x00000000f5580000)
  object space 115712K, 57% used [0x00000000e0000000,0x00000000e4112d88,0x00000000e7100000)
 Metaspace       used 59183K, capacity 66214K, committed 66560K, reserved 1105920K
  class space    used 7031K, capacity 9103K, committed 9216K, reserved 1048576K
}
Event: 72.704 GC heap before
{Heap before GC invocations=26 (full 3):
 PSYoungGen      total 162816K, used 161326K [0x00000000f5580000, 0x0000000100000000, 0x0000000100000000)
  eden space 152064K, 100% used [0x00000000f5580000,0x00000000fea00000,0x00000000fea00000)
  from space 10752K, 86% used [0x00000000ff580000,0x00000000ffe8b818,0x0000000100000000)
  to   space 11264K, 0% used [0x00000000fea00000,0x00000000fea00000,0x00000000ff500000)
 ParOldGen       total 115712K, used 66635K [0x00000000e0000000, 0x00000000e7100000, 0x00000000f5580000)
  object space 115712K, 57% used [0x00000000e0000000,0x00000000e4112d88,0x00000000e7100000)
 Metaspace       used 59488K, capacity 66758K, committed 67072K, reserved 1107968K
  class space    used 7047K, capacity 9149K, committed 9216K, reserved 1048576K
Event: 72.743 GC heap after
Heap after GC invocations=26 (full 3):
 PSYoungGen      total 161792K, used 9586K [0x00000000f5580000, 0x0000000100000000, 0x0000000100000000)
  eden space 152064K, 0% used [0x00000000f5580000,0x00000000f5580000,0x00000000fea00000)
  from space 9728K, 98% used [0x00000000fea00000,0x00000000ff35c880,0x00000000ff380000)
  to   space 12288K, 0% used [0x00000000ff400000,0x00000000ff400000,0x0000000100000000)
 ParOldGen       total 115712K, used 66635K [0x00000000e0000000, 0x00000000e7100000, 0x00000000f5580000)
  object space 115712K, 57% used [0x00000000e0000000,0x00000000e4112d88,0x00000000e7100000)
 Metaspace       used 59488K, capacity 66758K, committed 67072K, reserved 1107968K
  class space    used 7047K, capacity 9149K, committed 9216K, reserved 1048576K
}

Deoptimization events (10 events):
Event: 71.267 Thread 0x00000000159cf000 Uncommon trap: reason=class_check action=maybe_recompile pc=0x0000000003418290 method=com.google.common.collect.ImmutableSet$RegularSetBuilderImpl.add(Ljava/lang/Object;)Lcom/google/common/collect/ImmutableSet$SetBuilderImpl; @ 6
Event: 71.267 Thread 0x00000000159cf000 Uncommon trap: reason=class_check action=maybe_recompile pc=0x0000000003418290 method=com.google.common.collect.ImmutableSet$RegularSetBuilderImpl.add(Ljava/lang/Object;)Lcom/google/common/collect/ImmutableSet$SetBuilderImpl; @ 6
Event: 71.267 Thread 0x00000000159cf000 Uncommon trap: reason=class_check action=maybe_recompile pc=0x0000000003418290 method=com.google.common.collect.ImmutableSet$RegularSetBuilderImpl.add(Ljava/lang/Object;)Lcom/google/common/collect/ImmutableSet$SetBuilderImpl; @ 6
Event: 71.269 Thread 0x00000000159cf000 Uncommon trap: reason=unstable_if action=reinterpret pc=0x0000000002d7e2a8 method=org.robolectric.internal.bytecode.MethodRef.equals(Ljava/lang/Object;)Z @ 2
Event: 71.277 Thread 0x0000000015938000 Uncommon trap: reason=bimorphic action=maybe_recompile pc=0x00000000031fa49c method=java.util.AbstractCollection.toArray()[Ljava/lang/Object; @ 22
Event: 71.277 Thread 0x0000000015938000 Uncommon trap: reason=bimorphic action=maybe_recompile pc=0x00000000031fa464 method=java.util.AbstractCollection.toArray()[Ljava/lang/Object; @ 52
Event: 71.280 Thread 0x0000000015938000 Uncommon trap: reason=bimorphic action=maybe_recompile pc=0x000000000363a380 method=java.util.regex.Pattern$Start.<init>(Ljava/util/regex/Pattern$Node;)V @ 22
Event: 71.399 Thread 0x0000000015938000 Uncommon trap: reason=unstable_if action=reinterpret pc=0x0000000003924d24 method=org.robolectric.res.android.CppAssetManager2$Theme.SetTo(Lorg/robolectric/res/android/CppAssetManager2$Theme;)Z @ 53
Event: 72.914 Thread 0x0000000015938000 Uncommon trap: reason=bimorphic action=maybe_recompile pc=0x00000000031fa464 method=java.util.AbstractCollection.toArray()[Ljava/lang/Object; @ 52
Event: 72.923 Thread 0x0000000015938000 Uncommon trap: reason=bimorphic action=maybe_recompile pc=0x000000000363a380 method=java.util.regex.Pattern$Start.<init>(Ljava/util/regex/Pattern$Node;)V @ 22

Internal exceptions (10 events):
Event: 44.219 Thread 0x0000000015938000 Exception <a 'sun/nio/fs/WindowsException'> (0x00000000fcf51520) thrown at [C:\re\workspace\8-2-build-windows-amd64-cygwin\jdk8u111\7883\hotspot\src\share\vm\prims\jni.cpp, line 709]
Event: 46.454 Thread 0x0000000015938000 Exception <a 'java/lang/NoSuchFieldError': method resolution failed> (0x00000000fc533558) thrown at [C:\re\workspace\8-2-build-windows-amd64-cygwin\jdk8u111\7883\hotspot\src\share\vm\prims\methodHandles.cpp, line 1146]
Event: 52.092 Thread 0x0000000015938000 Exception <a 'java/lang/NoSuchFieldError': method resolution failed> (0x00000000f9078e48) thrown at [C:\re\workspace\8-2-build-windows-amd64-cygwin\jdk8u111\7883\hotspot\src\share\vm\prims\methodHandles.cpp, line 1146]
Event: 55.640 Thread 0x0000000015938000 Exception <a 'java/io/FileNotFoundException'> (0x00000000f62dd940) thrown at [C:\re\workspace\8-2-build-windows-amd64-cygwin\jdk8u111\7883\hotspot\src\share\vm\prims\jni.cpp, line 709]
Event: 56.925 Thread 0x0000000015938000 Implicit null exception at 0x0000000002dbbb95 to 0x0000000002dbbd71
Event: 63.891 Thread 0x0000000015938000 Exception <a 'java/lang/NoSuchMethodError': java.lang.Object.lambda$comparingDouble$8dcf42ea$1(Ljava/util/function/ToDoubleFunction;Ljava/lang/Object;Ljava/lang/Object;)I> (0x00000000f8d27530) thrown at [C:\re\workspace\8-2-build-windows-amd64-cygwin\jdk8
Event: 70.267 Thread 0x0000000015938000 Implicit null exception at 0x000000000383e8c7 to 0x000000000383eff1
Event: 70.975 Thread 0x0000000015938000 Exception <a 'java/lang/NoSuchMethodError': java.lang.Object.lambda$get$0(Ljava/lang/Object;)V> (0x00000000fb767dc8) thrown at [C:\re\workspace\8-2-build-windows-amd64-cygwin\jdk8u111\7883\hotspot\src\share\vm\interpreter\linkResolver.cpp, line 582]
Event: 71.394 Thread 0x0000000015938000 Exception <a 'sun/nio/fs/WindowsException'> (0x00000000fc6e49e0) thrown at [C:\re\workspace\8-2-build-windows-amd64-cygwin\jdk8u111\7883\hotspot\src\share\vm\prims\jni.cpp, line 709]
Event: 72.965 Thread 0x0000000015938000 Exception <a 'sun/nio/fs/WindowsException'> (0x00000000f76c1b78) thrown at [C:\re\workspace\8-2-build-windows-amd64-cygwin\jdk8u111\7883\hotspot\src\share\vm\prims\jni.cpp, line 709]

Events (10 events):
Event: 72.912 loading class android/content/res/Resources
Event: 72.912 loading class android/content/res/Resources done
Event: 72.914 Thread 0x0000000015938000 Uncommon trap: trap_request=0xffffffc6 fr.pc=0x00000000031fa464
Event: 72.914 Thread 0x0000000015938000 DEOPT PACKING pc=0x00000000031fa464 sp=0x00000000179de8f0
Event: 72.914 Thread 0x0000000015938000 DEOPT UNPACKING pc=0x0000000002b7582a sp=0x00000000179de8a8 mode 2
Event: 72.923 Thread 0x0000000015938000 Uncommon trap: trap_request=0xffffffc6 fr.pc=0x000000000363a380
Event: 72.923 Thread 0x0000000015938000 DEOPT PACKING pc=0x000000000363a380 sp=0x00000000179de920
Event: 72.923 Thread 0x0000000015938000 DEOPT UNPACKING pc=0x0000000002b7582a sp=0x00000000179de868 mode 2
Event: 73.073 Thread 0x0000000015938000 Uncommon trap: trap_request=0xffffff65 fr.pc=0x0000000003179ab8
Event: 73.073 Executing VM operation: RevokeBias


Dynamic libraries:
0x00007ff6dc770000 - 0x00007ff6dc7a7000 	C:\Program Files\Java\jdk1.8.0_111\bin\java.exe
0x00007ffc0e550000 - 0x00007ffc0e745000 	C:\Windows\SYSTEM32\ntdll.dll
0x00007ffc0caf0000 - 0x00007ffc0cbae000 	C:\Windows\System32\KERNEL32.DLL
0x00007ffc0c170000 - 0x00007ffc0c439000 	C:\Windows\System32\KERNELBASE.dll
0x00007ffc0c6d0000 - 0x00007ffc0c77c000 	C:\Windows\System32\ADVAPI32.dll
0x00007ffc0ce30000 - 0x00007ffc0cece000 	C:\Windows\System32\msvcrt.dll
0x00007ffc0e410000 - 0x00007ffc0e4ab000 	C:\Windows\System32\sechost.dll
0x00007ffc0c9c0000 - 0x00007ffc0caea000 	C:\Windows\System32\RPCRT4.dll
0x00007ffc0dac0000 - 0x00007ffc0dc61000 	C:\Windows\System32\USER32.dll
0x00007ffc0bda0000 - 0x00007ffc0bdc2000 	C:\Windows\System32\win32u.dll
0x00007ffc0d230000 - 0x00007ffc0d25b000 	C:\Windows\System32\GDI32.dll
0x00007ffc0c060000 - 0x00007ffc0c16b000 	C:\Windows\System32\gdi32full.dll
0x00007ffc0bf30000 - 0x00007ffc0bfcd000 	C:\Windows\System32\msvcp_win.dll
0x00007ffc0bdd0000 - 0x00007ffc0bed0000 	C:\Windows\System32\ucrtbase.dll
0x00007ffbf68b0000 - 0x00007ffbf6b4a000 	C:\Windows\WinSxS\amd64_microsoft.windows.common-controls_6595b64144ccf1df_6.0.19041.1110_none_60b5254171f9507e\COMCTL32.dll
0x00007ffc0cdf0000 - 0x00007ffc0ce20000 	C:\Windows\System32\IMM32.DLL
0x0000000069650000 - 0x0000000069722000 	C:\Program Files\Java\jdk1.8.0_111\jre\bin\msvcr100.dll
0x0000000068db0000 - 0x000000006964a000 	C:\Program Files\Java\jdk1.8.0_111\jre\bin\server\jvm.dll
0x00007ffc0ce20000 - 0x00007ffc0ce28000 	C:\Windows\System32\PSAPI.DLL
0x00007ffbf95a0000 - 0x00007ffbf95c7000 	C:\Windows\SYSTEM32\WINMM.dll
0x00007ffc04960000 - 0x00007ffc0496a000 	C:\Windows\SYSTEM32\VERSION.dll
0x00007ffbfda00000 - 0x00007ffbfda09000 	C:\Windows\SYSTEM32\WSOCK32.dll
0x00007ffc0d0d0000 - 0x00007ffc0d13b000 	C:\Windows\System32\ws2_32.DLL
0x0000000068da0000 - 0x0000000068daf000 	C:\Program Files\Java\jdk1.8.0_111\jre\bin\verify.dll
0x0000000068d70000 - 0x0000000068d99000 	C:\Program Files\Java\jdk1.8.0_111\jre\bin\java.dll
0x0000000068d50000 - 0x0000000068d66000 	C:\Program Files\Java\jdk1.8.0_111\jre\bin\zip.dll
0x00007ffc0dc70000 - 0x00007ffc0e3af000 	C:\Windows\System32\SHELL32.dll
0x00007ffc09d70000 - 0x00007ffc0a500000 	C:\Windows\SYSTEM32\windows.storage.dll
0x00007ffc0d760000 - 0x00007ffc0dab5000 	C:\Windows\System32\combase.dll
0x00007ffc0b5f0000 - 0x00007ffc0b61c000 	C:\Windows\SYSTEM32\Wldp.dll
0x00007ffc0cd40000 - 0x00007ffc0cdee000 	C:\Windows\System32\SHCORE.dll
0x00007ffc0d700000 - 0x00007ffc0d755000 	C:\Windows\System32\shlwapi.dll
0x00007ffc0bbb0000 - 0x00007ffc0bbcf000 	C:\Windows\SYSTEM32\profapi.dll
0x0000000068d30000 - 0x0000000068d4a000 	C:\Program Files\Java\jdk1.8.0_111\jre\bin\net.dll
0x00007ffc0b350000 - 0x00007ffc0b3ba000 	C:\Windows\system32\mswsock.dll
0x0000000068d10000 - 0x0000000068d21000 	C:\Program Files\Java\jdk1.8.0_111\jre\bin\nio.dll
0x00007ffc0b540000 - 0x00007ffc0b558000 	C:\Windows\SYSTEM32\CRYPTSP.dll
0x00007ffc0acd0000 - 0x00007ffc0ad04000 	C:\Windows\system32\rsaenh.dll
0x00007ffc0bc70000 - 0x00007ffc0bc97000 	C:\Windows\System32\bcrypt.dll
0x00007ffc0bb30000 - 0x00007ffc0bb5e000 	C:\Windows\SYSTEM32\USERENV.dll
0x00007ffc0bfd0000 - 0x00007ffc0c053000 	C:\Windows\System32\bcryptprimitives.dll
0x00007ffc0b560000 - 0x00007ffc0b56c000 	C:\Windows\SYSTEM32\CRYPTBASE.dll
0x00007ffc0b040000 - 0x00007ffc0b07b000 	C:\Windows\SYSTEM32\IPHLPAPI.DLL
0x00007ffc0cff0000 - 0x00007ffc0cff8000 	C:\Windows\System32\NSI.dll
0x00007ffc05890000 - 0x00007ffc058a7000 	C:\Windows\SYSTEM32\dhcpcsvc6.DLL
0x00007ffc05a80000 - 0x00007ffc05a9d000 	C:\Windows\SYSTEM32\dhcpcsvc.DLL
0x00007ffc0b080000 - 0x00007ffc0b14c000 	C:\Windows\SYSTEM32\DNSAPI.dll
0x0000000068cd0000 - 0x0000000068cf4000 	C:\Program Files\Java\jdk1.8.0_111\jre\bin\sunec.dll
0x0000000068cc0000 - 0x0000000068ccb000 	C:\Program Files\Java\jdk1.8.0_111\jre\bin\sunmscapi.dll
0x00007ffc0c440000 - 0x00007ffc0c596000 	C:\Windows\System32\CRYPT32.dll
0x0000000068b20000 - 0x0000000068cb8000 	C:\Program Files\Java\jdk1.8.0_111\jre\bin\awt.dll
0x00007ffc0d000000 - 0x00007ffc0d0cd000 	C:\Windows\System32\OLEAUT32.dll
0x00007ffc09600000 - 0x00007ffc09690000 	C:\Windows\SYSTEM32\apphelp.dll
0x00007ffbfce30000 - 0x00007ffbfd014000 	C:\Windows\SYSTEM32\dbghelp.dll

VM Arguments:
jvm_args: -Djava.awt.headless=true -Djava.security.manager=worker.org.gradle.process.internal.worker.child.BootstrapSecurityManager -Dorg.gradle.native=false -Xmx512m -Dfile.encoding=windows-1252 -Duser.country=ID -Duser.language=en -Duser.variant -ea 
java_command: worker.org.gradle.process.internal.worker.GradleWorkerMain 'Gradle Test Executor 2'
java_class_path (initial): C:\Users\HP\.gradle\caches\6.1.1\workerMain\gradle-worker.jar
Launcher Type: SUN_STANDARD

Environment Variables:
PATH=C:\ProgramData\Oracle\Java\javapath;C:\Windows\system32;C:\Windows;C:\Windows\System32\Wbem;C:\Windows\System32\WindowsPowerShell\v1.0\;C:\Windows\System32\OpenSSH\;C:\Program Files\Git\cmd;C:\Program Files\nodejs\;C:\Program Files\Microsoft SQL Server\Client SDK\ODBC\170\Tools\Binn\;C:\Program Files (x86)\Microsoft SQL Server\150\Tools\Binn\;C:\Program Files\Microsoft SQL Server\150\Tools\Binn\;C:\Program Files\Microsoft SQL Server\150\DTS\Binn\;C:\Program Files (x86)\Microsoft SQL Server\150\DTS\Binn\;C:\Program Files\Azure Data Studio\bin;C:\Program Files\Java\jdk1.8.0_111\bin;C:\Program Files (x86)\PuTTY\;C:\Users\HP\AppData\Local\Microsoft\WindowsApps;C:\xampp\php;C:\Users\HP\AppData\Local\ComposerSetup\bin;C:\Users\HP\AppData\Roaming\Composer\vendor\bin;C:\Users\HP\AppData\Roaming\npm;C:\Users\HP\AppData\Local\Programs\Microsoft VS Code\bin;C:\Program Files\Azure Data Studio\bin
USERNAME=HP
OS=Windows_NT
PROCESSOR_IDENTIFIER=AMD64 Family 21 Model 112 Stepping 0, AuthenticAMD



---------------  S Y S T E M  ---------------

OS: Windows 10.0 , 64 bit Build 19041 (10.0.19041.1202)

CPU:total 2 (2 cores per cpu, 1 threads per core) family 21 model 112 stepping 0, cmov, cx8, fxsr, mmx, sse, sse2, sse3, ssse3, sse4.1, sse4.2, popcnt, avx, avx2, aes, clmul, mmxext, 3dnowpref, lzcnt, sse4a, tsc, tscinvbit, tscinv, bmi1

Memory: 4k page, physical 4073412k(449132k free), swap 10440700k(1991728k free)

vm_info: Java HotSpot(TM) 64-Bit Server VM (25.111-b14) for windows-amd64 JRE (1.8.0_111-b14), built on Sep 22 2016 19:24:05 by "java_re" with MS VC++ 10.0 (VS2010)

time: Tue Sep 28 17:48:21 2021
elapsed time: 75 seconds (0d 0h 1m 15s)

