#
# A fatal error has been detected by the Java Runtime Environment:
#
#  EXCEPTION_ACCESS_VIOLATION (0xc0000005) at pc=0x0000000068df3608, pid=9720, tid=0x0000000000002c9c
#
# JRE version: Java(TM) SE Runtime Environment (8.0_111-b14) (build 1.8.0_111-b14)
# Java VM: Java HotSpot(TM) 64-Bit Server VM (25.111-b14 mixed mode windows-amd64 compressed oops)
# Problematic frame:
# V  [jvm.dll+0x43608]
#
# Failed to write core dump. Minidumps are not enabled by default on client versions of Windows
#
# If you would like to submit a bug report, please visit:
#   http://bugreport.java.com/bugreport/crash.jsp
#

---------------  T H R E A D  ---------------

Current thread (0x0000000014124800):  JavaThread "C1 CompilerThread1" daemon [_thread_in_vm, id=11420, stack(0x0000000015320000,0x0000000015420000)]

siginfo: ExceptionCode=0xc0000005, reading address 0xffffffffffffffff

Registers:
RAX=0x0000000014124800, RBX=0x0000000002e19ad0, RCX=0x0000000002e19ad0, RDX=0x0000000002e19ad0
RSP=0x000000001541d380, RBP=0x0000000015e4dd50, RSI=0x0000000002e19ad0, RDI=0x0000000000000000
R8 =0x13c695a6ffff0013, R9 =0x0000000000000000, R10=0x0000000015e4df80, R11=0x0000000018322f00
R12=0x0000000014124800, R13=0x0000000015e4dd50, R14=0x0000000019285890, R15=0x0000000000000000
RIP=0x0000000068df3608, EFLAGS=0x0000000000010202

Top of Stack: (sp=0x000000001541d380)
0x000000001541d380:   00000000000000b6 000000001541f930
0x000000001541d390:   0000000000000000 0000000000000077
0x000000001541d3a0:   000000001a2a0c28 000000001541f930
0x000000001541d3b0:   000000001541d490 0000000068ddfe25
0x000000001541d3c0:   00000000000000e7 0000000068df3999
0x000000001541d3d0:   0000000000000077 0000000000000077
0x000000001541d3e0:   0000000000000000 0000000000000000
0x000000001541d3f0:   00000000000000b6 0000000019843560
0x000000001541d400:   0000000002dd9ac0 0000000068df1c6b
0x000000001541d410:   0000000000000000 0000000014124800
0x000000001541d420:   0000000019286a00 0000000068ddce0f
0x000000001541d430:   0000000014124800 0000000068df6f80
0x000000001541d440:   0000000014124800 0000000014124800
0x000000001541d450:   0000000019843560 00000000691d0aeb
0x000000001541d460:   0000000000000000 0000000000000000
0x000000001541d470:   0000000019286a00 0000000000000000 

Instructions: (pc=0x0000000068df3608)
0x0000000068df35e8:   00 48 8b da ff 15 fe 7d 59 00 44 0f b6 05 5a d9
0x0000000068df35f8:   7a 00 4c 8b e0 45 84 c0 74 39 4c 8b 03 48 8b cb
0x0000000068df3608:   41 ff 50 08 84 c0 74 2b 83 7b 08 00 7e 25 0f b6
0x0000000068df3618:   83 0e 01 00 00 c0 e8 03 a8 01 74 17 48 8b 03 48 


Register to memory mapping:

RAX=0x0000000014124800 is a thread
RBX=0x0000000002e19ad0 is an unknown value
RCX=0x0000000002e19ad0 is an unknown value
RDX=0x0000000002e19ad0 is an unknown value
RSP=0x000000001541d380 is pointing into the stack for thread: 0x0000000014124800
RBP=0x0000000015e4dd50 is an unknown value
RSI=0x0000000002e19ad0 is an unknown value
RDI=0x0000000000000000 is an unknown value
R8 =0x13c695a6ffff0013 is an unknown value
R9 =0x0000000000000000 is an unknown value
R10=0x0000000015e4df80 is an unknown value
R11=0x0000000018322f00 is an unknown value
R12=0x0000000014124800 is a thread
R13=0x0000000015e4dd50 is an unknown value
R14=0x0000000019285890 is an unknown value
R15=0x0000000000000000 is an unknown value


Stack: [0x0000000015320000,0x0000000015420000],  sp=0x000000001541d380,  free space=1012k
Native frames: (J=compiled Java code, j=interpreted, Vv=VM code, C=native code)
V  [jvm.dll+0x43608]
V  [jvm.dll+0x43999]
V  [jvm.dll+0x41c6b]
V  [jvm.dll+0x420aeb]
V  [jvm.dll+0x41b8da]
V  [jvm.dll+0x41e727]
V  [jvm.dll+0x41eeeb]
V  [jvm.dll+0x41fde6]
V  [jvm.dll+0x420048]
V  [jvm.dll+0x42047b]
V  [jvm.dll+0x41ffd5]
V  [jvm.dll+0x41bd3b]
V  [jvm.dll+0x41e727]
V  [jvm.dll+0x41eeeb]
V  [jvm.dll+0x41fde6]
V  [jvm.dll+0x420048]
V  [jvm.dll+0x42047b]
V  [jvm.dll+0x41ffd5]
V  [jvm.dll+0x41bd3b]
V  [jvm.dll+0x41e727]
V  [jvm.dll+0x41f01d]
V  [jvm.dll+0x41fde6]
V  [jvm.dll+0x420048]
V  [jvm.dll+0x42047b]
V  [jvm.dll+0x41ffd5]
V  [jvm.dll+0x41bd3b]
V  [jvm.dll+0x41e727]
V  [jvm.dll+0x41eeeb]
V  [jvm.dll+0x41fde6]
V  [jvm.dll+0x420048]
V  [jvm.dll+0x42047b]
V  [jvm.dll+0x41ffd5]
V  [jvm.dll+0x41bd3b]
V  [jvm.dll+0x41e727]
V  [jvm.dll+0x41f01d]
V  [jvm.dll+0x41fde6]
V  [jvm.dll+0x420048]
V  [jvm.dll+0x42047b]
V  [jvm.dll+0x41ffd5]
V  [jvm.dll+0x41bd3b]
V  [jvm.dll+0x41e727]
V  [jvm.dll+0x41eeeb]
V  [jvm.dll+0x41fde6]
V  [jvm.dll+0x420048]
V  [jvm.dll+0x41bd3b]
V  [jvm.dll+0x41e727]
V  [jvm.dll+0x41eeeb]
V  [jvm.dll+0x41fde6]
V  [jvm.dll+0x420048]
V  [jvm.dll+0x41bd3b]
V  [jvm.dll+0x41e727]
V  [jvm.dll+0x41f01d]
V  [jvm.dll+0x41f412]
V  [jvm.dll+0x4244f5]
V  [jvm.dll+0x424600]
V  [jvm.dll+0x40ddb8]
V  [jvm.dll+0x40e021]
V  [jvm.dll+0x40e1e2]
V  [jvm.dll+0x40e3b1]
V  [jvm.dll+0x40e5bf]
V  [jvm.dll+0xa5742]
V  [jvm.dll+0xa607f]
V  [jvm.dll+0x244b7f]
V  [jvm.dll+0x29c43a]
C  [msvcr100.dll+0x21d9f]
C  [msvcr100.dll+0x21e3b]
C  [KERNEL32.DLL+0x17034]
C  [ntdll.dll+0x52651]


Current CompileTask:
C1:  37594 5975       3       android.content.res.TypedArray::$$robo$$android_content_res_TypedArray$loadStringValueAt (51 bytes)


---------------  P R O C E S S  ---------------

Java Threads: ( => current thread )
  0x00000000160fd800 JavaThread "Java2D Disposer" daemon [_thread_blocked, id=3052, stack(0x000000001a3d0000,0x000000001a4d0000)]
  0x0000000016f2a000 JavaThread "SDK 28 Main Thread" [_thread_in_Java, id=12652, stack(0x0000000017d30000,0x0000000017e30000)]
  0x000000001604f000 JavaThread "/127.0.0.1:59606 to /127.0.0.1:59605 workers Thread 3" [_thread_in_native, id=13124, stack(0x0000000016860000,0x0000000016960000)]
  0x000000001604a000 JavaThread "/127.0.0.1:59606 to /127.0.0.1:59605 workers Thread 2" [_thread_blocked, id=12804, stack(0x0000000016760000,0x0000000016860000)]
  0x0000000015fa4000 JavaThread "Test worker" [_thread_blocked, id=9412, stack(0x0000000016320000,0x0000000016420000)]
  0x000000001414e800 JavaThread "Service Thread" daemon [_thread_blocked, id=10900, stack(0x0000000015820000,0x0000000015920000)]
=>0x0000000014124800 JavaThread "C1 CompilerThread1" daemon [_thread_in_vm, id=11420, stack(0x0000000015320000,0x0000000015420000)]
  0x0000000014123800 JavaThread "C2 CompilerThread0" daemon [_thread_blocked, id=11848, stack(0x0000000015220000,0x0000000015320000)]
  0x0000000014121000 JavaThread "Attach Listener" daemon [_thread_blocked, id=8452, stack(0x0000000015120000,0x0000000015220000)]
  0x000000001411e000 JavaThread "Signal Dispatcher" daemon [_thread_blocked, id=4432, stack(0x0000000015020000,0x0000000015120000)]
  0x0000000014098800 JavaThread "Finalizer" daemon [_thread_blocked, id=5368, stack(0x0000000014ce0000,0x0000000014de0000)]
  0x0000000002ebe000 JavaThread "Reference Handler" daemon [_thread_blocked, id=6728, stack(0x0000000014be0000,0x0000000014ce0000)]
  0x0000000002dd0800 JavaThread "main" [_thread_blocked, id=5744, stack(0x0000000002cd0000,0x0000000002dd0000)]

Other Threads:
  0x0000000014076000 VMThread [stack: 0x0000000014ae0000,0x0000000014be0000] [id=5256]
  0x00000000154bf000 WatcherThread [stack: 0x0000000015920000,0x0000000015a20000] [id=4248]

VM state:not at safepoint (normal execution)

VM Mutex/Monitor currently owned by a thread: None

Heap:
 PSYoungGen      total 158208K, used 35721K [0x00000000f5580000, 0x0000000100000000, 0x0000000100000000)
  eden space 148992K, 17% used [0x00000000f5580000,0x00000000f6f95c10,0x00000000fe700000)
  from space 9216K, 97% used [0x00000000fe700000,0x00000000fefcc880,0x00000000ff000000)
  to   space 13312K, 0% used [0x00000000ff300000,0x00000000ff300000,0x0000000100000000)
 ParOldGen       total 114176K, used 67454K [0x00000000e0000000, 0x00000000e6f80000, 0x00000000f5580000)
  object space 114176K, 59% used [0x00000000e0000000,0x00000000e41df940,0x00000000e6f80000)
 Metaspace       used 59495K, capacity 66776K, committed 67072K, reserved 1107968K
  class space    used 7048K, capacity 9150K, committed 9216K, reserved 1048576K

Card table byte_map: [0x0000000012290000,0x00000000123a0000] byte_map_base: 0x0000000011b90000

Marking Bits: (ParMarkBitMap*) 0x00000000695ca6c0
 Begin Bits: [0x0000000012650000, 0x0000000012e50000)
 End Bits:   [0x0000000012e50000, 0x0000000013650000)

Polling page: 0x00000000010e0000

CodeCache: size=245760Kb used=15803Kb max_used=15815Kb free=229956Kb
 bounds [0x0000000002ed0000, 0x0000000003e60000, 0x0000000011ed0000]
 total_blobs=6161 nmethods=4876 adapters=1198
 compilation: enabled

Compilation events (10 events):
Event: 37.512 Thread 0x0000000014124800 nmethod 5970 0x0000000003620010 code [0x00000000036201c0, 0x00000000036207b8]
Event: 37.512 Thread 0x0000000014124800 5971       3       java.util.regex.Pattern$5::isSatisfiedBy (28 bytes)
Event: 37.512 Thread 0x0000000014124800 nmethod 5971 0x0000000003dfb8d0 code [0x0000000003dfba60, 0x0000000003dfbdf8]
Event: 37.512 Thread 0x0000000014124800 5972       3       java.util.Formatter$Conversion::isGeneral (64 bytes)
Event: 37.512 Thread 0x0000000014124800 nmethod 5972 0x0000000003790150 code [0x00000000037902a0, 0x0000000003790410]
Event: 37.512 Thread 0x0000000014124800 5973       1       java.util.Formatter$FormatSpecifier::index (5 bytes)
Event: 37.512 Thread 0x0000000014124800 nmethod 5973 0x000000000361f550 code [0x000000000361f6a0, 0x000000000361f7b0]
Event: 37.531 Thread 0x0000000014124800 5974       3       android.content.res.TypedArray::loadStringValueAt (8 bytes)
Event: 37.534 Thread 0x0000000014124800 nmethod 5974 0x0000000003e4cd10 code [0x0000000003e4d040, 0x0000000003e4eb08]
Event: 37.534 Thread 0x0000000014124800 5975       3       android.content.res.TypedArray::$$robo$$android_content_res_TypedArray$loadStringValueAt (51 bytes)

GC Heap History (10 events):
Event: 28.629 GC heap before
{Heap before GC invocations=20 (full 3):
 PSYoungGen      total 164864K, used 155136K [0x00000000f5580000, 0x0000000100000000, 0x0000000100000000)
  eden space 155136K, 100% used [0x00000000f5580000,0x00000000fed00000,0x00000000fed00000)
  from space 9728K, 0% used [0x00000000ff680000,0x00000000ff680000,0x0000000100000000)
  to   space 9728K, 0% used [0x00000000fed00000,0x00000000fed00000,0x00000000ff680000)
 ParOldGen       total 114176K, used 60472K [0x00000000e0000000, 0x00000000e6f80000, 0x00000000f5580000)
  object space 114176K, 52% used [0x00000000e0000000,0x00000000e3b0e138,0x00000000e6f80000)
 Metaspace       used 49863K, capacity 55962K, committed 56064K, reserved 1097728K
  class space    used 6064K, capacity 7926K, committed 7936K, reserved 1048576K
Event: 28.643 GC heap after
Heap after GC invocations=20 (full 3):
 PSYoungGen      total 164864K, used 3346K [0x00000000f5580000, 0x0000000100000000, 0x0000000100000000)
  eden space 155136K, 0% used [0x00000000f5580000,0x00000000f5580000,0x00000000fed00000)
  from space 9728K, 34% used [0x00000000fed00000,0x00000000ff0449f8,0x00000000ff680000)
  to   space 9728K, 0% used [0x00000000ff680000,0x00000000ff680000,0x0000000100000000)
 ParOldGen       total 114176K, used 60480K [0x00000000e0000000, 0x00000000e6f80000, 0x00000000f5580000)
  object space 114176K, 52% used [0x00000000e0000000,0x00000000e3b10138,0x00000000e6f80000)
 Metaspace       used 49863K, capacity 55962K, committed 56064K, reserved 1097728K
  class space    used 6064K, capacity 7926K, committed 7936K, reserved 1048576K
}
Event: 30.549 GC heap before
{Heap before GC invocations=21 (full 3):
 PSYoungGen      total 164864K, used 158482K [0x00000000f5580000, 0x0000000100000000, 0x0000000100000000)
  eden space 155136K, 100% used [0x00000000f5580000,0x00000000fed00000,0x00000000fed00000)
  from space 9728K, 34% used [0x00000000fed00000,0x00000000ff0449f8,0x00000000ff680000)
  to   space 9728K, 0% used [0x00000000ff680000,0x00000000ff680000,0x0000000100000000)
 ParOldGen       total 114176K, used 60480K [0x00000000e0000000, 0x00000000e6f80000, 0x00000000f5580000)
  object space 114176K, 52% used [0x00000000e0000000,0x00000000e3b10138,0x00000000e6f80000)
 Metaspace       used 53936K, capacity 60242K, committed 60416K, reserved 1101824K
  class space    used 6467K, capacity 8404K, committed 8448K, reserved 1048576K
Event: 30.574 GC heap after
Heap after GC invocations=21 (full 3):
 PSYoungGen      total 164864K, used 7059K [0x00000000f5580000, 0x0000000100000000, 0x0000000100000000)
  eden space 155136K, 0% used [0x00000000f5580000,0x00000000f5580000,0x00000000fed00000)
  from space 9728K, 72% used [0x00000000ff680000,0x00000000ffd64c40,0x0000000100000000)
  to   space 9728K, 0% used [0x00000000fed00000,0x00000000fed00000,0x00000000ff680000)
 ParOldGen       total 114176K, used 60480K [0x00000000e0000000, 0x00000000e6f80000, 0x00000000f5580000)
  object space 114176K, 52% used [0x00000000e0000000,0x00000000e3b10138,0x00000000e6f80000)
 Metaspace       used 53936K, capacity 60242K, committed 60416K, reserved 1101824K
  class space    used 6467K, capacity 8404K, committed 8448K, reserved 1048576K
}
Event: 32.249 GC heap before
{Heap before GC invocations=22 (full 3):
 PSYoungGen      total 164864K, used 162195K [0x00000000f5580000, 0x0000000100000000, 0x0000000100000000)
  eden space 155136K, 100% used [0x00000000f5580000,0x00000000fed00000,0x00000000fed00000)
  from space 9728K, 72% used [0x00000000ff680000,0x00000000ffd64c40,0x0000000100000000)
  to   space 9728K, 0% used [0x00000000fed00000,0x00000000fed00000,0x00000000ff680000)
 ParOldGen       total 114176K, used 60480K [0x00000000e0000000, 0x00000000e6f80000, 0x00000000f5580000)
  object space 114176K, 52% used [0x00000000e0000000,0x00000000e3b10138,0x00000000e6f80000)
 Metaspace       used 56250K, capacity 62978K, committed 63104K, reserved 1103872K
  class space    used 6690K, capacity 8708K, committed 8832K, reserved 1048576K
Event: 32.307 GC heap after
Heap after GC invocations=22 (full 3):
 PSYoungGen      total 163328K, used 7915K [0x00000000f5580000, 0x0000000100000000, 0x0000000100000000)
  eden space 155136K, 0% used [0x00000000f5580000,0x00000000f5580000,0x00000000fed00000)
  from space 8192K, 96% used [0x00000000fed00000,0x00000000ff4bafd0,0x00000000ff500000)
  to   space 10240K, 0% used [0x00000000ff600000,0x00000000ff600000,0x0000000100000000)
 ParOldGen       total 114176K, used 60480K [0x00000000e0000000, 0x00000000e6f80000, 0x00000000f5580000)
  object space 114176K, 52% used [0x00000000e0000000,0x00000000e3b10138,0x00000000e6f80000)
 Metaspace       used 56250K, capacity 62978K, committed 63104K, reserved 1103872K
  class space    used 6690K, capacity 8708K, committed 8832K, reserved 1048576K
}
Event: 35.036 GC heap before
{Heap before GC invocations=23 (full 3):
 PSYoungGen      total 163328K, used 163051K [0x00000000f5580000, 0x0000000100000000, 0x0000000100000000)
  eden space 155136K, 100% used [0x00000000f5580000,0x00000000fed00000,0x00000000fed00000)
  from space 8192K, 96% used [0x00000000fed00000,0x00000000ff4bafd0,0x00000000ff500000)
  to   space 10240K, 0% used [0x00000000ff600000,0x00000000ff600000,0x0000000100000000)
 ParOldGen       total 114176K, used 60480K [0x00000000e0000000, 0x00000000e6f80000, 0x00000000f5580000)
  object space 114176K, 52% used [0x00000000e0000000,0x00000000e3b10138,0x00000000e6f80000)
 Metaspace       used 59164K, capacity 66198K, committed 66560K, reserved 1105920K
  class space    used 7031K, capacity 9103K, committed 9216K, reserved 1048576K
Event: 35.074 GC heap after
Heap after GC invocations=23 (full 3):
 PSYoungGen      total 159232K, used 10237K [0x00000000f5580000, 0x0000000100000000, 0x0000000100000000)
  eden space 148992K, 0% used [0x00000000f5580000,0x00000000f5580000,0x00000000fe700000)
  from space 10240K, 99% used [0x00000000ff600000,0x00000000fffff670,0x0000000100000000)
  to   space 12800K, 0% used [0x00000000fe700000,0x00000000fe700000,0x00000000ff380000)
 ParOldGen       total 114176K, used 64204K [0x00000000e0000000, 0x00000000e6f80000, 0x00000000f5580000)
  object space 114176K, 56% used [0x00000000e0000000,0x00000000e3eb3250,0x00000000e6f80000)
 Metaspace       used 59164K, capacity 66198K, committed 66560K, reserved 1105920K
  class space    used 7031K, capacity 9103K, committed 9216K, reserved 1048576K
}
Event: 37.367 GC heap before
{Heap before GC invocations=24 (full 3):
 PSYoungGen      total 159232K, used 159229K [0x00000000f5580000, 0x0000000100000000, 0x0000000100000000)
  eden space 148992K, 100% used [0x00000000f5580000,0x00000000fe700000,0x00000000fe700000)
  from space 10240K, 99% used [0x00000000ff600000,0x00000000fffff670,0x0000000100000000)
  to   space 12800K, 0% used [0x00000000fe700000,0x00000000fe700000,0x00000000ff380000)
 ParOldGen       total 114176K, used 64204K [0x00000000e0000000, 0x00000000e6f80000, 0x00000000f5580000)
  object space 114176K, 56% used [0x00000000e0000000,0x00000000e3eb3250,0x00000000e6f80000)
 Metaspace       used 59477K, capacity 66764K, committed 67072K, reserved 1107968K
  class space    used 7046K, capacity 9148K, committed 9216K, reserved 1048576K
Event: 37.400 GC heap after
Heap after GC invocations=24 (full 3):
 PSYoungGen      total 158208K, used 9010K [0x00000000f5580000, 0x0000000100000000, 0x0000000100000000)
  eden space 148992K, 0% used [0x00000000f5580000,0x00000000f5580000,0x00000000fe700000)
  from space 9216K, 97% used [0x00000000fe700000,0x00000000fefcc880,0x00000000ff000000)
  to   space 13312K, 0% used [0x00000000ff300000,0x00000000ff300000,0x0000000100000000)
 ParOldGen       total 114176K, used 67454K [0x00000000e0000000, 0x00000000e6f80000, 0x00000000f5580000)
  object space 114176K, 59% used [0x00000000e0000000,0x00000000e41df940,0x00000000e6f80000)
 Metaspace       used 59477K, capacity 66764K, committed 67072K, reserved 1107968K
  class space    used 7046K, capacity 9148K, committed 9216K, reserved 1048576K
}

Deoptimization events (10 events):
Event: 34.300 Thread 0x0000000015fa4000 Uncommon trap: reason=class_check action=maybe_recompile pc=0x0000000003835bd8 method=com.google.common.collect.ImmutableSet$RegularSetBuilderImpl.add(Ljava/lang/Object;)Lcom/google/common/collect/ImmutableSet$SetBuilderImpl; @ 6
Event: 34.300 Thread 0x0000000015fa4000 Uncommon trap: reason=class_check action=maybe_recompile pc=0x0000000003835bd8 method=com.google.common.collect.ImmutableSet$RegularSetBuilderImpl.add(Ljava/lang/Object;)Lcom/google/common/collect/ImmutableSet$SetBuilderImpl; @ 6
Event: 34.300 Thread 0x0000000015fa4000 Uncommon trap: reason=class_check action=maybe_recompile pc=0x0000000003ab4d44 method=com.google.common.collect.ImmutableSet.rebuildHashTable(I[Ljava/lang/Object;I)[Ljava/lang/Object; @ 28
Event: 34.300 Thread 0x0000000015fa4000 Uncommon trap: reason=class_check action=maybe_recompile pc=0x0000000003ab4d44 method=com.google.common.collect.ImmutableSet.rebuildHashTable(I[Ljava/lang/Object;I)[Ljava/lang/Object; @ 28
Event: 34.301 Thread 0x0000000015fa4000 Uncommon trap: reason=class_check action=maybe_recompile pc=0x0000000003ac4c5c method=com.google.common.collect.ImmutableSet$RegularSetBuilderImpl.add(Ljava/lang/Object;)Lcom/google/common/collect/ImmutableSet$SetBuilderImpl; @ 6
Event: 34.301 Thread 0x0000000015fa4000 Uncommon trap: reason=class_check action=maybe_recompile pc=0x0000000003ab4d44 method=com.google.common.collect.ImmutableSet.rebuildHashTable(I[Ljava/lang/Object;I)[Ljava/lang/Object; @ 28
Event: 34.301 Thread 0x0000000015fa4000 Uncommon trap: reason=class_check action=maybe_recompile pc=0x0000000003ab4d44 method=com.google.common.collect.ImmutableSet.rebuildHashTable(I[Ljava/lang/Object;I)[Ljava/lang/Object; @ 28
Event: 34.301 Thread 0x0000000015fa4000 Uncommon trap: reason=unstable_if action=reinterpret pc=0x0000000003677434 method=org.robolectric.internal.bytecode.MethodRef.equals(Ljava/lang/Object;)Z @ 2
Event: 34.362 Thread 0x0000000016f2a000 Uncommon trap: reason=bimorphic action=maybe_recompile pc=0x00000000038ac874 method=java.util.regex.Pattern$Start.<init>(Ljava/util/regex/Pattern$Node;)V @ 22
Event: 34.615 Thread 0x0000000016f2a000 Uncommon trap: reason=unstable_if action=reinterpret pc=0x0000000003b6041c method=org.robolectric.res.android.CppAssetManager2$Theme.SetTo(Lorg/robolectric/res/android/CppAssetManager2$Theme;)Z @ 53

Internal exceptions (10 events):
Event: 16.474 Thread 0x0000000016f2a000 Implicit null exception at 0x00000000036dd6fd to 0x00000000036ddb25
Event: 16.797 Thread 0x0000000016f2a000 Exception <a 'sun/nio/fs/WindowsException'> (0x00000000f6834c48) thrown at [C:\re\workspace\8-2-build-windows-amd64-cygwin\jdk8u111\7883\hotspot\src\share\vm\prims\jni.cpp, line 709]
Event: 18.284 Thread 0x0000000016f2a000 Exception <a 'java/lang/NoSuchFieldError': method resolution failed> (0x00000000fe629090) thrown at [C:\re\workspace\8-2-build-windows-amd64-cygwin\jdk8u111\7883\hotspot\src\share\vm\prims\methodHandles.cpp, line 1146]
Event: 22.394 Thread 0x0000000016f2a000 Exception <a 'java/lang/NoSuchFieldError': method resolution failed> (0x00000000fbf39aa8) thrown at [C:\re\workspace\8-2-build-windows-amd64-cygwin\jdk8u111\7883\hotspot\src\share\vm\prims\methodHandles.cpp, line 1146]
Event: 26.547 Thread 0x0000000016f2a000 Exception <a 'java/io/FileNotFoundException'> (0x00000000f613ca48) thrown at [C:\re\workspace\8-2-build-windows-amd64-cygwin\jdk8u111\7883\hotspot\src\share\vm\prims\jni.cpp, line 709]
Event: 26.646 Thread 0x0000000016f2a000 Implicit null exception at 0x00000000031613d5 to 0x00000000031615b1
Event: 29.461 Thread 0x0000000016f2a000 Exception <a 'java/lang/NoSuchMethodError': java.lang.Object.lambda$comparingDouble$8dcf42ea$1(Ljava/util/function/ToDoubleFunction;Ljava/lang/Object;Ljava/lang/Object;)I> (0x00000000f8e50490) thrown at [C:\re\workspace\8-2-build-windows-amd64-cygwin\jdk8
Event: 33.785 Thread 0x0000000016f2a000 Implicit null exception at 0x00000000032fd997 to 0x00000000032fda6d
Event: 34.166 Thread 0x0000000016f2a000 Exception <a 'java/lang/NoSuchMethodError': java.lang.Object.lambda$get$0(Ljava/lang/Object;)V> (0x00000000fb8b6a08) thrown at [C:\re\workspace\8-2-build-windows-amd64-cygwin\jdk8u111\7883\hotspot\src\share\vm\interpreter\linkResolver.cpp, line 582]
Event: 34.608 Thread 0x0000000016f2a000 Exception <a 'sun/nio/fs/WindowsException'> (0x00000000fc84f930) thrown at [C:\re\workspace\8-2-build-windows-amd64-cygwin\jdk8u111\7883\hotspot\src\share\vm\prims\jni.cpp, line 709]

Events (10 events):
Event: 35.941 Thread 0x0000000016f2a000 DEOPT PACKING pc=0x000000000396f84d sp=0x0000000017e25150
Event: 35.941 Thread 0x0000000016f2a000 DEOPT UNPACKING pc=0x0000000002f1747f sp=0x0000000017e24eb0 mode 0
Event: 37.156 Thread 0x0000000016f2a000 DEOPT PACKING pc=0x000000000396f84d sp=0x0000000017e252b0
Event: 37.156 Thread 0x0000000016f2a000 DEOPT UNPACKING pc=0x0000000002f1747f sp=0x0000000017e25010 mode 0
Event: 37.367 Executing VM operation: ParallelGCFailedAllocation
Event: 37.400 Executing VM operation: ParallelGCFailedAllocation done
Event: 37.401 Executing VM operation: RevokeBias
Event: 37.402 Executing VM operation: RevokeBias done
Event: 37.461 Thread 0x0000000016f2a000 DEOPT PACKING pc=0x000000000396f84d sp=0x0000000017e2c0c0
Event: 37.462 Thread 0x0000000016f2a000 DEOPT UNPACKING pc=0x0000000002f1747f sp=0x0000000017e2be20 mode 0


Dynamic libraries:
0x00007ff6dc770000 - 0x00007ff6dc7a7000 	C:\Program Files\Java\jdk1.8.0_111\bin\java.exe
0x00007ffc0e550000 - 0x00007ffc0e745000 	C:\Windows\SYSTEM32\ntdll.dll
0x00007ffc0caf0000 - 0x00007ffc0cbae000 	C:\Windows\System32\KERNEL32.DLL
0x00007ffc0c170000 - 0x00007ffc0c439000 	C:\Windows\System32\KERNELBASE.dll
0x00007ffc0c6d0000 - 0x00007ffc0c77c000 	C:\Windows\System32\ADVAPI32.dll
0x00007ffc0ce30000 - 0x00007ffc0cece000 	C:\Windows\System32\msvcrt.dll
0x00007ffc0e410000 - 0x00007ffc0e4ab000 	C:\Windows\System32\sechost.dll
0x00007ffc0c9c0000 - 0x00007ffc0caea000 	C:\Windows\System32\RPCRT4.dll
0x00007ffc0dac0000 - 0x00007ffc0dc61000 	C:\Windows\System32\USER32.dll
0x00007ffc0bda0000 - 0x00007ffc0bdc2000 	C:\Windows\System32\win32u.dll
0x00007ffc0d230000 - 0x00007ffc0d25b000 	C:\Windows\System32\GDI32.dll
0x00007ffc0c060000 - 0x00007ffc0c16b000 	C:\Windows\System32\gdi32full.dll
0x00007ffc0bf30000 - 0x00007ffc0bfcd000 	C:\Windows\System32\msvcp_win.dll
0x00007ffc0bdd0000 - 0x00007ffc0bed0000 	C:\Windows\System32\ucrtbase.dll
0x00007ffbf68b0000 - 0x00007ffbf6b4a000 	C:\Windows\WinSxS\amd64_microsoft.windows.common-controls_6595b64144ccf1df_6.0.19041.1110_none_60b5254171f9507e\COMCTL32.dll
0x00007ffc0cdf0000 - 0x00007ffc0ce20000 	C:\Windows\System32\IMM32.DLL
0x0000000069650000 - 0x0000000069722000 	C:\Program Files\Java\jdk1.8.0_111\jre\bin\msvcr100.dll
0x0000000068db0000 - 0x000000006964a000 	C:\Program Files\Java\jdk1.8.0_111\jre\bin\server\jvm.dll
0x00007ffc0ce20000 - 0x00007ffc0ce28000 	C:\Windows\System32\PSAPI.DLL
0x00007ffbf95a0000 - 0x00007ffbf95c7000 	C:\Windows\SYSTEM32\WINMM.dll
0x00007ffbfda00000 - 0x00007ffbfda09000 	C:\Windows\SYSTEM32\WSOCK32.dll
0x00007ffc0d0d0000 - 0x00007ffc0d13b000 	C:\Windows\System32\WS2_32.dll
0x00007ffc04960000 - 0x00007ffc0496a000 	C:\Windows\SYSTEM32\VERSION.dll
0x0000000068da0000 - 0x0000000068daf000 	C:\Program Files\Java\jdk1.8.0_111\jre\bin\verify.dll
0x0000000068d70000 - 0x0000000068d99000 	C:\Program Files\Java\jdk1.8.0_111\jre\bin\java.dll
0x0000000068d50000 - 0x0000000068d66000 	C:\Program Files\Java\jdk1.8.0_111\jre\bin\zip.dll
0x00007ffc0dc70000 - 0x00007ffc0e3af000 	C:\Windows\System32\SHELL32.dll
0x00007ffc09d70000 - 0x00007ffc0a500000 	C:\Windows\SYSTEM32\windows.storage.dll
0x00007ffc0d760000 - 0x00007ffc0dab5000 	C:\Windows\System32\combase.dll
0x00007ffc0b5f0000 - 0x00007ffc0b61c000 	C:\Windows\SYSTEM32\Wldp.dll
0x00007ffc0cd40000 - 0x00007ffc0cdee000 	C:\Windows\System32\SHCORE.dll
0x00007ffc0d700000 - 0x00007ffc0d755000 	C:\Windows\System32\shlwapi.dll
0x00007ffc0bbb0000 - 0x00007ffc0bbcf000 	C:\Windows\SYSTEM32\profapi.dll
0x0000000068d30000 - 0x0000000068d4a000 	C:\Program Files\Java\jdk1.8.0_111\jre\bin\net.dll
0x00007ffc0b350000 - 0x00007ffc0b3ba000 	C:\Windows\system32\mswsock.dll
0x0000000068d10000 - 0x0000000068d21000 	C:\Program Files\Java\jdk1.8.0_111\jre\bin\nio.dll
0x00007ffc0b540000 - 0x00007ffc0b558000 	C:\Windows\SYSTEM32\CRYPTSP.dll
0x00007ffc0acd0000 - 0x00007ffc0ad04000 	C:\Windows\system32\rsaenh.dll
0x00007ffc0bc70000 - 0x00007ffc0bc97000 	C:\Windows\System32\bcrypt.dll
0x00007ffc0bb30000 - 0x00007ffc0bb5e000 	C:\Windows\SYSTEM32\USERENV.dll
0x00007ffc0bfd0000 - 0x00007ffc0c053000 	C:\Windows\System32\bcryptprimitives.dll
0x00007ffc0b560000 - 0x00007ffc0b56c000 	C:\Windows\SYSTEM32\CRYPTBASE.dll
0x00007ffc0b040000 - 0x00007ffc0b07b000 	C:\Windows\SYSTEM32\IPHLPAPI.DLL
0x00007ffc0cff0000 - 0x00007ffc0cff8000 	C:\Windows\System32\NSI.dll
0x00007ffc05890000 - 0x00007ffc058a7000 	C:\Windows\SYSTEM32\dhcpcsvc6.DLL
0x00007ffc05a80000 - 0x00007ffc05a9d000 	C:\Windows\SYSTEM32\dhcpcsvc.DLL
0x00007ffc0b080000 - 0x00007ffc0b14c000 	C:\Windows\SYSTEM32\DNSAPI.dll
0x0000000068cd0000 - 0x0000000068cf4000 	C:\Program Files\Java\jdk1.8.0_111\jre\bin\sunec.dll
0x0000000068cc0000 - 0x0000000068ccb000 	C:\Program Files\Java\jdk1.8.0_111\jre\bin\sunmscapi.dll
0x00007ffc0c440000 - 0x00007ffc0c596000 	C:\Windows\System32\CRYPT32.dll
0x0000000068b20000 - 0x0000000068cb8000 	C:\Program Files\Java\jdk1.8.0_111\jre\bin\awt.dll
0x00007ffc0d000000 - 0x00007ffc0d0cd000 	C:\Windows\System32\OLEAUT32.dll
0x00007ffc09600000 - 0x00007ffc09690000 	C:\Windows\SYSTEM32\apphelp.dll
0x00007ffbfce30000 - 0x00007ffbfd014000 	C:\Windows\SYSTEM32\dbghelp.dll

VM Arguments:
jvm_args: -Djava.awt.headless=true -Djava.security.manager=worker.org.gradle.process.internal.worker.child.BootstrapSecurityManager -Dorg.gradle.native=false -Xmx512m -Dfile.encoding=windows-1252 -Duser.country=ID -Duser.language=en -Duser.variant -ea 
java_command: worker.org.gradle.process.internal.worker.GradleWorkerMain 'Gradle Test Executor 7'
java_class_path (initial): C:\Users\HP\.gradle\caches\6.1.1\workerMain\gradle-worker.jar
Launcher Type: SUN_STANDARD

Environment Variables:
PATH=C:\ProgramData\Oracle\Java\javapath;C:\Windows\system32;C:\Windows;C:\Windows\System32\Wbem;C:\Windows\System32\WindowsPowerShell\v1.0\;C:\Windows\System32\OpenSSH\;C:\Program Files\Git\cmd;C:\Program Files\nodejs\;C:\Program Files\Microsoft SQL Server\Client SDK\ODBC\170\Tools\Binn\;C:\Program Files (x86)\Microsoft SQL Server\150\Tools\Binn\;C:\Program Files\Microsoft SQL Server\150\Tools\Binn\;C:\Program Files\Microsoft SQL Server\150\DTS\Binn\;C:\Program Files (x86)\Microsoft SQL Server\150\DTS\Binn\;C:\Program Files\Azure Data Studio\bin;C:\Program Files\Java\jdk1.8.0_111\bin;C:\Program Files (x86)\PuTTY\;C:\Users\HP\AppData\Local\Microsoft\WindowsApps;C:\xampp\php;C:\Users\HP\AppData\Local\ComposerSetup\bin;C:\Users\HP\AppData\Roaming\Composer\vendor\bin;C:\Users\HP\AppData\Roaming\npm;C:\Users\HP\AppData\Local\Programs\Microsoft VS Code\bin;C:\Program Files\Azure Data Studio\bin
USERNAME=HP
OS=Windows_NT
PROCESSOR_IDENTIFIER=AMD64 Family 21 Model 112 Stepping 0, AuthenticAMD



---------------  S Y S T E M  ---------------

OS: Windows 10.0 , 64 bit Build 19041 (10.0.19041.1202)

CPU:total 2 (2 cores per cpu, 1 threads per core) family 21 model 112 stepping 0, cmov, cx8, fxsr, mmx, sse, sse2, sse3, ssse3, sse4.1, sse4.2, popcnt, avx, avx2, aes, clmul, mmxext, 3dnowpref, lzcnt, sse4a, tsc, tscinvbit, tscinv, bmi1

Memory: 4k page, physical 4073412k(398504k free), swap 10440700k(1827144k free)

vm_info: Java HotSpot(TM) 64-Bit Server VM (25.111-b14) for windows-amd64 JRE (1.8.0_111-b14), built on Sep 22 2016 19:24:05 by "java_re" with MS VC++ 10.0 (VS2010)

time: Tue Sep 28 17:54:53 2021
elapsed time: 37 seconds (0d 0h 0m 37s)

