#
# A fatal error has been detected by the Java Runtime Environment:
#
#  EXCEPTION_ACCESS_VIOLATION (0xc0000005) at pc=0x0000000068df3608, pid=10204, tid=0x0000000000000be8
#
# JRE version: Java(TM) SE Runtime Environment (8.0_111-b14) (build 1.8.0_111-b14)
# Java VM: Java HotSpot(TM) 64-Bit Server VM (25.111-b14 mixed mode windows-amd64 compressed oops)
# Problematic frame:
# V  [jvm.dll+0x43608]
#
# Failed to write core dump. Minidumps are not enabled by default on client versions of Windows
#
# If you would like to submit a bug report, please visit:
#   http://bugreport.java.com/bugreport/crash.jsp
#

---------------  T H R E A D  ---------------

Current thread (0x0000000014e5d000):  JavaThread "C1 CompilerThread1" daemon [_thread_in_vm, id=3048, stack(0x0000000015230000,0x0000000015330000)]

siginfo: ExceptionCode=0xc0000005, reading address 0xffffffffffffffff

Registers:
RAX=0x0000000014e5d000, RBX=0x0000000002919ad0, RCX=0x0000000002919ad0, RDX=0x0000000002919ad0
RSP=0x000000001532d290, RBP=0x00000000167c17a0, RSI=0x0000000002919ad0, RDI=0x0000000000000000
R8 =0x13c695a6ffff0013, R9 =0x0000000000000000, R10=0x00000000167c19d0, R11=0x00000000170fea60
R12=0x0000000014e5d000, R13=0x00000000167c17a0, R14=0x00000000191179a0, R15=0x0000000000000000
RIP=0x0000000068df3608, EFLAGS=0x0000000000010202

Top of Stack: (sp=0x000000001532d290)
0x000000001532d290:   00000000000000b6 000000001532f840
0x000000001532d2a0:   0000000000000000 0000000000000077
0x000000001532d2b0:   0000000019fc2028 000000001532f840
0x000000001532d2c0:   000000001532d3a0 0000000068ddfe25
0x000000001532d2d0:   00000000000000e8 0000000068df3999
0x000000001532d2e0:   0000000000000077 0000000000000077
0x000000001532d2f0:   0000000000000000 0000000000000000
0x000000001532d300:   00000000000000b6 0000000019d03460
0x000000001532d310:   00000000028d9ac0 0000000068df1c6b
0x000000001532d320:   0000000000000000 0000000014e5d000
0x000000001532d330:   0000000019119160 0000000068ddce0f
0x000000001532d340:   0000000014e5d000 0000000068df6f80
0x000000001532d350:   0000000014e5d000 0000000014e5d000
0x000000001532d360:   0000000019d03460 00000000691d0aeb
0x000000001532d370:   0000000000000000 0000000000000000
0x000000001532d380:   0000000019119160 0000000000000000 

Instructions: (pc=0x0000000068df3608)
0x0000000068df35e8:   00 48 8b da ff 15 fe 7d 59 00 44 0f b6 05 5a d9
0x0000000068df35f8:   7a 00 4c 8b e0 45 84 c0 74 39 4c 8b 03 48 8b cb
0x0000000068df3608:   41 ff 50 08 84 c0 74 2b 83 7b 08 00 7e 25 0f b6
0x0000000068df3618:   83 0e 01 00 00 c0 e8 03 a8 01 74 17 48 8b 03 48 


Register to memory mapping:

RAX=0x0000000014e5d000 is a thread
RBX=0x0000000002919ad0 is an unknown value
RCX=0x0000000002919ad0 is an unknown value
RDX=0x0000000002919ad0 is an unknown value
RSP=0x000000001532d290 is pointing into the stack for thread: 0x0000000014e5d000
RBP=0x00000000167c17a0 is an unknown value
RSI=0x0000000002919ad0 is an unknown value
RDI=0x0000000000000000 is an unknown value
R8 =0x13c695a6ffff0013 is an unknown value
R9 =0x0000000000000000 is an unknown value
R10=0x00000000167c19d0 is an unknown value
R11=0x00000000170fea60 is an unknown value
R12=0x0000000014e5d000 is a thread
R13=0x00000000167c17a0 is an unknown value
R14=0x00000000191179a0 is an unknown value
R15=0x0000000000000000 is an unknown value


Stack: [0x0000000015230000,0x0000000015330000],  sp=0x000000001532d290,  free space=1012k
Native frames: (J=compiled Java code, j=interpreted, Vv=VM code, C=native code)
V  [jvm.dll+0x43608]
V  [jvm.dll+0x43999]
V  [jvm.dll+0x41c6b]
V  [jvm.dll+0x420aeb]
V  [jvm.dll+0x41b8da]
V  [jvm.dll+0x41e727]
V  [jvm.dll+0x41eeeb]
V  [jvm.dll+0x41fde6]
V  [jvm.dll+0x420048]
V  [jvm.dll+0x42047b]
V  [jvm.dll+0x41ffd5]
V  [jvm.dll+0x41bd3b]
V  [jvm.dll+0x41e727]
V  [jvm.dll+0x41eeeb]
V  [jvm.dll+0x41fde6]
V  [jvm.dll+0x420048]
V  [jvm.dll+0x42047b]
V  [jvm.dll+0x41ffd5]
V  [jvm.dll+0x41bd3b]
V  [jvm.dll+0x41e727]
V  [jvm.dll+0x41f01d]
V  [jvm.dll+0x41fde6]
V  [jvm.dll+0x420048]
V  [jvm.dll+0x42047b]
V  [jvm.dll+0x41ffd5]
V  [jvm.dll+0x41bd3b]
V  [jvm.dll+0x41e727]
V  [jvm.dll+0x41eeeb]
V  [jvm.dll+0x41fde6]
V  [jvm.dll+0x420048]
V  [jvm.dll+0x42047b]
V  [jvm.dll+0x41ffd5]
V  [jvm.dll+0x41bd3b]
V  [jvm.dll+0x41e727]
V  [jvm.dll+0x41f01d]
V  [jvm.dll+0x41fde6]
V  [jvm.dll+0x420048]
V  [jvm.dll+0x42047b]
V  [jvm.dll+0x41ffd5]
V  [jvm.dll+0x41bd3b]
V  [jvm.dll+0x41e727]
V  [jvm.dll+0x41eeeb]
V  [jvm.dll+0x41fde6]
V  [jvm.dll+0x420048]
V  [jvm.dll+0x41bd3b]
V  [jvm.dll+0x41e727]
V  [jvm.dll+0x41eeeb]
V  [jvm.dll+0x41fde6]
V  [jvm.dll+0x420048]
V  [jvm.dll+0x41bd3b]
V  [jvm.dll+0x41e727]
V  [jvm.dll+0x41f01d]
V  [jvm.dll+0x41f412]
V  [jvm.dll+0x4244f5]
V  [jvm.dll+0x424600]
V  [jvm.dll+0x40ddb8]
V  [jvm.dll+0x40e021]
V  [jvm.dll+0x40e1e2]
V  [jvm.dll+0x40e3b1]
V  [jvm.dll+0x40e5bf]
V  [jvm.dll+0xa5742]
V  [jvm.dll+0xa607f]
V  [jvm.dll+0x244b7f]
V  [jvm.dll+0x29c43a]
C  [msvcr100.dll+0x21d9f]
C  [msvcr100.dll+0x21e3b]
C  [KERNEL32.DLL+0x17034]
C  [ntdll.dll+0x52651]


Current CompileTask:
C1:  42017 6502       3       android.content.res.TypedArray::$$robo$$android_content_res_TypedArray$loadStringValueAt (51 bytes)


---------------  P R O C E S S  ---------------

Java Threads: ( => current thread )
  0x00000000155c6000 JavaThread "Java2D Disposer" daemon [_thread_blocked, id=7504, stack(0x000000001bae0000,0x000000001bbe0000)]
  0x0000000015d0f800 JavaThread "SDK 28 Main Thread" [_thread_blocked, id=6804, stack(0x0000000017840000,0x0000000017940000)]
  0x0000000015b52800 JavaThread "/127.0.0.1:52414 to /127.0.0.1:52413 workers Thread 3" [_thread_in_native, id=6992, stack(0x0000000016370000,0x0000000016470000)]
  0x0000000015b4f000 JavaThread "/127.0.0.1:52414 to /127.0.0.1:52413 workers Thread 2" [_thread_blocked, id=64, stack(0x0000000016270000,0x0000000016370000)]
  0x0000000015b38800 JavaThread "Test worker" [_thread_blocked, id=12344, stack(0x0000000015e30000,0x0000000015f30000)]
  0x0000000014e61000 JavaThread "Service Thread" daemon [_thread_blocked, id=5128, stack(0x0000000015330000,0x0000000015430000)]
=>0x0000000014e5d000 JavaThread "C1 CompilerThread1" daemon [_thread_in_vm, id=3048, stack(0x0000000015230000,0x0000000015330000)]
  0x0000000013c23000 JavaThread "C2 CompilerThread0" daemon [_thread_blocked, id=1348, stack(0x0000000014d30000,0x0000000014e30000)]
  0x0000000013c21000 JavaThread "Attach Listener" daemon [_thread_blocked, id=7356, stack(0x0000000014c30000,0x0000000014d30000)]
  0x0000000013c1e000 JavaThread "Signal Dispatcher" daemon [_thread_blocked, id=2952, stack(0x0000000014b30000,0x0000000014c30000)]
  0x0000000013b98800 JavaThread "Finalizer" daemon [_thread_blocked, id=6272, stack(0x00000000147f0000,0x00000000148f0000)]
  0x00000000029be000 JavaThread "Reference Handler" daemon [_thread_blocked, id=12408, stack(0x00000000146f0000,0x00000000147f0000)]
  0x00000000028d0800 JavaThread "main" [_thread_blocked, id=10356, stack(0x00000000027d0000,0x00000000028d0000)]

Other Threads:
  0x0000000013b76000 VMThread [stack: 0x00000000145f0000,0x00000000146f0000] [id=6532]
  0x0000000014eb7000 WatcherThread [stack: 0x0000000015430000,0x0000000015530000] [id=8812]

VM state:synchronizing (normal execution)

VM Mutex/Monitor currently owned by a thread:  ([mutex/lock_event])
[0x000000000271cd10] Threads_lock - owner thread: 0x0000000013b76000

Heap:
 PSYoungGen      total 162816K, used 129396K [0x00000000f5580000, 0x00000000fff00000, 0x0000000100000000)
  eden space 153088K, 82% used [0x00000000f5580000,0x00000000fd0bc5b8,0x00000000feb00000)
  from space 9728K, 32% used [0x00000000ff580000,0x00000000ff8a0e10,0x00000000fff00000)
  to   space 10240K, 0% used [0x00000000feb00000,0x00000000feb00000,0x00000000ff500000)
 ParOldGen       total 109056K, used 74388K [0x00000000e0000000, 0x00000000e6a80000, 0x00000000f5580000)
  object space 109056K, 68% used [0x00000000e0000000,0x00000000e48a50f0,0x00000000e6a80000)
 Metaspace       used 61934K, capacity 71102K, committed 71424K, reserved 1110016K
  class space    used 7584K, capacity 10134K, committed 10240K, reserved 1048576K

Card table byte_map: [0x0000000011d90000,0x0000000011ea0000] byte_map_base: 0x0000000011690000

Marking Bits: (ParMarkBitMap*) 0x00000000695ca6c0
 Begin Bits: [0x0000000012150000, 0x0000000012950000)
 End Bits:   [0x0000000012950000, 0x0000000013150000)

Polling page: 0x0000000001010000

CodeCache: size=245760Kb used=18065Kb max_used=18076Kb free=227694Kb
 bounds [0x00000000029d0000, 0x0000000003b90000, 0x00000000119d0000]
 total_blobs=6848 nmethods=5355 adapters=1406
 compilation: enabled

Compilation events (10 events):
Event: 41.676 Thread 0x0000000014e5d000 nmethod 6501 0x0000000003b79690 code [0x0000000003b799c0, 0x0000000003b7b488]
Event: 41.676 Thread 0x0000000014e5d000 6502       3       android.content.res.TypedArray::$$robo$$android_content_res_TypedArray$loadStringValueAt (51 bytes)
Event: 41.774 Thread 0x0000000013c23000 nmethod 6476 0x0000000003b7f990 code [0x0000000003b800a0, 0x0000000003b81e70]
Event: 41.774 Thread 0x0000000013c23000 6508       4       org.robolectric.res.android.CppAssetManager2$Theme$ThemeEntry::<init> (5 bytes)
Event: 41.775 Thread 0x0000000013c23000 nmethod 6508 0x0000000003b7cb50 code [0x0000000003b7cc80, 0x0000000003b7ccd8]
Event: 41.775 Thread 0x0000000013c23000 6498       4       java.nio.HeapCharBuffer::put (16 bytes)
Event: 41.776 Thread 0x0000000013c23000 nmethod 6498 0x0000000003b7e190 code [0x0000000003b7e2c0, 0x0000000003b7e398]
Event: 41.776 Thread 0x0000000013c23000 6504       4       java.lang.invoke.LambdaForm$MH/1234171075::linkToCallSite (15 bytes)
Event: 41.778 Thread 0x0000000013c23000 nmethod 6504 0x0000000003b7de10 code [0x0000000003b7df60, 0x0000000003b7e038]
Event: 41.778 Thread 0x0000000013c23000 6483       4       java.lang.invoke.MethodHandleNatives::linkCallSiteImpl (44 bytes)

GC Heap History (10 events):
Event: 33.669 GC heap before
{Heap before GC invocations=21 (full 3):
 PSYoungGen      total 163840K, used 158826K [0x00000000f5580000, 0x0000000100000000, 0x0000000100000000)
  eden space 154112K, 100% used [0x00000000f5580000,0x00000000fec00000,0x00000000fec00000)
  from space 9728K, 48% used [0x00000000fec00000,0x00000000ff09aab0,0x00000000ff580000)
  to   space 9728K, 0% used [0x00000000ff680000,0x00000000ff680000,0x0000000100000000)
 ParOldGen       total 109056K, used 59755K [0x00000000e0000000, 0x00000000e6a80000, 0x00000000f5580000)
  object space 109056K, 54% used [0x00000000e0000000,0x00000000e3a5afb0,0x00000000e6a80000)
 Metaspace       used 52701K, capacity 58966K, committed 59264K, reserved 1099776K
  class space    used 6375K, capacity 8280K, committed 8320K, reserved 1048576K
Event: 33.692 GC heap after
Heap after GC invocations=21 (full 3):
 PSYoungGen      total 163840K, used 4230K [0x00000000f5580000, 0x00000000fff00000, 0x0000000100000000)
  eden space 155136K, 0% used [0x00000000f5580000,0x00000000f5580000,0x00000000fed00000)
  from space 8704K, 48% used [0x00000000ff680000,0x00000000ffaa1980,0x00000000fff00000)
  to   space 9216K, 0% used [0x00000000fed00000,0x00000000fed00000,0x00000000ff600000)
 ParOldGen       total 109056K, used 63016K [0x00000000e0000000, 0x00000000e6a80000, 0x00000000f5580000)
  object space 109056K, 57% used [0x00000000e0000000,0x00000000e3d8a2d8,0x00000000e6a80000)
 Metaspace       used 52701K, capacity 58966K, committed 59264K, reserved 1099776K
  class space    used 6375K, capacity 8280K, committed 8320K, reserved 1048576K
}
Event: 35.067 GC heap before
{Heap before GC invocations=22 (full 3):
 PSYoungGen      total 163840K, used 159366K [0x00000000f5580000, 0x00000000fff00000, 0x0000000100000000)
  eden space 155136K, 100% used [0x00000000f5580000,0x00000000fed00000,0x00000000fed00000)
  from space 8704K, 48% used [0x00000000ff680000,0x00000000ffaa1980,0x00000000fff00000)
  to   space 9216K, 0% used [0x00000000fed00000,0x00000000fed00000,0x00000000ff600000)
 ParOldGen       total 109056K, used 63016K [0x00000000e0000000, 0x00000000e6a80000, 0x00000000f5580000)
  object space 109056K, 57% used [0x00000000e0000000,0x00000000e3d8a2d8,0x00000000e6a80000)
 Metaspace       used 55672K, capacity 62126K, committed 62464K, reserved 1103872K
  class space    used 6631K, capacity 8580K, committed 8704K, reserved 1048576K
Event: 35.086 GC heap after
Heap after GC invocations=22 (full 3):
 PSYoungGen      total 164352K, used 3279K [0x00000000f5580000, 0x0000000100000000, 0x0000000100000000)
  eden space 155136K, 0% used [0x00000000f5580000,0x00000000f5580000,0x00000000fed00000)
  from space 9216K, 35% used [0x00000000fed00000,0x00000000ff033fd0,0x00000000ff600000)
  to   space 9216K, 0% used [0x00000000ff700000,0x00000000ff700000,0x0000000100000000)
 ParOldGen       total 109056K, used 65029K [0x00000000e0000000, 0x00000000e6a80000, 0x00000000f5580000)
  object space 109056K, 59% used [0x00000000e0000000,0x00000000e3f81508,0x00000000e6a80000)
 Metaspace       used 55672K, capacity 62126K, committed 62464K, reserved 1103872K
  class space    used 6631K, capacity 8580K, committed 8704K, reserved 1048576K
}
Event: 37.673 GC heap before
{Heap before GC invocations=23 (full 3):
 PSYoungGen      total 164352K, used 158415K [0x00000000f5580000, 0x0000000100000000, 0x0000000100000000)
  eden space 155136K, 100% used [0x00000000f5580000,0x00000000fed00000,0x00000000fed00000)
  from space 9216K, 35% used [0x00000000fed00000,0x00000000ff033fd0,0x00000000ff600000)
  to   space 9216K, 0% used [0x00000000ff700000,0x00000000ff700000,0x0000000100000000)
 ParOldGen       total 109056K, used 65029K [0x00000000e0000000, 0x00000000e6a80000, 0x00000000f5580000)
  object space 109056K, 59% used [0x00000000e0000000,0x00000000e3f81508,0x00000000e6a80000)
 Metaspace       used 58907K, capacity 65982K, committed 66304K, reserved 1105920K
  class space    used 7032K, capacity 9108K, committed 9216K, reserved 1048576K
Event: 37.702 GC heap after
Heap after GC invocations=23 (full 3):
 PSYoungGen      total 162304K, used 9207K [0x00000000f5580000, 0x0000000100000000, 0x0000000100000000)
  eden space 153088K, 0% used [0x00000000f5580000,0x00000000f5580000,0x00000000feb00000)
  from space 9216K, 99% used [0x00000000ff700000,0x00000000ffffddd0,0x0000000100000000)
  to   space 10752K, 0% used [0x00000000feb00000,0x00000000feb00000,0x00000000ff580000)
 ParOldGen       total 109056K, used 65386K [0x00000000e0000000, 0x00000000e6a80000, 0x00000000f5580000)
  object space 109056K, 59% used [0x00000000e0000000,0x00000000e3fdaa38,0x00000000e6a80000)
 Metaspace       used 58907K, capacity 65982K, committed 66304K, reserved 1105920K
  class space    used 7032K, capacity 9108K, committed 9216K, reserved 1048576K
}
Event: 38.522 GC heap before
{Heap before GC invocations=24 (full 3):
 PSYoungGen      total 162304K, used 162295K [0x00000000f5580000, 0x0000000100000000, 0x0000000100000000)
  eden space 153088K, 100% used [0x00000000f5580000,0x00000000feb00000,0x00000000feb00000)
  from space 9216K, 99% used [0x00000000ff700000,0x00000000ffffddd0,0x0000000100000000)
  to   space 10752K, 0% used [0x00000000feb00000,0x00000000feb00000,0x00000000ff580000)
 ParOldGen       total 109056K, used 65386K [0x00000000e0000000, 0x00000000e6a80000, 0x00000000f5580000)
  object space 109056K, 59% used [0x00000000e0000000,0x00000000e3fdaa38,0x00000000e6a80000)
 Metaspace       used 59269K, capacity 66586K, committed 66816K, reserved 1107968K
  class space    used 7051K, capacity 9154K, committed 9216K, reserved 1048576K
Event: 38.547 GC heap after
Heap after GC invocations=24 (full 3):
 PSYoungGen      total 163840K, used 2461K [0x00000000f5580000, 0x0000000100000000, 0x0000000100000000)
  eden space 153088K, 0% used [0x00000000f5580000,0x00000000f5580000,0x00000000feb00000)
  from space 10752K, 22% used [0x00000000feb00000,0x00000000fed67670,0x00000000ff580000)
  to   space 10752K, 0% used [0x00000000ff580000,0x00000000ff580000,0x0000000100000000)
 ParOldGen       total 109056K, used 72150K [0x00000000e0000000, 0x00000000e6a80000, 0x00000000f5580000)
  object space 109056K, 66% used [0x00000000e0000000,0x00000000e4675818,0x00000000e6a80000)
 Metaspace       used 59269K, capacity 66586K, committed 66816K, reserved 1107968K
  class space    used 7051K, capacity 9154K, committed 9216K, reserved 1048576K
}
Event: 39.781 GC heap before
{Heap before GC invocations=25 (full 3):
 PSYoungGen      total 163840K, used 155549K [0x00000000f5580000, 0x0000000100000000, 0x0000000100000000)
  eden space 153088K, 100% used [0x00000000f5580000,0x00000000feb00000,0x00000000feb00000)
  from space 10752K, 22% used [0x00000000feb00000,0x00000000fed67670,0x00000000ff580000)
  to   space 10752K, 0% used [0x00000000ff580000,0x00000000ff580000,0x0000000100000000)
 ParOldGen       total 109056K, used 72150K [0x00000000e0000000, 0x00000000e6a80000, 0x00000000f5580000)
  object space 109056K, 66% used [0x00000000e0000000,0x00000000e4675818,0x00000000e6a80000)
 Metaspace       used 59664K, capacity 67206K, committed 67328K, reserved 1107968K
  class space    used 7081K, capacity 9201K, committed 9216K, reserved 1048576K
Event: 39.797 GC heap after
Heap after GC invocations=25 (full 3):
 PSYoungGen      total 162816K, used 3203K [0x00000000f5580000, 0x00000000fff00000, 0x0000000100000000)
  eden space 153088K, 0% used [0x00000000f5580000,0x00000000f5580000,0x00000000feb00000)
  from space 9728K, 32% used [0x00000000ff580000,0x00000000ff8a0e10,0x00000000fff00000)
  to   space 10240K, 0% used [0x00000000feb00000,0x00000000feb00000,0x00000000ff500000)
 ParOldGen       total 109056K, used 74388K [0x00000000e0000000, 0x00000000e6a80000, 0x00000000f5580000)
  object space 109056K, 68% used [0x00000000e0000000,0x00000000e48a50f0,0x00000000e6a80000)
 Metaspace       used 59664K, capacity 67206K, committed 67328K, reserved 1107968K
  class space    used 7081K, capacity 9201K, committed 9216K, reserved 1048576K
}

Deoptimization events (10 events):
Event: 37.059 Thread 0x0000000015b38800 Uncommon trap: reason=class_check action=maybe_recompile pc=0x0000000003291584 method=com.google.common.collect.ImmutableSet$RegularSetBuilderImpl.add(Ljava/lang/Object;)Lcom/google/common/collect/ImmutableSet$SetBuilderImpl; @ 6
Event: 37.059 Thread 0x0000000015b38800 Uncommon trap: reason=class_check action=maybe_recompile pc=0x0000000003291584 method=com.google.common.collect.ImmutableSet$RegularSetBuilderImpl.add(Ljava/lang/Object;)Lcom/google/common/collect/ImmutableSet$SetBuilderImpl; @ 6
Event: 37.059 Thread 0x0000000015b38800 Uncommon trap: reason=class_check action=maybe_recompile pc=0x0000000003291584 method=com.google.common.collect.ImmutableSet$RegularSetBuilderImpl.add(Ljava/lang/Object;)Lcom/google/common/collect/ImmutableSet$SetBuilderImpl; @ 6
Event: 37.061 Thread 0x0000000015b38800 Uncommon trap: reason=unstable_if action=reinterpret pc=0x0000000002ff5a3c method=org.robolectric.internal.bytecode.MethodRef.equals(Ljava/lang/Object;)Z @ 2
Event: 37.102 Thread 0x0000000015d0f800 Uncommon trap: reason=unstable_if action=reinterpret pc=0x000000000314607c method=java.util.Arrays.hashCode([Ljava/lang/Object;)I @ 34
Event: 37.585 Thread 0x0000000015d0f800 Uncommon trap: reason=unstable_if action=reinterpret pc=0x0000000002dea124 method=org.robolectric.res.android.CppAssetManager2$Theme.SetTo(Lorg/robolectric/res/android/CppAssetManager2$Theme;)Z @ 53
Event: 40.479 Thread 0x0000000015d0f800 Uncommon trap: reason=unstable_if action=reinterpret pc=0x0000000003a43f40 method=java.lang.invoke.MethodHandleImpl.castReference(Ljava/lang/Class;Ljava/lang/Object;)Ljava/lang/Object; @ 1
Event: 40.708 Thread 0x0000000015d0f800 Uncommon trap: reason=null_check action=make_not_entrant pc=0x0000000003391c44 method=java.lang.invoke.LambdaForm$Name.replaceNames([Ljava/lang/invoke/LambdaForm$Name;[Ljava/lang/invoke/LambdaForm$Name;II)Ljava/lang/invoke/LambdaForm$Name; @ 33
Event: 40.708 Thread 0x0000000015d0f800 Uncommon trap: reason=null_check action=make_not_entrant pc=0x0000000003586150 method=java.lang.invoke.LambdaForm$Name.internArguments()V @ 16
Event: 41.557 Thread 0x0000000015d0f800 Uncommon trap: reason=unstable_if action=reinterpret pc=0x000000000329e404 method=java.lang.invoke.MethodType.isConvertibleTo(Ljava/lang/invoke/MethodType;)Z @ 102

Internal exceptions (10 events):
Event: 36.563 Thread 0x0000000015d0f800 Implicit null exception at 0x000000000366f707 to 0x000000000366fe2d
Event: 36.927 Thread 0x0000000015d0f800 Exception <a 'java/lang/NoSuchMethodError': java.lang.Object.lambda$get$0(Ljava/lang/Object;)V> (0x00000000fd7ea008) thrown at [C:\re\workspace\8-2-build-windows-amd64-cygwin\jdk8u111\7883\hotspot\src\share\vm\interpreter\linkResolver.cpp, line 582]
Event: 37.102 Thread 0x0000000015d0f800 Implicit null exception at 0x0000000003145fbc to 0x000000000314605d
Event: 37.575 Thread 0x0000000015d0f800 Exception <a 'sun/nio/fs/WindowsException'> (0x00000000fe7e0138) thrown at [C:\re\workspace\8-2-build-windows-amd64-cygwin\jdk8u111\7883\hotspot\src\share\vm\prims\jni.cpp, line 709]
Event: 40.478 Thread 0x0000000015d0f800 Implicit null exception at 0x0000000003a43e8f to 0x0000000003a43f2d
Event: 40.708 Thread 0x0000000015d0f800 Implicit null exception at 0x0000000003391227 to 0x0000000003391c1f
Event: 40.708 Thread 0x0000000015d0f800 Implicit null exception at 0x0000000003585ad3 to 0x0000000003586135
Event: 41.080 Thread 0x0000000015d0f800 Exception <a 'java/lang/NoSuchFieldError': method resolution failed> (0x00000000fb2007b8) thrown at [C:\re\workspace\8-2-build-windows-amd64-cygwin\jdk8u111\7883\hotspot\src\share\vm\prims\methodHandles.cpp, line 1146]
Event: 41.342 Thread 0x0000000015d0f800 Exception <a 'java/lang/NoSuchFieldError': method resolution failed> (0x00000000fbda14b0) thrown at [C:\re\workspace\8-2-build-windows-amd64-cygwin\jdk8u111\7883\hotspot\src\share\vm\prims\methodHandles.cpp, line 1146]
Event: 41.713 Thread 0x0000000015d0f800 Exception <a 'sun/nio/fs/WindowsException'> (0x00000000fcb6bd78) thrown at [C:\re\workspace\8-2-build-windows-amd64-cygwin\jdk8u111\7883\hotspot\src\share\vm\prims\jni.cpp, line 709]

Events (10 events):
Event: 41.597 loading class android/app/Dialog
Event: 41.597 loading class android/app/Dialog done
Event: 41.597 loading class android/content/res/Resources
Event: 41.597 loading class android/content/res/Resources done
Event: 41.598 loading class android/content/res/ResourcesImpl
Event: 41.598 loading class android/content/res/ResourcesImpl done
Event: 41.598 loading class android/content/res/AssetManager
Event: 41.598 loading class android/content/res/AssetManager done
Event: 41.600 loading class androidx/appcompat/widget/AppCompatTextView
Event: 41.600 loading class androidx/appcompat/widget/AppCompatTextView done


Dynamic libraries:
0x00007ff719bc0000 - 0x00007ff719bf7000 	C:\Program Files\Java\jdk1.8.0_111\bin\java.exe
0x00007ffc0e550000 - 0x00007ffc0e745000 	C:\Windows\SYSTEM32\ntdll.dll
0x00007ffc0caf0000 - 0x00007ffc0cbae000 	C:\Windows\System32\KERNEL32.DLL
0x00007ffc0c170000 - 0x00007ffc0c439000 	C:\Windows\System32\KERNELBASE.dll
0x00007ffc0c6d0000 - 0x00007ffc0c77c000 	C:\Windows\System32\ADVAPI32.dll
0x00007ffc0ce30000 - 0x00007ffc0cece000 	C:\Windows\System32\msvcrt.dll
0x00007ffc0e410000 - 0x00007ffc0e4ab000 	C:\Windows\System32\sechost.dll
0x00007ffc0c9c0000 - 0x00007ffc0caea000 	C:\Windows\System32\RPCRT4.dll
0x00007ffc0dac0000 - 0x00007ffc0dc61000 	C:\Windows\System32\USER32.dll
0x00007ffc0bda0000 - 0x00007ffc0bdc2000 	C:\Windows\System32\win32u.dll
0x00007ffc0d230000 - 0x00007ffc0d25b000 	C:\Windows\System32\GDI32.dll
0x00007ffc0c060000 - 0x00007ffc0c16b000 	C:\Windows\System32\gdi32full.dll
0x00007ffc0bf30000 - 0x00007ffc0bfcd000 	C:\Windows\System32\msvcp_win.dll
0x00007ffc0bdd0000 - 0x00007ffc0bed0000 	C:\Windows\System32\ucrtbase.dll
0x00007ffbf68b0000 - 0x00007ffbf6b4a000 	C:\Windows\WinSxS\amd64_microsoft.windows.common-controls_6595b64144ccf1df_6.0.19041.1110_none_60b5254171f9507e\COMCTL32.dll
0x00007ffc0cdf0000 - 0x00007ffc0ce20000 	C:\Windows\System32\IMM32.DLL
0x0000000069650000 - 0x0000000069722000 	C:\Program Files\Java\jdk1.8.0_111\jre\bin\msvcr100.dll
0x0000000068db0000 - 0x000000006964a000 	C:\Program Files\Java\jdk1.8.0_111\jre\bin\server\jvm.dll
0x00007ffc0ce20000 - 0x00007ffc0ce28000 	C:\Windows\System32\PSAPI.DLL
0x00007ffc06500000 - 0x00007ffc06509000 	C:\Windows\SYSTEM32\WSOCK32.dll
0x00007ffc0d0d0000 - 0x00007ffc0d13b000 	C:\Windows\System32\WS2_32.dll
0x00007ffbf95a0000 - 0x00007ffbf95c7000 	C:\Windows\SYSTEM32\WINMM.dll
0x00007ffc04960000 - 0x00007ffc0496a000 	C:\Windows\SYSTEM32\VERSION.dll
0x0000000068da0000 - 0x0000000068daf000 	C:\Program Files\Java\jdk1.8.0_111\jre\bin\verify.dll
0x0000000068d70000 - 0x0000000068d99000 	C:\Program Files\Java\jdk1.8.0_111\jre\bin\java.dll
0x0000000068d50000 - 0x0000000068d66000 	C:\Program Files\Java\jdk1.8.0_111\jre\bin\zip.dll
0x00007ffc0dc70000 - 0x00007ffc0e3af000 	C:\Windows\System32\SHELL32.dll
0x00007ffc09d70000 - 0x00007ffc0a500000 	C:\Windows\SYSTEM32\windows.storage.dll
0x00007ffc0d760000 - 0x00007ffc0dab5000 	C:\Windows\System32\combase.dll
0x00007ffc0b5f0000 - 0x00007ffc0b61c000 	C:\Windows\SYSTEM32\Wldp.dll
0x00007ffc0cd40000 - 0x00007ffc0cdee000 	C:\Windows\System32\SHCORE.dll
0x00007ffc0d700000 - 0x00007ffc0d755000 	C:\Windows\System32\shlwapi.dll
0x00007ffc0bbb0000 - 0x00007ffc0bbcf000 	C:\Windows\SYSTEM32\profapi.dll
0x0000000068d30000 - 0x0000000068d4a000 	C:\Program Files\Java\jdk1.8.0_111\jre\bin\net.dll
0x00007ffc0b350000 - 0x00007ffc0b3ba000 	C:\Windows\system32\mswsock.dll
0x0000000068d10000 - 0x0000000068d21000 	C:\Program Files\Java\jdk1.8.0_111\jre\bin\nio.dll
0x00007ffc0b540000 - 0x00007ffc0b558000 	C:\Windows\SYSTEM32\CRYPTSP.dll
0x00007ffc0acd0000 - 0x00007ffc0ad04000 	C:\Windows\system32\rsaenh.dll
0x00007ffc0bc70000 - 0x00007ffc0bc97000 	C:\Windows\System32\bcrypt.dll
0x00007ffc0bb30000 - 0x00007ffc0bb5e000 	C:\Windows\SYSTEM32\USERENV.dll
0x00007ffc0bfd0000 - 0x00007ffc0c053000 	C:\Windows\System32\bcryptprimitives.dll
0x00007ffc0b560000 - 0x00007ffc0b56c000 	C:\Windows\SYSTEM32\CRYPTBASE.dll
0x00007ffc0b040000 - 0x00007ffc0b07b000 	C:\Windows\SYSTEM32\IPHLPAPI.DLL
0x00007ffc0cff0000 - 0x00007ffc0cff8000 	C:\Windows\System32\NSI.dll
0x00007ffc05890000 - 0x00007ffc058a7000 	C:\Windows\SYSTEM32\dhcpcsvc6.DLL
0x00007ffc05a80000 - 0x00007ffc05a9d000 	C:\Windows\SYSTEM32\dhcpcsvc.DLL
0x00007ffc0b080000 - 0x00007ffc0b14c000 	C:\Windows\SYSTEM32\DNSAPI.dll
0x0000000068cd0000 - 0x0000000068cf4000 	C:\Program Files\Java\jdk1.8.0_111\jre\bin\sunec.dll
0x0000000068cc0000 - 0x0000000068ccb000 	C:\Program Files\Java\jdk1.8.0_111\jre\bin\sunmscapi.dll
0x00007ffc0c440000 - 0x00007ffc0c596000 	C:\Windows\System32\CRYPT32.dll
0x0000000068b20000 - 0x0000000068cb8000 	C:\Program Files\Java\jdk1.8.0_111\jre\bin\awt.dll
0x00007ffc0d000000 - 0x00007ffc0d0cd000 	C:\Windows\System32\OLEAUT32.dll
0x00007ffc09600000 - 0x00007ffc09690000 	C:\Windows\SYSTEM32\apphelp.dll
0x00007ffbfce30000 - 0x00007ffbfd014000 	C:\Windows\SYSTEM32\dbghelp.dll

VM Arguments:
jvm_args: -Djava.awt.headless=true -Djava.security.manager=worker.org.gradle.process.internal.worker.child.BootstrapSecurityManager -Dorg.gradle.native=false -Xmx512m -Dfile.encoding=windows-1252 -Duser.country=ID -Duser.language=en -Duser.variant -ea 
java_command: worker.org.gradle.process.internal.worker.GradleWorkerMain 'Gradle Test Executor 8'
java_class_path (initial): C:\Users\HP\.gradle\caches\6.1.1\workerMain\gradle-worker.jar
Launcher Type: SUN_STANDARD

Environment Variables:
PATH=C:\ProgramData\Oracle\Java\javapath;C:\Windows\system32;C:\Windows;C:\Windows\System32\Wbem;C:\Windows\System32\WindowsPowerShell\v1.0\;C:\Windows\System32\OpenSSH\;C:\Program Files\Git\cmd;C:\Program Files\nodejs\;C:\Program Files\Microsoft SQL Server\Client SDK\ODBC\170\Tools\Binn\;C:\Program Files (x86)\Microsoft SQL Server\150\Tools\Binn\;C:\Program Files\Microsoft SQL Server\150\Tools\Binn\;C:\Program Files\Microsoft SQL Server\150\DTS\Binn\;C:\Program Files (x86)\Microsoft SQL Server\150\DTS\Binn\;C:\Program Files\Azure Data Studio\bin;C:\Program Files\Java\jdk1.8.0_111\bin;C:\Program Files (x86)\PuTTY\;C:\Users\HP\AppData\Local\Microsoft\WindowsApps;C:\xampp\php;C:\Users\HP\AppData\Local\ComposerSetup\bin;C:\Users\HP\AppData\Roaming\Composer\vendor\bin;C:\Users\HP\AppData\Roaming\npm;C:\Users\HP\AppData\Local\Programs\Microsoft VS Code\bin;C:\Program Files\Azure Data Studio\bin
USERNAME=HP
OS=Windows_NT
PROCESSOR_IDENTIFIER=AMD64 Family 21 Model 112 Stepping 0, AuthenticAMD



---------------  S Y S T E M  ---------------

OS: Windows 10.0 , 64 bit Build 19041 (10.0.19041.1202)

CPU:total 2 (2 cores per cpu, 1 threads per core) family 21 model 112 stepping 0, cmov, cx8, fxsr, mmx, sse, sse2, sse3, ssse3, sse4.1, sse4.2, popcnt, avx, avx2, aes, clmul, mmxext, 3dnowpref, lzcnt, sse4a, tsc, tscinvbit, tscinv, bmi1

Memory: 4k page, physical 4073412k(287356k free), swap 10440556k(3050660k free)

vm_info: Java HotSpot(TM) 64-Bit Server VM (25.111-b14) for windows-amd64 JRE (1.8.0_111-b14), built on Sep 22 2016 19:24:05 by "java_re" with MS VC++ 10.0 (VS2010)

time: Tue Sep 28 18:34:50 2021
elapsed time: 42 seconds (0d 0h 0m 42s)

