#
# A fatal error has been detected by the Java Runtime Environment:
#
#  EXCEPTION_ACCESS_VIOLATION (0xc0000005) at pc=0x0000000068df3608, pid=7336, tid=0x0000000000002540
#
# JRE version: Java(TM) SE Runtime Environment (8.0_111-b14) (build 1.8.0_111-b14)
# Java VM: Java HotSpot(TM) 64-Bit Server VM (25.111-b14 mixed mode windows-amd64 compressed oops)
# Problematic frame:
# V  [jvm.dll+0x43608]
#
# Failed to write core dump. Minidumps are not enabled by default on client versions of Windows
#
# If you would like to submit a bug report, please visit:
#   http://bugreport.java.com/bugreport/crash.jsp
#

---------------  T H R E A D  ---------------

Current thread (0x0000000013934800):  JavaThread "C1 CompilerThread1" daemon [_thread_in_vm, id=9536, stack(0x0000000014b30000,0x0000000014c30000)]

siginfo: ExceptionCode=0xc0000005, reading address 0xffffffffffffffff

Registers:
RAX=0x0000000013934800, RBX=0x0000000002629ad0, RCX=0x0000000002629ad0, RDX=0x0000000002629ad0
RSP=0x0000000014c2d550, RBP=0x0000000014d2b130, RSI=0x0000000002629ad0, RDI=0x0000000000000000
R8 =0x13c695a6ffff0013, R9 =0x0000000000000000, R10=0x0000000014d2b360, R11=0x0000000016cd3130
R12=0x0000000013934800, R13=0x0000000014d2b130, R14=0x0000000018553be0, R15=0x0000000000000000
RIP=0x0000000068df3608, EFLAGS=0x0000000000010202

Top of Stack: (sp=0x0000000014c2d550)
0x0000000014c2d550:   00000000000000b6 0000000014c2fb00
0x0000000014c2d560:   0000000000000000 0000000000000077
0x0000000014c2d570:   0000000018e53a68 0000000014c2fb00
0x0000000014c2d580:   0000000014c2d660 0000000068ddfe25
0x0000000014c2d590:   00000000000000e7 0000000068df3999
0x0000000014c2d5a0:   0000000000000077 0000000000000077
0x0000000014c2d5b0:   0000000000000000 0000000000000000
0x0000000014c2d5c0:   00000000000000b6 000000001ce6b860
0x0000000014c2d5d0:   00000000025e9ac0 0000000068df1c6b
0x0000000014c2d5e0:   0000000000000000 0000000013934800
0x0000000014c2d5f0:   0000000018554d50 0000000068ddce0f
0x0000000014c2d600:   0000000013934800 0000000068df6f80
0x0000000014c2d610:   0000000013934800 0000000013934800
0x0000000014c2d620:   000000001ce6b860 00000000691d0aeb
0x0000000014c2d630:   0000000000000000 0000000000000000
0x0000000014c2d640:   0000000018554d50 0000000000000000 

Instructions: (pc=0x0000000068df3608)
0x0000000068df35e8:   00 48 8b da ff 15 fe 7d 59 00 44 0f b6 05 5a d9
0x0000000068df35f8:   7a 00 4c 8b e0 45 84 c0 74 39 4c 8b 03 48 8b cb
0x0000000068df3608:   41 ff 50 08 84 c0 74 2b 83 7b 08 00 7e 25 0f b6
0x0000000068df3618:   83 0e 01 00 00 c0 e8 03 a8 01 74 17 48 8b 03 48 


Register to memory mapping:

RAX=0x0000000013934800 is a thread
RBX=0x0000000002629ad0 is an unknown value
RCX=0x0000000002629ad0 is an unknown value
RDX=0x0000000002629ad0 is an unknown value
RSP=0x0000000014c2d550 is pointing into the stack for thread: 0x0000000013934800
RBP=0x0000000014d2b130 is an unknown value
RSI=0x0000000002629ad0 is an unknown value
RDI=0x0000000000000000 is an unknown value
R8 =0x13c695a6ffff0013 is an unknown value
R9 =0x0000000000000000 is an unknown value
R10=0x0000000014d2b360 is an unknown value
R11=0x0000000016cd3130 is an unknown value
R12=0x0000000013934800 is a thread
R13=0x0000000014d2b130 is an unknown value
R14=0x0000000018553be0 is an unknown value
R15=0x0000000000000000 is an unknown value


Stack: [0x0000000014b30000,0x0000000014c30000],  sp=0x0000000014c2d550,  free space=1013k
Native frames: (J=compiled Java code, j=interpreted, Vv=VM code, C=native code)
V  [jvm.dll+0x43608]
V  [jvm.dll+0x43999]
V  [jvm.dll+0x41c6b]
V  [jvm.dll+0x420aeb]
V  [jvm.dll+0x41b8da]
V  [jvm.dll+0x41e727]
V  [jvm.dll+0x41eeeb]
V  [jvm.dll+0x41fde6]
V  [jvm.dll+0x420048]
V  [jvm.dll+0x42047b]
V  [jvm.dll+0x41ffd5]
V  [jvm.dll+0x41bd3b]
V  [jvm.dll+0x41e727]
V  [jvm.dll+0x41eeeb]
V  [jvm.dll+0x41fde6]
V  [jvm.dll+0x420048]
V  [jvm.dll+0x42047b]
V  [jvm.dll+0x41ffd5]
V  [jvm.dll+0x41bd3b]
V  [jvm.dll+0x41e727]
V  [jvm.dll+0x41f01d]
V  [jvm.dll+0x41fde6]
V  [jvm.dll+0x420048]
V  [jvm.dll+0x42047b]
V  [jvm.dll+0x41ffd5]
V  [jvm.dll+0x41bd3b]
V  [jvm.dll+0x41e727]
V  [jvm.dll+0x41eeeb]
V  [jvm.dll+0x41fde6]
V  [jvm.dll+0x420048]
V  [jvm.dll+0x42047b]
V  [jvm.dll+0x41ffd5]
V  [jvm.dll+0x41bd3b]
V  [jvm.dll+0x41e727]
V  [jvm.dll+0x41f01d]
V  [jvm.dll+0x41fde6]
V  [jvm.dll+0x420048]
V  [jvm.dll+0x42047b]
V  [jvm.dll+0x41ffd5]
V  [jvm.dll+0x41bd3b]
V  [jvm.dll+0x41e727]
V  [jvm.dll+0x41eeeb]
V  [jvm.dll+0x41fde6]
V  [jvm.dll+0x420048]
V  [jvm.dll+0x41bd3b]
V  [jvm.dll+0x41e727]
V  [jvm.dll+0x41eeeb]
V  [jvm.dll+0x41fde6]
V  [jvm.dll+0x420048]
V  [jvm.dll+0x41bd3b]
V  [jvm.dll+0x41e727]
V  [jvm.dll+0x41f01d]
V  [jvm.dll+0x41f412]
V  [jvm.dll+0x4244f5]
V  [jvm.dll+0x424600]
V  [jvm.dll+0x40ddb8]
V  [jvm.dll+0x40e021]
V  [jvm.dll+0x40e1e2]
V  [jvm.dll+0x40e3b1]
V  [jvm.dll+0x40e5bf]
V  [jvm.dll+0xa5742]
V  [jvm.dll+0xa607f]
V  [jvm.dll+0x244b7f]
V  [jvm.dll+0x29c43a]
C  [msvcr100.dll+0x21d9f]
C  [msvcr100.dll+0x21e3b]
C  [KERNEL32.DLL+0x17034]
C  [ntdll.dll+0x52651]


Current CompileTask:
C1:  32144 6002       3       android.content.res.TypedArray::$$robo$$android_content_res_TypedArray$loadStringValueAt (51 bytes)


---------------  P R O C E S S  ---------------

Java Threads: ( => current thread )
  0x000000001682d800 JavaThread "Java2D Disposer" daemon [_thread_blocked, id=8436, stack(0x0000000018810000,0x0000000018910000)]
  0x00000000159df000 JavaThread "SDK 28 Main Thread" [_thread_in_Java, id=10792, stack(0x0000000017540000,0x0000000017640000)]
  0x0000000015586800 JavaThread "/127.0.0.1:52440 to /127.0.0.1:52439 workers Thread 3" [_thread_in_native, id=13072, stack(0x0000000016070000,0x0000000016170000)]
  0x0000000015586000 JavaThread "/127.0.0.1:52440 to /127.0.0.1:52439 workers Thread 2" [_thread_blocked, id=4328, stack(0x0000000015f70000,0x0000000016070000)]
  0x0000000015458800 JavaThread "Test worker" [_thread_blocked, id=9616, stack(0x0000000015b30000,0x0000000015c30000)]
  0x0000000014c7a800 JavaThread "Service Thread" daemon [_thread_blocked, id=4196, stack(0x0000000015030000,0x0000000015130000)]
=>0x0000000013934800 JavaThread "C1 CompilerThread1" daemon [_thread_in_vm, id=9536, stack(0x0000000014b30000,0x0000000014c30000)]
  0x0000000013933000 JavaThread "C2 CompilerThread0" daemon [_thread_blocked, id=12292, stack(0x0000000014a30000,0x0000000014b30000)]
  0x0000000013931000 JavaThread "Attach Listener" daemon [_thread_blocked, id=6572, stack(0x0000000014930000,0x0000000014a30000)]
  0x000000001392e000 JavaThread "Signal Dispatcher" daemon [_thread_blocked, id=7384, stack(0x0000000014830000,0x0000000014930000)]
  0x00000000138a8800 JavaThread "Finalizer" daemon [_thread_blocked, id=13244, stack(0x00000000144f0000,0x00000000145f0000)]
  0x00000000026ce000 JavaThread "Reference Handler" daemon [_thread_blocked, id=10116, stack(0x00000000143f0000,0x00000000144f0000)]
  0x00000000025e0800 JavaThread "main" [_thread_blocked, id=12240, stack(0x0000000002420000,0x0000000002520000)]

Other Threads:
  0x0000000013886000 VMThread [stack: 0x00000000142f0000,0x00000000143f0000] [id=8596]
  0x0000000014cc2000 WatcherThread [stack: 0x0000000015130000,0x0000000015230000] [id=5268]

VM state:not at safepoint (normal execution)

VM Mutex/Monitor currently owned by a thread: None

Heap:
 PSYoungGen      total 163840K, used 110263K [0x00000000f5580000, 0x0000000100000000, 0x0000000100000000)
  eden space 153088K, 67% used [0x00000000f5580000,0x00000000fba8e608,0x00000000feb00000)
  from space 10752K, 63% used [0x00000000feb00000,0x00000000ff19f670,0x00000000ff580000)
  to   space 10752K, 0% used [0x00000000ff580000,0x00000000ff580000,0x0000000100000000)
 ParOldGen       total 111616K, used 68898K [0x00000000e0000000, 0x00000000e6d00000, 0x00000000f5580000)
  object space 111616K, 61% used [0x00000000e0000000,0x00000000e43488f0,0x00000000e6d00000)
 Metaspace       used 59618K, capacity 67132K, committed 67328K, reserved 1107968K
  class space    used 7079K, capacity 9200K, committed 9216K, reserved 1048576K

Card table byte_map: [0x0000000011aa0000,0x0000000011bb0000] byte_map_base: 0x00000000113a0000

Marking Bits: (ParMarkBitMap*) 0x00000000695ca6c0
 Begin Bits: [0x0000000011e60000, 0x0000000012660000)
 End Bits:   [0x0000000012660000, 0x0000000012e60000)

Polling page: 0x0000000000910000

CodeCache: size=245760Kb used=15855Kb max_used=15868Kb free=229904Kb
 bounds [0x00000000026e0000, 0x0000000003680000, 0x00000000116e0000]
 total_blobs=6188 nmethods=4902 adapters=1198
 compilation: enabled

Compilation events (10 events):
Event: 31.753 Thread 0x0000000013933000 6013   !   4       java.lang.invoke.LambdaForm$MH/597129500::guardWithCatch (71 bytes)
Event: 31.756 Thread 0x0000000013933000 nmethod 6013 0x0000000003664b90 code [0x0000000003664d00, 0x0000000003664f08]
Event: 31.756 Thread 0x0000000013933000 6012       4       java.lang.invoke.LambdaForm$MH/332543664::guard (93 bytes)
Event: 31.759 Thread 0x0000000013933000 nmethod 6012 0x0000000003664490 code [0x0000000003664600, 0x0000000003664828]
Event: 31.762 Thread 0x0000000013933000 6014       4       java.lang.invoke.LambdaForm$MH/1952829845::exactInvoker (51 bytes)
Event: 31.766 Thread 0x0000000013933000 nmethod 6014 0x0000000003663d90 code [0x0000000003663f20, 0x00000000036640f0]
Event: 31.771 Thread 0x0000000013933000 6015       4       sun.reflect.ClassFileAssembler::cpi (22 bytes)
Event: 31.772 Thread 0x0000000013933000 nmethod 6015 0x0000000003589490 code [0x00000000035895c0, 0x0000000003589638]
Event: 31.777 Thread 0x0000000013933000 6021       4       org.robolectric.res.android.LoadedArsc::VerifyResTableEntry (564 bytes)
Event: 31.831 Thread 0x0000000013933000 nmethod 6021 0x000000000366ac50 code [0x000000000366aea0, 0x000000000366c200]

GC Heap History (10 events):
Event: 24.068 GC heap before
{Heap before GC invocations=20 (full 3):
 PSYoungGen      total 164864K, used 155136K [0x00000000f5580000, 0x0000000100000000, 0x0000000100000000)
  eden space 155136K, 100% used [0x00000000f5580000,0x00000000fed00000,0x00000000fed00000)
  from space 9728K, 0% used [0x00000000ff680000,0x00000000ff680000,0x0000000100000000)
  to   space 9728K, 0% used [0x00000000fed00000,0x00000000fed00000,0x00000000ff680000)
 ParOldGen       total 111616K, used 59589K [0x00000000e0000000, 0x00000000e6d00000, 0x00000000f5580000)
  object space 111616K, 53% used [0x00000000e0000000,0x00000000e3a315d0,0x00000000e6d00000)
 Metaspace       used 49689K, capacity 55772K, committed 55808K, reserved 1097728K
  class space    used 6067K, capacity 7921K, committed 7936K, reserved 1048576K
Event: 24.088 GC heap after
Heap after GC invocations=20 (full 3):
 PSYoungGen      total 160256K, used 5070K [0x00000000f5580000, 0x00000000fff00000, 0x0000000100000000)
  eden space 155136K, 0% used [0x00000000f5580000,0x00000000f5580000,0x00000000fed00000)
  from space 5120K, 99% used [0x00000000fed00000,0x00000000ff1f3a18,0x00000000ff200000)
  to   space 9216K, 0% used [0x00000000ff600000,0x00000000ff600000,0x00000000fff00000)
 ParOldGen       total 111616K, used 59597K [0x00000000e0000000, 0x00000000e6d00000, 0x00000000f5580000)
  object space 111616K, 53% used [0x00000000e0000000,0x00000000e3a335d0,0x00000000e6d00000)
 Metaspace       used 49689K, capacity 55772K, committed 55808K, reserved 1097728K
  class space    used 6067K, capacity 7921K, committed 7936K, reserved 1048576K
}
Event: 25.579 GC heap before
{Heap before GC invocations=21 (full 3):
 PSYoungGen      total 160256K, used 160206K [0x00000000f5580000, 0x00000000fff00000, 0x0000000100000000)
  eden space 155136K, 100% used [0x00000000f5580000,0x00000000fed00000,0x00000000fed00000)
  from space 5120K, 99% used [0x00000000fed00000,0x00000000ff1f3a18,0x00000000ff200000)
  to   space 9216K, 0% used [0x00000000ff600000,0x00000000ff600000,0x00000000fff00000)
 ParOldGen       total 111616K, used 59597K [0x00000000e0000000, 0x00000000e6d00000, 0x00000000f5580000)
  object space 111616K, 53% used [0x00000000e0000000,0x00000000e3a335d0,0x00000000e6d00000)
 Metaspace       used 52748K, capacity 59034K, committed 59264K, reserved 1099776K
  class space    used 6382K, capacity 8280K, committed 8320K, reserved 1048576K
Event: 25.602 GC heap after
Heap after GC invocations=21 (full 3):
 PSYoungGen      total 164352K, used 4255K [0x00000000f5580000, 0x0000000100000000, 0x0000000100000000)
  eden space 155136K, 0% used [0x00000000f5580000,0x00000000f5580000,0x00000000fed00000)
  from space 9216K, 46% used [0x00000000ff600000,0x00000000ffa27ed0,0x00000000fff00000)
  to   space 9216K, 0% used [0x00000000fed00000,0x00000000fed00000,0x00000000ff600000)
 ParOldGen       total 111616K, used 62855K [0x00000000e0000000, 0x00000000e6d00000, 0x00000000f5580000)
  object space 111616K, 56% used [0x00000000e0000000,0x00000000e3d61ee0,0x00000000e6d00000)
 Metaspace       used 52748K, capacity 59034K, committed 59264K, reserved 1099776K
  class space    used 6382K, capacity 8280K, committed 8320K, reserved 1048576K
}
Event: 27.028 GC heap before
{Heap before GC invocations=22 (full 3):
 PSYoungGen      total 164352K, used 159391K [0x00000000f5580000, 0x0000000100000000, 0x0000000100000000)
  eden space 155136K, 100% used [0x00000000f5580000,0x00000000fed00000,0x00000000fed00000)
  from space 9216K, 46% used [0x00000000ff600000,0x00000000ffa27ed0,0x00000000fff00000)
  to   space 9216K, 0% used [0x00000000fed00000,0x00000000fed00000,0x00000000ff600000)
 ParOldGen       total 111616K, used 62855K [0x00000000e0000000, 0x00000000e6d00000, 0x00000000f5580000)
  object space 111616K, 56% used [0x00000000e0000000,0x00000000e3d61ee0,0x00000000e6d00000)
 Metaspace       used 55673K, capacity 62130K, committed 62464K, reserved 1103872K
  class space    used 6635K, capacity 8580K, committed 8704K, reserved 1048576K
Event: 27.059 GC heap after
Heap after GC invocations=22 (full 3):
 PSYoungGen      total 164352K, used 5271K [0x00000000f5580000, 0x00000000fff00000, 0x0000000100000000)
  eden space 155136K, 0% used [0x00000000f5580000,0x00000000f5580000,0x00000000fed00000)
  from space 9216K, 57% used [0x00000000fed00000,0x00000000ff225e88,0x00000000ff600000)
  to   space 8704K, 0% used [0x00000000ff680000,0x00000000ff680000,0x00000000fff00000)
 ParOldGen       total 111616K, used 62855K [0x00000000e0000000, 0x00000000e6d00000, 0x00000000f5580000)
  object space 111616K, 56% used [0x00000000e0000000,0x00000000e3d61ee0,0x00000000e6d00000)
 Metaspace       used 55673K, capacity 62130K, committed 62464K, reserved 1103872K
  class space    used 6635K, capacity 8580K, committed 8704K, reserved 1048576K
}
Event: 29.644 GC heap before
{Heap before GC invocations=23 (full 3):
 PSYoungGen      total 164352K, used 160407K [0x00000000f5580000, 0x00000000fff00000, 0x0000000100000000)
  eden space 155136K, 100% used [0x00000000f5580000,0x00000000fed00000,0x00000000fed00000)
  from space 9216K, 57% used [0x00000000fed00000,0x00000000ff225e88,0x00000000ff600000)
  to   space 8704K, 0% used [0x00000000ff680000,0x00000000ff680000,0x00000000fff00000)
 ParOldGen       total 111616K, used 62855K [0x00000000e0000000, 0x00000000e6d00000, 0x00000000f5580000)
  object space 111616K, 56% used [0x00000000e0000000,0x00000000e3d61ee0,0x00000000e6d00000)
 Metaspace       used 58914K, capacity 66006K, committed 66304K, reserved 1105920K
  class space    used 7032K, capacity 9108K, committed 9216K, reserved 1048576K
Event: 29.706 GC heap after
Heap after GC invocations=23 (full 3):
 PSYoungGen      total 161792K, used 8692K [0x00000000f5580000, 0x0000000100000000, 0x0000000100000000)
  eden space 153088K, 0% used [0x00000000f5580000,0x00000000f5580000,0x00000000feb00000)
  from space 8704K, 99% used [0x00000000ff680000,0x00000000ffefd210,0x00000000fff00000)
  to   space 10752K, 0% used [0x00000000feb00000,0x00000000feb00000,0x00000000ff580000)
 ParOldGen       total 111616K, used 65660K [0x00000000e0000000, 0x00000000e6d00000, 0x00000000f5580000)
  object space 111616K, 58% used [0x00000000e0000000,0x00000000e401f040,0x00000000e6d00000)
 Metaspace       used 58914K, capacity 66006K, committed 66304K, reserved 1105920K
  class space    used 7032K, capacity 9108K, committed 9216K, reserved 1048576K
}
Event: 31.127 GC heap before
{Heap before GC invocations=24 (full 3):
 PSYoungGen      total 161792K, used 161780K [0x00000000f5580000, 0x0000000100000000, 0x0000000100000000)
  eden space 153088K, 100% used [0x00000000f5580000,0x00000000feb00000,0x00000000feb00000)
  from space 8704K, 99% used [0x00000000ff680000,0x00000000ffefd210,0x00000000fff00000)
  to   space 10752K, 0% used [0x00000000feb00000,0x00000000feb00000,0x00000000ff580000)
 ParOldGen       total 111616K, used 65660K [0x00000000e0000000, 0x00000000e6d00000, 0x00000000f5580000)
  object space 111616K, 58% used [0x00000000e0000000,0x00000000e401f040,0x00000000e6d00000)
 Metaspace       used 59461K, capacity 66852K, committed 67072K, reserved 1107968K
  class space    used 7059K, capacity 9187K, committed 9216K, reserved 1048576K
Event: 31.216 GC heap after
Heap after GC invocations=24 (full 3):
 PSYoungGen      total 163840K, used 6781K [0x00000000f5580000, 0x0000000100000000, 0x0000000100000000)
  eden space 153088K, 0% used [0x00000000f5580000,0x00000000f5580000,0x00000000feb00000)
  from space 10752K, 63% used [0x00000000feb00000,0x00000000ff19f670,0x00000000ff580000)
  to   space 10752K, 0% used [0x00000000ff580000,0x00000000ff580000,0x0000000100000000)
 ParOldGen       total 111616K, used 68898K [0x00000000e0000000, 0x00000000e6d00000, 0x00000000f5580000)
  object space 111616K, 61% used [0x00000000e0000000,0x00000000e43488f0,0x00000000e6d00000)
 Metaspace       used 59461K, capacity 66852K, committed 67072K, reserved 1107968K
  class space    used 7059K, capacity 9187K, committed 9216K, reserved 1048576K
}

Deoptimization events (10 events):
Event: 29.411 Thread 0x0000000015458800 Uncommon trap: reason=bimorphic action=maybe_recompile pc=0x0000000002b4fcd0 method=java.util.regex.Pattern$Curly.match0(Ljava/util/regex/Matcher;IILjava/lang/CharSequence;)Z @ 77
Event: 29.411 Thread 0x0000000015458800 Uncommon trap: reason=bimorphic action=maybe_recompile pc=0x0000000002b4fcd0 method=java.util.regex.Pattern$Curly.match0(Ljava/util/regex/Matcher;IILjava/lang/CharSequence;)Z @ 77
Event: 29.413 Thread 0x0000000015458800 Uncommon trap: reason=class_check action=maybe_recompile pc=0x00000000030e4a9c method=com.google.common.collect.ImmutableSet$RegularSetBuilderImpl.add(Ljava/lang/Object;)Lcom/google/common/collect/ImmutableSet$SetBuilderImpl; @ 6
Event: 29.413 Thread 0x0000000015458800 Uncommon trap: reason=class_check action=maybe_recompile pc=0x00000000030e4a9c method=com.google.common.collect.ImmutableSet$RegularSetBuilderImpl.add(Ljava/lang/Object;)Lcom/google/common/collect/ImmutableSet$SetBuilderImpl; @ 6
Event: 29.413 Thread 0x0000000015458800 Uncommon trap: reason=class_check action=maybe_recompile pc=0x00000000030e4a9c method=com.google.common.collect.ImmutableSet$RegularSetBuilderImpl.add(Ljava/lang/Object;)Lcom/google/common/collect/ImmutableSet$SetBuilderImpl; @ 6
Event: 29.413 Thread 0x0000000015458800 Uncommon trap: reason=class_check action=maybe_recompile pc=0x00000000030e4a9c method=com.google.common.collect.ImmutableSet$RegularSetBuilderImpl.add(Ljava/lang/Object;)Lcom/google/common/collect/ImmutableSet$SetBuilderImpl; @ 6
Event: 29.416 Thread 0x0000000015458800 Uncommon trap: reason=unstable_if action=reinterpret pc=0x0000000002eb6978 method=org.robolectric.internal.bytecode.MethodRef.equals(Ljava/lang/Object;)Z @ 2
Event: 29.447 Thread 0x00000000159df000 Uncommon trap: reason=bimorphic action=maybe_recompile pc=0x00000000031740f0 method=java.util.regex.Pattern$Start.<init>(Ljava/util/regex/Pattern$Node;)V @ 22
Event: 29.458 Thread 0x00000000159df000 Uncommon trap: reason=unstable_if action=reinterpret pc=0x00000000029b52fc method=java.util.Arrays.hashCode([Ljava/lang/Object;)I @ 34
Event: 29.552 Thread 0x00000000159df000 Uncommon trap: reason=unstable_if action=reinterpret pc=0x0000000002b4cbe4 method=org.robolectric.res.android.CppAssetManager2$Theme.SetTo(Lorg/robolectric/res/android/CppAssetManager2$Theme;)Z @ 53

Internal exceptions (10 events):
Event: 16.479 Thread 0x00000000159df000 Exception <a 'java/lang/NoSuchFieldError': method resolution failed> (0x00000000f74c9398) thrown at [C:\re\workspace\8-2-build-windows-amd64-cygwin\jdk8u111\7883\hotspot\src\share\vm\prims\methodHandles.cpp, line 1146]
Event: 19.915 Thread 0x00000000159df000 Exception <a 'java/lang/NoSuchFieldError': method resolution failed> (0x00000000fe1a7848) thrown at [C:\re\workspace\8-2-build-windows-amd64-cygwin\jdk8u111\7883\hotspot\src\share\vm\prims\methodHandles.cpp, line 1146]
Event: 22.884 Thread 0x00000000159df000 Exception <a 'java/io/FileNotFoundException'> (0x00000000f958c1b0) thrown at [C:\re\workspace\8-2-build-windows-amd64-cygwin\jdk8u111\7883\hotspot\src\share\vm\prims\jni.cpp, line 709]
Event: 23.056 Thread 0x00000000159df000 Implicit null exception at 0x0000000002972015 to 0x00000000029721f1
Event: 25.048 Thread 0x00000000159df000 Exception <a 'java/lang/NoSuchMethodError': java.lang.Object.lambda$comparingDouble$8dcf42ea$1(Ljava/util/function/ToDoubleFunction;Ljava/lang/Object;Ljava/lang/Object;)I> (0x00000000fbdc8d00) thrown at [C:\re\workspace\8-2-build-windows-amd64-cygwin\jdk8
Event: 27.970 Thread 0x00000000159df000 Implicit null exception at 0x000000000336163d to 0x0000000003361a65
Event: 28.746 Thread 0x00000000159df000 Implicit null exception at 0x0000000002872397 to 0x000000000287246d
Event: 29.152 Thread 0x00000000159df000 Exception <a 'java/lang/NoSuchMethodError': java.lang.Object.lambda$get$0(Ljava/lang/Object;)V> (0x00000000fd642fa0) thrown at [C:\re\workspace\8-2-build-windows-amd64-cygwin\jdk8u111\7883\hotspot\src\share\vm\interpreter\linkResolver.cpp, line 582]
Event: 29.458 Thread 0x00000000159df000 Implicit null exception at 0x00000000029b523c to 0x00000000029b52dd
Event: 29.532 Thread 0x00000000159df000 Exception <a 'sun/nio/fs/WindowsException'> (0x00000000fe614868) thrown at [C:\re\workspace\8-2-build-windows-amd64-cygwin\jdk8u111\7883\hotspot\src\share\vm\prims\jni.cpp, line 709]

Events (10 events):
Event: 31.776 loading class com/android/internal/app/AlertController
Event: 31.776 loading class com/android/internal/app/AlertController done
Event: 31.776 loading class com/android/internal/policy/PhoneWindow
Event: 31.776 loading class com/android/internal/policy/PhoneWindow done
Event: 31.778 loading class android/view/Window
Event: 31.778 loading class android/view/Window done
Event: 31.779 loading class android/view/Window
Event: 31.779 loading class android/view/Window done
Event: 31.780 loading class android/view/Window
Event: 31.780 loading class android/view/Window done


Dynamic libraries:
0x00007ff719bc0000 - 0x00007ff719bf7000 	C:\Program Files\Java\jdk1.8.0_111\bin\java.exe
0x00007ffc0e550000 - 0x00007ffc0e745000 	C:\Windows\SYSTEM32\ntdll.dll
0x00007ffc0caf0000 - 0x00007ffc0cbae000 	C:\Windows\System32\KERNEL32.DLL
0x00007ffc0c170000 - 0x00007ffc0c439000 	C:\Windows\System32\KERNELBASE.dll
0x00007ffc0c6d0000 - 0x00007ffc0c77c000 	C:\Windows\System32\ADVAPI32.dll
0x00007ffc0ce30000 - 0x00007ffc0cece000 	C:\Windows\System32\msvcrt.dll
0x00007ffc0e410000 - 0x00007ffc0e4ab000 	C:\Windows\System32\sechost.dll
0x00007ffc0c9c0000 - 0x00007ffc0caea000 	C:\Windows\System32\RPCRT4.dll
0x00007ffc0dac0000 - 0x00007ffc0dc61000 	C:\Windows\System32\USER32.dll
0x00007ffc0bda0000 - 0x00007ffc0bdc2000 	C:\Windows\System32\win32u.dll
0x00007ffc0d230000 - 0x00007ffc0d25b000 	C:\Windows\System32\GDI32.dll
0x00007ffc0c060000 - 0x00007ffc0c16b000 	C:\Windows\System32\gdi32full.dll
0x00007ffc0bf30000 - 0x00007ffc0bfcd000 	C:\Windows\System32\msvcp_win.dll
0x00007ffc0bdd0000 - 0x00007ffc0bed0000 	C:\Windows\System32\ucrtbase.dll
0x00007ffbf68b0000 - 0x00007ffbf6b4a000 	C:\Windows\WinSxS\amd64_microsoft.windows.common-controls_6595b64144ccf1df_6.0.19041.1110_none_60b5254171f9507e\COMCTL32.dll
0x00007ffc0cdf0000 - 0x00007ffc0ce20000 	C:\Windows\System32\IMM32.DLL
0x0000000069650000 - 0x0000000069722000 	C:\Program Files\Java\jdk1.8.0_111\jre\bin\msvcr100.dll
0x0000000068db0000 - 0x000000006964a000 	C:\Program Files\Java\jdk1.8.0_111\jre\bin\server\jvm.dll
0x00007ffc0ce20000 - 0x00007ffc0ce28000 	C:\Windows\System32\PSAPI.DLL
0x00007ffc06500000 - 0x00007ffc06509000 	C:\Windows\SYSTEM32\WSOCK32.dll
0x00007ffc0d0d0000 - 0x00007ffc0d13b000 	C:\Windows\System32\WS2_32.dll
0x00007ffbf95a0000 - 0x00007ffbf95c7000 	C:\Windows\SYSTEM32\WINMM.dll
0x00007ffc04960000 - 0x00007ffc0496a000 	C:\Windows\SYSTEM32\VERSION.dll
0x0000000068da0000 - 0x0000000068daf000 	C:\Program Files\Java\jdk1.8.0_111\jre\bin\verify.dll
0x0000000068d70000 - 0x0000000068d99000 	C:\Program Files\Java\jdk1.8.0_111\jre\bin\java.dll
0x0000000068d50000 - 0x0000000068d66000 	C:\Program Files\Java\jdk1.8.0_111\jre\bin\zip.dll
0x00007ffc0dc70000 - 0x00007ffc0e3af000 	C:\Windows\System32\SHELL32.dll
0x00007ffc09d70000 - 0x00007ffc0a500000 	C:\Windows\SYSTEM32\windows.storage.dll
0x00007ffc0d760000 - 0x00007ffc0dab5000 	C:\Windows\System32\combase.dll
0x00007ffc0b5f0000 - 0x00007ffc0b61c000 	C:\Windows\SYSTEM32\Wldp.dll
0x00007ffc0cd40000 - 0x00007ffc0cdee000 	C:\Windows\System32\SHCORE.dll
0x00007ffc0d700000 - 0x00007ffc0d755000 	C:\Windows\System32\shlwapi.dll
0x00007ffc0bbb0000 - 0x00007ffc0bbcf000 	C:\Windows\SYSTEM32\profapi.dll
0x0000000068d30000 - 0x0000000068d4a000 	C:\Program Files\Java\jdk1.8.0_111\jre\bin\net.dll
0x00007ffc0b350000 - 0x00007ffc0b3ba000 	C:\Windows\system32\mswsock.dll
0x0000000068d10000 - 0x0000000068d21000 	C:\Program Files\Java\jdk1.8.0_111\jre\bin\nio.dll
0x00007ffc0b540000 - 0x00007ffc0b558000 	C:\Windows\SYSTEM32\CRYPTSP.dll
0x00007ffc0acd0000 - 0x00007ffc0ad04000 	C:\Windows\system32\rsaenh.dll
0x00007ffc0bc70000 - 0x00007ffc0bc97000 	C:\Windows\System32\bcrypt.dll
0x00007ffc0bb30000 - 0x00007ffc0bb5e000 	C:\Windows\SYSTEM32\USERENV.dll
0x00007ffc0bfd0000 - 0x00007ffc0c053000 	C:\Windows\System32\bcryptprimitives.dll
0x00007ffc0b560000 - 0x00007ffc0b56c000 	C:\Windows\SYSTEM32\CRYPTBASE.dll
0x00007ffc0b040000 - 0x00007ffc0b07b000 	C:\Windows\SYSTEM32\IPHLPAPI.DLL
0x00007ffc0cff0000 - 0x00007ffc0cff8000 	C:\Windows\System32\NSI.dll
0x00007ffc05890000 - 0x00007ffc058a7000 	C:\Windows\SYSTEM32\dhcpcsvc6.DLL
0x00007ffc05a80000 - 0x00007ffc05a9d000 	C:\Windows\SYSTEM32\dhcpcsvc.DLL
0x00007ffc0b080000 - 0x00007ffc0b14c000 	C:\Windows\SYSTEM32\DNSAPI.dll
0x0000000068cd0000 - 0x0000000068cf4000 	C:\Program Files\Java\jdk1.8.0_111\jre\bin\sunec.dll
0x0000000068cc0000 - 0x0000000068ccb000 	C:\Program Files\Java\jdk1.8.0_111\jre\bin\sunmscapi.dll
0x00007ffc0c440000 - 0x00007ffc0c596000 	C:\Windows\System32\CRYPT32.dll
0x0000000068b20000 - 0x0000000068cb8000 	C:\Program Files\Java\jdk1.8.0_111\jre\bin\awt.dll
0x00007ffc0d000000 - 0x00007ffc0d0cd000 	C:\Windows\System32\OLEAUT32.dll
0x00007ffc09600000 - 0x00007ffc09690000 	C:\Windows\SYSTEM32\apphelp.dll
0x00007ffbfce30000 - 0x00007ffbfd014000 	C:\Windows\SYSTEM32\dbghelp.dll

VM Arguments:
jvm_args: -Djava.awt.headless=true -Djava.security.manager=worker.org.gradle.process.internal.worker.child.BootstrapSecurityManager -Dorg.gradle.native=false -Xmx512m -Dfile.encoding=windows-1252 -Duser.country=ID -Duser.language=en -Duser.variant -ea 
java_command: worker.org.gradle.process.internal.worker.GradleWorkerMain 'Gradle Test Executor 10'
java_class_path (initial): C:\Users\HP\.gradle\caches\6.1.1\workerMain\gradle-worker.jar
Launcher Type: SUN_STANDARD

Environment Variables:
PATH=C:\ProgramData\Oracle\Java\javapath;C:\Windows\system32;C:\Windows;C:\Windows\System32\Wbem;C:\Windows\System32\WindowsPowerShell\v1.0\;C:\Windows\System32\OpenSSH\;C:\Program Files\Git\cmd;C:\Program Files\nodejs\;C:\Program Files\Microsoft SQL Server\Client SDK\ODBC\170\Tools\Binn\;C:\Program Files (x86)\Microsoft SQL Server\150\Tools\Binn\;C:\Program Files\Microsoft SQL Server\150\Tools\Binn\;C:\Program Files\Microsoft SQL Server\150\DTS\Binn\;C:\Program Files (x86)\Microsoft SQL Server\150\DTS\Binn\;C:\Program Files\Azure Data Studio\bin;C:\Program Files\Java\jdk1.8.0_111\bin;C:\Program Files (x86)\PuTTY\;C:\Users\HP\AppData\Local\Microsoft\WindowsApps;C:\xampp\php;C:\Users\HP\AppData\Local\ComposerSetup\bin;C:\Users\HP\AppData\Roaming\Composer\vendor\bin;C:\Users\HP\AppData\Roaming\npm;C:\Users\HP\AppData\Local\Programs\Microsoft VS Code\bin;C:\Program Files\Azure Data Studio\bin
USERNAME=HP
OS=Windows_NT
PROCESSOR_IDENTIFIER=AMD64 Family 21 Model 112 Stepping 0, AuthenticAMD



---------------  S Y S T E M  ---------------

OS: Windows 10.0 , 64 bit Build 19041 (10.0.19041.1202)

CPU:total 2 (2 cores per cpu, 1 threads per core) family 21 model 112 stepping 0, cmov, cx8, fxsr, mmx, sse, sse2, sse3, ssse3, sse4.1, sse4.2, popcnt, avx, avx2, aes, clmul, mmxext, 3dnowpref, lzcnt, sse4a, tsc, tscinvbit, tscinv, bmi1

Memory: 4k page, physical 4073412k(371504k free), swap 10440556k(3038276k free)

vm_info: Java HotSpot(TM) 64-Bit Server VM (25.111-b14) for windows-amd64 JRE (1.8.0_111-b14), built on Sep 22 2016 19:24:05 by "java_re" with MS VC++ 10.0 (VS2010)

time: Tue Sep 28 18:37:00 2021
elapsed time: 32 seconds (0d 0h 0m 32s)

