#
# A fatal error has been detected by the Java Runtime Environment:
#
#  EXCEPTION_ACCESS_VIOLATION (0xc0000005) at pc=0x0000000068df3608, pid=12676, tid=0x0000000000001108
#
# JRE version: Java(TM) SE Runtime Environment (8.0_111-b14) (build 1.8.0_111-b14)
# Java VM: Java HotSpot(TM) 64-Bit Server VM (25.111-b14 mixed mode windows-amd64 compressed oops)
# Problematic frame:
# V  [jvm.dll+0x43608]
#
# Failed to write core dump. Minidumps are not enabled by default on client versions of Windows
#
# If you would like to submit a bug report, please visit:
#   http://bugreport.java.com/bugreport/crash.jsp
#

---------------  T H R E A D  ---------------

Current thread (0x0000000013af5000):  JavaThread "C1 CompilerThread1" daemon [_thread_in_vm, id=4360, stack(0x0000000014cf0000,0x0000000014df0000)]

siginfo: ExceptionCode=0xc0000005, reading address 0xffffffffffffffff

Registers:
RAX=0x0000000013af5000, RBX=0x00000000027bbae0, RCX=0x00000000027bbae0, RDX=0x00000000027bbae0
RSP=0x0000000014decfb0, RBP=0x0000000014ee91f0, RSI=0x00000000027bbae0, RDI=0x0000000000000000
R8 =0x13c695a6ffff0013, R9 =0x0000000000000000, R10=0x0000000014ee9420, R11=0x0000000014e2b4e0
R12=0x0000000013af5000, R13=0x0000000014ee91f0, R14=0x0000000015babaf0, R15=0x0000000000000000
RIP=0x0000000068df3608, EFLAGS=0x0000000000010202

Top of Stack: (sp=0x0000000014decfb0)
0x0000000014decfb0:   00000000000000b6 0000000014def560
0x0000000014decfc0:   0000000000000000 0000000000000077
0x0000000014decfd0:   0000000018cbad88 0000000014def560
0x0000000014decfe0:   0000000014ded0c0 0000000068ddfe25
0x0000000014decff0:   00000000000000e7 0000000068df3999
0x0000000014ded000:   0000000000000077 0000000000000077
0x0000000014ded010:   0000000000000000 0000000000000000
0x0000000014ded020:   00000000000000b6 0000000019e73ea0
0x0000000014ded030:   0000000002779ac0 0000000068df1c6b
0x0000000014ded040:   0000000000000000 0000000013af5000
0x0000000014ded050:   0000000015bacc60 0000000068ddce0f
0x0000000014ded060:   0000000013af5000 0000000068df6f80
0x0000000014ded070:   0000000013af5000 0000000013af5000
0x0000000014ded080:   0000000019e73ea0 00000000691d0aeb
0x0000000014ded090:   0000000000000000 0000000000000000
0x0000000014ded0a0:   0000000015bacc60 0000000000000000 

Instructions: (pc=0x0000000068df3608)
0x0000000068df35e8:   00 48 8b da ff 15 fe 7d 59 00 44 0f b6 05 5a d9
0x0000000068df35f8:   7a 00 4c 8b e0 45 84 c0 74 39 4c 8b 03 48 8b cb
0x0000000068df3608:   41 ff 50 08 84 c0 74 2b 83 7b 08 00 7e 25 0f b6
0x0000000068df3618:   83 0e 01 00 00 c0 e8 03 a8 01 74 17 48 8b 03 48 


Register to memory mapping:

RAX=0x0000000013af5000 is a thread
RBX=0x00000000027bbae0 is an unknown value
RCX=0x00000000027bbae0 is an unknown value
RDX=0x00000000027bbae0 is an unknown value
RSP=0x0000000014decfb0 is pointing into the stack for thread: 0x0000000013af5000
RBP=0x0000000014ee91f0 is an unknown value
RSI=0x00000000027bbae0 is an unknown value
RDI=0x0000000000000000 is an unknown value
R8 =0x13c695a6ffff0013 is an unknown value
R9 =0x0000000000000000 is an unknown value
R10=0x0000000014ee9420 is an unknown value
R11=0x0000000014e2b4e0 is an unknown value
R12=0x0000000013af5000 is a thread
R13=0x0000000014ee91f0 is an unknown value
R14=0x0000000015babaf0 is an unknown value
R15=0x0000000000000000 is an unknown value


Stack: [0x0000000014cf0000,0x0000000014df0000],  sp=0x0000000014decfb0,  free space=1011k
Native frames: (J=compiled Java code, j=interpreted, Vv=VM code, C=native code)
V  [jvm.dll+0x43608]
V  [jvm.dll+0x43999]
V  [jvm.dll+0x41c6b]
V  [jvm.dll+0x420aeb]
V  [jvm.dll+0x41b8da]
V  [jvm.dll+0x41e727]
V  [jvm.dll+0x41eeeb]
V  [jvm.dll+0x41fde6]
V  [jvm.dll+0x420048]
V  [jvm.dll+0x42047b]
V  [jvm.dll+0x41ffd5]
V  [jvm.dll+0x41bd3b]
V  [jvm.dll+0x41e727]
V  [jvm.dll+0x41eeeb]
V  [jvm.dll+0x41fde6]
V  [jvm.dll+0x420048]
V  [jvm.dll+0x42047b]
V  [jvm.dll+0x41ffd5]
V  [jvm.dll+0x41bd3b]
V  [jvm.dll+0x41e727]
V  [jvm.dll+0x41f01d]
V  [jvm.dll+0x41fde6]
V  [jvm.dll+0x420048]
V  [jvm.dll+0x42047b]
V  [jvm.dll+0x41ffd5]
V  [jvm.dll+0x41bd3b]
V  [jvm.dll+0x41e727]
V  [jvm.dll+0x41eeeb]
V  [jvm.dll+0x41fde6]
V  [jvm.dll+0x420048]
V  [jvm.dll+0x42047b]
V  [jvm.dll+0x41ffd5]
V  [jvm.dll+0x41bd3b]
V  [jvm.dll+0x41e727]
V  [jvm.dll+0x41f01d]
V  [jvm.dll+0x41fde6]
V  [jvm.dll+0x420048]
V  [jvm.dll+0x42047b]
V  [jvm.dll+0x41ffd5]
V  [jvm.dll+0x41bd3b]
V  [jvm.dll+0x41e727]
V  [jvm.dll+0x41eeeb]
V  [jvm.dll+0x41fde6]
V  [jvm.dll+0x420048]
V  [jvm.dll+0x41bd3b]
V  [jvm.dll+0x41e727]
V  [jvm.dll+0x41eeeb]
V  [jvm.dll+0x41fde6]
V  [jvm.dll+0x420048]
V  [jvm.dll+0x41bd3b]
V  [jvm.dll+0x41e727]
V  [jvm.dll+0x41f01d]
V  [jvm.dll+0x41f412]
V  [jvm.dll+0x4244f5]
V  [jvm.dll+0x424600]
V  [jvm.dll+0x40ddb8]
V  [jvm.dll+0x40e021]
V  [jvm.dll+0x40e1e2]
V  [jvm.dll+0x40e3b1]
V  [jvm.dll+0x40e5bf]
V  [jvm.dll+0xa5742]
V  [jvm.dll+0xa607f]
V  [jvm.dll+0x244b7f]
V  [jvm.dll+0x29c43a]
C  [msvcr100.dll+0x21d9f]
C  [msvcr100.dll+0x21e3b]
C  [KERNEL32.DLL+0x17034]
C  [ntdll.dll+0x52651]


Current CompileTask:
C1:  35064 5978       3       android.content.res.TypedArray::$$robo$$android_content_res_TypedArray$loadStringValueAt (51 bytes)


---------------  P R O C E S S  ---------------

Java Threads: ( => current thread )
  0x00000000172fc800 JavaThread "Java2D Disposer" daemon [_thread_blocked, id=9412, stack(0x000000001ba40000,0x000000001bb40000)]
  0x00000000167b0000 JavaThread "SDK 28 Main Thread" [_thread_in_Java, id=7648, stack(0x0000000017700000,0x0000000017800000)]
  0x0000000015883800 JavaThread "/127.0.0.1:52427 to /127.0.0.1:52426 workers Thread 3" [_thread_in_native, id=6988, stack(0x0000000016230000,0x0000000016330000)]
  0x0000000015883000 JavaThread "/127.0.0.1:52427 to /127.0.0.1:52426 workers Thread 2" [_thread_blocked, id=10780, stack(0x0000000016130000,0x0000000016230000)]
  0x000000001593c800 JavaThread "Test worker" [_thread_blocked, id=1932, stack(0x0000000015cf0000,0x0000000015df0000)]
  0x0000000014e4c000 JavaThread "Service Thread" daemon [_thread_blocked, id=11028, stack(0x00000000151f0000,0x00000000152f0000)]
=>0x0000000013af5000 JavaThread "C1 CompilerThread1" daemon [_thread_in_vm, id=4360, stack(0x0000000014cf0000,0x0000000014df0000)]
  0x0000000013af4000 JavaThread "C2 CompilerThread0" daemon [_thread_blocked, id=8452, stack(0x0000000014bf0000,0x0000000014cf0000)]
  0x0000000013af2000 JavaThread "Attach Listener" daemon [_thread_blocked, id=7312, stack(0x0000000014af0000,0x0000000014bf0000)]
  0x0000000013aef000 JavaThread "Signal Dispatcher" daemon [_thread_blocked, id=5220, stack(0x00000000149f0000,0x0000000014af0000)]
  0x0000000002869800 JavaThread "Finalizer" daemon [_thread_blocked, id=12624, stack(0x00000000146b0000,0x00000000147b0000)]
  0x000000000285f800 JavaThread "Reference Handler" daemon [_thread_blocked, id=7304, stack(0x00000000145b0000,0x00000000146b0000)]
  0x0000000002770800 JavaThread "main" [_thread_blocked, id=9936, stack(0x0000000000e80000,0x0000000000f80000)]

Other Threads:
  0x0000000013a45800 VMThread [stack: 0x00000000144b0000,0x00000000145b0000] [id=9972]
  0x0000000014e80800 WatcherThread [stack: 0x00000000152f0000,0x00000000153f0000] [id=8544]

VM state:not at safepoint (normal execution)

VM Mutex/Monitor currently owned by a thread: None

Heap:
 PSYoungGen      total 164352K, used 63812K [0x00000000f5580000, 0x0000000100000000, 0x0000000100000000)
  eden space 154112K, 39% used [0x00000000f5580000,0x00000000f9169ab0,0x00000000fec00000)
  from space 10240K, 24% used [0x00000000fec00000,0x00000000fee67670,0x00000000ff600000)
  to   space 10240K, 0% used [0x00000000ff600000,0x00000000ff600000,0x0000000100000000)
 ParOldGen       total 110592K, used 71949K [0x00000000e0000000, 0x00000000e6c00000, 0x00000000f5580000)
  object space 110592K, 65% used [0x00000000e0000000,0x00000000e46435c8,0x00000000e6c00000)
 Metaspace       used 59399K, capacity 66818K, committed 67072K, reserved 1107968K
  class space    used 7060K, capacity 9165K, committed 9216K, reserved 1048576K

Card table byte_map: [0x0000000011d10000,0x0000000011e20000] byte_map_base: 0x0000000011610000

Marking Bits: (ParMarkBitMap*) 0x00000000695ca6c0
 Begin Bits: [0x0000000012020000, 0x0000000012820000)
 End Bits:   [0x0000000012820000, 0x0000000013020000)

Polling page: 0x0000000000b00000

CodeCache: size=245760Kb used=16595Kb max_used=16606Kb free=229164Kb
 bounds [0x0000000002950000, 0x00000000039a0000, 0x0000000011950000]
 total_blobs=6238 nmethods=4953 adapters=1198
 compilation: enabled

Compilation events (10 events):
Event: 34.843 Thread 0x0000000013af5000 5974       3       android.view.View::$$robo$$android_view_View$resetResolvedLayoutDirection (12 bytes)
Event: 34.843 Thread 0x0000000013af4000 nmethod 5976 0x0000000003975b10 code [0x0000000003975c60, 0x0000000003975d38]
Event: 34.843 Thread 0x0000000013af5000 nmethod 5974 0x000000000398b750 code [0x000000000398b8a0, 0x000000000398b9f0]
Event: 34.843 Thread 0x0000000013af5000 5975       3       android.view.View::$$robo$$android_view_View$resetResolvedTextDirection (25 bytes)
Event: 34.843 Thread 0x0000000013af5000 nmethod 5975 0x000000000398b410 code [0x000000000398b560, 0x000000000398b6d0]
Event: 34.843 Thread 0x0000000013af4000 5977       4       org.robolectric.res.android.CppAssetManager2$Theme::SetTo (296 bytes)
Event: 34.862 Thread 0x0000000013af4000 nmethod 5977 0x000000000398dc10 code [0x000000000398dde0, 0x000000000398e818]
Event: 34.865 Thread 0x0000000013af5000 5978       3       android.content.res.TypedArray::$$robo$$android_content_res_TypedArray$loadStringValueAt (51 bytes)
Event: 34.885 Thread 0x0000000013af4000 5985       4       java.util.ArrayList::set (20 bytes)
Event: 34.887 Thread 0x0000000013af4000 nmethod 5985 0x000000000398c050 code [0x000000000398c1a0, 0x000000000398c2b8]

GC Heap History (10 events):
Event: 26.811 GC heap before
{Heap before GC invocations=20 (full 3):
 PSYoungGen      total 164864K, used 155136K [0x00000000f5580000, 0x0000000100000000, 0x0000000100000000)
  eden space 155136K, 100% used [0x00000000f5580000,0x00000000fed00000,0x00000000fed00000)
  from space 9728K, 0% used [0x00000000ff680000,0x00000000ff680000,0x0000000100000000)
  to   space 9728K, 0% used [0x00000000fed00000,0x00000000fed00000,0x00000000ff680000)
 ParOldGen       total 110592K, used 59554K [0x00000000e0000000, 0x00000000e6c00000, 0x00000000f5580000)
  object space 110592K, 53% used [0x00000000e0000000,0x00000000e3a28af0,0x00000000e6c00000)
 Metaspace       used 49785K, capacity 55864K, committed 56064K, reserved 1097728K
  class space    used 6081K, capacity 7923K, committed 7936K, reserved 1048576K
Event: 26.832 GC heap after
Heap after GC invocations=20 (full 3):
 PSYoungGen      total 159744K, used 4517K [0x00000000f5580000, 0x00000000fff00000, 0x0000000100000000)
  eden space 155136K, 0% used [0x00000000f5580000,0x00000000f5580000,0x00000000fed00000)
  from space 4608K, 98% used [0x00000000fed00000,0x00000000ff1696b8,0x00000000ff180000)
  to   space 9216K, 0% used [0x00000000ff600000,0x00000000ff600000,0x00000000fff00000)
 ParOldGen       total 110592K, used 59562K [0x00000000e0000000, 0x00000000e6c00000, 0x00000000f5580000)
  object space 110592K, 53% used [0x00000000e0000000,0x00000000e3a2aaf0,0x00000000e6c00000)
 Metaspace       used 49785K, capacity 55864K, committed 56064K, reserved 1097728K
  class space    used 6081K, capacity 7923K, committed 7936K, reserved 1048576K
}
Event: 28.319 GC heap before
{Heap before GC invocations=21 (full 3):
 PSYoungGen      total 159744K, used 159653K [0x00000000f5580000, 0x00000000fff00000, 0x0000000100000000)
  eden space 155136K, 100% used [0x00000000f5580000,0x00000000fed00000,0x00000000fed00000)
  from space 4608K, 98% used [0x00000000fed00000,0x00000000ff1696b8,0x00000000ff180000)
  to   space 9216K, 0% used [0x00000000ff600000,0x00000000ff600000,0x00000000fff00000)
 ParOldGen       total 110592K, used 59562K [0x00000000e0000000, 0x00000000e6c00000, 0x00000000f5580000)
  object space 110592K, 53% used [0x00000000e0000000,0x00000000e3a2aaf0,0x00000000e6c00000)
 Metaspace       used 52735K, capacity 59022K, committed 59264K, reserved 1099776K
  class space    used 6384K, capacity 8280K, committed 8320K, reserved 1048576K
Event: 28.363 GC heap after
Heap after GC invocations=21 (full 3):
 PSYoungGen      total 164352K, used 4160K [0x00000000f5580000, 0x0000000100000000, 0x0000000100000000)
  eden space 155136K, 0% used [0x00000000f5580000,0x00000000f5580000,0x00000000fed00000)
  from space 9216K, 45% used [0x00000000ff600000,0x00000000ffa10120,0x00000000fff00000)
  to   space 9216K, 0% used [0x00000000fed00000,0x00000000fed00000,0x00000000ff600000)
 ParOldGen       total 110592K, used 62885K [0x00000000e0000000, 0x00000000e6c00000, 0x00000000f5580000)
  object space 110592K, 56% used [0x00000000e0000000,0x00000000e3d69400,0x00000000e6c00000)
 Metaspace       used 52735K, capacity 59022K, committed 59264K, reserved 1099776K
  class space    used 6384K, capacity 8280K, committed 8320K, reserved 1048576K
}
Event: 30.288 GC heap before
{Heap before GC invocations=22 (full 3):
 PSYoungGen      total 164352K, used 159296K [0x00000000f5580000, 0x0000000100000000, 0x0000000100000000)
  eden space 155136K, 100% used [0x00000000f5580000,0x00000000fed00000,0x00000000fed00000)
  from space 9216K, 45% used [0x00000000ff600000,0x00000000ffa10120,0x00000000fff00000)
  to   space 9216K, 0% used [0x00000000fed00000,0x00000000fed00000,0x00000000ff600000)
 ParOldGen       total 110592K, used 62885K [0x00000000e0000000, 0x00000000e6c00000, 0x00000000f5580000)
  object space 110592K, 56% used [0x00000000e0000000,0x00000000e3d69400,0x00000000e6c00000)
 Metaspace       used 55675K, capacity 62194K, committed 62464K, reserved 1103872K
  class space    used 6635K, capacity 8580K, committed 8704K, reserved 1048576K
Event: 30.306 GC heap after
Heap after GC invocations=22 (full 3):
 PSYoungGen      total 164352K, used 3247K [0x00000000f5580000, 0x0000000100000000, 0x0000000100000000)
  eden space 155136K, 0% used [0x00000000f5580000,0x00000000f5580000,0x00000000fed00000)
  from space 9216K, 35% used [0x00000000fed00000,0x00000000ff02bfd0,0x00000000ff600000)
  to   space 9216K, 0% used [0x00000000ff700000,0x00000000ff700000,0x0000000100000000)
 ParOldGen       total 110592K, used 64833K [0x00000000e0000000, 0x00000000e6c00000, 0x00000000f5580000)
  object space 110592K, 58% used [0x00000000e0000000,0x00000000e3f50630,0x00000000e6c00000)
 Metaspace       used 55675K, capacity 62194K, committed 62464K, reserved 1103872K
  class space    used 6635K, capacity 8580K, committed 8704K, reserved 1048576K
}
Event: 33.246 GC heap before
{Heap before GC invocations=23 (full 3):
 PSYoungGen      total 164352K, used 158383K [0x00000000f5580000, 0x0000000100000000, 0x0000000100000000)
  eden space 155136K, 100% used [0x00000000f5580000,0x00000000fed00000,0x00000000fed00000)
  from space 9216K, 35% used [0x00000000fed00000,0x00000000ff02bfd0,0x00000000ff600000)
  to   space 9216K, 0% used [0x00000000ff700000,0x00000000ff700000,0x0000000100000000)
 ParOldGen       total 110592K, used 64833K [0x00000000e0000000, 0x00000000e6c00000, 0x00000000f5580000)
  object space 110592K, 58% used [0x00000000e0000000,0x00000000e3f50630,0x00000000e6c00000)
 Metaspace       used 58910K, capacity 66002K, committed 66304K, reserved 1105920K
  class space    used 7034K, capacity 9108K, committed 9216K, reserved 1048576K
Event: 33.299 GC heap after
Heap after GC invocations=23 (full 3):
 PSYoungGen      total 163328K, used 9202K [0x00000000f5580000, 0x0000000100000000, 0x0000000100000000)
  eden space 154112K, 0% used [0x00000000f5580000,0x00000000f5580000,0x00000000fec00000)
  from space 9216K, 99% used [0x00000000ff700000,0x00000000ffffc868,0x0000000100000000)
  to   space 10240K, 0% used [0x00000000fec00000,0x00000000fec00000,0x00000000ff600000)
 ParOldGen       total 110592K, used 65175K [0x00000000e0000000, 0x00000000e6c00000, 0x00000000f5580000)
  object space 110592K, 58% used [0x00000000e0000000,0x00000000e3fa5c18,0x00000000e6c00000)
 Metaspace       used 58910K, capacity 66002K, committed 66304K, reserved 1105920K
  class space    used 7034K, capacity 9108K, committed 9216K, reserved 1048576K
}
Event: 34.408 GC heap before
{Heap before GC invocations=24 (full 3):
 PSYoungGen      total 163328K, used 163314K [0x00000000f5580000, 0x0000000100000000, 0x0000000100000000)
  eden space 154112K, 100% used [0x00000000f5580000,0x00000000fec00000,0x00000000fec00000)
  from space 9216K, 99% used [0x00000000ff700000,0x00000000ffffc868,0x0000000100000000)
  to   space 10240K, 0% used [0x00000000fec00000,0x00000000fec00000,0x00000000ff600000)
 ParOldGen       total 110592K, used 65175K [0x00000000e0000000, 0x00000000e6c00000, 0x00000000f5580000)
  object space 110592K, 58% used [0x00000000e0000000,0x00000000e3fa5c18,0x00000000e6c00000)
 Metaspace       used 59288K, capacity 66614K, committed 66816K, reserved 1107968K
  class space    used 7052K, capacity 9154K, committed 9216K, reserved 1048576K
Event: 34.433 GC heap after
Heap after GC invocations=24 (full 3):
 PSYoungGen      total 164352K, used 2461K [0x00000000f5580000, 0x0000000100000000, 0x0000000100000000)
  eden space 154112K, 0% used [0x00000000f5580000,0x00000000f5580000,0x00000000fec00000)
  from space 10240K, 24% used [0x00000000fec00000,0x00000000fee67670,0x00000000ff600000)
  to   space 10240K, 0% used [0x00000000ff600000,0x00000000ff600000,0x0000000100000000)
 ParOldGen       total 110592K, used 71949K [0x00000000e0000000, 0x00000000e6c00000, 0x00000000f5580000)
  object space 110592K, 65% used [0x00000000e0000000,0x00000000e46435c8,0x00000000e6c00000)
 Metaspace       used 59288K, capacity 66614K, committed 66816K, reserved 1107968K
  class space    used 7052K, capacity 9154K, committed 9216K, reserved 1048576K
}

Deoptimization events (10 events):
Event: 32.554 Thread 0x00000000167b0000 Uncommon trap: reason=unstable_if action=reinterpret pc=0x0000000003734d64 method=sun.invoke.util.VerifyAccess.isClassAccessible(Ljava/lang/Class;Ljava/lang/Class;I)Z @ 42
Event: 32.693 Thread 0x000000001593c800 Uncommon trap: reason=class_check action=maybe_recompile pc=0x0000000002b5c35c method=java.util.AbstractCollection.toArray()[Ljava/lang/Object; @ 1
Event: 32.693 Thread 0x000000001593c800 Uncommon trap: reason=class_check action=maybe_recompile pc=0x0000000002b5c35c method=java.util.AbstractCollection.toArray()[Ljava/lang/Object; @ 1
Event: 32.693 Thread 0x000000001593c800 Uncommon trap: reason=class_check action=maybe_recompile pc=0x0000000002b5c35c method=java.util.AbstractCollection.toArray()[Ljava/lang/Object; @ 1
Event: 32.695 Thread 0x000000001593c800 Uncommon trap: reason=class_check action=maybe_recompile pc=0x0000000002d63700 method=com.google.common.collect.ImmutableSet$RegularSetBuilderImpl.add(Ljava/lang/Object;)Lcom/google/common/collect/ImmutableSet$SetBuilderImpl; @ 6
Event: 32.695 Thread 0x000000001593c800 Uncommon trap: reason=class_check action=maybe_recompile pc=0x0000000002d63700 method=com.google.common.collect.ImmutableSet$RegularSetBuilderImpl.add(Ljava/lang/Object;)Lcom/google/common/collect/ImmutableSet$SetBuilderImpl; @ 6
Event: 32.695 Thread 0x000000001593c800 Uncommon trap: reason=class_check action=maybe_recompile pc=0x0000000002d63700 method=com.google.common.collect.ImmutableSet$RegularSetBuilderImpl.add(Ljava/lang/Object;)Lcom/google/common/collect/ImmutableSet$SetBuilderImpl; @ 6
Event: 32.695 Thread 0x000000001593c800 Uncommon trap: reason=class_check action=maybe_recompile pc=0x0000000002d63700 method=com.google.common.collect.ImmutableSet$RegularSetBuilderImpl.add(Ljava/lang/Object;)Lcom/google/common/collect/ImmutableSet$SetBuilderImpl; @ 6
Event: 32.698 Thread 0x000000001593c800 Uncommon trap: reason=unstable_if action=reinterpret pc=0x000000000315f064 method=org.robolectric.internal.bytecode.MethodRef.equals(Ljava/lang/Object;)Z @ 2
Event: 32.985 Thread 0x00000000167b0000 Uncommon trap: reason=unstable_if action=reinterpret pc=0x000000000360e41c method=org.robolectric.res.android.CppAssetManager2$Theme.SetTo(Lorg/robolectric/res/android/CppAssetManager2$Theme;)Z @ 53

Internal exceptions (10 events):
Event: 12.005 Thread 0x00000000167b0000 Exception <a 'java/security/PrivilegedActionException'> (0x00000000fba3cfc0) thrown at [C:\re\workspace\8-2-build-windows-amd64-cygwin\jdk8u111\7883\hotspot\src\share\vm\prims\jvm.cpp, line 1386]
Event: 17.099 Thread 0x00000000167b0000 Exception <a 'sun/nio/fs/WindowsException'> (0x00000000f8f856a8) thrown at [C:\re\workspace\8-2-build-windows-amd64-cygwin\jdk8u111\7883\hotspot\src\share\vm\prims\jni.cpp, line 709]
Event: 18.977 Thread 0x00000000167b0000 Exception <a 'java/lang/NoSuchFieldError': method resolution failed> (0x00000000f726f460) thrown at [C:\re\workspace\8-2-build-windows-amd64-cygwin\jdk8u111\7883\hotspot\src\share\vm\prims\methodHandles.cpp, line 1146]
Event: 22.555 Thread 0x00000000167b0000 Exception <a 'java/lang/NoSuchFieldError': method resolution failed> (0x00000000fddcdc78) thrown at [C:\re\workspace\8-2-build-windows-amd64-cygwin\jdk8u111\7883\hotspot\src\share\vm\prims\methodHandles.cpp, line 1146]
Event: 22.556 Thread 0x00000000167b0000 Implicit null exception at 0x000000000350cc18 to 0x000000000350cac4
Event: 25.550 Thread 0x00000000167b0000 Exception <a 'java/io/FileNotFoundException'> (0x00000000f90144c0) thrown at [C:\re\workspace\8-2-build-windows-amd64-cygwin\jdk8u111\7883\hotspot\src\share\vm\prims\jni.cpp, line 709]
Event: 25.690 Thread 0x00000000167b0000 Implicit null exception at 0x0000000002bd87d5 to 0x0000000002bd89b1
Event: 27.738 Thread 0x00000000167b0000 Exception <a 'java/lang/NoSuchMethodError': java.lang.Object.lambda$comparingDouble$8dcf42ea$1(Ljava/util/function/ToDoubleFunction;Ljava/lang/Object;Ljava/lang/Object;)I> (0x00000000fbd73280) thrown at [C:\re\workspace\8-2-build-windows-amd64-cygwin\jdk8
Event: 32.555 Thread 0x00000000167b0000 Exception <a 'java/lang/NoSuchMethodError': java.lang.Object.lambda$get$0(Ljava/lang/Object;)V> (0x00000000fd586668) thrown at [C:\re\workspace\8-2-build-windows-amd64-cygwin\jdk8u111\7883\hotspot\src\share\vm\interpreter\linkResolver.cpp, line 582]
Event: 32.977 Thread 0x00000000167b0000 Exception <a 'sun/nio/fs/WindowsException'> (0x00000000fe55ada0) thrown at [C:\re\workspace\8-2-build-windows-amd64-cygwin\jdk8u111\7883\hotspot\src\share\vm\prims\jni.cpp, line 709]

Events (10 events):
Event: 34.214 Thread 0x00000000167b0000 DEOPT PACKING pc=0x0000000003804f0d sp=0x00000000177f5910
Event: 34.214 Thread 0x00000000167b0000 DEOPT UNPACKING pc=0x000000000299747f sp=0x00000000177f5670 mode 0
Event: 34.408 Executing VM operation: ParallelGCFailedAllocation
Event: 34.434 Executing VM operation: ParallelGCFailedAllocation done
Event: 34.434 Executing VM operation: RevokeBias
Event: 34.435 Executing VM operation: RevokeBias done
Event: 34.661 Thread 0x00000000167b0000 DEOPT PACKING pc=0x0000000003804f0d sp=0x00000000177f5a50
Event: 34.661 Thread 0x00000000167b0000 DEOPT UNPACKING pc=0x000000000299747f sp=0x00000000177f57b0 mode 0
Event: 34.859 Thread 0x00000000167b0000 DEOPT PACKING pc=0x0000000003804f0d sp=0x00000000177fc7c0
Event: 34.860 Thread 0x00000000167b0000 DEOPT UNPACKING pc=0x000000000299747f sp=0x00000000177fc520 mode 0


Dynamic libraries:
0x00007ff719bc0000 - 0x00007ff719bf7000 	C:\Program Files\Java\jdk1.8.0_111\bin\java.exe
0x00007ffc0e550000 - 0x00007ffc0e745000 	C:\Windows\SYSTEM32\ntdll.dll
0x00007ffc0caf0000 - 0x00007ffc0cbae000 	C:\Windows\System32\KERNEL32.DLL
0x00007ffc0c170000 - 0x00007ffc0c439000 	C:\Windows\System32\KERNELBASE.dll
0x00007ffc0c6d0000 - 0x00007ffc0c77c000 	C:\Windows\System32\ADVAPI32.dll
0x00007ffc0ce30000 - 0x00007ffc0cece000 	C:\Windows\System32\msvcrt.dll
0x00007ffc0e410000 - 0x00007ffc0e4ab000 	C:\Windows\System32\sechost.dll
0x00007ffc0c9c0000 - 0x00007ffc0caea000 	C:\Windows\System32\RPCRT4.dll
0x00007ffc0dac0000 - 0x00007ffc0dc61000 	C:\Windows\System32\USER32.dll
0x00007ffc0bda0000 - 0x00007ffc0bdc2000 	C:\Windows\System32\win32u.dll
0x00007ffc0d230000 - 0x00007ffc0d25b000 	C:\Windows\System32\GDI32.dll
0x00007ffc0c060000 - 0x00007ffc0c16b000 	C:\Windows\System32\gdi32full.dll
0x00007ffc0bf30000 - 0x00007ffc0bfcd000 	C:\Windows\System32\msvcp_win.dll
0x00007ffc0bdd0000 - 0x00007ffc0bed0000 	C:\Windows\System32\ucrtbase.dll
0x00007ffbf68b0000 - 0x00007ffbf6b4a000 	C:\Windows\WinSxS\amd64_microsoft.windows.common-controls_6595b64144ccf1df_6.0.19041.1110_none_60b5254171f9507e\COMCTL32.dll
0x00007ffc0cdf0000 - 0x00007ffc0ce20000 	C:\Windows\System32\IMM32.DLL
0x0000000069650000 - 0x0000000069722000 	C:\Program Files\Java\jdk1.8.0_111\jre\bin\msvcr100.dll
0x0000000068db0000 - 0x000000006964a000 	C:\Program Files\Java\jdk1.8.0_111\jre\bin\server\jvm.dll
0x00007ffc0ce20000 - 0x00007ffc0ce28000 	C:\Windows\System32\PSAPI.DLL
0x00007ffc06500000 - 0x00007ffc06509000 	C:\Windows\SYSTEM32\WSOCK32.dll
0x00007ffc0d0d0000 - 0x00007ffc0d13b000 	C:\Windows\System32\WS2_32.dll
0x00007ffbf95a0000 - 0x00007ffbf95c7000 	C:\Windows\SYSTEM32\WINMM.dll
0x00007ffc04960000 - 0x00007ffc0496a000 	C:\Windows\SYSTEM32\VERSION.dll
0x0000000068da0000 - 0x0000000068daf000 	C:\Program Files\Java\jdk1.8.0_111\jre\bin\verify.dll
0x0000000068d70000 - 0x0000000068d99000 	C:\Program Files\Java\jdk1.8.0_111\jre\bin\java.dll
0x0000000068d50000 - 0x0000000068d66000 	C:\Program Files\Java\jdk1.8.0_111\jre\bin\zip.dll
0x00007ffc0dc70000 - 0x00007ffc0e3af000 	C:\Windows\System32\SHELL32.dll
0x00007ffc09d70000 - 0x00007ffc0a500000 	C:\Windows\SYSTEM32\windows.storage.dll
0x00007ffc0d760000 - 0x00007ffc0dab5000 	C:\Windows\System32\combase.dll
0x00007ffc0b5f0000 - 0x00007ffc0b61c000 	C:\Windows\SYSTEM32\Wldp.dll
0x00007ffc0cd40000 - 0x00007ffc0cdee000 	C:\Windows\System32\SHCORE.dll
0x00007ffc0d700000 - 0x00007ffc0d755000 	C:\Windows\System32\shlwapi.dll
0x00007ffc0bbb0000 - 0x00007ffc0bbcf000 	C:\Windows\SYSTEM32\profapi.dll
0x0000000068d30000 - 0x0000000068d4a000 	C:\Program Files\Java\jdk1.8.0_111\jre\bin\net.dll
0x00007ffc0b350000 - 0x00007ffc0b3ba000 	C:\Windows\system32\mswsock.dll
0x0000000068d10000 - 0x0000000068d21000 	C:\Program Files\Java\jdk1.8.0_111\jre\bin\nio.dll
0x00007ffc0b540000 - 0x00007ffc0b558000 	C:\Windows\SYSTEM32\CRYPTSP.dll
0x00007ffc0acd0000 - 0x00007ffc0ad04000 	C:\Windows\system32\rsaenh.dll
0x00007ffc0bc70000 - 0x00007ffc0bc97000 	C:\Windows\System32\bcrypt.dll
0x00007ffc0bb30000 - 0x00007ffc0bb5e000 	C:\Windows\SYSTEM32\USERENV.dll
0x00007ffc0bfd0000 - 0x00007ffc0c053000 	C:\Windows\System32\bcryptprimitives.dll
0x00007ffc0b560000 - 0x00007ffc0b56c000 	C:\Windows\SYSTEM32\CRYPTBASE.dll
0x00007ffc0b040000 - 0x00007ffc0b07b000 	C:\Windows\SYSTEM32\IPHLPAPI.DLL
0x00007ffc0cff0000 - 0x00007ffc0cff8000 	C:\Windows\System32\NSI.dll
0x00007ffc05890000 - 0x00007ffc058a7000 	C:\Windows\SYSTEM32\dhcpcsvc6.DLL
0x00007ffc05a80000 - 0x00007ffc05a9d000 	C:\Windows\SYSTEM32\dhcpcsvc.DLL
0x00007ffc0b080000 - 0x00007ffc0b14c000 	C:\Windows\SYSTEM32\DNSAPI.dll
0x0000000068cd0000 - 0x0000000068cf4000 	C:\Program Files\Java\jdk1.8.0_111\jre\bin\sunec.dll
0x0000000068cc0000 - 0x0000000068ccb000 	C:\Program Files\Java\jdk1.8.0_111\jre\bin\sunmscapi.dll
0x00007ffc0c440000 - 0x00007ffc0c596000 	C:\Windows\System32\CRYPT32.dll
0x0000000068b20000 - 0x0000000068cb8000 	C:\Program Files\Java\jdk1.8.0_111\jre\bin\awt.dll
0x00007ffc0d000000 - 0x00007ffc0d0cd000 	C:\Windows\System32\OLEAUT32.dll
0x00007ffc09600000 - 0x00007ffc09690000 	C:\Windows\SYSTEM32\apphelp.dll
0x00007ffbfce30000 - 0x00007ffbfd014000 	C:\Windows\SYSTEM32\dbghelp.dll

VM Arguments:
jvm_args: -Djava.awt.headless=true -Djava.security.manager=worker.org.gradle.process.internal.worker.child.BootstrapSecurityManager -Dorg.gradle.native=false -Xmx512m -Dfile.encoding=windows-1252 -Duser.country=ID -Duser.language=en -Duser.variant -ea 
java_command: worker.org.gradle.process.internal.worker.GradleWorkerMain 'Gradle Test Executor 9'
java_class_path (initial): C:\Users\HP\.gradle\caches\6.1.1\workerMain\gradle-worker.jar
Launcher Type: SUN_STANDARD

Environment Variables:
PATH=C:\ProgramData\Oracle\Java\javapath;C:\Windows\system32;C:\Windows;C:\Windows\System32\Wbem;C:\Windows\System32\WindowsPowerShell\v1.0\;C:\Windows\System32\OpenSSH\;C:\Program Files\Git\cmd;C:\Program Files\nodejs\;C:\Program Files\Microsoft SQL Server\Client SDK\ODBC\170\Tools\Binn\;C:\Program Files (x86)\Microsoft SQL Server\150\Tools\Binn\;C:\Program Files\Microsoft SQL Server\150\Tools\Binn\;C:\Program Files\Microsoft SQL Server\150\DTS\Binn\;C:\Program Files (x86)\Microsoft SQL Server\150\DTS\Binn\;C:\Program Files\Azure Data Studio\bin;C:\Program Files\Java\jdk1.8.0_111\bin;C:\Program Files (x86)\PuTTY\;C:\Users\HP\AppData\Local\Microsoft\WindowsApps;C:\xampp\php;C:\Users\HP\AppData\Local\ComposerSetup\bin;C:\Users\HP\AppData\Roaming\Composer\vendor\bin;C:\Users\HP\AppData\Roaming\npm;C:\Users\HP\AppData\Local\Programs\Microsoft VS Code\bin;C:\Program Files\Azure Data Studio\bin
USERNAME=HP
OS=Windows_NT
PROCESSOR_IDENTIFIER=AMD64 Family 21 Model 112 Stepping 0, AuthenticAMD



---------------  S Y S T E M  ---------------

OS: Windows 10.0 , 64 bit Build 19041 (10.0.19041.1202)

CPU:total 2 (2 cores per cpu, 1 threads per core) family 21 model 112 stepping 0, cmov, cx8, fxsr, mmx, sse, sse2, sse3, ssse3, sse4.1, sse4.2, popcnt, avx, avx2, aes, clmul, mmxext, 3dnowpref, lzcnt, sse4a, tsc, tscinvbit, tscinv, bmi1

Memory: 4k page, physical 4073412k(359376k free), swap 10440556k(3037276k free)

vm_info: Java HotSpot(TM) 64-Bit Server VM (25.111-b14) for windows-amd64 JRE (1.8.0_111-b14), built on Sep 22 2016 19:24:05 by "java_re" with MS VC++ 10.0 (VS2010)

time: Tue Sep 28 18:35:50 2021
elapsed time: 35 seconds (0d 0h 0m 35s)

