#
# A fatal error has been detected by the Java Runtime Environment:
#
#  EXCEPTION_ACCESS_VIOLATION (0xc0000005) at pc=0x0000000068df3608, pid=6616, tid=0x0000000000001c7c
#
# JRE version: Java(TM) SE Runtime Environment (8.0_111-b14) (build 1.8.0_111-b14)
# Java VM: Java HotSpot(TM) 64-Bit Server VM (25.111-b14 mixed mode windows-amd64 compressed oops)
# Problematic frame:
# V  [jvm.dll+0x43608]
#
# Failed to write core dump. Minidumps are not enabled by default on client versions of Windows
#
# If you would like to submit a bug report, please visit:
#   http://bugreport.java.com/bugreport/crash.jsp
#

---------------  T H R E A D  ---------------

Current thread (0x0000000013644800):  JavaThread "C1 CompilerThread1" daemon [_thread_in_vm, id=7292, stack(0x0000000014860000,0x0000000014960000)]

siginfo: ExceptionCode=0xc0000005, reading address 0xffffffffffffffff

Registers:
RAX=0x0000000013644800, RBX=0x0000000002339800, RCX=0x0000000002339800, RDX=0x0000000002339800
RSP=0x000000001495cf60, RBP=0x0000000013660c30, RSI=0x0000000002339800, RDI=0x0000000000000000
R8 =0x13c695a6ffff0013, R9 =0x0000000000000000, R10=0x0000000013660e60, R11=0x0000000017be4c40
R12=0x0000000013644800, R13=0x0000000013660c30, R14=0x0000000019da7df0, R15=0x0000000000000000
RIP=0x0000000068df3608, EFLAGS=0x0000000000010202

Top of Stack: (sp=0x000000001495cf60)
0x000000001495cf60:   00000000000000b6 000000001495f510
0x000000001495cf70:   0000000000000000 0000000000000077
0x000000001495cf80:   0000000018e3c520 000000001495f510
0x000000001495cf90:   000000001495d070 0000000068ddfe25
0x000000001495cfa0:   00000000000000e8 0000000068df3999
0x000000001495cfb0:   0000000000000077 0000000000000077
0x000000001495cfc0:   0000000000000000 0000000000000000
0x000000001495cfd0:   00000000000000b6 0000000014bf9f70
0x000000001495cfe0:   00000000022f9ac0 0000000068df1c6b
0x000000001495cff0:   0000000000000000 0000000013644800
0x000000001495d000:   0000000019da95b0 0000000068ddce0f
0x000000001495d010:   0000000013644800 0000000068df6f80
0x000000001495d020:   0000000013644800 0000000013644800
0x000000001495d030:   0000000014bf9f70 00000000691d0aeb
0x000000001495d040:   0000000000000000 0000000000000000
0x000000001495d050:   0000000019da95b0 0000000000000000 

Instructions: (pc=0x0000000068df3608)
0x0000000068df35e8:   00 48 8b da ff 15 fe 7d 59 00 44 0f b6 05 5a d9
0x0000000068df35f8:   7a 00 4c 8b e0 45 84 c0 74 39 4c 8b 03 48 8b cb
0x0000000068df3608:   41 ff 50 08 84 c0 74 2b 83 7b 08 00 7e 25 0f b6
0x0000000068df3618:   83 0e 01 00 00 c0 e8 03 a8 01 74 17 48 8b 03 48 


Register to memory mapping:

RAX=0x0000000013644800 is a thread
RBX=0x0000000002339800 is an unknown value
RCX=0x0000000002339800 is an unknown value
RDX=0x0000000002339800 is an unknown value
RSP=0x000000001495cf60 is pointing into the stack for thread: 0x0000000013644800
RBP=0x0000000013660c30 is an unknown value
RSI=0x0000000002339800 is an unknown value
RDI=0x0000000000000000 is an unknown value
R8 =0x13c695a6ffff0013 is an unknown value
R9 =0x0000000000000000 is an unknown value
R10=0x0000000013660e60 is an unknown value
R11=0x0000000017be4c40 is an unknown value
R12=0x0000000013644800 is a thread
R13=0x0000000013660c30 is an unknown value
R14=0x0000000019da7df0 is an unknown value
R15=0x0000000000000000 is an unknown value


Stack: [0x0000000014860000,0x0000000014960000],  sp=0x000000001495cf60,  free space=1011k
Native frames: (J=compiled Java code, j=interpreted, Vv=VM code, C=native code)
V  [jvm.dll+0x43608]
V  [jvm.dll+0x43999]
V  [jvm.dll+0x41c6b]
V  [jvm.dll+0x420aeb]
V  [jvm.dll+0x41b8da]
V  [jvm.dll+0x41e727]
V  [jvm.dll+0x41eeeb]
V  [jvm.dll+0x41fde6]
V  [jvm.dll+0x420048]
V  [jvm.dll+0x42047b]
V  [jvm.dll+0x41ffd5]
V  [jvm.dll+0x41bd3b]
V  [jvm.dll+0x41e727]
V  [jvm.dll+0x41eeeb]
V  [jvm.dll+0x41fde6]
V  [jvm.dll+0x420048]
V  [jvm.dll+0x42047b]
V  [jvm.dll+0x41ffd5]
V  [jvm.dll+0x41bd3b]
V  [jvm.dll+0x41e727]
V  [jvm.dll+0x41f01d]
V  [jvm.dll+0x41fde6]
V  [jvm.dll+0x420048]
V  [jvm.dll+0x42047b]
V  [jvm.dll+0x41ffd5]
V  [jvm.dll+0x41bd3b]
V  [jvm.dll+0x41e727]
V  [jvm.dll+0x41eeeb]
V  [jvm.dll+0x41fde6]
V  [jvm.dll+0x420048]
V  [jvm.dll+0x42047b]
V  [jvm.dll+0x41ffd5]
V  [jvm.dll+0x41bd3b]
V  [jvm.dll+0x41e727]
V  [jvm.dll+0x41f01d]
V  [jvm.dll+0x41fde6]
V  [jvm.dll+0x420048]
V  [jvm.dll+0x42047b]
V  [jvm.dll+0x41ffd5]
V  [jvm.dll+0x41bd3b]
V  [jvm.dll+0x41e727]
V  [jvm.dll+0x41eeeb]
V  [jvm.dll+0x41fde6]
V  [jvm.dll+0x420048]
V  [jvm.dll+0x41bd3b]
V  [jvm.dll+0x41e727]
V  [jvm.dll+0x41eeeb]
V  [jvm.dll+0x41fde6]
V  [jvm.dll+0x420048]
V  [jvm.dll+0x41bd3b]
V  [jvm.dll+0x41e727]
V  [jvm.dll+0x41f01d]
V  [jvm.dll+0x41f412]
V  [jvm.dll+0x4244f5]
V  [jvm.dll+0x424600]
V  [jvm.dll+0x40ddb8]
V  [jvm.dll+0x40e021]
V  [jvm.dll+0x40e1e2]
V  [jvm.dll+0x40e3b1]
V  [jvm.dll+0x40e5bf]
V  [jvm.dll+0xa5742]
V  [jvm.dll+0xa607f]
V  [jvm.dll+0x244b7f]
V  [jvm.dll+0x29c43a]
C  [msvcr100.dll+0x21d9f]
C  [msvcr100.dll+0x21e3b]
C  [KERNEL32.DLL+0x17034]
C  [ntdll.dll+0x52651]


Current CompileTask:
C1:  27255 6029       3       android.content.res.TypedArray::$$robo$$android_content_res_TypedArray$loadStringValueAt (51 bytes)


---------------  P R O C E S S  ---------------

Java Threads: ( => current thread )
  0x0000000016cb3800 JavaThread "Java2D Disposer" daemon [_thread_blocked, id=13156, stack(0x0000000018c30000,0x0000000018d30000)]
  0x0000000016708000 JavaThread "SDK 28 Main Thread" [_thread_in_native, id=11136, stack(0x0000000017270000,0x0000000017370000)]
  0x0000000015536000 JavaThread "/127.0.0.1:59592 to /127.0.0.1:59591 workers Thread 3" [_thread_in_native, id=4152, stack(0x0000000015da0000,0x0000000015ea0000)]
  0x0000000015532800 JavaThread "/127.0.0.1:59592 to /127.0.0.1:59591 workers Thread 2" [_thread_blocked, id=3036, stack(0x0000000015ca0000,0x0000000015da0000)]
  0x000000001547b800 JavaThread "Test worker" [_thread_blocked, id=10700, stack(0x0000000015860000,0x0000000015960000)]
  0x000000001366e800 JavaThread "Service Thread" daemon [_thread_blocked, id=7760, stack(0x0000000014d60000,0x0000000014e60000)]
=>0x0000000013644800 JavaThread "C1 CompilerThread1" daemon [_thread_in_vm, id=7292, stack(0x0000000014860000,0x0000000014960000)]
  0x0000000013643800 JavaThread "C2 CompilerThread0" daemon [_thread_blocked, id=12488, stack(0x0000000014760000,0x0000000014860000)]
  0x0000000013641000 JavaThread "Attach Listener" daemon [_thread_blocked, id=10348, stack(0x0000000014660000,0x0000000014760000)]
  0x000000001363e000 JavaThread "Signal Dispatcher" daemon [_thread_blocked, id=7600, stack(0x0000000014560000,0x0000000014660000)]
  0x00000000135b8800 JavaThread "Finalizer" daemon [_thread_blocked, id=10148, stack(0x0000000014220000,0x0000000014320000)]
  0x00000000023de000 JavaThread "Reference Handler" daemon [_thread_blocked, id=12192, stack(0x0000000014120000,0x0000000014220000)]
  0x00000000022f0800 JavaThread "main" [_thread_blocked, id=13304, stack(0x00000000021f0000,0x00000000022f0000)]

Other Threads:
  0x0000000013596000 VMThread [stack: 0x0000000014020000,0x0000000014120000] [id=10336]
  0x00000000149e7000 WatcherThread [stack: 0x0000000014e60000,0x0000000014f60000] [id=6596]

VM state:not at safepoint (normal execution)

VM Mutex/Monitor currently owned by a thread: None

Heap:
 PSYoungGen      total 157696K, used 116514K [0x00000000f5580000, 0x0000000100000000, 0x0000000100000000)
  eden space 144896K, 71% used [0x00000000f5580000,0x00000000fbac9bd0,0x00000000fe300000)
  from space 12800K, 99% used [0x00000000ff380000,0x00000000ffffece0,0x0000000100000000)
  to   space 14848K, 0% used [0x00000000fe300000,0x00000000fe300000,0x00000000ff180000)
 ParOldGen       total 116224K, used 68097K [0x00000000e0000000, 0x00000000e7180000, 0x00000000f5580000)
  object space 116224K, 58% used [0x00000000e0000000,0x00000000e42804e8,0x00000000e7180000)
 Metaspace       used 60104K, capacity 67782K, committed 67968K, reserved 1107968K
  class space    used 7083K, capacity 9245K, committed 9344K, reserved 1048576K

Card table byte_map: [0x00000000117b0000,0x00000000118c0000] byte_map_base: 0x00000000110b0000

Marking Bits: (ParMarkBitMap*) 0x00000000695ca6c0
 Begin Bits: [0x0000000011b70000, 0x0000000012370000)
 End Bits:   [0x0000000012370000, 0x0000000012b70000)

Polling page: 0x0000000000810000

CodeCache: size=245760Kb used=16544Kb max_used=16556Kb free=229215Kb
 bounds [0x00000000023f0000, 0x0000000003460000, 0x00000000113f0000]
 total_blobs=6330 nmethods=5045 adapters=1198
 compilation: enabled

Compilation events (10 events):
Event: 27.201 Thread 0x0000000013644800 6026       3       java.lang.Integer::compare (20 bytes)
Event: 27.201 Thread 0x0000000013644800 nmethod 6026 0x00000000026cd990 code [0x00000000026cdb00, 0x00000000026cdcf0]
Event: 27.201 Thread 0x0000000013644800 6027       3       com.android.internal.util.Preconditions::checkNotNull (8 bytes)
Event: 27.204 Thread 0x0000000013644800 nmethod 6027 0x000000000343ead0 code [0x000000000343ee40, 0x0000000003440d18]
Event: 27.204 Thread 0x0000000013644800 6028       3       org.robolectric.res.android.AttributeResolution9::ApplyStyle (954 bytes)
Event: 27.212 Thread 0x0000000013644800 nmethod 6028 0x0000000003442710 code [0x0000000003442de0, 0x0000000003448538]
Event: 27.212 Thread 0x0000000013644800 6023       3       android.view.View::$$robo$$android_view_View$resetResolvedDrawables (5 bytes)
Event: 27.215 Thread 0x0000000013644800 nmethod 6023 0x000000000344d010 code [0x000000000344d340, 0x000000000344eef8]
Event: 27.215 Thread 0x0000000013644800 6029       3       android.content.res.TypedArray::$$robo$$android_content_res_TypedArray$loadStringValueAt (51 bytes)
Event: 27.217 Thread 0x0000000013643800 6030       4       java.lang.invoke.LambdaForm$MH/1246697082::linkToCallSite (15 bytes)

GC Heap History (10 events):
Event: 21.747 GC heap before
{Heap before GC invocations=21 (full 3):
 PSYoungGen      total 164864K, used 159021K [0x00000000f5580000, 0x0000000100000000, 0x0000000100000000)
  eden space 155648K, 100% used [0x00000000f5580000,0x00000000fed80000,0x00000000fed80000)
  from space 9216K, 36% used [0x00000000fed80000,0x00000000ff0cb7a0,0x00000000ff680000)
  to   space 9728K, 0% used [0x00000000ff680000,0x00000000ff680000,0x0000000100000000)
 ParOldGen       total 116224K, used 60485K [0x00000000e0000000, 0x00000000e7180000, 0x00000000f5580000)
  object space 116224K, 52% used [0x00000000e0000000,0x00000000e3b116c8,0x00000000e7180000)
 Metaspace       used 53928K, capacity 60230K, committed 60416K, reserved 1101824K
  class space    used 6466K, capacity 8404K, committed 8448K, reserved 1048576K
Event: 21.780 GC heap after
Heap after GC invocations=21 (full 3):
 PSYoungGen      total 164864K, used 6933K [0x00000000f5580000, 0x0000000100000000, 0x0000000100000000)
  eden space 155136K, 0% used [0x00000000f5580000,0x00000000f5580000,0x00000000fed00000)
  from space 9728K, 71% used [0x00000000ff680000,0x00000000ffd457b0,0x0000000100000000)
  to   space 9728K, 0% used [0x00000000fed00000,0x00000000fed00000,0x00000000ff680000)
 ParOldGen       total 116224K, used 60485K [0x00000000e0000000, 0x00000000e7180000, 0x00000000f5580000)
  object space 116224K, 52% used [0x00000000e0000000,0x00000000e3b116c8,0x00000000e7180000)
 Metaspace       used 53928K, capacity 60230K, committed 60416K, reserved 1101824K
  class space    used 6466K, capacity 8404K, committed 8448K, reserved 1048576K
}
Event: 23.032 GC heap before
{Heap before GC invocations=22 (full 3):
 PSYoungGen      total 164864K, used 162069K [0x00000000f5580000, 0x0000000100000000, 0x0000000100000000)
  eden space 155136K, 100% used [0x00000000f5580000,0x00000000fed00000,0x00000000fed00000)
  from space 9728K, 71% used [0x00000000ff680000,0x00000000ffd457b0,0x0000000100000000)
  to   space 9728K, 0% used [0x00000000fed00000,0x00000000fed00000,0x00000000ff680000)
 ParOldGen       total 116224K, used 60485K [0x00000000e0000000, 0x00000000e7180000, 0x00000000f5580000)
  object space 116224K, 52% used [0x00000000e0000000,0x00000000e3b116c8,0x00000000e7180000)
 Metaspace       used 56202K, capacity 62920K, committed 63104K, reserved 1103872K
  class space    used 6684K, capacity 8707K, committed 8832K, reserved 1048576K
Event: 23.053 GC heap after
Heap after GC invocations=22 (full 3):
 PSYoungGen      total 163328K, used 7824K [0x00000000f5580000, 0x0000000100000000, 0x0000000100000000)
  eden space 155136K, 0% used [0x00000000f5580000,0x00000000f5580000,0x00000000fed00000)
  from space 8192K, 95% used [0x00000000fed00000,0x00000000ff4a4198,0x00000000ff500000)
  to   space 10240K, 0% used [0x00000000ff600000,0x00000000ff600000,0x0000000100000000)
 ParOldGen       total 116224K, used 60493K [0x00000000e0000000, 0x00000000e7180000, 0x00000000f5580000)
  object space 116224K, 52% used [0x00000000e0000000,0x00000000e3b136c8,0x00000000e7180000)
 Metaspace       used 56202K, capacity 62920K, committed 63104K, reserved 1103872K
  class space    used 6684K, capacity 8707K, committed 8832K, reserved 1048576K
}
Event: 24.640 GC heap before
{Heap before GC invocations=23 (full 3):
 PSYoungGen      total 163328K, used 162960K [0x00000000f5580000, 0x0000000100000000, 0x0000000100000000)
  eden space 155136K, 100% used [0x00000000f5580000,0x00000000fed00000,0x00000000fed00000)
  from space 8192K, 95% used [0x00000000fed00000,0x00000000ff4a4198,0x00000000ff500000)
  to   space 10240K, 0% used [0x00000000ff600000,0x00000000ff600000,0x0000000100000000)
 ParOldGen       total 116224K, used 60493K [0x00000000e0000000, 0x00000000e7180000, 0x00000000f5580000)
  object space 116224K, 52% used [0x00000000e0000000,0x00000000e3b136c8,0x00000000e7180000)
 Metaspace       used 59338K, capacity 66494K, committed 66816K, reserved 1107968K
  class space    used 7039K, capacity 9140K, committed 9216K, reserved 1048576K
Event: 24.697 GC heap after
Heap after GC invocations=23 (full 3):
 PSYoungGen      total 159232K, used 10216K [0x00000000f5580000, 0x0000000100000000, 0x0000000100000000)
  eden space 148992K, 0% used [0x00000000f5580000,0x00000000f5580000,0x00000000fe700000)
  from space 10240K, 99% used [0x00000000ff600000,0x00000000ffffa220,0x0000000100000000)
  to   space 12800K, 0% used [0x00000000fe700000,0x00000000fe700000,0x00000000ff380000)
 ParOldGen       total 116224K, used 64314K [0x00000000e0000000, 0x00000000e7180000, 0x00000000f5580000)
  object space 116224K, 55% used [0x00000000e0000000,0x00000000e3ecebb0,0x00000000e7180000)
 Metaspace       used 59338K, capacity 66494K, committed 66816K, reserved 1107968K
  class space    used 7039K, capacity 9140K, committed 9216K, reserved 1048576K
}
Event: 25.392 GC heap before
{Heap before GC invocations=24 (full 3):
 PSYoungGen      total 159232K, used 159208K [0x00000000f5580000, 0x0000000100000000, 0x0000000100000000)
  eden space 148992K, 100% used [0x00000000f5580000,0x00000000fe700000,0x00000000fe700000)
  from space 10240K, 99% used [0x00000000ff600000,0x00000000ffffa220,0x0000000100000000)
  to   space 12800K, 0% used [0x00000000fe700000,0x00000000fe700000,0x00000000ff380000)
 ParOldGen       total 116224K, used 64314K [0x00000000e0000000, 0x00000000e7180000, 0x00000000f5580000)
  object space 116224K, 55% used [0x00000000e0000000,0x00000000e3ecebb0,0x00000000e7180000)
 Metaspace       used 59840K, capacity 67270K, committed 67456K, reserved 1107968K
  class space    used 7066K, capacity 9218K, committed 9344K, reserved 1048576K
Event: 25.416 GC heap after
Heap after GC invocations=24 (full 3):
 PSYoungGen      total 161792K, used 8635K [0x00000000f5580000, 0x0000000100000000, 0x0000000100000000)
  eden space 148992K, 0% used [0x00000000f5580000,0x00000000f5580000,0x00000000fe700000)
  from space 12800K, 67% used [0x00000000fe700000,0x00000000fef6ece0,0x00000000ff380000)
  to   space 12800K, 0% used [0x00000000ff380000,0x00000000ff380000,0x0000000100000000)
 ParOldGen       total 116224K, used 67572K [0x00000000e0000000, 0x00000000e7180000, 0x00000000f5580000)
  object space 116224K, 58% used [0x00000000e0000000,0x00000000e41fd2a0,0x00000000e7180000)
 Metaspace       used 59840K, capacity 67270K, committed 67456K, reserved 1107968K
  class space    used 7066K, capacity 9218K, committed 9344K, reserved 1048576K
}
Event: 26.814 GC heap before
{Heap before GC invocations=25 (full 3):
 PSYoungGen      total 161792K, used 157627K [0x00000000f5580000, 0x0000000100000000, 0x0000000100000000)
  eden space 148992K, 100% used [0x00000000f5580000,0x00000000fe700000,0x00000000fe700000)
  from space 12800K, 67% used [0x00000000fe700000,0x00000000fef6ece0,0x00000000ff380000)
  to   space 12800K, 0% used [0x00000000ff380000,0x00000000ff380000,0x0000000100000000)
 ParOldGen       total 116224K, used 67572K [0x00000000e0000000, 0x00000000e7180000, 0x00000000f5580000)
  object space 116224K, 58% used [0x00000000e0000000,0x00000000e41fd2a0,0x00000000e7180000)
 Metaspace       used 60034K, capacity 67654K, committed 67968K, reserved 1107968K
  class space    used 7081K, capacity 9241K, committed 9344K, reserved 1048576K
Event: 26.837 GC heap after
Heap after GC invocations=25 (full 3):
 PSYoungGen      total 157696K, used 12795K [0x00000000f5580000, 0x0000000100000000, 0x0000000100000000)
  eden space 144896K, 0% used [0x00000000f5580000,0x00000000f5580000,0x00000000fe300000)
  from space 12800K, 99% used [0x00000000ff380000,0x00000000ffffece0,0x0000000100000000)
  to   space 14848K, 0% used [0x00000000fe300000,0x00000000fe300000,0x00000000ff180000)
 ParOldGen       total 116224K, used 68097K [0x00000000e0000000, 0x00000000e7180000, 0x00000000f5580000)
  object space 116224K, 58% used [0x00000000e0000000,0x00000000e42804e8,0x00000000e7180000)
 Metaspace       used 60034K, capacity 67654K, committed 67968K, reserved 1107968K
  class space    used 7081K, capacity 9241K, committed 9344K, reserved 1048576K
}

Deoptimization events (10 events):
Event: 24.219 Thread 0x000000001547b800 Uncommon trap: reason=class_check action=maybe_recompile pc=0x0000000002e77648 method=com.google.common.collect.ImmutableSet$RegularSetBuilderImpl.add(Ljava/lang/Object;)Lcom/google/common/collect/ImmutableSet$SetBuilderImpl; @ 6
Event: 24.220 Thread 0x000000001547b800 Uncommon trap: reason=unstable_if action=reinterpret pc=0x00000000025335d8 method=org.robolectric.internal.bytecode.MethodRef.equals(Ljava/lang/Object;)Z @ 2
Event: 24.240 Thread 0x0000000016708000 Uncommon trap: reason=bimorphic action=maybe_recompile pc=0x0000000002e676b4 method=java.util.regex.Pattern$Start.<init>(Ljava/util/regex/Pattern$Node;)V @ 22
Event: 24.266 Thread 0x0000000016708000 Uncommon trap: reason=unstable_if action=reinterpret pc=0x0000000003064764 method=org.robolectric.res.android.ResXMLParser.getAttributeNameResID(I)I @ 18
Event: 24.553 Thread 0x0000000016708000 Uncommon trap: reason=unstable_if action=reinterpret pc=0x00000000030df5c4 method=org.robolectric.res.android.ResXMLParser.getAttributeNameResID(I)I @ 18
Event: 25.683 Thread 0x0000000016708000 Uncommon trap: reason=unstable_if action=reinterpret pc=0x00000000029f2d5c method=java.lang.CharacterDataLatin1.digit(II)I @ 82
Event: 25.715 Thread 0x0000000016708000 Uncommon trap: reason=bimorphic action=maybe_recompile pc=0x0000000002e676b4 method=java.util.regex.Pattern$Start.<init>(Ljava/util/regex/Pattern$Node;)V @ 22
Event: 26.371 Thread 0x0000000016708000 Uncommon trap: reason=unstable_if action=reinterpret pc=0x00000000033b3274 method=org.robolectric.res.android.ResTable_config.match(Lorg/robolectric/res/android/ResTable_config;)Z @ 531
Event: 26.548 Thread 0x0000000016708000 Uncommon trap: reason=unstable_if action=reinterpret pc=0x0000000002e75c48 method=com.google.common.base.Objects.equal(Ljava/lang/Object;Ljava/lang/Object;)Z @ 2
Event: 26.587 Thread 0x0000000016708000 Uncommon trap: reason=unstable_if action=reinterpret pc=0x0000000002b25738 method=com.google.common.base.Objects.equal(Ljava/lang/Object;Ljava/lang/Object;)Z @ 2

Internal exceptions (10 events):
Event: 11.354 Thread 0x0000000016708000 Exception <a 'java/security/PrivilegedActionException'> (0x00000000f907b1e0) thrown at [C:\re\workspace\8-2-build-windows-amd64-cygwin\jdk8u111\7883\hotspot\src\share\vm\prims\jvm.cpp, line 1386]
Event: 13.754 Thread 0x0000000016708000 Exception <a 'sun/nio/fs/WindowsException'> (0x00000000f68940d8) thrown at [C:\re\workspace\8-2-build-windows-amd64-cygwin\jdk8u111\7883\hotspot\src\share\vm\prims\jni.cpp, line 709]
Event: 14.705 Thread 0x0000000016708000 Exception <a 'java/lang/NoSuchFieldError': method resolution failed> (0x00000000fe70df58) thrown at [C:\re\workspace\8-2-build-windows-amd64-cygwin\jdk8u111\7883\hotspot\src\share\vm\prims\methodHandles.cpp, line 1146]
Event: 17.128 Thread 0x0000000016708000 Exception <a 'java/lang/NoSuchFieldError': method resolution failed> (0x00000000fc1467a8) thrown at [C:\re\workspace\8-2-build-windows-amd64-cygwin\jdk8u111\7883\hotspot\src\share\vm\prims\methodHandles.cpp, line 1146]
Event: 19.065 Thread 0x0000000016708000 Exception <a 'java/io/FileNotFoundException'> (0x00000000f61648c8) thrown at [C:\re\workspace\8-2-build-windows-amd64-cygwin\jdk8u111\7883\hotspot\src\share\vm\prims\jni.cpp, line 709]
Event: 19.190 Thread 0x0000000016708000 Implicit null exception at 0x0000000002678e55 to 0x0000000002679031
Event: 20.933 Thread 0x0000000016708000 Exception <a 'java/lang/NoSuchMethodError': java.lang.Object.lambda$comparingDouble$8dcf42ea$1(Ljava/util/function/ToDoubleFunction;Ljava/lang/Object;Ljava/lang/Object;)I> (0x00000000f8f21190) thrown at [C:\re\workspace\8-2-build-windows-amd64-cygwin\jdk8
Event: 24.113 Thread 0x0000000016708000 Exception <a 'java/lang/NoSuchMethodError': java.lang.Object.lambda$get$0(Ljava/lang/Object;)V> (0x00000000fbb71288) thrown at [C:\re\workspace\8-2-build-windows-amd64-cygwin\jdk8u111\7883\hotspot\src\share\vm\interpreter\linkResolver.cpp, line 582]
Event: 24.394 Thread 0x0000000016708000 Exception <a 'sun/nio/fs/WindowsException'> (0x00000000fcb85860) thrown at [C:\re\workspace\8-2-build-windows-amd64-cygwin\jdk8u111\7883\hotspot\src\share\vm\prims\jni.cpp, line 709]
Event: 26.393 Thread 0x0000000016708000 Exception <a 'sun/nio/fs/WindowsException'> (0x00000000f85a3bb0) thrown at [C:\re\workspace\8-2-build-windows-amd64-cygwin\jdk8u111\7883\hotspot\src\share\vm\prims\jni.cpp, line 709]

Events (10 events):
Event: 26.555 Thread 0x0000000013644800 flushing nmethod 0x0000000002ff21d0
Event: 26.587 Thread 0x0000000016708000 Uncommon trap: trap_request=0xffffff65 fr.pc=0x0000000002b25738
Event: 26.587 Thread 0x0000000016708000 DEOPT PACKING pc=0x0000000002b25738 sp=0x0000000017368050
Event: 26.587 Thread 0x0000000016708000 DEOPT UNPACKING pc=0x000000000243582a sp=0x0000000017367f40 mode 2
Event: 26.814 Executing VM operation: ParallelGCFailedAllocation
Event: 26.837 Executing VM operation: ParallelGCFailedAllocation done
Event: 26.838 Executing VM operation: RevokeBias
Event: 26.838 Executing VM operation: RevokeBias done
Event: 27.203 Thread 0x0000000016708000 DEOPT PACKING pc=0x0000000002a6caef sp=0x0000000017366e50
Event: 27.203 Thread 0x0000000016708000 DEOPT UNPACKING pc=0x000000000243747f sp=0x0000000017366bc0 mode 0


Dynamic libraries:
0x00007ff6dc770000 - 0x00007ff6dc7a7000 	C:\Program Files\Java\jdk1.8.0_111\bin\java.exe
0x00007ffc0e550000 - 0x00007ffc0e745000 	C:\Windows\SYSTEM32\ntdll.dll
0x00007ffc0caf0000 - 0x00007ffc0cbae000 	C:\Windows\System32\KERNEL32.DLL
0x00007ffc0c170000 - 0x00007ffc0c439000 	C:\Windows\System32\KERNELBASE.dll
0x00007ffc0c6d0000 - 0x00007ffc0c77c000 	C:\Windows\System32\ADVAPI32.dll
0x00007ffc0ce30000 - 0x00007ffc0cece000 	C:\Windows\System32\msvcrt.dll
0x00007ffc0e410000 - 0x00007ffc0e4ab000 	C:\Windows\System32\sechost.dll
0x00007ffc0c9c0000 - 0x00007ffc0caea000 	C:\Windows\System32\RPCRT4.dll
0x00007ffc0dac0000 - 0x00007ffc0dc61000 	C:\Windows\System32\USER32.dll
0x00007ffc0bda0000 - 0x00007ffc0bdc2000 	C:\Windows\System32\win32u.dll
0x00007ffc0d230000 - 0x00007ffc0d25b000 	C:\Windows\System32\GDI32.dll
0x00007ffc0c060000 - 0x00007ffc0c16b000 	C:\Windows\System32\gdi32full.dll
0x00007ffc0bf30000 - 0x00007ffc0bfcd000 	C:\Windows\System32\msvcp_win.dll
0x00007ffc0bdd0000 - 0x00007ffc0bed0000 	C:\Windows\System32\ucrtbase.dll
0x00007ffbf68b0000 - 0x00007ffbf6b4a000 	C:\Windows\WinSxS\amd64_microsoft.windows.common-controls_6595b64144ccf1df_6.0.19041.1110_none_60b5254171f9507e\COMCTL32.dll
0x00007ffc0cdf0000 - 0x00007ffc0ce20000 	C:\Windows\System32\IMM32.DLL
0x0000000069650000 - 0x0000000069722000 	C:\Program Files\Java\jdk1.8.0_111\jre\bin\msvcr100.dll
0x0000000068db0000 - 0x000000006964a000 	C:\Program Files\Java\jdk1.8.0_111\jre\bin\server\jvm.dll
0x00007ffc0ce20000 - 0x00007ffc0ce28000 	C:\Windows\System32\PSAPI.DLL
0x00007ffbfda00000 - 0x00007ffbfda09000 	C:\Windows\SYSTEM32\WSOCK32.dll
0x00007ffc0d0d0000 - 0x00007ffc0d13b000 	C:\Windows\System32\WS2_32.dll
0x00007ffbf95a0000 - 0x00007ffbf95c7000 	C:\Windows\SYSTEM32\WINMM.dll
0x00007ffc04960000 - 0x00007ffc0496a000 	C:\Windows\SYSTEM32\VERSION.dll
0x0000000068da0000 - 0x0000000068daf000 	C:\Program Files\Java\jdk1.8.0_111\jre\bin\verify.dll
0x0000000068d70000 - 0x0000000068d99000 	C:\Program Files\Java\jdk1.8.0_111\jre\bin\java.dll
0x0000000068d50000 - 0x0000000068d66000 	C:\Program Files\Java\jdk1.8.0_111\jre\bin\zip.dll
0x00007ffc0dc70000 - 0x00007ffc0e3af000 	C:\Windows\System32\SHELL32.dll
0x00007ffc09d70000 - 0x00007ffc0a500000 	C:\Windows\SYSTEM32\windows.storage.dll
0x00007ffc0d760000 - 0x00007ffc0dab5000 	C:\Windows\System32\combase.dll
0x00007ffc0b5f0000 - 0x00007ffc0b61c000 	C:\Windows\SYSTEM32\Wldp.dll
0x00007ffc0cd40000 - 0x00007ffc0cdee000 	C:\Windows\System32\SHCORE.dll
0x00007ffc0d700000 - 0x00007ffc0d755000 	C:\Windows\System32\shlwapi.dll
0x00007ffc0bbb0000 - 0x00007ffc0bbcf000 	C:\Windows\SYSTEM32\profapi.dll
0x0000000068d30000 - 0x0000000068d4a000 	C:\Program Files\Java\jdk1.8.0_111\jre\bin\net.dll
0x00007ffc0b350000 - 0x00007ffc0b3ba000 	C:\Windows\system32\mswsock.dll
0x0000000068d10000 - 0x0000000068d21000 	C:\Program Files\Java\jdk1.8.0_111\jre\bin\nio.dll
0x00007ffc0b540000 - 0x00007ffc0b558000 	C:\Windows\SYSTEM32\CRYPTSP.dll
0x00007ffc0acd0000 - 0x00007ffc0ad04000 	C:\Windows\system32\rsaenh.dll
0x00007ffc0bc70000 - 0x00007ffc0bc97000 	C:\Windows\System32\bcrypt.dll
0x00007ffc0bb30000 - 0x00007ffc0bb5e000 	C:\Windows\SYSTEM32\USERENV.dll
0x00007ffc0bfd0000 - 0x00007ffc0c053000 	C:\Windows\System32\bcryptprimitives.dll
0x00007ffc0b560000 - 0x00007ffc0b56c000 	C:\Windows\SYSTEM32\CRYPTBASE.dll
0x00007ffc0b040000 - 0x00007ffc0b07b000 	C:\Windows\SYSTEM32\IPHLPAPI.DLL
0x00007ffc0cff0000 - 0x00007ffc0cff8000 	C:\Windows\System32\NSI.dll
0x00007ffc05890000 - 0x00007ffc058a7000 	C:\Windows\SYSTEM32\dhcpcsvc6.DLL
0x00007ffc05a80000 - 0x00007ffc05a9d000 	C:\Windows\SYSTEM32\dhcpcsvc.DLL
0x00007ffc0b080000 - 0x00007ffc0b14c000 	C:\Windows\SYSTEM32\DNSAPI.dll
0x0000000068cd0000 - 0x0000000068cf4000 	C:\Program Files\Java\jdk1.8.0_111\jre\bin\sunec.dll
0x0000000068cc0000 - 0x0000000068ccb000 	C:\Program Files\Java\jdk1.8.0_111\jre\bin\sunmscapi.dll
0x00007ffc0c440000 - 0x00007ffc0c596000 	C:\Windows\System32\CRYPT32.dll
0x0000000068b20000 - 0x0000000068cb8000 	C:\Program Files\Java\jdk1.8.0_111\jre\bin\awt.dll
0x00007ffc0d000000 - 0x00007ffc0d0cd000 	C:\Windows\System32\OLEAUT32.dll
0x00007ffc09600000 - 0x00007ffc09690000 	C:\Windows\SYSTEM32\apphelp.dll
0x00007ffbfce30000 - 0x00007ffbfd014000 	C:\Windows\SYSTEM32\dbghelp.dll

VM Arguments:
jvm_args: -Djava.awt.headless=true -Djava.security.manager=worker.org.gradle.process.internal.worker.child.BootstrapSecurityManager -Dorg.gradle.native=false -Xmx512m -Dfile.encoding=windows-1252 -Duser.country=ID -Duser.language=en -Duser.variant -ea 
java_command: worker.org.gradle.process.internal.worker.GradleWorkerMain 'Gradle Test Executor 6'
java_class_path (initial): C:\Users\HP\.gradle\caches\6.1.1\workerMain\gradle-worker.jar
Launcher Type: SUN_STANDARD

Environment Variables:
PATH=C:\ProgramData\Oracle\Java\javapath;C:\Windows\system32;C:\Windows;C:\Windows\System32\Wbem;C:\Windows\System32\WindowsPowerShell\v1.0\;C:\Windows\System32\OpenSSH\;C:\Program Files\Git\cmd;C:\Program Files\nodejs\;C:\Program Files\Microsoft SQL Server\Client SDK\ODBC\170\Tools\Binn\;C:\Program Files (x86)\Microsoft SQL Server\150\Tools\Binn\;C:\Program Files\Microsoft SQL Server\150\Tools\Binn\;C:\Program Files\Microsoft SQL Server\150\DTS\Binn\;C:\Program Files (x86)\Microsoft SQL Server\150\DTS\Binn\;C:\Program Files\Azure Data Studio\bin;C:\Program Files\Java\jdk1.8.0_111\bin;C:\Program Files (x86)\PuTTY\;C:\Users\HP\AppData\Local\Microsoft\WindowsApps;C:\xampp\php;C:\Users\HP\AppData\Local\ComposerSetup\bin;C:\Users\HP\AppData\Roaming\Composer\vendor\bin;C:\Users\HP\AppData\Roaming\npm;C:\Users\HP\AppData\Local\Programs\Microsoft VS Code\bin;C:\Program Files\Azure Data Studio\bin
USERNAME=HP
OS=Windows_NT
PROCESSOR_IDENTIFIER=AMD64 Family 21 Model 112 Stepping 0, AuthenticAMD



---------------  S Y S T E M  ---------------

OS: Windows 10.0 , 64 bit Build 19041 (10.0.19041.1202)

CPU:total 2 (2 cores per cpu, 1 threads per core) family 21 model 112 stepping 0, cmov, cx8, fxsr, mmx, sse, sse2, sse3, ssse3, sse4.1, sse4.2, popcnt, avx, avx2, aes, clmul, mmxext, 3dnowpref, lzcnt, sse4a, tsc, tscinvbit, tscinv, bmi1

Memory: 4k page, physical 4073412k(545500k free), swap 10440700k(1839944k free)

vm_info: Java HotSpot(TM) 64-Bit Server VM (25.111-b14) for windows-amd64 JRE (1.8.0_111-b14), built on Sep 22 2016 19:24:05 by "java_re" with MS VC++ 10.0 (VS2010)

time: Tue Sep 28 17:53:30 2021
elapsed time: 27 seconds (0d 0h 0m 27s)

