#
# A fatal error has been detected by the Java Runtime Environment:
#
#  EXCEPTION_ACCESS_VIOLATION (0xc0000005) at pc=0x0000000068df3608, pid=8880, tid=0x0000000000002d1c
#
# JRE version: Java(TM) SE Runtime Environment (8.0_111-b14) (build 1.8.0_111-b14)
# Java VM: Java HotSpot(TM) 64-Bit Server VM (25.111-b14 mixed mode windows-amd64 compressed oops)
# Problematic frame:
# V  [jvm.dll+0x43608]
#
# Failed to write core dump. Minidumps are not enabled by default on client versions of Windows
#
# If you would like to submit a bug report, please visit:
#   http://bugreport.java.com/bugreport/crash.jsp
#

---------------  T H R E A D  ---------------

Current thread (0x00000000135c6800):  JavaThread "C1 CompilerThread1" daemon [_thread_in_vm, id=11548, stack(0x00000000147c0000,0x00000000148c0000)]

siginfo: ExceptionCode=0xc0000005, reading address 0xffffffffffffffff

Registers:
RAX=0x00000000135c6800, RBX=0x0000000002369ad0, RCX=0x0000000002369ad0, RDX=0x0000000002369ad0
RSP=0x00000000148bcf60, RBP=0x00000000152a8020, RSI=0x0000000002369ad0, RDI=0x0000000000000000
R8 =0x13c695a6ffff0013, R9 =0x0000000000000000, R10=0x00000000152a8250, R11=0x0000000018cbac00
R12=0x00000000135c6800, R13=0x00000000152a8020, R14=0x0000000018f5c8b0, R15=0x0000000000000000
RIP=0x0000000068df3608, EFLAGS=0x0000000000010202

Top of Stack: (sp=0x00000000148bcf60)
0x00000000148bcf60:   00000000000000b6 00000000148bf510
0x00000000148bcf70:   0000000000000000 0000000000000077
0x00000000148bcf80:   000000001896b7b0 00000000148bf510
0x00000000148bcf90:   00000000148bd070 0000000068ddfe25
0x00000000148bcfa0:   00000000000000e7 0000000068df3999
0x00000000148bcfb0:   0000000000000077 0000000000000077
0x00000000148bcfc0:   0000000000000000 0000000000000000
0x00000000148bcfd0:   00000000000000b6 000000001617ee30
0x00000000148bcfe0:   00000000135ba9c0 0000000068df1c6b
0x00000000148bcff0:   0000000000000000 00000000135c6800
0x00000000148bd000:   0000000018f5da20 0000000068ddce0f
0x00000000148bd010:   00000000135c6800 0000000068df6f80
0x00000000148bd020:   00000000135c6800 00000000135c6800
0x00000000148bd030:   000000001617ee30 00000000691d0aeb
0x00000000148bd040:   0000000000000000 0000000000000000
0x00000000148bd050:   0000000018f5da20 0000000000000000 

Instructions: (pc=0x0000000068df3608)
0x0000000068df35e8:   00 48 8b da ff 15 fe 7d 59 00 44 0f b6 05 5a d9
0x0000000068df35f8:   7a 00 4c 8b e0 45 84 c0 74 39 4c 8b 03 48 8b cb
0x0000000068df3608:   41 ff 50 08 84 c0 74 2b 83 7b 08 00 7e 25 0f b6
0x0000000068df3618:   83 0e 01 00 00 c0 e8 03 a8 01 74 17 48 8b 03 48 


Register to memory mapping:

RAX=0x00000000135c6800 is a thread
RBX=0x0000000002369ad0 is an unknown value
RCX=0x0000000002369ad0 is an unknown value
RDX=0x0000000002369ad0 is an unknown value
RSP=0x00000000148bcf60 is pointing into the stack for thread: 0x00000000135c6800
RBP=0x00000000152a8020 is an unknown value
RSI=0x0000000002369ad0 is an unknown value
RDI=0x0000000000000000 is an unknown value
R8 =0x13c695a6ffff0013 is an unknown value
R9 =0x0000000000000000 is an unknown value
R10=0x00000000152a8250 is an unknown value
R11=0x0000000018cbac00 is an unknown value
R12=0x00000000135c6800 is a thread
R13=0x00000000152a8020 is an unknown value
R14=0x0000000018f5c8b0 is an unknown value
R15=0x0000000000000000 is an unknown value


Stack: [0x00000000147c0000,0x00000000148c0000],  sp=0x00000000148bcf60,  free space=1011k
Native frames: (J=compiled Java code, j=interpreted, Vv=VM code, C=native code)
V  [jvm.dll+0x43608]
V  [jvm.dll+0x43999]
V  [jvm.dll+0x41c6b]
V  [jvm.dll+0x420aeb]
V  [jvm.dll+0x41b8da]
V  [jvm.dll+0x41e727]
V  [jvm.dll+0x41eeeb]
V  [jvm.dll+0x41fde6]
V  [jvm.dll+0x420048]
V  [jvm.dll+0x42047b]
V  [jvm.dll+0x41ffd5]
V  [jvm.dll+0x41bd3b]
V  [jvm.dll+0x41e727]
V  [jvm.dll+0x41eeeb]
V  [jvm.dll+0x41fde6]
V  [jvm.dll+0x420048]
V  [jvm.dll+0x42047b]
V  [jvm.dll+0x41ffd5]
V  [jvm.dll+0x41bd3b]
V  [jvm.dll+0x41e727]
V  [jvm.dll+0x41f01d]
V  [jvm.dll+0x41fde6]
V  [jvm.dll+0x420048]
V  [jvm.dll+0x42047b]
V  [jvm.dll+0x41ffd5]
V  [jvm.dll+0x41bd3b]
V  [jvm.dll+0x41e727]
V  [jvm.dll+0x41eeeb]
V  [jvm.dll+0x41fde6]
V  [jvm.dll+0x420048]
V  [jvm.dll+0x42047b]
V  [jvm.dll+0x41ffd5]
V  [jvm.dll+0x41bd3b]
V  [jvm.dll+0x41e727]
V  [jvm.dll+0x41f01d]
V  [jvm.dll+0x41fde6]
V  [jvm.dll+0x420048]
V  [jvm.dll+0x42047b]
V  [jvm.dll+0x41ffd5]
V  [jvm.dll+0x41bd3b]
V  [jvm.dll+0x41e727]
V  [jvm.dll+0x41eeeb]
V  [jvm.dll+0x41fde6]
V  [jvm.dll+0x420048]
V  [jvm.dll+0x41bd3b]
V  [jvm.dll+0x41e727]
V  [jvm.dll+0x41eeeb]
V  [jvm.dll+0x41fde6]
V  [jvm.dll+0x420048]
V  [jvm.dll+0x41bd3b]
V  [jvm.dll+0x41e727]
V  [jvm.dll+0x41f01d]
V  [jvm.dll+0x41f412]
V  [jvm.dll+0x4244f5]
V  [jvm.dll+0x424600]
V  [jvm.dll+0x40ddb8]
V  [jvm.dll+0x40e021]
V  [jvm.dll+0x40e1e2]
V  [jvm.dll+0x40e3b1]
V  [jvm.dll+0x40e5bf]
V  [jvm.dll+0xa5742]
V  [jvm.dll+0xa607f]
V  [jvm.dll+0x244b7f]
V  [jvm.dll+0x29c43a]
C  [msvcr100.dll+0x21d9f]
C  [msvcr100.dll+0x21e3b]
C  [KERNEL32.DLL+0x17034]
C  [ntdll.dll+0x52651]


Current CompileTask:
C1:  51347 5982       3       android.content.res.TypedArray::$$robo$$android_content_res_TypedArray$loadStringValueAt (51 bytes)


---------------  P R O C E S S  ---------------

Java Threads: ( => current thread )
  0x0000000017d49800 JavaThread "Java2D Disposer" daemon [_thread_blocked, id=7592, stack(0x000000001b680000,0x000000001b780000)]
  0x0000000014950000 JavaThread "SDK 28 Main Thread" [_thread_blocked, id=11724, stack(0x00000000171d0000,0x00000000172d0000)]
  0x0000000015556800 JavaThread "/127.0.0.1:55669 to /127.0.0.1:55668 workers Thread 3" [_thread_in_native, id=10048, stack(0x0000000015d00000,0x0000000015e00000)]
  0x0000000015556000 JavaThread "/127.0.0.1:55669 to /127.0.0.1:55668 workers Thread 2" [_thread_blocked, id=1876, stack(0x0000000015c00000,0x0000000015d00000)]
  0x00000000152cc000 JavaThread "Test worker" [_thread_blocked, id=6308, stack(0x00000000157c0000,0x00000000158c0000)]
  0x00000000135ee800 JavaThread "Service Thread" daemon [_thread_blocked, id=7604, stack(0x0000000014cc0000,0x0000000014dc0000)]
=>0x00000000135c6800 JavaThread "C1 CompilerThread1" daemon [_thread_in_vm, id=11548, stack(0x00000000147c0000,0x00000000148c0000)]
  0x00000000135c6000 JavaThread "C2 CompilerThread0" daemon [_thread_blocked, id=12652, stack(0x00000000146c0000,0x00000000147c0000)]
  0x00000000135c4000 JavaThread "Attach Listener" daemon [_thread_blocked, id=3052, stack(0x00000000145c0000,0x00000000146c0000)]
  0x00000000135bf000 JavaThread "Signal Dispatcher" daemon [_thread_blocked, id=7536, stack(0x00000000144c0000,0x00000000145c0000)]
  0x0000000013538800 JavaThread "Finalizer" daemon [_thread_blocked, id=12064, stack(0x0000000014180000,0x0000000014280000)]
  0x000000000240e000 JavaThread "Reference Handler" daemon [_thread_blocked, id=2360, stack(0x0000000014080000,0x0000000014180000)]
  0x0000000002320800 JavaThread "main" [_thread_blocked, id=1960, stack(0x0000000002220000,0x0000000002320000)]

Other Threads:
  0x0000000013516000 VMThread [stack: 0x0000000013f80000,0x0000000014080000] [id=3776]
  0x000000001495c800 WatcherThread [stack: 0x0000000014dc0000,0x0000000014ec0000] [id=7636]

VM state:synchronizing (normal execution)

VM Mutex/Monitor currently owned by a thread:  ([mutex/lock_event])
[0x000000000221ca10] Threads_lock - owner thread: 0x0000000013516000

Heap:
 PSYoungGen      total 164864K, used 128320K [0x00000000f5580000, 0x0000000100000000, 0x0000000100000000)
  eden space 155136K, 78% used [0x00000000f5580000,0x00000000fcc22570,0x00000000fed00000)
  from space 9728K, 70% used [0x00000000ff680000,0x00000000ffd2dba0,0x0000000100000000)
  to   space 9728K, 0% used [0x00000000fed00000,0x00000000fed00000,0x00000000ff680000)
 ParOldGen       total 119808K, used 65403K [0x00000000e0000000, 0x00000000e7500000, 0x00000000f5580000)
  object space 119808K, 54% used [0x00000000e0000000,0x00000000e3fdece0,0x00000000e7500000)
 Metaspace       used 59944K, capacity 67472K, committed 67712K, reserved 1107968K
  class space    used 7078K, capacity 9236K, committed 9344K, reserved 1048576K

Card table byte_map: [0x00000000117e0000,0x00000000118f0000] byte_map_base: 0x00000000110e0000

Marking Bits: (ParMarkBitMap*) 0x00000000695ca6c0
 Begin Bits: [0x0000000011af0000, 0x00000000122f0000)
 End Bits:   [0x00000000122f0000, 0x0000000012af0000)

Polling page: 0x0000000000420000

CodeCache: size=245760Kb used=16112Kb max_used=16112Kb free=229647Kb
 bounds [0x0000000002420000, 0x0000000003410000, 0x0000000011420000]
 total_blobs=6090 nmethods=4804 adapters=1198
 compilation: enabled

Compilation events (10 events):
Event: 50.069 Thread 0x00000000135c6800 nmethod 5977 0x0000000002566290 code [0x0000000002566400, 0x00000000025666b0]
Event: 50.069 Thread 0x00000000135c6800 5978       3       com.google.common.collect.HashBiMap::rehashIfNecessary (87 bytes)
Event: 50.070 Thread 0x00000000135c6800 nmethod 5978 0x0000000002ac1a50 code [0x0000000002ac1c20, 0x0000000002ac2208]
Event: 50.072 Thread 0x00000000135c6800 5979       3       java.util.regex.Pattern$5::isSatisfiedBy (28 bytes)
Event: 50.072 Thread 0x00000000135c6800 nmethod 5979 0x0000000002a3ab90 code [0x0000000002a3ad20, 0x0000000002a3b0b8]
Event: 50.072 Thread 0x00000000135c6800 5980       3       java.util.Formatter$Conversion::isGeneral (64 bytes)
Event: 50.073 Thread 0x00000000135c6800 nmethod 5980 0x0000000002ac1690 code [0x0000000002ac17e0, 0x0000000002ac1950]
Event: 50.073 Thread 0x00000000135c6800 5981       1       java.util.Formatter$FormatSpecifier::index (5 bytes)
Event: 50.073 Thread 0x00000000135c6800 nmethod 5981 0x0000000002605a50 code [0x0000000002605ba0, 0x0000000002605cb0]
Event: 50.077 Thread 0x00000000135c6800 5982       3       android.content.res.TypedArray::$$robo$$android_content_res_TypedArray$loadStringValueAt (51 bytes)

GC Heap History (10 events):
Event: 43.141 GC heap before
{Heap before GC invocations=23 (full 2):
 PSYoungGen      total 164864K, used 31796K [0x00000000f5580000, 0x00000000fff80000, 0x0000000100000000)
  eden space 155648K, 18% used [0x00000000f5580000,0x00000000f70dddf8,0x00000000fed80000)
  from space 9216K, 40% used [0x00000000ff680000,0x00000000ffa2f2c0,0x00000000fff80000)
  to   space 9216K, 0% used [0x00000000fed80000,0x00000000fed80000,0x00000000ff680000)
 ParOldGen       total 101888K, used 63254K [0x00000000e0000000, 0x00000000e6380000, 0x00000000f5580000)
  object space 101888K, 62% used [0x00000000e0000000,0x00000000e3dc5aa8,0x00000000e6380000)
 Metaspace       used 52630K, capacity 58880K, committed 59008K, reserved 1099776K
  class space    used 6353K, capacity 8279K, committed 8320K, reserved 1048576K
Event: 43.152 GC heap after
Heap after GC invocations=23 (full 2):
 PSYoungGen      total 164864K, used 749K [0x00000000f5580000, 0x0000000100000000, 0x0000000100000000)
  eden space 155648K, 0% used [0x00000000f5580000,0x00000000f5580000,0x00000000fed80000)
  from space 9216K, 8% used [0x00000000fed80000,0x00000000fee3b448,0x00000000ff680000)
  to   space 9216K, 0% used [0x00000000ff700000,0x00000000ff700000,0x0000000100000000)
 ParOldGen       total 101888K, used 65195K [0x00000000e0000000, 0x00000000e6380000, 0x00000000f5580000)
  object space 101888K, 63% used [0x00000000e0000000,0x00000000e3faacd8,0x00000000e6380000)
 Metaspace       used 52630K, capacity 58880K, committed 59008K, reserved 1099776K
  class space    used 6353K, capacity 8279K, committed 8320K, reserved 1048576K
}
Event: 43.152 GC heap before
{Heap before GC invocations=24 (full 3):
 PSYoungGen      total 164864K, used 749K [0x00000000f5580000, 0x0000000100000000, 0x0000000100000000)
  eden space 155648K, 0% used [0x00000000f5580000,0x00000000f5580000,0x00000000fed80000)
  from space 9216K, 8% used [0x00000000fed80000,0x00000000fee3b448,0x00000000ff680000)
  to   space 9216K, 0% used [0x00000000ff700000,0x00000000ff700000,0x0000000100000000)
 ParOldGen       total 101888K, used 65195K [0x00000000e0000000, 0x00000000e6380000, 0x00000000f5580000)
  object space 101888K, 63% used [0x00000000e0000000,0x00000000e3faacd8,0x00000000e6380000)
 Metaspace       used 52630K, capacity 58880K, committed 59008K, reserved 1099776K
  class space    used 6353K, capacity 8279K, committed 8320K, reserved 1048576K
Event: 43.591 GC heap after
Heap after GC invocations=24 (full 3):
 PSYoungGen      total 164864K, used 0K [0x00000000f5580000, 0x0000000100000000, 0x0000000100000000)
  eden space 155648K, 0% used [0x00000000f5580000,0x00000000f5580000,0x00000000fed80000)
  from space 9216K, 0% used [0x00000000fed80000,0x00000000fed80000,0x00000000ff680000)
  to   space 9216K, 0% used [0x00000000ff700000,0x00000000ff700000,0x0000000100000000)
 ParOldGen       total 119808K, used 63297K [0x00000000e0000000, 0x00000000e7500000, 0x00000000f5580000)
  object space 119808K, 52% used [0x00000000e0000000,0x00000000e3dd0660,0x00000000e7500000)
 Metaspace       used 52630K, capacity 58880K, committed 59008K, reserved 1099776K
  class space    used 6353K, capacity 8279K, committed 8320K, reserved 1048576K
}
Event: 45.291 GC heap before
{Heap before GC invocations=25 (full 3):
 PSYoungGen      total 164864K, used 155648K [0x00000000f5580000, 0x0000000100000000, 0x0000000100000000)
  eden space 155648K, 100% used [0x00000000f5580000,0x00000000fed80000,0x00000000fed80000)
  from space 9216K, 0% used [0x00000000fed80000,0x00000000fed80000,0x00000000ff680000)
  to   space 9216K, 0% used [0x00000000ff700000,0x00000000ff700000,0x0000000100000000)
 ParOldGen       total 119808K, used 63297K [0x00000000e0000000, 0x00000000e7500000, 0x00000000f5580000)
  object space 119808K, 52% used [0x00000000e0000000,0x00000000e3dd0660,0x00000000e7500000)
 Metaspace       used 55595K, capacity 62088K, committed 62464K, reserved 1103872K
  class space    used 6608K, capacity 8577K, committed 8704K, reserved 1048576K
Event: 45.307 GC heap after
Heap after GC invocations=25 (full 3):
 PSYoungGen      total 165376K, used 3390K [0x00000000f5580000, 0x0000000100000000, 0x0000000100000000)
  eden space 156160K, 0% used [0x00000000f5580000,0x00000000f5580000,0x00000000fee00000)
  from space 9216K, 36% used [0x00000000ff700000,0x00000000ffa4fb90,0x0000000100000000)
  to   space 9216K, 0% used [0x00000000fee00000,0x00000000fee00000,0x00000000ff700000)
 ParOldGen       total 119808K, used 63297K [0x00000000e0000000, 0x00000000e7500000, 0x00000000f5580000)
  object space 119808K, 52% used [0x00000000e0000000,0x00000000e3dd0660,0x00000000e7500000)
 Metaspace       used 55595K, capacity 62088K, committed 62464K, reserved 1103872K
  class space    used 6608K, capacity 8577K, committed 8704K, reserved 1048576K
}
Event: 47.495 GC heap before
{Heap before GC invocations=26 (full 3):
 PSYoungGen      total 165376K, used 159550K [0x00000000f5580000, 0x0000000100000000, 0x0000000100000000)
  eden space 156160K, 100% used [0x00000000f5580000,0x00000000fee00000,0x00000000fee00000)
  from space 9216K, 36% used [0x00000000ff700000,0x00000000ffa4fb90,0x0000000100000000)
  to   space 9216K, 0% used [0x00000000fee00000,0x00000000fee00000,0x00000000ff700000)
 ParOldGen       total 119808K, used 63297K [0x00000000e0000000, 0x00000000e7500000, 0x00000000f5580000)
  object space 119808K, 52% used [0x00000000e0000000,0x00000000e3dd0660,0x00000000e7500000)
 Metaspace       used 58897K, capacity 65820K, committed 65920K, reserved 1105920K
  class space    used 7012K, capacity 9070K, committed 9088K, reserved 1048576K
Event: 47.524 GC heap after
Heap after GC invocations=26 (full 3):
 PSYoungGen      total 162816K, used 6552K [0x00000000f5580000, 0x0000000100000000, 0x0000000100000000)
  eden space 156160K, 0% used [0x00000000f5580000,0x00000000f5580000,0x00000000fee00000)
  from space 6656K, 98% used [0x00000000fee00000,0x00000000ff466128,0x00000000ff480000)
  to   space 9728K, 0% used [0x00000000ff680000,0x00000000ff680000,0x0000000100000000)
 ParOldGen       total 119808K, used 65395K [0x00000000e0000000, 0x00000000e7500000, 0x00000000f5580000)
  object space 119808K, 54% used [0x00000000e0000000,0x00000000e3fdcce0,0x00000000e7500000)
 Metaspace       used 58897K, capacity 65820K, committed 65920K, reserved 1105920K
  class space    used 7012K, capacity 9070K, committed 9088K, reserved 1048576K
}
Event: 49.459 GC heap before
{Heap before GC invocations=27 (full 3):
 PSYoungGen      total 162816K, used 162712K [0x00000000f5580000, 0x0000000100000000, 0x0000000100000000)
  eden space 156160K, 100% used [0x00000000f5580000,0x00000000fee00000,0x00000000fee00000)
  from space 6656K, 98% used [0x00000000fee00000,0x00000000ff466128,0x00000000ff480000)
  to   space 9728K, 0% used [0x00000000ff680000,0x00000000ff680000,0x0000000100000000)
 ParOldGen       total 119808K, used 65395K [0x00000000e0000000, 0x00000000e7500000, 0x00000000f5580000)
  object space 119808K, 54% used [0x00000000e0000000,0x00000000e3fdcce0,0x00000000e7500000)
 Metaspace       used 59804K, capacity 67174K, committed 67328K, reserved 1107968K
  class space    used 7065K, capacity 9216K, committed 9216K, reserved 1048576K
Event: 49.480 GC heap after
Heap after GC invocations=27 (full 3):
 PSYoungGen      total 164864K, used 6838K [0x00000000f5580000, 0x0000000100000000, 0x0000000100000000)
  eden space 155136K, 0% used [0x00000000f5580000,0x00000000f5580000,0x00000000fed00000)
  from space 9728K, 70% used [0x00000000ff680000,0x00000000ffd2dba0,0x0000000100000000)
  to   space 9728K, 0% used [0x00000000fed00000,0x00000000fed00000,0x00000000ff680000)
 ParOldGen       total 119808K, used 65403K [0x00000000e0000000, 0x00000000e7500000, 0x00000000f5580000)
  object space 119808K, 54% used [0x00000000e0000000,0x00000000e3fdece0,0x00000000e7500000)
 Metaspace       used 59804K, capacity 67174K, committed 67328K, reserved 1107968K
  class space    used 7065K, capacity 9216K, committed 9216K, reserved 1048576K
}

Deoptimization events (10 events):
Event: 47.611 Thread 0x00000000152cc000 Uncommon trap: reason=class_check action=maybe_recompile pc=0x0000000002e0362c method=com.google.common.collect.ImmutableSet$RegularSetBuilderImpl.add(Ljava/lang/Object;)Lcom/google/common/collect/ImmutableSet$SetBuilderImpl; @ 6
Event: 47.611 Thread 0x00000000152cc000 Uncommon trap: reason=class_check action=maybe_recompile pc=0x0000000002e0362c method=com.google.common.collect.ImmutableSet$RegularSetBuilderImpl.add(Ljava/lang/Object;)Lcom/google/common/collect/ImmutableSet$SetBuilderImpl; @ 6
Event: 47.611 Thread 0x00000000152cc000 Uncommon trap: reason=class_check action=maybe_recompile pc=0x0000000002e142fc method=com.google.common.collect.ImmutableSet.rebuildHashTable(I[Ljava/lang/Object;I)[Ljava/lang/Object; @ 28
Event: 47.611 Thread 0x00000000152cc000 Uncommon trap: reason=class_check action=maybe_recompile pc=0x0000000002e142fc method=com.google.common.collect.ImmutableSet.rebuildHashTable(I[Ljava/lang/Object;I)[Ljava/lang/Object; @ 28
Event: 47.611 Thread 0x00000000152cc000 Uncommon trap: reason=class_check action=maybe_recompile pc=0x0000000002e142fc method=com.google.common.collect.ImmutableSet.rebuildHashTable(I[Ljava/lang/Object;I)[Ljava/lang/Object; @ 28
Event: 47.611 Thread 0x00000000152cc000 Uncommon trap: reason=class_check action=maybe_recompile pc=0x0000000002e142fc method=com.google.common.collect.ImmutableSet.rebuildHashTable(I[Ljava/lang/Object;I)[Ljava/lang/Object; @ 28
Event: 47.614 Thread 0x00000000152cc000 Uncommon trap: reason=unstable_if action=reinterpret pc=0x0000000002c641a0 method=org.robolectric.internal.bytecode.MethodRef.equals(Ljava/lang/Object;)Z @ 2
Event: 47.631 Thread 0x0000000014950000 Uncommon trap: reason=bimorphic action=maybe_recompile pc=0x0000000002f3c200 method=java.util.regex.Pattern$Start.<init>(Ljava/util/regex/Pattern$Node;)V @ 22
Event: 47.844 Thread 0x0000000014950000 Uncommon trap: reason=unstable_if action=reinterpret pc=0x00000000027d6fa4 method=org.robolectric.res.android.CppAssetManager2$Theme.SetTo(Lorg/robolectric/res/android/CppAssetManager2$Theme;)Z @ 53
Event: 50.172 Thread 0x0000000014950000 Uncommon trap: reason=bimorphic action=maybe_recompile pc=0x0000000002f3c200 method=java.util.regex.Pattern$Start.<init>(Ljava/util/regex/Pattern$Node;)V @ 22

Internal exceptions (10 events):
Event: 28.489 Thread 0x0000000014950000 Exception <a 'java/lang/NoSuchFieldError': method resolution failed> (0x00000000fca13138) thrown at [C:\re\workspace\8-2-build-windows-amd64-cygwin\jdk8u111\7883\hotspot\src\share\vm\prims\methodHandles.cpp, line 1146]
Event: 36.817 Thread 0x0000000014950000 Exception <a 'java/lang/NoSuchFieldError': method resolution failed> (0x00000000f9b27dd8) thrown at [C:\re\workspace\8-2-build-windows-amd64-cygwin\jdk8u111\7883\hotspot\src\share\vm\prims\methodHandles.cpp, line 1146]
Event: 38.096 Thread 0x0000000014950000 Implicit null exception at 0x000000000312b225 to 0x000000000312b7a9
Event: 40.654 Thread 0x0000000014950000 Exception <a 'java/io/FileNotFoundException'> (0x00000000fb132390) thrown at [C:\re\workspace\8-2-build-windows-amd64-cygwin\jdk8u111\7883\hotspot\src\share\vm\prims\jni.cpp, line 709]
Event: 40.880 Thread 0x0000000014950000 Implicit null exception at 0x00000000026b5bd5 to 0x00000000026b5db1
Event: 42.565 Thread 0x0000000014950000 Exception <a 'java/lang/NoSuchMethodError': java.lang.Object.lambda$comparingDouble$8dcf42ea$1(Ljava/util/function/ToDoubleFunction;Ljava/lang/Object;Ljava/lang/Object;)I> (0x00000000fd870568) thrown at [C:\re\workspace\8-2-build-windows-amd64-cygwin\jdk8
Event: 47.176 Thread 0x0000000014950000 Implicit null exception at 0x0000000003040b07 to 0x0000000003041235
Event: 47.437 Thread 0x0000000014950000 Exception <a 'java/lang/NoSuchMethodError': java.lang.Object.lambda$get$0(Ljava/lang/Object;)V> (0x00000000feb5feb0) thrown at [C:\re\workspace\8-2-build-windows-amd64-cygwin\jdk8u111\7883\hotspot\src\share\vm\interpreter\linkResolver.cpp, line 582]
Event: 47.813 Thread 0x0000000014950000 Exception <a 'sun/nio/fs/WindowsException'> (0x00000000f62e9e90) thrown at [C:\re\workspace\8-2-build-windows-amd64-cygwin\jdk8u111\7883\hotspot\src\share\vm\prims\jni.cpp, line 709]
Event: 50.263 Thread 0x0000000014950000 Exception <a 'sun/nio/fs/WindowsException'> (0x00000000fab44040) thrown at [C:\re\workspace\8-2-build-windows-amd64-cygwin\jdk8u111\7883\hotspot\src\share\vm\prims\jni.cpp, line 709]

Events (10 events):
Event: 50.137 Thread 0x0000000014950000 DEOPT UNPACKING pc=0x000000000246747f sp=0x00000000172cb4e0 mode 0
Event: 50.148 loading class android/content/res/Resources
Event: 50.148 loading class android/content/res/Resources done
Event: 50.172 Thread 0x0000000014950000 Uncommon trap: trap_request=0xffffffc6 fr.pc=0x0000000002f3c200
Event: 50.172 Thread 0x0000000014950000 DEOPT PACKING pc=0x0000000002f3c200 sp=0x00000000172ce710
Event: 50.172 Thread 0x0000000014950000 DEOPT UNPACKING pc=0x000000000246582a sp=0x00000000172ce658 mode 2
Event: 50.353 Thread 0x0000000014950000 DEOPT PACKING pc=0x0000000002d2fe0d sp=0x00000000172c7e80
Event: 50.353 Thread 0x0000000014950000 DEOPT UNPACKING pc=0x000000000246747f sp=0x00000000172c7be0 mode 0
Event: 50.407 Thread 0x0000000014950000 DEOPT PACKING pc=0x0000000002d2fe0d sp=0x00000000172ca2c0
Event: 50.407 Thread 0x0000000014950000 DEOPT UNPACKING pc=0x000000000246747f sp=0x00000000172ca020 mode 0


Dynamic libraries:
0x00007ff719bc0000 - 0x00007ff719bf7000 	C:\Program Files\Java\jdk1.8.0_111\bin\java.exe
0x00007ffc0e550000 - 0x00007ffc0e745000 	C:\Windows\SYSTEM32\ntdll.dll
0x00007ffc0caf0000 - 0x00007ffc0cbae000 	C:\Windows\System32\KERNEL32.DLL
0x00007ffc0c170000 - 0x00007ffc0c439000 	C:\Windows\System32\KERNELBASE.dll
0x00007ffc0c6d0000 - 0x00007ffc0c77c000 	C:\Windows\System32\ADVAPI32.dll
0x00007ffc0ce30000 - 0x00007ffc0cece000 	C:\Windows\System32\msvcrt.dll
0x00007ffc0e410000 - 0x00007ffc0e4ab000 	C:\Windows\System32\sechost.dll
0x00007ffc0c9c0000 - 0x00007ffc0caea000 	C:\Windows\System32\RPCRT4.dll
0x00007ffc0dac0000 - 0x00007ffc0dc61000 	C:\Windows\System32\USER32.dll
0x00007ffc0bda0000 - 0x00007ffc0bdc2000 	C:\Windows\System32\win32u.dll
0x00007ffc0d230000 - 0x00007ffc0d25b000 	C:\Windows\System32\GDI32.dll
0x00007ffc0c060000 - 0x00007ffc0c16b000 	C:\Windows\System32\gdi32full.dll
0x00007ffc0bf30000 - 0x00007ffc0bfcd000 	C:\Windows\System32\msvcp_win.dll
0x00007ffc0bdd0000 - 0x00007ffc0bed0000 	C:\Windows\System32\ucrtbase.dll
0x00007ffbf68b0000 - 0x00007ffbf6b4a000 	C:\Windows\WinSxS\amd64_microsoft.windows.common-controls_6595b64144ccf1df_6.0.19041.1110_none_60b5254171f9507e\COMCTL32.dll
0x00007ffc0cdf0000 - 0x00007ffc0ce20000 	C:\Windows\System32\IMM32.DLL
0x0000000069650000 - 0x0000000069722000 	C:\Program Files\Java\jdk1.8.0_111\jre\bin\msvcr100.dll
0x0000000068db0000 - 0x000000006964a000 	C:\Program Files\Java\jdk1.8.0_111\jre\bin\server\jvm.dll
0x00007ffc0ce20000 - 0x00007ffc0ce28000 	C:\Windows\System32\PSAPI.DLL
0x00007ffbf95a0000 - 0x00007ffbf95c7000 	C:\Windows\SYSTEM32\WINMM.dll
0x00007ffc04960000 - 0x00007ffc0496a000 	C:\Windows\SYSTEM32\VERSION.dll
0x00007ffc06500000 - 0x00007ffc06509000 	C:\Windows\SYSTEM32\WSOCK32.dll
0x00007ffc0d0d0000 - 0x00007ffc0d13b000 	C:\Windows\System32\WS2_32.dll
0x0000000068da0000 - 0x0000000068daf000 	C:\Program Files\Java\jdk1.8.0_111\jre\bin\verify.dll
0x0000000068d70000 - 0x0000000068d99000 	C:\Program Files\Java\jdk1.8.0_111\jre\bin\java.dll
0x0000000068d50000 - 0x0000000068d66000 	C:\Program Files\Java\jdk1.8.0_111\jre\bin\zip.dll
0x00007ffc0dc70000 - 0x00007ffc0e3af000 	C:\Windows\System32\SHELL32.dll
0x00007ffc09d70000 - 0x00007ffc0a500000 	C:\Windows\SYSTEM32\windows.storage.dll
0x00007ffc0d760000 - 0x00007ffc0dab5000 	C:\Windows\System32\combase.dll
0x00007ffc0b5f0000 - 0x00007ffc0b61c000 	C:\Windows\SYSTEM32\Wldp.dll
0x00007ffc0cd40000 - 0x00007ffc0cdee000 	C:\Windows\System32\SHCORE.dll
0x00007ffc0d700000 - 0x00007ffc0d755000 	C:\Windows\System32\shlwapi.dll
0x00007ffc0bbb0000 - 0x00007ffc0bbcf000 	C:\Windows\SYSTEM32\profapi.dll
0x0000000068d30000 - 0x0000000068d4a000 	C:\Program Files\Java\jdk1.8.0_111\jre\bin\net.dll
0x00007ffc0b350000 - 0x00007ffc0b3ba000 	C:\Windows\system32\mswsock.dll
0x0000000068d10000 - 0x0000000068d21000 	C:\Program Files\Java\jdk1.8.0_111\jre\bin\nio.dll
0x00007ffc0b540000 - 0x00007ffc0b558000 	C:\Windows\SYSTEM32\CRYPTSP.dll
0x00007ffc0acd0000 - 0x00007ffc0ad04000 	C:\Windows\system32\rsaenh.dll
0x00007ffc0bc70000 - 0x00007ffc0bc97000 	C:\Windows\System32\bcrypt.dll
0x00007ffc0bb30000 - 0x00007ffc0bb5e000 	C:\Windows\SYSTEM32\USERENV.dll
0x00007ffc0bfd0000 - 0x00007ffc0c053000 	C:\Windows\System32\bcryptprimitives.dll
0x00007ffc0b560000 - 0x00007ffc0b56c000 	C:\Windows\SYSTEM32\CRYPTBASE.dll
0x00007ffc0b040000 - 0x00007ffc0b07b000 	C:\Windows\SYSTEM32\IPHLPAPI.DLL
0x00007ffc0cff0000 - 0x00007ffc0cff8000 	C:\Windows\System32\NSI.dll
0x00007ffc05890000 - 0x00007ffc058a7000 	C:\Windows\SYSTEM32\dhcpcsvc6.DLL
0x00007ffc05a80000 - 0x00007ffc05a9d000 	C:\Windows\SYSTEM32\dhcpcsvc.DLL
0x00007ffc0b080000 - 0x00007ffc0b14c000 	C:\Windows\SYSTEM32\DNSAPI.dll
0x0000000068cd0000 - 0x0000000068cf4000 	C:\Program Files\Java\jdk1.8.0_111\jre\bin\sunec.dll
0x0000000068cc0000 - 0x0000000068ccb000 	C:\Program Files\Java\jdk1.8.0_111\jre\bin\sunmscapi.dll
0x00007ffc0c440000 - 0x00007ffc0c596000 	C:\Windows\System32\CRYPT32.dll
0x0000000068b20000 - 0x0000000068cb8000 	C:\Program Files\Java\jdk1.8.0_111\jre\bin\awt.dll
0x00007ffc0d000000 - 0x00007ffc0d0cd000 	C:\Windows\System32\OLEAUT32.dll
0x00007ffc09600000 - 0x00007ffc09690000 	C:\Windows\SYSTEM32\apphelp.dll
0x00007ffbfce30000 - 0x00007ffbfd014000 	C:\Windows\SYSTEM32\dbghelp.dll

VM Arguments:
jvm_args: -Djava.awt.headless=true -Djava.security.manager=worker.org.gradle.process.internal.worker.child.BootstrapSecurityManager -Dorg.gradle.native=false -Xmx512m -Dfile.encoding=windows-1252 -Duser.country=ID -Duser.language=en -Duser.variant -ea 
java_command: worker.org.gradle.process.internal.worker.GradleWorkerMain 'Gradle Test Executor 1'
java_class_path (initial): C:\Users\HP\.gradle\caches\6.1.1\workerMain\gradle-worker.jar
Launcher Type: SUN_STANDARD

Environment Variables:
PATH=C:\ProgramData\Oracle\Java\javapath;C:\Windows\system32;C:\Windows;C:\Windows\System32\Wbem;C:\Windows\System32\WindowsPowerShell\v1.0\;C:\Windows\System32\OpenSSH\;C:\Program Files\Git\cmd;C:\Program Files\nodejs\;C:\Program Files\Microsoft SQL Server\Client SDK\ODBC\170\Tools\Binn\;C:\Program Files (x86)\Microsoft SQL Server\150\Tools\Binn\;C:\Program Files\Microsoft SQL Server\150\Tools\Binn\;C:\Program Files\Microsoft SQL Server\150\DTS\Binn\;C:\Program Files (x86)\Microsoft SQL Server\150\DTS\Binn\;C:\Program Files\Azure Data Studio\bin;C:\Program Files\Java\jdk1.8.0_111\bin;C:\Program Files (x86)\PuTTY\;C:\Users\HP\AppData\Local\Microsoft\WindowsApps;C:\xampp\php;C:\Users\HP\AppData\Local\ComposerSetup\bin;C:\Users\HP\AppData\Roaming\Composer\vendor\bin;C:\Users\HP\AppData\Roaming\npm;C:\Users\HP\AppData\Local\Programs\Microsoft VS Code\bin;C:\Program Files\Azure Data Studio\bin
USERNAME=HP
OS=Windows_NT
PROCESSOR_IDENTIFIER=AMD64 Family 21 Model 112 Stepping 0, AuthenticAMD



---------------  S Y S T E M  ---------------

OS: Windows 10.0 , 64 bit Build 19041 (10.0.19041.1202)

CPU:total 2 (2 cores per cpu, 1 threads per core) family 21 model 112 stepping 0, cmov, cx8, fxsr, mmx, sse, sse2, sse3, ssse3, sse4.1, sse4.2, popcnt, avx, avx2, aes, clmul, mmxext, 3dnowpref, lzcnt, sse4a, tsc, tscinvbit, tscinv, bmi1

Memory: 4k page, physical 4073412k(671092k free), swap 10440556k(3478232k free)

vm_info: Java HotSpot(TM) 64-Bit Server VM (25.111-b14) for windows-amd64 JRE (1.8.0_111-b14), built on Sep 22 2016 19:24:05 by "java_re" with MS VC++ 10.0 (VS2010)

time: Tue Sep 28 18:15:38 2021
elapsed time: 51 seconds (0d 0h 0m 51s)

