#
# A fatal error has been detected by the Java Runtime Environment:
#
#  EXCEPTION_ACCESS_VIOLATION (0xc0000005) at pc=0x0000000068df3608, pid=6904, tid=0x0000000000002d28
#
# JRE version: Java(TM) SE Runtime Environment (8.0_111-b14) (build 1.8.0_111-b14)
# Java VM: Java HotSpot(TM) 64-Bit Server VM (25.111-b14 mixed mode windows-amd64 compressed oops)
# Problematic frame:
# V  [jvm.dll+0x43608]
#
# Failed to write core dump. Minidumps are not enabled by default on client versions of Windows
#
# If you would like to submit a bug report, please visit:
#   http://bugreport.java.com/bugreport/crash.jsp
#

---------------  T H R E A D  ---------------

Current thread (0x00000000138b4800):  JavaThread "C1 CompilerThread1" daemon [_thread_in_vm, id=11560, stack(0x0000000014ab0000,0x0000000014bb0000)]

siginfo: ExceptionCode=0xc0000005, reading address 0xffffffffffffffff

Registers:
RAX=0x00000000138b4800, RBX=0x0000000002659ad0, RCX=0x0000000002659ad0, RDX=0x0000000002659ad0
RSP=0x0000000014bace50, RBP=0x0000000014cb1630, RSI=0x0000000002659ad0, RDI=0x0000000000000000
R8 =0x13c695a6ffff0013, R9 =0x0000000000000000, R10=0x0000000014cb1860, R11=0x0000000019de9c20
R12=0x00000000138b4800, R13=0x0000000014cb1630, R14=0x000000001a9f3fc0, R15=0x0000000000000000
RIP=0x0000000068df3608, EFLAGS=0x0000000000010202

Top of Stack: (sp=0x0000000014bace50)
0x0000000014bace50:   00000000000000b6 0000000014baf400
0x0000000014bace60:   0000000000000000 0000000000000077
0x0000000014bace70:   0000000018c78d30 0000000014baf400
0x0000000014bace80:   0000000014bacf60 0000000068ddfe25
0x0000000014bace90:   00000000000000e7 0000000068df3999
0x0000000014bacea0:   0000000000000077 0000000000000077
0x0000000014baceb0:   0000000000000000 0000000000000000
0x0000000014bacec0:   00000000000000b6 000000001aace200
0x0000000014baced0:   0000000002619ac0 0000000068df1c6b
0x0000000014bacee0:   0000000000000000 00000000138b4800
0x0000000014bacef0:   000000001a9f5780 0000000068ddce0f
0x0000000014bacf00:   00000000138b4800 0000000068df6f80
0x0000000014bacf10:   00000000138b4800 00000000138b4800
0x0000000014bacf20:   000000001aace200 00000000691d0aeb
0x0000000014bacf30:   0000000000000000 0000000000000000
0x0000000014bacf40:   000000001a9f5780 0000000000000000 

Instructions: (pc=0x0000000068df3608)
0x0000000068df35e8:   00 48 8b da ff 15 fe 7d 59 00 44 0f b6 05 5a d9
0x0000000068df35f8:   7a 00 4c 8b e0 45 84 c0 74 39 4c 8b 03 48 8b cb
0x0000000068df3608:   41 ff 50 08 84 c0 74 2b 83 7b 08 00 7e 25 0f b6
0x0000000068df3618:   83 0e 01 00 00 c0 e8 03 a8 01 74 17 48 8b 03 48 


Register to memory mapping:

RAX=0x00000000138b4800 is a thread
RBX=0x0000000002659ad0 is an unknown value
RCX=0x0000000002659ad0 is an unknown value
RDX=0x0000000002659ad0 is an unknown value
RSP=0x0000000014bace50 is pointing into the stack for thread: 0x00000000138b4800
RBP=0x0000000014cb1630 is an unknown value
RSI=0x0000000002659ad0 is an unknown value
RDI=0x0000000000000000 is an unknown value
R8 =0x13c695a6ffff0013 is an unknown value
R9 =0x0000000000000000 is an unknown value
R10=0x0000000014cb1860 is an unknown value
R11=0x0000000019de9c20 is an unknown value
R12=0x00000000138b4800 is a thread
R13=0x0000000014cb1630 is an unknown value
R14=0x000000001a9f3fc0 is an unknown value
R15=0x0000000000000000 is an unknown value


Stack: [0x0000000014ab0000,0x0000000014bb0000],  sp=0x0000000014bace50,  free space=1011k
Native frames: (J=compiled Java code, j=interpreted, Vv=VM code, C=native code)
V  [jvm.dll+0x43608]
V  [jvm.dll+0x43999]
V  [jvm.dll+0x41c6b]
V  [jvm.dll+0x420aeb]
V  [jvm.dll+0x41b8da]
V  [jvm.dll+0x41e727]
V  [jvm.dll+0x41eeeb]
V  [jvm.dll+0x41fde6]
V  [jvm.dll+0x420048]
V  [jvm.dll+0x42047b]
V  [jvm.dll+0x41ffd5]
V  [jvm.dll+0x41bd3b]
V  [jvm.dll+0x41e727]
V  [jvm.dll+0x41eeeb]
V  [jvm.dll+0x41fde6]
V  [jvm.dll+0x420048]
V  [jvm.dll+0x42047b]
V  [jvm.dll+0x41ffd5]
V  [jvm.dll+0x41bd3b]
V  [jvm.dll+0x41e727]
V  [jvm.dll+0x41f01d]
V  [jvm.dll+0x41fde6]
V  [jvm.dll+0x420048]
V  [jvm.dll+0x42047b]
V  [jvm.dll+0x41ffd5]
V  [jvm.dll+0x41bd3b]
V  [jvm.dll+0x41e727]
V  [jvm.dll+0x41eeeb]
V  [jvm.dll+0x41fde6]
V  [jvm.dll+0x420048]
V  [jvm.dll+0x42047b]
V  [jvm.dll+0x41ffd5]
V  [jvm.dll+0x41bd3b]
V  [jvm.dll+0x41e727]
V  [jvm.dll+0x41f01d]
V  [jvm.dll+0x41fde6]
V  [jvm.dll+0x420048]
V  [jvm.dll+0x42047b]
V  [jvm.dll+0x41ffd5]
V  [jvm.dll+0x41bd3b]
V  [jvm.dll+0x41e727]
V  [jvm.dll+0x41eeeb]
V  [jvm.dll+0x41fde6]
V  [jvm.dll+0x420048]
V  [jvm.dll+0x41bd3b]
V  [jvm.dll+0x41e727]
V  [jvm.dll+0x41eeeb]
V  [jvm.dll+0x41fde6]
V  [jvm.dll+0x420048]
V  [jvm.dll+0x41bd3b]
V  [jvm.dll+0x41e727]
V  [jvm.dll+0x41f01d]
V  [jvm.dll+0x41f412]
V  [jvm.dll+0x4244f5]
V  [jvm.dll+0x424600]
V  [jvm.dll+0x40ddb8]
V  [jvm.dll+0x40e021]
V  [jvm.dll+0x40e1e2]
V  [jvm.dll+0x40e3b1]
V  [jvm.dll+0x40e5bf]
V  [jvm.dll+0xa5742]
V  [jvm.dll+0xa607f]
V  [jvm.dll+0x244b7f]
V  [jvm.dll+0x29c43a]
C  [msvcr100.dll+0x21d9f]
C  [msvcr100.dll+0x21e3b]
C  [KERNEL32.DLL+0x17034]
C  [ntdll.dll+0x52651]


Current CompileTask:
C1:  35558 6058       3       android.content.res.TypedArray::$$robo$$android_content_res_TypedArray$loadStringValueAt (51 bytes)


---------------  P R O C E S S  ---------------

Java Threads: ( => current thread )
  0x0000000015266000 JavaThread "Java2D Disposer" daemon [_thread_blocked, id=10680, stack(0x000000001b760000,0x000000001b860000)]
  0x000000001585b800 JavaThread "SDK 28 Main Thread" [_thread_blocked, id=11236, stack(0x00000000174c0000,0x00000000175c0000)]
  0x0000000015778800 JavaThread "/127.0.0.1:55682 to /127.0.0.1:55681 workers Thread 3" [_thread_in_native, id=4012, stack(0x0000000015ff0000,0x00000000160f0000)]
  0x0000000015773800 JavaThread "/127.0.0.1:55682 to /127.0.0.1:55681 workers Thread 2" [_thread_blocked, id=9268, stack(0x0000000015ef0000,0x0000000015ff0000)]
  0x000000001571e000 JavaThread "Test worker" [_thread_blocked, id=10912, stack(0x0000000015ab0000,0x0000000015bb0000)]
  0x00000000138de800 JavaThread "Service Thread" daemon [_thread_blocked, id=2056, stack(0x0000000014fb0000,0x00000000150b0000)]
=>0x00000000138b4800 JavaThread "C1 CompilerThread1" daemon [_thread_in_vm, id=11560, stack(0x0000000014ab0000,0x0000000014bb0000)]
  0x00000000138b3800 JavaThread "C2 CompilerThread0" daemon [_thread_blocked, id=7852, stack(0x00000000149b0000,0x0000000014ab0000)]
  0x00000000138b1000 JavaThread "Attach Listener" daemon [_thread_blocked, id=10420, stack(0x00000000148b0000,0x00000000149b0000)]
  0x00000000138ae000 JavaThread "Signal Dispatcher" daemon [_thread_blocked, id=12080, stack(0x00000000147b0000,0x00000000148b0000)]
  0x0000000013828800 JavaThread "Finalizer" daemon [_thread_blocked, id=8096, stack(0x0000000014470000,0x0000000014570000)]
  0x00000000026fe000 JavaThread "Reference Handler" daemon [_thread_blocked, id=2492, stack(0x0000000014370000,0x0000000014470000)]
  0x0000000002610800 JavaThread "main" [_thread_blocked, id=4856, stack(0x0000000002510000,0x0000000002610000)]

Other Threads:
  0x0000000013806000 VMThread [stack: 0x0000000014270000,0x0000000014370000] [id=9228]
  0x0000000014c42000 WatcherThread [stack: 0x00000000150b0000,0x00000000151b0000] [id=7692]

VM state:synchronizing (normal execution)

VM Mutex/Monitor currently owned by a thread:  ([mutex/lock_event])
[0x000000000241c990] Threads_lock - owner thread: 0x0000000013806000

Heap:
 PSYoungGen      total 160256K, used 31718K [0x00000000f5580000, 0x0000000100000000, 0x0000000100000000)
  eden space 145920K, 11% used [0x00000000f5580000,0x00000000f667aec8,0x00000000fe400000)
  from space 14336K, 99% used [0x00000000fe400000,0x00000000ff1fece0,0x00000000ff200000)
  to   space 14336K, 0% used [0x00000000ff200000,0x00000000ff200000,0x0000000100000000)
 ParOldGen       total 120320K, used 66297K [0x00000000e0000000, 0x00000000e7580000, 0x00000000f5580000)
  object space 120320K, 55% used [0x00000000e0000000,0x00000000e40be6f8,0x00000000e7580000)
 Metaspace       used 59775K, capacity 67326K, committed 67376K, reserved 1107968K
  class space    used 7103K, capacity 9249K, committed 9264K, reserved 1048576K

Card table byte_map: [0x0000000011ad0000,0x0000000011be0000] byte_map_base: 0x00000000113d0000

Marking Bits: (ParMarkBitMap*) 0x00000000695ca6c0
 Begin Bits: [0x0000000011de0000, 0x00000000125e0000)
 End Bits:   [0x00000000125e0000, 0x0000000012de0000)

Polling page: 0x0000000000860000

CodeCache: size=245760Kb used=16176Kb max_used=16176Kb free=229583Kb
 bounds [0x0000000002710000, 0x00000000036f0000, 0x0000000011710000]
 total_blobs=6243 nmethods=4958 adapters=1198
 compilation: enabled

Compilation events (10 events):
Event: 34.432 Thread 0x00000000138b3800 6053       4       java.lang.Class::getDeclaredMethod (67 bytes)
Event: 34.620 Thread 0x00000000138b4800 6054       3       java.lang.invoke.LambdaForm$MH/913427844::linkToCallSite (14 bytes)
Event: 34.620 Thread 0x00000000138b4800 nmethod 6054 0x00000000036cbd10 code [0x00000000036cbea0, 0x00000000036cc3e8]
Event: 34.621 Thread 0x00000000138b4800 6055       3       java.lang.invoke.LambdaForm$MH/1923349555::guard (95 bytes)
Event: 34.622 Thread 0x00000000138b4800 nmethod 6055 0x00000000036e9450 code [0x00000000036e9660, 0x00000000036ea308]
Event: 34.627 Thread 0x00000000138b4800 6056       3       java.lang.invoke.LambdaForm$DMH/860216422::invokeSpecial_LJ_V (17 bytes)
Event: 34.628 Thread 0x00000000138b4800 nmethod 6056 0x00000000036cb550 code [0x00000000036cb6e0, 0x00000000036cbbd8]
Event: 34.630 Thread 0x00000000138b4800 6057       3       android.content.res.TypedArray::loadStringValueAt (8 bytes)
Event: 34.632 Thread 0x00000000138b4800 nmethod 6057 0x00000000036eaad0 code [0x00000000036eae00, 0x00000000036ec8c8]
Event: 34.633 Thread 0x00000000138b4800 6058       3       android.content.res.TypedArray::$$robo$$android_content_res_TypedArray$loadStringValueAt (51 bytes)

GC Heap History (10 events):
Event: 26.515 GC heap before
{Heap before GC invocations=18 (full 3):
 PSYoungGen      total 162304K, used 162298K [0x00000000f5580000, 0x0000000100000000, 0x0000000100000000)
  eden space 152064K, 100% used [0x00000000f5580000,0x00000000fea00000,0x00000000fea00000)
  from space 10240K, 99% used [0x00000000ff600000,0x00000000ffffeb80,0x0000000100000000)
  to   space 11264K, 0% used [0x00000000fea00000,0x00000000fea00000,0x00000000ff500000)
 ParOldGen       total 120320K, used 54013K [0x00000000e0000000, 0x00000000e7580000, 0x00000000f5580000)
  object space 120320K, 44% used [0x00000000e0000000,0x00000000e34bf648,0x00000000e7580000)
 Metaspace       used 50731K, capacity 56910K, committed 57008K, reserved 1097728K
  class space    used 6212K, capacity 8094K, committed 8112K, reserved 1048576K
Event: 26.553 GC heap after
Heap after GC invocations=18 (full 3):
 PSYoungGen      total 163328K, used 7443K [0x00000000f5580000, 0x0000000100000000, 0x0000000100000000)
  eden space 152064K, 0% used [0x00000000f5580000,0x00000000f5580000,0x00000000fea00000)
  from space 11264K, 66% used [0x00000000fea00000,0x00000000ff144eb0,0x00000000ff500000)
  to   space 11264K, 0% used [0x00000000ff500000,0x00000000ff500000,0x0000000100000000)
 ParOldGen       total 120320K, used 58890K [0x00000000e0000000, 0x00000000e7580000, 0x00000000f5580000)
  object space 120320K, 48% used [0x00000000e0000000,0x00000000e3982b38,0x00000000e7580000)
 Metaspace       used 50731K, capacity 56910K, committed 57008K, reserved 1097728K
  class space    used 6212K, capacity 8094K, committed 8112K, reserved 1048576K
}
Event: 28.695 GC heap before
{Heap before GC invocations=19 (full 3):
 PSYoungGen      total 163328K, used 159507K [0x00000000f5580000, 0x0000000100000000, 0x0000000100000000)
  eden space 152064K, 100% used [0x00000000f5580000,0x00000000fea00000,0x00000000fea00000)
  from space 11264K, 66% used [0x00000000fea00000,0x00000000ff144eb0,0x00000000ff500000)
  to   space 11264K, 0% used [0x00000000ff500000,0x00000000ff500000,0x0000000100000000)
 ParOldGen       total 120320K, used 58890K [0x00000000e0000000, 0x00000000e7580000, 0x00000000f5580000)
  object space 120320K, 48% used [0x00000000e0000000,0x00000000e3982b38,0x00000000e7580000)
 Metaspace       used 54979K, capacity 61306K, committed 61616K, reserved 1101824K
  class space    used 6569K, capacity 8504K, committed 8624K, reserved 1048576K
Event: 28.722 GC heap after
Heap after GC invocations=19 (full 3):
 PSYoungGen      total 161280K, used 10233K [0x00000000f5580000, 0x0000000100000000, 0x0000000100000000)
  eden space 150016K, 0% used [0x00000000f5580000,0x00000000f5580000,0x00000000fe800000)
  from space 11264K, 90% used [0x00000000ff500000,0x00000000ffefe418,0x0000000100000000)
  to   space 12288K, 0% used [0x00000000fe800000,0x00000000fe800000,0x00000000ff400000)
 ParOldGen       total 120320K, used 58898K [0x00000000e0000000, 0x00000000e7580000, 0x00000000f5580000)
  object space 120320K, 48% used [0x00000000e0000000,0x00000000e3984b38,0x00000000e7580000)
 Metaspace       used 54979K, capacity 61306K, committed 61616K, reserved 1101824K
  class space    used 6569K, capacity 8504K, committed 8624K, reserved 1048576K
}
Event: 30.844 GC heap before
{Heap before GC invocations=20 (full 3):
 PSYoungGen      total 161280K, used 160249K [0x00000000f5580000, 0x0000000100000000, 0x0000000100000000)
  eden space 150016K, 100% used [0x00000000f5580000,0x00000000fe800000,0x00000000fe800000)
  from space 11264K, 90% used [0x00000000ff500000,0x00000000ffefe418,0x0000000100000000)
  to   space 12288K, 0% used [0x00000000fe800000,0x00000000fe800000,0x00000000ff400000)
 ParOldGen       total 120320K, used 58898K [0x00000000e0000000, 0x00000000e7580000, 0x00000000f5580000)
  object space 120320K, 48% used [0x00000000e0000000,0x00000000e3984b38,0x00000000e7580000)
 Metaspace       used 56999K, capacity 63934K, committed 64176K, reserved 1103872K
  class space    used 6830K, capacity 8871K, committed 8880K, reserved 1048576K
Event: 30.878 GC heap after
Heap after GC invocations=20 (full 3):
 PSYoungGen      total 162304K, used 12264K [0x00000000f5580000, 0x0000000100000000, 0x0000000100000000)
  eden space 150016K, 0% used [0x00000000f5580000,0x00000000f5580000,0x00000000fe800000)
  from space 12288K, 99% used [0x00000000fe800000,0x00000000ff3fa230,0x00000000ff400000)
  to   space 12288K, 0% used [0x00000000ff400000,0x00000000ff400000,0x0000000100000000)
 ParOldGen       total 120320K, used 60412K [0x00000000e0000000, 0x00000000e7580000, 0x00000000f5580000)
  object space 120320K, 50% used [0x00000000e0000000,0x00000000e3aff1b8,0x00000000e7580000)
 Metaspace       used 56999K, capacity 63934K, committed 64176K, reserved 1103872K
  class space    used 6830K, capacity 8871K, committed 8880K, reserved 1048576K
}
Event: 32.760 GC heap before
{Heap before GC invocations=21 (full 3):
 PSYoungGen      total 162304K, used 162280K [0x00000000f5580000, 0x0000000100000000, 0x0000000100000000)
  eden space 150016K, 100% used [0x00000000f5580000,0x00000000fe800000,0x00000000fe800000)
  from space 12288K, 99% used [0x00000000fe800000,0x00000000ff3fa230,0x00000000ff400000)
  to   space 12288K, 0% used [0x00000000ff400000,0x00000000ff400000,0x0000000100000000)
 ParOldGen       total 120320K, used 60412K [0x00000000e0000000, 0x00000000e7580000, 0x00000000f5580000)
  object space 120320K, 50% used [0x00000000e0000000,0x00000000e3aff1b8,0x00000000e7580000)
 Metaspace       used 59209K, capacity 66452K, committed 66608K, reserved 1105920K
  class space    used 7051K, capacity 9179K, committed 9264K, reserved 1048576K
Event: 32.837 GC heap after
Heap after GC invocations=21 (full 3):
 PSYoungGen      total 158208K, used 10230K [0x00000000f5580000, 0x0000000100000000, 0x0000000100000000)
  eden space 145920K, 0% used [0x00000000f5580000,0x00000000f5580000,0x00000000fe400000)
  from space 12288K, 83% used [0x00000000ff400000,0x00000000ffdfdb98,0x0000000100000000)
  to   space 14336K, 0% used [0x00000000fe400000,0x00000000fe400000,0x00000000ff200000)
 ParOldGen       total 120320K, used 65963K [0x00000000e0000000, 0x00000000e7580000, 0x00000000f5580000)
  object space 120320K, 54% used [0x00000000e0000000,0x00000000e406ae68,0x00000000e7580000)
 Metaspace       used 59209K, capacity 66452K, committed 66608K, reserved 1105920K
  class space    used 7051K, capacity 9179K, committed 9264K, reserved 1048576K
}
Event: 34.231 GC heap before
{Heap before GC invocations=22 (full 3):
 PSYoungGen      total 158208K, used 156150K [0x00000000f5580000, 0x0000000100000000, 0x0000000100000000)
  eden space 145920K, 100% used [0x00000000f5580000,0x00000000fe400000,0x00000000fe400000)
  from space 12288K, 83% used [0x00000000ff400000,0x00000000ffdfdb98,0x0000000100000000)
  to   space 14336K, 0% used [0x00000000fe400000,0x00000000fe400000,0x00000000ff200000)
 ParOldGen       total 120320K, used 65963K [0x00000000e0000000, 0x00000000e7580000, 0x00000000f5580000)
  object space 120320K, 54% used [0x00000000e0000000,0x00000000e406ae68,0x00000000e7580000)
 Metaspace       used 59767K, capacity 67310K, committed 67376K, reserved 1107968K
  class space    used 7101K, capacity 9247K, committed 9264K, reserved 1048576K
Event: 34.287 GC heap after
Heap after GC invocations=22 (full 3):
 PSYoungGen      total 160256K, used 14331K [0x00000000f5580000, 0x0000000100000000, 0x0000000100000000)
  eden space 145920K, 0% used [0x00000000f5580000,0x00000000f5580000,0x00000000fe400000)
  from space 14336K, 99% used [0x00000000fe400000,0x00000000ff1fece0,0x00000000ff200000)
  to   space 14336K, 0% used [0x00000000ff200000,0x00000000ff200000,0x0000000100000000)
 ParOldGen       total 120320K, used 66297K [0x00000000e0000000, 0x00000000e7580000, 0x00000000f5580000)
  object space 120320K, 55% used [0x00000000e0000000,0x00000000e40be6f8,0x00000000e7580000)
 Metaspace       used 59767K, capacity 67310K, committed 67376K, reserved 1107968K
  class space    used 7101K, capacity 9247K, committed 9264K, reserved 1048576K
}

Deoptimization events (10 events):
Event: 31.785 Thread 0x000000001571e000 Uncommon trap: reason=class_check action=maybe_recompile pc=0x0000000002823ed8 method=com.google.common.collect.ImmutableSet.rebuildHashTable(I[Ljava/lang/Object;I)[Ljava/lang/Object; @ 28
Event: 31.785 Thread 0x000000001571e000 Uncommon trap: reason=class_check action=maybe_recompile pc=0x0000000002823ed8 method=com.google.common.collect.ImmutableSet.rebuildHashTable(I[Ljava/lang/Object;I)[Ljava/lang/Object; @ 28
Event: 31.785 Thread 0x000000001571e000 Uncommon trap: reason=class_check action=maybe_recompile pc=0x0000000002823ed8 method=com.google.common.collect.ImmutableSet.rebuildHashTable(I[Ljava/lang/Object;I)[Ljava/lang/Object; @ 28
Event: 31.787 Thread 0x000000001571e000 Uncommon trap: reason=unstable_if action=reinterpret pc=0x000000000296ac18 method=org.robolectric.internal.bytecode.MethodRef.equals(Ljava/lang/Object;)Z @ 2
Event: 31.828 Thread 0x000000001585b800 Uncommon trap: reason=unstable_if action=reinterpret pc=0x0000000002c1befc method=java.util.Arrays.hashCode([Ljava/lang/Object;)I @ 34
Event: 32.117 Thread 0x000000001585b800 Uncommon trap: reason=unstable_if action=reinterpret pc=0x0000000003537aa4 method=org.robolectric.res.android.CppAssetManager2$Theme.SetTo(Lorg/robolectric/res/android/CppAssetManager2$Theme;)Z @ 53
Event: 33.727 Thread 0x000000001585b800 Uncommon trap: reason=unstable_if action=reinterpret pc=0x0000000003389c64 method=java.util.WeakHashMap.remove(Ljava/lang/Object;)Ljava/lang/Object; @ 94
Event: 33.743 Thread 0x000000001585b800 Uncommon trap: reason=unstable_if action=reinterpret pc=0x0000000002ce9a14 method=java.lang.CharacterDataLatin1.digit(II)I @ 82
Event: 33.810 Thread 0x0000000015773800 Uncommon trap: reason=unstable_if action=reinterpret pc=0x0000000002e06dec method=java.lang.Class.argumentTypesToString([Ljava/lang/Class;)Ljava/lang/String; @ 16
Event: 33.861 Thread 0x000000001585b800 Uncommon trap: reason=unstable_if action=reinterpret pc=0x0000000003613e24 method=java.nio.Buffer.hasRemaining()Z @ 8

Internal exceptions (10 events):
Event: 31.627 Thread 0x000000001585b800 Exception <a 'java/lang/NoSuchMethodError': java.lang.Object.lambda$get$0(Ljava/lang/Object;)V> (0x00000000f80da230) thrown at [C:\re\workspace\8-2-build-windows-amd64-cygwin\jdk8u111\7883\hotspot\src\share\vm\interpreter\linkResolver.cpp, line 582]
Event: 31.828 Thread 0x000000001585b800 Implicit null exception at 0x0000000002c1be3c to 0x0000000002c1bedd
Event: 31.931 Thread 0x000000001585b800 Exception <a 'sun/nio/fs/WindowsException'> (0x00000000f908b6d8) thrown at [C:\re\workspace\8-2-build-windows-amd64-cygwin\jdk8u111\7883\hotspot\src\share\vm\prims\jni.cpp, line 709]
Event: 33.757 Thread 0x000000001585b800 Exception <a 'java/lang/reflect/InvocationTargetException'> (0x00000000fcef6138) thrown at [C:\re\workspace\8-2-build-windows-amd64-cygwin\jdk8u111\7883\hotspot\src\share\vm\runtime\reflection.cpp, line 1092]
Event: 33.757 Thread 0x000000001585b800 Exception <a 'java/lang/AssertionError'> (0x00000000fcef5f30) thrown at [C:\re\workspace\8-2-build-windows-amd64-cygwin\jdk8u111\7883\hotspot\src\share\vm\prims\jni.cpp, line 709]
Event: 33.769 Thread 0x000000001571e000 Exception <a 'java/lang/AssertionError'> (0x00000000fcef5f30) thrown at [C:\re\workspace\8-2-build-windows-amd64-cygwin\jdk8u111\7883\hotspot\src\share\vm\prims\jni.cpp, line 709]
Event: 33.810 Thread 0x0000000015773800 Implicit null exception at 0x0000000002e05e3f to 0x0000000002e06dd5
Event: 33.821 Thread 0x0000000015773800 Exception <a 'java/lang/NoSuchMethodError': <clinit>> (0x00000000fd2fe0d0) thrown at [C:\re\workspace\8-2-build-windows-amd64-cygwin\jdk8u111\7883\hotspot\src\share\vm\prims\jni.cpp, line 1613]
Event: 33.935 Thread 0x0000000015773800 Exception <a 'java/lang/NoSuchMethodError': <clinit>> (0x00000000fd7b1ef8) thrown at [C:\re\workspace\8-2-build-windows-amd64-cygwin\jdk8u111\7883\hotspot\src\share\vm\prims\jni.cpp, line 1613]
Event: 34.027 Thread 0x000000001585b800 Exception <a 'sun/nio/fs/WindowsException'> (0x00000000fd69af68) thrown at [C:\re\workspace\8-2-build-windows-amd64-cygwin\jdk8u111\7883\hotspot\src\share\vm\prims\jni.cpp, line 709]

Events (10 events):
Event: 34.231 Executing VM operation: ParallelGCFailedAllocation
Event: 34.287 Executing VM operation: ParallelGCFailedAllocation done
Event: 34.288 Executing VM operation: RevokeBias
Event: 34.289 Executing VM operation: RevokeBias done
Event: 34.289 Executing VM operation: RevokeBias
Event: 34.289 Executing VM operation: RevokeBias done
Event: 34.290 Executing VM operation: RevokeBias
Event: 34.290 Executing VM operation: RevokeBias done
Event: 34.635 Thread 0x000000001585b800 Uncommon trap: trap_request=0xffffff65 fr.pc=0x00000000033ed688
Event: 34.635 Executing VM operation: RevokeBias


Dynamic libraries:
0x00007ff719bc0000 - 0x00007ff719bf7000 	C:\Program Files\Java\jdk1.8.0_111\bin\java.exe
0x00007ffc0e550000 - 0x00007ffc0e745000 	C:\Windows\SYSTEM32\ntdll.dll
0x00007ffc0caf0000 - 0x00007ffc0cbae000 	C:\Windows\System32\KERNEL32.DLL
0x00007ffc0c170000 - 0x00007ffc0c439000 	C:\Windows\System32\KERNELBASE.dll
0x00007ffc0c6d0000 - 0x00007ffc0c77c000 	C:\Windows\System32\ADVAPI32.dll
0x00007ffc0ce30000 - 0x00007ffc0cece000 	C:\Windows\System32\msvcrt.dll
0x00007ffc0e410000 - 0x00007ffc0e4ab000 	C:\Windows\System32\sechost.dll
0x00007ffc0c9c0000 - 0x00007ffc0caea000 	C:\Windows\System32\RPCRT4.dll
0x00007ffc0dac0000 - 0x00007ffc0dc61000 	C:\Windows\System32\USER32.dll
0x00007ffc0bda0000 - 0x00007ffc0bdc2000 	C:\Windows\System32\win32u.dll
0x00007ffc0d230000 - 0x00007ffc0d25b000 	C:\Windows\System32\GDI32.dll
0x00007ffc0c060000 - 0x00007ffc0c16b000 	C:\Windows\System32\gdi32full.dll
0x00007ffc0bf30000 - 0x00007ffc0bfcd000 	C:\Windows\System32\msvcp_win.dll
0x00007ffc0bdd0000 - 0x00007ffc0bed0000 	C:\Windows\System32\ucrtbase.dll
0x00007ffbf68b0000 - 0x00007ffbf6b4a000 	C:\Windows\WinSxS\amd64_microsoft.windows.common-controls_6595b64144ccf1df_6.0.19041.1110_none_60b5254171f9507e\COMCTL32.dll
0x00007ffc0cdf0000 - 0x00007ffc0ce20000 	C:\Windows\System32\IMM32.DLL
0x0000000069650000 - 0x0000000069722000 	C:\Program Files\Java\jdk1.8.0_111\jre\bin\msvcr100.dll
0x0000000068db0000 - 0x000000006964a000 	C:\Program Files\Java\jdk1.8.0_111\jre\bin\server\jvm.dll
0x00007ffc0ce20000 - 0x00007ffc0ce28000 	C:\Windows\System32\PSAPI.DLL
0x00007ffc06500000 - 0x00007ffc06509000 	C:\Windows\SYSTEM32\WSOCK32.dll
0x00007ffbf95a0000 - 0x00007ffbf95c7000 	C:\Windows\SYSTEM32\WINMM.dll
0x00007ffc0d0d0000 - 0x00007ffc0d13b000 	C:\Windows\System32\WS2_32.dll
0x00007ffc04960000 - 0x00007ffc0496a000 	C:\Windows\SYSTEM32\VERSION.dll
0x0000000068da0000 - 0x0000000068daf000 	C:\Program Files\Java\jdk1.8.0_111\jre\bin\verify.dll
0x0000000068d70000 - 0x0000000068d99000 	C:\Program Files\Java\jdk1.8.0_111\jre\bin\java.dll
0x0000000068d50000 - 0x0000000068d66000 	C:\Program Files\Java\jdk1.8.0_111\jre\bin\zip.dll
0x00007ffc0dc70000 - 0x00007ffc0e3af000 	C:\Windows\System32\SHELL32.dll
0x00007ffc09d70000 - 0x00007ffc0a500000 	C:\Windows\SYSTEM32\windows.storage.dll
0x00007ffc0d760000 - 0x00007ffc0dab5000 	C:\Windows\System32\combase.dll
0x00007ffc0b5f0000 - 0x00007ffc0b61c000 	C:\Windows\SYSTEM32\Wldp.dll
0x00007ffc0cd40000 - 0x00007ffc0cdee000 	C:\Windows\System32\SHCORE.dll
0x00007ffc0d700000 - 0x00007ffc0d755000 	C:\Windows\System32\shlwapi.dll
0x00007ffc0bbb0000 - 0x00007ffc0bbcf000 	C:\Windows\SYSTEM32\profapi.dll
0x0000000068d30000 - 0x0000000068d4a000 	C:\Program Files\Java\jdk1.8.0_111\jre\bin\net.dll
0x00007ffc0b350000 - 0x00007ffc0b3ba000 	C:\Windows\system32\mswsock.dll
0x0000000068d10000 - 0x0000000068d21000 	C:\Program Files\Java\jdk1.8.0_111\jre\bin\nio.dll
0x00007ffc0b540000 - 0x00007ffc0b558000 	C:\Windows\SYSTEM32\CRYPTSP.dll
0x00007ffc0acd0000 - 0x00007ffc0ad04000 	C:\Windows\system32\rsaenh.dll
0x00007ffc0bc70000 - 0x00007ffc0bc97000 	C:\Windows\System32\bcrypt.dll
0x00007ffc0bb30000 - 0x00007ffc0bb5e000 	C:\Windows\SYSTEM32\USERENV.dll
0x00007ffc0bfd0000 - 0x00007ffc0c053000 	C:\Windows\System32\bcryptprimitives.dll
0x00007ffc0b560000 - 0x00007ffc0b56c000 	C:\Windows\SYSTEM32\CRYPTBASE.dll
0x00007ffc0b040000 - 0x00007ffc0b07b000 	C:\Windows\SYSTEM32\IPHLPAPI.DLL
0x00007ffc0cff0000 - 0x00007ffc0cff8000 	C:\Windows\System32\NSI.dll
0x00007ffc05890000 - 0x00007ffc058a7000 	C:\Windows\SYSTEM32\dhcpcsvc6.DLL
0x00007ffc05a80000 - 0x00007ffc05a9d000 	C:\Windows\SYSTEM32\dhcpcsvc.DLL
0x00007ffc0b080000 - 0x00007ffc0b14c000 	C:\Windows\SYSTEM32\DNSAPI.dll
0x0000000068cd0000 - 0x0000000068cf4000 	C:\Program Files\Java\jdk1.8.0_111\jre\bin\sunec.dll
0x0000000068cc0000 - 0x0000000068ccb000 	C:\Program Files\Java\jdk1.8.0_111\jre\bin\sunmscapi.dll
0x00007ffc0c440000 - 0x00007ffc0c596000 	C:\Windows\System32\CRYPT32.dll
0x0000000068b20000 - 0x0000000068cb8000 	C:\Program Files\Java\jdk1.8.0_111\jre\bin\awt.dll
0x00007ffc0d000000 - 0x00007ffc0d0cd000 	C:\Windows\System32\OLEAUT32.dll
0x00007ffc09600000 - 0x00007ffc09690000 	C:\Windows\SYSTEM32\apphelp.dll
0x00007ffbfce30000 - 0x00007ffbfd014000 	C:\Windows\SYSTEM32\dbghelp.dll

VM Arguments:
jvm_args: -Djava.awt.headless=true -Djava.security.manager=worker.org.gradle.process.internal.worker.child.BootstrapSecurityManager -Dorg.gradle.native=false -Xmx512m -Dfile.encoding=windows-1252 -Duser.country=ID -Duser.language=en -Duser.variant -ea 
java_command: worker.org.gradle.process.internal.worker.GradleWorkerMain 'Gradle Test Executor 2'
java_class_path (initial): C:\Users\HP\.gradle\caches\6.1.1\workerMain\gradle-worker.jar
Launcher Type: SUN_STANDARD

Environment Variables:
PATH=C:\ProgramData\Oracle\Java\javapath;C:\Windows\system32;C:\Windows;C:\Windows\System32\Wbem;C:\Windows\System32\WindowsPowerShell\v1.0\;C:\Windows\System32\OpenSSH\;C:\Program Files\Git\cmd;C:\Program Files\nodejs\;C:\Program Files\Microsoft SQL Server\Client SDK\ODBC\170\Tools\Binn\;C:\Program Files (x86)\Microsoft SQL Server\150\Tools\Binn\;C:\Program Files\Microsoft SQL Server\150\Tools\Binn\;C:\Program Files\Microsoft SQL Server\150\DTS\Binn\;C:\Program Files (x86)\Microsoft SQL Server\150\DTS\Binn\;C:\Program Files\Azure Data Studio\bin;C:\Program Files\Java\jdk1.8.0_111\bin;C:\Program Files (x86)\PuTTY\;C:\Users\HP\AppData\Local\Microsoft\WindowsApps;C:\xampp\php;C:\Users\HP\AppData\Local\ComposerSetup\bin;C:\Users\HP\AppData\Roaming\Composer\vendor\bin;C:\Users\HP\AppData\Roaming\npm;C:\Users\HP\AppData\Local\Programs\Microsoft VS Code\bin;C:\Program Files\Azure Data Studio\bin
USERNAME=HP
OS=Windows_NT
PROCESSOR_IDENTIFIER=AMD64 Family 21 Model 112 Stepping 0, AuthenticAMD



---------------  S Y S T E M  ---------------

OS: Windows 10.0 , 64 bit Build 19041 (10.0.19041.1202)

CPU:total 2 (2 cores per cpu, 1 threads per core) family 21 model 112 stepping 0, cmov, cx8, fxsr, mmx, sse, sse2, sse3, ssse3, sse4.1, sse4.2, popcnt, avx, avx2, aes, clmul, mmxext, 3dnowpref, lzcnt, sse4a, tsc, tscinvbit, tscinv, bmi1

Memory: 4k page, physical 4073412k(453464k free), swap 10440556k(3469672k free)

vm_info: Java HotSpot(TM) 64-Bit Server VM (25.111-b14) for windows-amd64 JRE (1.8.0_111-b14), built on Sep 22 2016 19:24:05 by "java_re" with MS VC++ 10.0 (VS2010)

time: Tue Sep 28 18:18:33 2021
elapsed time: 35 seconds (0d 0h 0m 35s)

