#
# A fatal error has been detected by the Java Runtime Environment:
#
#  EXCEPTION_ACCESS_VIOLATION (0xc0000005) at pc=0x0000000068df3608, pid=656, tid=0x0000000000003354
#
# JRE version: Java(TM) SE Runtime Environment (8.0_111-b14) (build 1.8.0_111-b14)
# Java VM: Java HotSpot(TM) 64-Bit Server VM (25.111-b14 mixed mode windows-amd64 compressed oops)
# Problematic frame:
# V  [jvm.dll+0x43608]
#
# Failed to write core dump. Minidumps are not enabled by default on client versions of Windows
#
# If you would like to submit a bug report, please visit:
#   http://bugreport.java.com/bugreport/crash.jsp
#

---------------  T H R E A D  ---------------

Current thread (0x0000000014124000):  JavaThread "C1 CompilerThread1" daemon [_thread_in_vm, id=13140, stack(0x0000000015320000,0x0000000015420000)]

siginfo: ExceptionCode=0xc0000005, reading address 0xffffffffffffffff

Registers:
RAX=0x0000000014124000, RBX=0x0000000002da9800, RCX=0x0000000002da9800, RDX=0x0000000002da9800
RSP=0x000000001541d1f0, RBP=0x000000001414bfd0, RSI=0x0000000002da9800, RDI=0x0000000000000000
R8 =0x13c695a6ffff0013, R9 =0x0000000000000000, R10=0x000000001414c200, R11=0x000000001af419a0
R12=0x0000000014124000, R13=0x000000001414bfd0, R14=0x000000001ae73880, R15=0x0000000000000000
RIP=0x0000000068df3608, EFLAGS=0x0000000000010202

Top of Stack: (sp=0x000000001541d1f0)
0x000000001541d1f0:   00000000000000b6 000000001541f7a0
0x000000001541d200:   0000000000000000 0000000000000077
0x000000001541d210:   00000000194c7480 000000001541f7a0
0x000000001541d220:   000000001541d300 0000000068ddfe25
0x000000001541d230:   00000000000000e9 0000000068df3999
0x000000001541d240:   0000000000000077 0000000000000077
0x000000001541d250:   0000000000000000 0000000000000000
0x000000001541d260:   00000000000000b6 000000001af9cc90
0x000000001541d270:   0000000002d69ac0 0000000068df1c6b
0x000000001541d280:   0000000000000000 0000000014124000
0x000000001541d290:   000000001ae749f0 0000000068ddce0f
0x000000001541d2a0:   0000000014124000 0000000068df6f80
0x000000001541d2b0:   0000000014124000 0000000014124000
0x000000001541d2c0:   000000001af9cc90 00000000691d0aeb
0x000000001541d2d0:   0000000000000000 0000000000000000
0x000000001541d2e0:   000000001ae749f0 0000000000000000 

Instructions: (pc=0x0000000068df3608)
0x0000000068df35e8:   00 48 8b da ff 15 fe 7d 59 00 44 0f b6 05 5a d9
0x0000000068df35f8:   7a 00 4c 8b e0 45 84 c0 74 39 4c 8b 03 48 8b cb
0x0000000068df3608:   41 ff 50 08 84 c0 74 2b 83 7b 08 00 7e 25 0f b6
0x0000000068df3618:   83 0e 01 00 00 c0 e8 03 a8 01 74 17 48 8b 03 48 


Register to memory mapping:

RAX=0x0000000014124000 is a thread
RBX=0x0000000002da9800 is an unknown value
RCX=0x0000000002da9800 is an unknown value
RDX=0x0000000002da9800 is an unknown value
RSP=0x000000001541d1f0 is pointing into the stack for thread: 0x0000000014124000
RBP=0x000000001414bfd0 is an unknown value
RSI=0x0000000002da9800 is an unknown value
RDI=0x0000000000000000 is an unknown value
R8 =0x13c695a6ffff0013 is an unknown value
R9 =0x0000000000000000 is an unknown value
R10=0x000000001414c200 is an unknown value
R11=0x000000001af419a0 is an unknown value
R12=0x0000000014124000 is a thread
R13=0x000000001414bfd0 is an unknown value
R14=0x000000001ae73880 is an unknown value
R15=0x0000000000000000 is an unknown value


Stack: [0x0000000015320000,0x0000000015420000],  sp=0x000000001541d1f0,  free space=1012k
Native frames: (J=compiled Java code, j=interpreted, Vv=VM code, C=native code)
V  [jvm.dll+0x43608]
V  [jvm.dll+0x43999]
V  [jvm.dll+0x41c6b]
V  [jvm.dll+0x420aeb]
V  [jvm.dll+0x41b8da]
V  [jvm.dll+0x41e727]
V  [jvm.dll+0x41eeeb]
V  [jvm.dll+0x41fde6]
V  [jvm.dll+0x420048]
V  [jvm.dll+0x42047b]
V  [jvm.dll+0x41ffd5]
V  [jvm.dll+0x41bd3b]
V  [jvm.dll+0x41e727]
V  [jvm.dll+0x41eeeb]
V  [jvm.dll+0x41fde6]
V  [jvm.dll+0x420048]
V  [jvm.dll+0x42047b]
V  [jvm.dll+0x41ffd5]
V  [jvm.dll+0x41bd3b]
V  [jvm.dll+0x41e727]
V  [jvm.dll+0x41f01d]
V  [jvm.dll+0x41fde6]
V  [jvm.dll+0x420048]
V  [jvm.dll+0x42047b]
V  [jvm.dll+0x41ffd5]
V  [jvm.dll+0x41bd3b]
V  [jvm.dll+0x41e727]
V  [jvm.dll+0x41eeeb]
V  [jvm.dll+0x41fde6]
V  [jvm.dll+0x420048]
V  [jvm.dll+0x42047b]
V  [jvm.dll+0x41ffd5]
V  [jvm.dll+0x41bd3b]
V  [jvm.dll+0x41e727]
V  [jvm.dll+0x41f01d]
V  [jvm.dll+0x41fde6]
V  [jvm.dll+0x420048]
V  [jvm.dll+0x42047b]
V  [jvm.dll+0x41ffd5]
V  [jvm.dll+0x41bd3b]
V  [jvm.dll+0x41e727]
V  [jvm.dll+0x41eeeb]
V  [jvm.dll+0x41fde6]
V  [jvm.dll+0x420048]
V  [jvm.dll+0x41bd3b]
V  [jvm.dll+0x41e727]
V  [jvm.dll+0x41eeeb]
V  [jvm.dll+0x41fde6]
V  [jvm.dll+0x420048]
V  [jvm.dll+0x41bd3b]
V  [jvm.dll+0x41e727]
V  [jvm.dll+0x41f01d]
V  [jvm.dll+0x41f412]
V  [jvm.dll+0x4244f5]
V  [jvm.dll+0x424600]
V  [jvm.dll+0x40ddb8]
V  [jvm.dll+0x40e021]
V  [jvm.dll+0x40e1e2]
V  [jvm.dll+0x40e3b1]
V  [jvm.dll+0x40e5bf]
V  [jvm.dll+0xa5742]
V  [jvm.dll+0xa607f]
V  [jvm.dll+0x244b7f]
V  [jvm.dll+0x29c43a]
C  [msvcr100.dll+0x21d9f]
C  [msvcr100.dll+0x21e3b]
C  [KERNEL32.DLL+0x17034]
C  [ntdll.dll+0x52651]


Current CompileTask:
C1:  29641 5866       3       android.content.res.TypedArray::$$robo$$android_content_res_TypedArray$loadStringValueAt (51 bytes)


---------------  P R O C E S S  ---------------

Java Threads: ( => current thread )
  0x0000000018c9a000 JavaThread "Java2D Disposer" daemon [_thread_blocked, id=4844, stack(0x000000001bfd0000,0x000000001c0d0000)]
  0x0000000016116000 JavaThread "SDK 28 Main Thread" [_thread_blocked, id=9644, stack(0x0000000017d30000,0x0000000017e30000)]
  0x0000000015e99000 JavaThread "/127.0.0.1:51471 to /127.0.0.1:51470 workers Thread 3" [_thread_in_native, id=12804, stack(0x0000000016860000,0x0000000016960000)]
  0x0000000015e94000 JavaThread "/127.0.0.1:51471 to /127.0.0.1:51470 workers Thread 2" [_thread_blocked, id=11420, stack(0x0000000016760000,0x0000000016860000)]
  0x0000000015d53000 JavaThread "Test worker" [_thread_blocked, id=11848, stack(0x0000000016320000,0x0000000016420000)]
  0x000000001414e800 JavaThread "Service Thread" daemon [_thread_blocked, id=11536, stack(0x0000000015820000,0x0000000015920000)]
=>0x0000000014124000 JavaThread "C1 CompilerThread1" daemon [_thread_in_vm, id=13140, stack(0x0000000015320000,0x0000000015420000)]
  0x0000000014123000 JavaThread "C2 CompilerThread0" daemon [_thread_blocked, id=4032, stack(0x0000000015220000,0x0000000015320000)]
  0x0000000014121000 JavaThread "Attach Listener" daemon [_thread_blocked, id=596, stack(0x0000000015120000,0x0000000015220000)]
  0x000000001411e000 JavaThread "Signal Dispatcher" daemon [_thread_blocked, id=2700, stack(0x0000000015020000,0x0000000015120000)]
  0x0000000014098800 JavaThread "Finalizer" daemon [_thread_blocked, id=9788, stack(0x0000000014ce0000,0x0000000014de0000)]
  0x0000000002e4e000 JavaThread "Reference Handler" daemon [_thread_blocked, id=9304, stack(0x0000000014be0000,0x0000000014ce0000)]
  0x0000000002d60800 JavaThread "main" [_thread_blocked, id=2300, stack(0x0000000001470000,0x0000000001570000)]

Other Threads:
  0x0000000014076000 VMThread [stack: 0x0000000014ae0000,0x0000000014be0000] [id=5180]
  0x00000000154b3800 WatcherThread [stack: 0x0000000015920000,0x0000000015a20000] [id=8452]

VM state:synchronizing (normal execution)

VM Mutex/Monitor currently owned by a thread:  ([mutex/lock_event])
[0x0000000002ecc910] Threads_lock - owner thread: 0x0000000014076000

Heap:
 PSYoungGen      total 161792K, used 155308K [0x00000000f5580000, 0x0000000100000000, 0x0000000100000000)
  eden space 148992K, 98% used [0x00000000f5580000,0x00000000fe44ea60,0x00000000fe700000)
  from space 12800K, 70% used [0x00000000fe700000,0x00000000fefdc880,0x00000000ff380000)
  to   space 12800K, 0% used [0x00000000ff380000,0x00000000ff380000,0x0000000100000000)
 ParOldGen       total 113664K, used 67437K [0x00000000e0000000, 0x00000000e6f00000, 0x00000000f5580000)
  object space 113664K, 59% used [0x00000000e0000000,0x00000000e41db4e0,0x00000000e6f00000)
 Metaspace       used 59594K, capacity 66950K, committed 67072K, reserved 1107968K
  class space    used 7058K, capacity 9167K, committed 9216K, reserved 1048576K

Card table byte_map: [0x0000000012290000,0x00000000123a0000] byte_map_base: 0x0000000011b90000

Marking Bits: (ParMarkBitMap*) 0x00000000695ca6c0
 Begin Bits: [0x0000000012650000, 0x0000000012e50000)
 End Bits:   [0x0000000012e50000, 0x0000000013650000)

Polling page: 0x0000000001010000

CodeCache: size=245760Kb used=16325Kb max_used=16336Kb free=229434Kb
 bounds [0x0000000002ed0000, 0x0000000003ee0000, 0x0000000011ed0000]
 total_blobs=6233 nmethods=4947 adapters=1198
 compilation: enabled

Compilation events (10 events):
Event: 28.787 Thread 0x0000000014124000 nmethod 5863 0x0000000003e8b710 code [0x0000000003e8b8a0, 0x0000000003e8be38]
Event: 28.790 Thread 0x0000000014124000 5864       3       android.content.res.TypedArray::$$robo$$android_content_res_TypedArray$getChangingConfigurations (81 bytes)
Event: 28.795 Thread 0x0000000014124000 nmethod 5864 0x0000000003ec58d0 code [0x0000000003ec5e20, 0x0000000003ec9658]
Event: 28.795 Thread 0x0000000014124000 5865       3       android.content.res.TypedArray::loadStringValueAt (8 bytes)
Event: 28.798 Thread 0x0000000014124000 nmethod 5865 0x0000000003ecc650 code [0x0000000003ecc980, 0x0000000003ece588]
Event: 28.798 Thread 0x0000000014124000 5866       3       android.content.res.TypedArray::$$robo$$android_content_res_TypedArray$loadStringValueAt (51 bytes)
Event: 28.911 Thread 0x0000000014123000 5875       4       java.lang.invoke.LambdaForm$DMH/1166592453::invokeSpecial_LII_I (18 bytes)
Event: 28.912 Thread 0x0000000014123000 nmethod 5875 0x0000000003e8b410 code [0x0000000003e8b560, 0x0000000003e8b608]
Event: 28.912 Thread 0x0000000014123000 5876       4       java.lang.invoke.LambdaForm$MH/1172803497::exactInvoker (51 bytes)
Event: 28.916 Thread 0x0000000014123000 nmethod 5876 0x0000000003e8ad10 code [0x0000000003e8aea0, 0x0000000003e8b070]

GC Heap History (10 events):
Event: 21.875 GC heap before
{Heap before GC invocations=20 (full 3):
 PSYoungGen      total 164864K, used 155648K [0x00000000f5580000, 0x00000000fff80000, 0x0000000100000000)
  eden space 155648K, 100% used [0x00000000f5580000,0x00000000fed80000,0x00000000fed80000)
  from space 9216K, 0% used [0x00000000ff680000,0x00000000ff680000,0x00000000fff80000)
  to   space 9216K, 0% used [0x00000000fed80000,0x00000000fed80000,0x00000000ff680000)
 ParOldGen       total 113664K, used 60461K [0x00000000e0000000, 0x00000000e6f00000, 0x00000000f5580000)
  object space 113664K, 53% used [0x00000000e0000000,0x00000000e3b0b510,0x00000000e6f00000)
 Metaspace       used 49854K, capacity 55894K, committed 56064K, reserved 1097728K
  class space    used 6066K, capacity 7926K, committed 7936K, reserved 1048576K
Event: 21.889 GC heap after
Heap after GC invocations=20 (full 3):
 PSYoungGen      total 164864K, used 3386K [0x00000000f5580000, 0x0000000100000000, 0x0000000100000000)
  eden space 155648K, 0% used [0x00000000f5580000,0x00000000f5580000,0x00000000fed80000)
  from space 9216K, 36% used [0x00000000fed80000,0x00000000ff0ce848,0x00000000ff680000)
  to   space 9216K, 0% used [0x00000000ff700000,0x00000000ff700000,0x0000000100000000)
 ParOldGen       total 113664K, used 60469K [0x00000000e0000000, 0x00000000e6f00000, 0x00000000f5580000)
  object space 113664K, 53% used [0x00000000e0000000,0x00000000e3b0d510,0x00000000e6f00000)
 Metaspace       used 49854K, capacity 55894K, committed 56064K, reserved 1097728K
  class space    used 6066K, capacity 7926K, committed 7936K, reserved 1048576K
}
Event: 23.281 GC heap before
{Heap before GC invocations=21 (full 3):
 PSYoungGen      total 164864K, used 159034K [0x00000000f5580000, 0x0000000100000000, 0x0000000100000000)
  eden space 155648K, 100% used [0x00000000f5580000,0x00000000fed80000,0x00000000fed80000)
  from space 9216K, 36% used [0x00000000fed80000,0x00000000ff0ce848,0x00000000ff680000)
  to   space 9216K, 0% used [0x00000000ff700000,0x00000000ff700000,0x0000000100000000)
 ParOldGen       total 113664K, used 60469K [0x00000000e0000000, 0x00000000e6f00000, 0x00000000f5580000)
  object space 113664K, 53% used [0x00000000e0000000,0x00000000e3b0d510,0x00000000e6f00000)
 Metaspace       used 53928K, capacity 60238K, committed 60416K, reserved 1101824K
  class space    used 6469K, capacity 8404K, committed 8448K, reserved 1048576K
Event: 23.311 GC heap after
Heap after GC invocations=21 (full 3):
 PSYoungGen      total 164352K, used 7104K [0x00000000f5580000, 0x0000000100000000, 0x0000000100000000)
  eden space 155136K, 0% used [0x00000000f5580000,0x00000000f5580000,0x00000000fed00000)
  from space 9216K, 77% used [0x00000000ff700000,0x00000000ffdf0080,0x0000000100000000)
  to   space 9728K, 0% used [0x00000000fed00000,0x00000000fed00000,0x00000000ff680000)
 ParOldGen       total 113664K, used 60469K [0x00000000e0000000, 0x00000000e6f00000, 0x00000000f5580000)
  object space 113664K, 53% used [0x00000000e0000000,0x00000000e3b0d510,0x00000000e6f00000)
 Metaspace       used 53928K, capacity 60238K, committed 60416K, reserved 1101824K
  class space    used 6469K, capacity 8404K, committed 8448K, reserved 1048576K
}
Event: 24.575 GC heap before
{Heap before GC invocations=22 (full 3):
 PSYoungGen      total 164352K, used 162240K [0x00000000f5580000, 0x0000000100000000, 0x0000000100000000)
  eden space 155136K, 100% used [0x00000000f5580000,0x00000000fed00000,0x00000000fed00000)
  from space 9216K, 77% used [0x00000000ff700000,0x00000000ffdf0080,0x0000000100000000)
  to   space 9728K, 0% used [0x00000000fed00000,0x00000000fed00000,0x00000000ff680000)
 ParOldGen       total 113664K, used 60469K [0x00000000e0000000, 0x00000000e6f00000, 0x00000000f5580000)
  object space 113664K, 53% used [0x00000000e0000000,0x00000000e3b0d510,0x00000000e6f00000)
 Metaspace       used 56209K, capacity 63000K, committed 63360K, reserved 1103872K
  class space    used 6688K, capacity 8707K, committed 8832K, reserved 1048576K
Event: 24.607 GC heap after
Heap after GC invocations=22 (full 3):
 PSYoungGen      total 163328K, used 7847K [0x00000000f5580000, 0x0000000100000000, 0x0000000100000000)
  eden space 155136K, 0% used [0x00000000f5580000,0x00000000f5580000,0x00000000fed00000)
  from space 8192K, 95% used [0x00000000fed00000,0x00000000ff4a9e00,0x00000000ff500000)
  to   space 10240K, 0% used [0x00000000ff600000,0x00000000ff600000,0x0000000100000000)
 ParOldGen       total 113664K, used 60477K [0x00000000e0000000, 0x00000000e6f00000, 0x00000000f5580000)
  object space 113664K, 53% used [0x00000000e0000000,0x00000000e3b0f510,0x00000000e6f00000)
 Metaspace       used 56209K, capacity 63000K, committed 63360K, reserved 1103872K
  class space    used 6688K, capacity 8707K, committed 8832K, reserved 1048576K
}
Event: 26.983 GC heap before
{Heap before GC invocations=23 (full 3):
 PSYoungGen      total 163328K, used 162983K [0x00000000f5580000, 0x0000000100000000, 0x0000000100000000)
  eden space 155136K, 100% used [0x00000000f5580000,0x00000000fed00000,0x00000000fed00000)
  from space 8192K, 95% used [0x00000000fed00000,0x00000000ff4a9e00,0x00000000ff500000)
  to   space 10240K, 0% used [0x00000000ff600000,0x00000000ff600000,0x0000000100000000)
 ParOldGen       total 113664K, used 60477K [0x00000000e0000000, 0x00000000e6f00000, 0x00000000f5580000)
  object space 113664K, 53% used [0x00000000e0000000,0x00000000e3b0f510,0x00000000e6f00000)
 Metaspace       used 59186K, capacity 66170K, committed 66304K, reserved 1105920K
  class space    used 7032K, capacity 9103K, committed 9216K, reserved 1048576K
Event: 27.019 GC heap after
Heap after GC invocations=23 (full 3):
 PSYoungGen      total 159232K, used 10228K [0x00000000f5580000, 0x0000000100000000, 0x0000000100000000)
  eden space 148992K, 0% used [0x00000000f5580000,0x00000000f5580000,0x00000000fe700000)
  from space 10240K, 99% used [0x00000000ff600000,0x00000000ffffd210,0x0000000100000000)
  to   space 12800K, 0% used [0x00000000fe700000,0x00000000fe700000,0x00000000ff380000)
 ParOldGen       total 113664K, used 64261K [0x00000000e0000000, 0x00000000e6f00000, 0x00000000f5580000)
  object space 113664K, 56% used [0x00000000e0000000,0x00000000e3ec1620,0x00000000e6f00000)
 Metaspace       used 59186K, capacity 66170K, committed 66304K, reserved 1105920K
  class space    used 7032K, capacity 9103K, committed 9216K, reserved 1048576K
}
Event: 28.053 GC heap before
{Heap before GC invocations=24 (full 3):
 PSYoungGen      total 159232K, used 159220K [0x00000000f5580000, 0x0000000100000000, 0x0000000100000000)
  eden space 148992K, 100% used [0x00000000f5580000,0x00000000fe700000,0x00000000fe700000)
  from space 10240K, 99% used [0x00000000ff600000,0x00000000ffffd210,0x0000000100000000)
  to   space 12800K, 0% used [0x00000000fe700000,0x00000000fe700000,0x00000000ff380000)
 ParOldGen       total 113664K, used 64261K [0x00000000e0000000, 0x00000000e6f00000, 0x00000000f5580000)
  object space 113664K, 56% used [0x00000000e0000000,0x00000000e3ec1620,0x00000000e6f00000)
 Metaspace       used 59482K, capacity 66772K, committed 67072K, reserved 1107968K
  class space    used 7047K, capacity 9148K, committed 9216K, reserved 1048576K
Event: 28.102 GC heap after
Heap after GC invocations=24 (full 3):
 PSYoungGen      total 161792K, used 9074K [0x00000000f5580000, 0x0000000100000000, 0x0000000100000000)
  eden space 148992K, 0% used [0x00000000f5580000,0x00000000f5580000,0x00000000fe700000)
  from space 12800K, 70% used [0x00000000fe700000,0x00000000fefdc880,0x00000000ff380000)
  to   space 12800K, 0% used [0x00000000ff380000,0x00000000ff380000,0x0000000100000000)
 ParOldGen       total 113664K, used 67437K [0x00000000e0000000, 0x00000000e6f00000, 0x00000000f5580000)
  object space 113664K, 59% used [0x00000000e0000000,0x00000000e41db4e0,0x00000000e6f00000)
 Metaspace       used 59482K, capacity 66772K, committed 67072K, reserved 1107968K
  class space    used 7047K, capacity 9148K, committed 9216K, reserved 1048576K
}

Deoptimization events (10 events):
Event: 26.185 Thread 0x0000000015d53000 Uncommon trap: reason=unstable_if action=reinterpret pc=0x00000000035dbd78 method=org.robolectric.internal.bytecode.MethodRef.equals(Ljava/lang/Object;)Z @ 2
Event: 26.204 Thread 0x0000000016116000 Uncommon trap: reason=bimorphic action=maybe_recompile pc=0x00000000032d0520 method=java.util.AbstractCollection.toArray()[Ljava/lang/Object; @ 22
Event: 26.204 Thread 0x0000000016116000 Uncommon trap: reason=bimorphic action=maybe_recompile pc=0x00000000032d04e0 method=java.util.AbstractCollection.toArray()[Ljava/lang/Object; @ 52
Event: 26.217 Thread 0x0000000016116000 Uncommon trap: reason=bimorphic action=maybe_recompile pc=0x00000000032cc5f4 method=java.util.regex.Pattern$Start.<init>(Ljava/util/regex/Pattern$Node;)V @ 22
Event: 26.250 Thread 0x0000000016116000 Uncommon trap: reason=unstable_if action=reinterpret pc=0x00000000039a75e4 method=org.robolectric.res.android.ResXMLParser.getAttributeNameResID(I)I @ 18
Event: 26.535 Thread 0x0000000016116000 Uncommon trap: reason=unstable_if action=reinterpret pc=0x00000000030beadc method=org.robolectric.res.android.CppAssetManager2$Theme.SetTo(Lorg/robolectric/res/android/CppAssetManager2$Theme;)Z @ 53
Event: 26.824 Thread 0x0000000016116000 Uncommon trap: reason=unstable_if action=reinterpret pc=0x0000000003600ee4 method=org.robolectric.res.android.ResXMLParser.getAttributeNameResID(I)I @ 18
Event: 28.345 Thread 0x0000000016116000 Uncommon trap: reason=bimorphic action=maybe_recompile pc=0x00000000032d04e0 method=java.util.AbstractCollection.toArray()[Ljava/lang/Object; @ 52
Event: 28.368 Thread 0x0000000016116000 Uncommon trap: reason=bimorphic action=maybe_recompile pc=0x00000000032cc5f4 method=java.util.regex.Pattern$Start.<init>(Ljava/util/regex/Pattern$Node;)V @ 22
Event: 28.793 Thread 0x0000000016116000 Uncommon trap: reason=unstable_if action=reinterpret pc=0x0000000003e06320 method=com.google.common.base.Objects.equal(Ljava/lang/Object;Ljava/lang/Object;)Z @ 2

Internal exceptions (10 events):
Event: 12.258 Thread 0x0000000016116000 Exception <a 'java/security/PrivilegedActionException'> (0x00000000f90f0408) thrown at [C:\re\workspace\8-2-build-windows-amd64-cygwin\jdk8u111\7883\hotspot\src\share\vm\prims\jvm.cpp, line 1386]
Event: 15.213 Thread 0x0000000016116000 Exception <a 'sun/nio/fs/WindowsException'> (0x00000000f68da480) thrown at [C:\re\workspace\8-2-build-windows-amd64-cygwin\jdk8u111\7883\hotspot\src\share\vm\prims\jni.cpp, line 709]
Event: 16.278 Thread 0x0000000016116000 Exception <a 'java/lang/NoSuchFieldError': method resolution failed> (0x00000000fe6cbb40) thrown at [C:\re\workspace\8-2-build-windows-amd64-cygwin\jdk8u111\7883\hotspot\src\share\vm\prims\methodHandles.cpp, line 1146]
Event: 18.882 Thread 0x0000000016116000 Exception <a 'java/lang/NoSuchFieldError': method resolution failed> (0x00000000fc01e0e8) thrown at [C:\re\workspace\8-2-build-windows-amd64-cygwin\jdk8u111\7883\hotspot\src\share\vm\prims\methodHandles.cpp, line 1146]
Event: 20.690 Thread 0x0000000016116000 Exception <a 'java/io/FileNotFoundException'> (0x00000000f61633e0) thrown at [C:\re\workspace\8-2-build-windows-amd64-cygwin\jdk8u111\7883\hotspot\src\share\vm\prims\jni.cpp, line 709]
Event: 20.775 Thread 0x0000000016116000 Implicit null exception at 0x0000000003157355 to 0x0000000003157531
Event: 22.470 Thread 0x0000000016116000 Exception <a 'java/lang/NoSuchMethodError': java.lang.Object.lambda$comparingDouble$8dcf42ea$1(Ljava/util/function/ToDoubleFunction;Ljava/lang/Object;Ljava/lang/Object;)I> (0x00000000f8ed1da0) thrown at [C:\re\workspace\8-2-build-windows-amd64-cygwin\jdk8
Event: 26.042 Thread 0x0000000016116000 Exception <a 'java/lang/NoSuchMethodError': java.lang.Object.lambda$get$0(Ljava/lang/Object;)V> (0x00000000fba7fc18) thrown at [C:\re\workspace\8-2-build-windows-amd64-cygwin\jdk8u111\7883\hotspot\src\share\vm\interpreter\linkResolver.cpp, line 582]
Event: 26.529 Thread 0x0000000016116000 Exception <a 'sun/nio/fs/WindowsException'> (0x00000000fc9fb528) thrown at [C:\re\workspace\8-2-build-windows-amd64-cygwin\jdk8u111\7883\hotspot\src\share\vm\prims\jni.cpp, line 709]
Event: 28.619 Thread 0x0000000016116000 Exception <a 'sun/nio/fs/WindowsException'> (0x00000000f79cef70) thrown at [C:\re\workspace\8-2-build-windows-amd64-cygwin\jdk8u111\7883\hotspot\src\share\vm\prims\jni.cpp, line 709]

Events (10 events):
Event: 28.342 loading class android/content/res/Resources done
Event: 28.345 Thread 0x0000000016116000 Uncommon trap: trap_request=0xffffffc6 fr.pc=0x00000000032d04e0
Event: 28.345 Thread 0x0000000016116000 DEOPT PACKING pc=0x00000000032d04e0 sp=0x0000000017e2eb70
Event: 28.345 Thread 0x0000000016116000 DEOPT UNPACKING pc=0x0000000002f1582a sp=0x0000000017e2eb28 mode 2
Event: 28.368 Thread 0x0000000016116000 Uncommon trap: trap_request=0xffffffc6 fr.pc=0x00000000032cc5f4
Event: 28.368 Thread 0x0000000016116000 DEOPT PACKING pc=0x00000000032cc5f4 sp=0x0000000017e2eba0
Event: 28.368 Thread 0x0000000016116000 DEOPT UNPACKING pc=0x0000000002f1582a sp=0x0000000017e2eae8 mode 2
Event: 28.793 Thread 0x0000000016116000 Uncommon trap: trap_request=0xffffff65 fr.pc=0x0000000003e06320
Event: 28.793 Thread 0x0000000016116000 DEOPT PACKING pc=0x0000000003e06320 sp=0x0000000017e279a0
Event: 28.793 Thread 0x0000000016116000 DEOPT UNPACKING pc=0x0000000002f1582a sp=0x0000000017e278e0 mode 2


Dynamic libraries:
0x00007ff6dc770000 - 0x00007ff6dc7a7000 	C:\Program Files\Java\jdk1.8.0_111\bin\java.exe
0x00007ffc0e550000 - 0x00007ffc0e745000 	C:\Windows\SYSTEM32\ntdll.dll
0x00007ffc0caf0000 - 0x00007ffc0cbae000 	C:\Windows\System32\KERNEL32.DLL
0x00007ffc0c170000 - 0x00007ffc0c439000 	C:\Windows\System32\KERNELBASE.dll
0x00007ffc0c6d0000 - 0x00007ffc0c77c000 	C:\Windows\System32\ADVAPI32.dll
0x00007ffc0ce30000 - 0x00007ffc0cece000 	C:\Windows\System32\msvcrt.dll
0x00007ffc0e410000 - 0x00007ffc0e4ab000 	C:\Windows\System32\sechost.dll
0x00007ffc0c9c0000 - 0x00007ffc0caea000 	C:\Windows\System32\RPCRT4.dll
0x00007ffc0dac0000 - 0x00007ffc0dc61000 	C:\Windows\System32\USER32.dll
0x00007ffc0bda0000 - 0x00007ffc0bdc2000 	C:\Windows\System32\win32u.dll
0x00007ffc0d230000 - 0x00007ffc0d25b000 	C:\Windows\System32\GDI32.dll
0x00007ffc0c060000 - 0x00007ffc0c16b000 	C:\Windows\System32\gdi32full.dll
0x00007ffc0bf30000 - 0x00007ffc0bfcd000 	C:\Windows\System32\msvcp_win.dll
0x00007ffc0bdd0000 - 0x00007ffc0bed0000 	C:\Windows\System32\ucrtbase.dll
0x00007ffbf68b0000 - 0x00007ffbf6b4a000 	C:\Windows\WinSxS\amd64_microsoft.windows.common-controls_6595b64144ccf1df_6.0.19041.1110_none_60b5254171f9507e\COMCTL32.dll
0x00007ffc0cdf0000 - 0x00007ffc0ce20000 	C:\Windows\System32\IMM32.DLL
0x0000000069650000 - 0x0000000069722000 	C:\Program Files\Java\jdk1.8.0_111\jre\bin\msvcr100.dll
0x0000000068db0000 - 0x000000006964a000 	C:\Program Files\Java\jdk1.8.0_111\jre\bin\server\jvm.dll
0x00007ffc0ce20000 - 0x00007ffc0ce28000 	C:\Windows\System32\PSAPI.DLL
0x00007ffbfda00000 - 0x00007ffbfda09000 	C:\Windows\SYSTEM32\WSOCK32.dll
0x00007ffc0d0d0000 - 0x00007ffc0d13b000 	C:\Windows\System32\WS2_32.dll
0x00007ffbf95a0000 - 0x00007ffbf95c7000 	C:\Windows\SYSTEM32\WINMM.dll
0x00007ffc04960000 - 0x00007ffc0496a000 	C:\Windows\SYSTEM32\VERSION.dll
0x0000000068da0000 - 0x0000000068daf000 	C:\Program Files\Java\jdk1.8.0_111\jre\bin\verify.dll
0x0000000068d70000 - 0x0000000068d99000 	C:\Program Files\Java\jdk1.8.0_111\jre\bin\java.dll
0x0000000068d50000 - 0x0000000068d66000 	C:\Program Files\Java\jdk1.8.0_111\jre\bin\zip.dll
0x00007ffc0dc70000 - 0x00007ffc0e3af000 	C:\Windows\System32\SHELL32.dll
0x00007ffc09d70000 - 0x00007ffc0a500000 	C:\Windows\SYSTEM32\windows.storage.dll
0x00007ffc0d760000 - 0x00007ffc0dab5000 	C:\Windows\System32\combase.dll
0x00007ffc0b5f0000 - 0x00007ffc0b61c000 	C:\Windows\SYSTEM32\Wldp.dll
0x00007ffc0cd40000 - 0x00007ffc0cdee000 	C:\Windows\System32\SHCORE.dll
0x00007ffc0d700000 - 0x00007ffc0d755000 	C:\Windows\System32\shlwapi.dll
0x00007ffc0bbb0000 - 0x00007ffc0bbcf000 	C:\Windows\SYSTEM32\profapi.dll
0x0000000068d30000 - 0x0000000068d4a000 	C:\Program Files\Java\jdk1.8.0_111\jre\bin\net.dll
0x00007ffc0b350000 - 0x00007ffc0b3ba000 	C:\Windows\system32\mswsock.dll
0x0000000068d10000 - 0x0000000068d21000 	C:\Program Files\Java\jdk1.8.0_111\jre\bin\nio.dll
0x00007ffc0b540000 - 0x00007ffc0b558000 	C:\Windows\SYSTEM32\CRYPTSP.dll
0x00007ffc0acd0000 - 0x00007ffc0ad04000 	C:\Windows\system32\rsaenh.dll
0x00007ffc0bc70000 - 0x00007ffc0bc97000 	C:\Windows\System32\bcrypt.dll
0x00007ffc0bb30000 - 0x00007ffc0bb5e000 	C:\Windows\SYSTEM32\USERENV.dll
0x00007ffc0bfd0000 - 0x00007ffc0c053000 	C:\Windows\System32\bcryptprimitives.dll
0x00007ffc0b560000 - 0x00007ffc0b56c000 	C:\Windows\SYSTEM32\CRYPTBASE.dll
0x00007ffc0b040000 - 0x00007ffc0b07b000 	C:\Windows\SYSTEM32\IPHLPAPI.DLL
0x00007ffc0cff0000 - 0x00007ffc0cff8000 	C:\Windows\System32\NSI.dll
0x00007ffc05890000 - 0x00007ffc058a7000 	C:\Windows\SYSTEM32\dhcpcsvc6.DLL
0x00007ffc05a80000 - 0x00007ffc05a9d000 	C:\Windows\SYSTEM32\dhcpcsvc.DLL
0x00007ffc0b080000 - 0x00007ffc0b14c000 	C:\Windows\SYSTEM32\DNSAPI.dll
0x0000000068cd0000 - 0x0000000068cf4000 	C:\Program Files\Java\jdk1.8.0_111\jre\bin\sunec.dll
0x0000000068cc0000 - 0x0000000068ccb000 	C:\Program Files\Java\jdk1.8.0_111\jre\bin\sunmscapi.dll
0x00007ffc0c440000 - 0x00007ffc0c596000 	C:\Windows\System32\CRYPT32.dll
0x0000000068b20000 - 0x0000000068cb8000 	C:\Program Files\Java\jdk1.8.0_111\jre\bin\awt.dll
0x00007ffc0d000000 - 0x00007ffc0d0cd000 	C:\Windows\System32\OLEAUT32.dll
0x00007ffc09600000 - 0x00007ffc09690000 	C:\Windows\SYSTEM32\apphelp.dll
0x00007ffbfce30000 - 0x00007ffbfd014000 	C:\Windows\SYSTEM32\dbghelp.dll

VM Arguments:
jvm_args: -Djava.awt.headless=true -Djava.security.manager=worker.org.gradle.process.internal.worker.child.BootstrapSecurityManager -Dorg.gradle.native=false -Xmx512m -Dfile.encoding=windows-1252 -Duser.country=ID -Duser.language=en -Duser.variant -ea 
java_command: worker.org.gradle.process.internal.worker.GradleWorkerMain 'Gradle Test Executor 10'
java_class_path (initial): C:\Users\HP\.gradle\caches\6.1.1\workerMain\gradle-worker.jar
Launcher Type: SUN_STANDARD

Environment Variables:
PATH=C:\ProgramData\Oracle\Java\javapath;C:\Windows\system32;C:\Windows;C:\Windows\System32\Wbem;C:\Windows\System32\WindowsPowerShell\v1.0\;C:\Windows\System32\OpenSSH\;C:\Program Files\Git\cmd;C:\Program Files\nodejs\;C:\Program Files\Microsoft SQL Server\Client SDK\ODBC\170\Tools\Binn\;C:\Program Files (x86)\Microsoft SQL Server\150\Tools\Binn\;C:\Program Files\Microsoft SQL Server\150\Tools\Binn\;C:\Program Files\Microsoft SQL Server\150\DTS\Binn\;C:\Program Files (x86)\Microsoft SQL Server\150\DTS\Binn\;C:\Program Files\Azure Data Studio\bin;C:\Program Files\Java\jdk1.8.0_111\bin;C:\Program Files (x86)\PuTTY\;C:\Users\HP\AppData\Local\Microsoft\WindowsApps;C:\xampp\php;C:\Users\HP\AppData\Local\ComposerSetup\bin;C:\Users\HP\AppData\Roaming\Composer\vendor\bin;C:\Users\HP\AppData\Roaming\npm;C:\Users\HP\AppData\Local\Programs\Microsoft VS Code\bin;C:\Program Files\Azure Data Studio\bin
USERNAME=HP
OS=Windows_NT
PROCESSOR_IDENTIFIER=AMD64 Family 21 Model 112 Stepping 0, AuthenticAMD



---------------  S Y S T E M  ---------------

OS: Windows 10.0 , 64 bit Build 19041 (10.0.19041.1202)

CPU:total 2 (2 cores per cpu, 1 threads per core) family 21 model 112 stepping 0, cmov, cx8, fxsr, mmx, sse, sse2, sse3, ssse3, sse4.1, sse4.2, popcnt, avx, avx2, aes, clmul, mmxext, 3dnowpref, lzcnt, sse4a, tsc, tscinvbit, tscinv, bmi1

Memory: 4k page, physical 4073412k(613664k free), swap 10440700k(1796668k free)

vm_info: Java HotSpot(TM) 64-Bit Server VM (25.111-b14) for windows-amd64 JRE (1.8.0_111-b14), built on Sep 22 2016 19:24:05 by "java_re" with MS VC++ 10.0 (VS2010)

time: Tue Sep 28 18:02:15 2021
elapsed time: 29 seconds (0d 0h 0m 29s)

