#
# A fatal error has been detected by the Java Runtime Environment:
#
#  EXCEPTION_ACCESS_VIOLATION (0xc0000005) at pc=0x0000000068df3608, pid=9700, tid=0x000000000000211c
#
# JRE version: Java(TM) SE Runtime Environment (8.0_111-b14) (build 1.8.0_111-b14)
# Java VM: Java HotSpot(TM) 64-Bit Server VM (25.111-b14 mixed mode windows-amd64 compressed oops)
# Problematic frame:
# V  [jvm.dll+0x43608]
#
# Failed to write core dump. Minidumps are not enabled by default on client versions of Windows
#
# If you would like to submit a bug report, please visit:
#   http://bugreport.java.com/bugreport/crash.jsp
#

---------------  T H R E A D  ---------------

Current thread (0x00000000136d4800):  JavaThread "C1 CompilerThread1" daemon [_thread_in_vm, id=8476, stack(0x00000000148e0000,0x00000000149e0000)]

siginfo: ExceptionCode=0xc0000005, reading address 0xffffffffffffffff

Registers:
RAX=0x00000000136d4800, RBX=0x0000000002479ad0, RCX=0x0000000002479ad0, RDX=0x0000000002479ad0
RSP=0x00000000149dcd90, RBP=0x00000000152e6ca0, RSI=0x0000000002479ad0, RDI=0x0000000000000000
R8 =0x13c695a6ffff0013, R9 =0x0000000000000000, R10=0x00000000152e6ed0, R11=0x0000000014dc4d60
R12=0x00000000136d4800, R13=0x00000000152e6ca0, R14=0x00000000199d64f0, R15=0x0000000000000000
RIP=0x0000000068df3608, EFLAGS=0x0000000000010202

Top of Stack: (sp=0x00000000149dcd90)
0x00000000149dcd90:   00000000000000b6 00000000149df340
0x00000000149dcda0:   0000000000000000 0000000000000077
0x00000000149dcdb0:   000000001888c648 00000000149df340
0x00000000149dcdc0:   00000000149dcea0 0000000068ddfe25
0x00000000149dcdd0:   00000000000000e8 0000000068df3999
0x00000000149dcde0:   0000000000000077 0000000000000077
0x00000000149dcdf0:   0000000000000000 0000000000000000
0x00000000149dce00:   00000000000000b6 00000000199cbe70
0x00000000149dce10:   00000000136c95c0 0000000068df1c6b
0x00000000149dce20:   0000000000000000 00000000136d4800
0x00000000149dce30:   00000000199d7660 0000000068ddce0f
0x00000000149dce40:   00000000136d4800 0000000068df6f80
0x00000000149dce50:   00000000136d4800 00000000136d4800
0x00000000149dce60:   00000000199cbe70 00000000691d0aeb
0x00000000149dce70:   0000000000000000 0000000000000000
0x00000000149dce80:   00000000199d7660 0000000000000000 

Instructions: (pc=0x0000000068df3608)
0x0000000068df35e8:   00 48 8b da ff 15 fe 7d 59 00 44 0f b6 05 5a d9
0x0000000068df35f8:   7a 00 4c 8b e0 45 84 c0 74 39 4c 8b 03 48 8b cb
0x0000000068df3608:   41 ff 50 08 84 c0 74 2b 83 7b 08 00 7e 25 0f b6
0x0000000068df3618:   83 0e 01 00 00 c0 e8 03 a8 01 74 17 48 8b 03 48 


Register to memory mapping:

RAX=0x00000000136d4800 is a thread
RBX=0x0000000002479ad0 is an unknown value
RCX=0x0000000002479ad0 is an unknown value
RDX=0x0000000002479ad0 is an unknown value
RSP=0x00000000149dcd90 is pointing into the stack for thread: 0x00000000136d4800
RBP=0x00000000152e6ca0 is an unknown value
RSI=0x0000000002479ad0 is an unknown value
RDI=0x0000000000000000 is an unknown value
R8 =0x13c695a6ffff0013 is an unknown value
R9 =0x0000000000000000 is an unknown value
R10=0x00000000152e6ed0 is an unknown value
R11=0x0000000014dc4d60 is an unknown value
R12=0x00000000136d4800 is a thread
R13=0x00000000152e6ca0 is an unknown value
R14=0x00000000199d64f0 is an unknown value
R15=0x0000000000000000 is an unknown value


Stack: [0x00000000148e0000,0x00000000149e0000],  sp=0x00000000149dcd90,  free space=1011k
Native frames: (J=compiled Java code, j=interpreted, Vv=VM code, C=native code)
V  [jvm.dll+0x43608]
V  [jvm.dll+0x43999]
V  [jvm.dll+0x41c6b]
V  [jvm.dll+0x420aeb]
V  [jvm.dll+0x41b8da]
V  [jvm.dll+0x41e727]
V  [jvm.dll+0x41eeeb]
V  [jvm.dll+0x41fde6]
V  [jvm.dll+0x420048]
V  [jvm.dll+0x42047b]
V  [jvm.dll+0x41ffd5]
V  [jvm.dll+0x41bd3b]
V  [jvm.dll+0x41e727]
V  [jvm.dll+0x41eeeb]
V  [jvm.dll+0x41fde6]
V  [jvm.dll+0x420048]
V  [jvm.dll+0x42047b]
V  [jvm.dll+0x41ffd5]
V  [jvm.dll+0x41bd3b]
V  [jvm.dll+0x41e727]
V  [jvm.dll+0x41f01d]
V  [jvm.dll+0x41fde6]
V  [jvm.dll+0x420048]
V  [jvm.dll+0x42047b]
V  [jvm.dll+0x41ffd5]
V  [jvm.dll+0x41bd3b]
V  [jvm.dll+0x41e727]
V  [jvm.dll+0x41eeeb]
V  [jvm.dll+0x41fde6]
V  [jvm.dll+0x420048]
V  [jvm.dll+0x42047b]
V  [jvm.dll+0x41ffd5]
V  [jvm.dll+0x41bd3b]
V  [jvm.dll+0x41e727]
V  [jvm.dll+0x41f01d]
V  [jvm.dll+0x41fde6]
V  [jvm.dll+0x420048]
V  [jvm.dll+0x42047b]
V  [jvm.dll+0x41ffd5]
V  [jvm.dll+0x41bd3b]
V  [jvm.dll+0x41e727]
V  [jvm.dll+0x41eeeb]
V  [jvm.dll+0x41fde6]
V  [jvm.dll+0x420048]
V  [jvm.dll+0x41bd3b]
V  [jvm.dll+0x41e727]
V  [jvm.dll+0x41eeeb]
V  [jvm.dll+0x41fde6]
V  [jvm.dll+0x420048]
V  [jvm.dll+0x41bd3b]
V  [jvm.dll+0x41e727]
V  [jvm.dll+0x41f01d]
V  [jvm.dll+0x41f412]
V  [jvm.dll+0x4244f5]
V  [jvm.dll+0x424600]
V  [jvm.dll+0x40ddb8]
V  [jvm.dll+0x40e021]
V  [jvm.dll+0x40e1e2]
V  [jvm.dll+0x40e3b1]
V  [jvm.dll+0x40e5bf]
V  [jvm.dll+0xa5742]
V  [jvm.dll+0xa607f]
V  [jvm.dll+0x244b7f]
V  [jvm.dll+0x29c43a]
C  [msvcr100.dll+0x21d9f]
C  [msvcr100.dll+0x21e3b]
C  [KERNEL32.DLL+0x17034]
C  [ntdll.dll+0x52651]


Current CompileTask:
C1:  25398 5744       3       android.content.res.TypedArray::$$robo$$android_content_res_TypedArray$loadStringValueAt (51 bytes)


---------------  P R O C E S S  ---------------

Java Threads: ( => current thread )
  0x000000001830f800 JavaThread "Java2D Disposer" daemon [_thread_blocked, id=12672, stack(0x000000001b6f0000,0x000000001b7f0000)]
  0x00000000164ad800 JavaThread "SDK 28 Main Thread" [_thread_in_Java, id=3096, stack(0x00000000172f0000,0x00000000173f0000)]
  0x0000000015647800 JavaThread "/127.0.0.1:59577 to /127.0.0.1:59576 workers Thread 3" [_thread_in_native, id=9112, stack(0x0000000015e20000,0x0000000015f20000)]
  0x00000000152ec000 JavaThread "/127.0.0.1:59577 to /127.0.0.1:59576 workers Thread 2" [_thread_blocked, id=5876, stack(0x0000000015d20000,0x0000000015e20000)]
  0x00000000153d3800 JavaThread "Test worker" [_thread_blocked, id=10360, stack(0x00000000158e0000,0x00000000159e0000)]
  0x0000000014a23000 JavaThread "Service Thread" daemon [_thread_blocked, id=7256, stack(0x0000000014de0000,0x0000000014ee0000)]
=>0x00000000136d4800 JavaThread "C1 CompilerThread1" daemon [_thread_in_vm, id=8476, stack(0x00000000148e0000,0x00000000149e0000)]
  0x00000000136d3800 JavaThread "C2 CompilerThread0" daemon [_thread_in_native, id=11844, stack(0x00000000147e0000,0x00000000148e0000)]
  0x00000000136d1000 JavaThread "Attach Listener" daemon [_thread_blocked, id=2744, stack(0x00000000146e0000,0x00000000147e0000)]
  0x00000000136ce000 JavaThread "Signal Dispatcher" daemon [_thread_blocked, id=13124, stack(0x00000000145e0000,0x00000000146e0000)]
  0x0000000013648800 JavaThread "Finalizer" daemon [_thread_blocked, id=12804, stack(0x00000000142a0000,0x00000000143a0000)]
  0x000000000251e000 JavaThread "Reference Handler" daemon [_thread_blocked, id=1072, stack(0x00000000141a0000,0x00000000142a0000)]
  0x0000000002430800 JavaThread "main" [_thread_blocked, id=8960, stack(0x00000000022f0000,0x00000000023f0000)]

Other Threads:
  0x0000000013626000 VMThread [stack: 0x00000000140a0000,0x00000000141a0000] [id=2444]
  0x0000000014a73800 WatcherThread [stack: 0x0000000014ee0000,0x0000000014fe0000] [id=6020]

VM state:not at safepoint (normal execution)

VM Mutex/Monitor currently owned by a thread: None

Heap:
 PSYoungGen      total 162304K, used 89480K [0x00000000f5580000, 0x0000000100000000, 0x0000000100000000)
  eden space 151040K, 53% used [0x00000000f5580000,0x00000000fa4b7e70,0x00000000fe900000)
  from space 11264K, 74% used [0x00000000ff500000,0x00000000ffd2a220,0x0000000100000000)
  to   space 11776K, 0% used [0x00000000fe900000,0x00000000fe900000,0x00000000ff480000)
 ParOldGen       total 115200K, used 63611K [0x00000000e0000000, 0x00000000e7080000, 0x00000000f5580000)
  object space 115200K, 55% used [0x00000000e0000000,0x00000000e3e1ec30,0x00000000e7080000)
 Metaspace       used 59914K, capacity 67416K, committed 67712K, reserved 1107968K
  class space    used 7073K, capacity 9224K, committed 9344K, reserved 1048576K

Card table byte_map: [0x00000000118f0000,0x0000000011a00000] byte_map_base: 0x00000000111f0000

Marking Bits: (ParMarkBitMap*) 0x00000000695ca6c0
 Begin Bits: [0x0000000011c00000, 0x0000000012400000)
 End Bits:   [0x0000000012400000, 0x0000000012c00000)

Polling page: 0x0000000000620000

CodeCache: size=245760Kb used=15869Kb max_used=15869Kb free=229890Kb
 bounds [0x0000000002530000, 0x00000000034c0000, 0x0000000011530000]
 total_blobs=6200 nmethods=4915 adapters=1198
 compilation: enabled

Compilation events (10 events):
Event: 25.309 Thread 0x00000000136d4800 nmethod 5738 0x00000000034abb10 code [0x00000000034abe40, 0x00000000034ad978]
Event: 25.310 Thread 0x00000000136d4800 5739       3       android.view.View::resetResolvedTextDirection (7 bytes)
Event: 25.312 Thread 0x00000000136d4800 nmethod 5739 0x00000000034aecd0 code [0x00000000034af000, 0x00000000034b0b28]
Event: 25.312 Thread 0x00000000136d4800 5740       3       android.view.View::resetResolvedPadding (7 bytes)
Event: 25.316 Thread 0x00000000136d4800 nmethod 5740 0x00000000034b1e90 code [0x00000000034b2300, 0x00000000034b4ec8]
Event: 25.318 Thread 0x00000000136d4800 5741       3       android.view.ViewGroup::findViewTraversal (8 bytes)
Event: 25.320 Thread 0x00000000136d4800 nmethod 5741 0x00000000034b7cd0 code [0x00000000034b8000, 0x00000000034b9be8]
Event: 25.321 Thread 0x00000000136d4800 5743       3       android.view.ViewGroup::$$robo$$android_view_ViewGroup$findViewTraversal (70 bytes)
Event: 25.321 Thread 0x00000000136d4800 nmethod 5743 0x00000000034bb110 code [0x00000000034bb2a0, 0x00000000034bb688]
Event: 25.327 Thread 0x00000000136d4800 5744       3       android.content.res.TypedArray::$$robo$$android_content_res_TypedArray$loadStringValueAt (51 bytes)

GC Heap History (10 events):
Event: 20.084 GC heap before
{Heap before GC invocations=21 (full 2):
 PSYoungGen      total 161792K, used 48958K [0x00000000f5580000, 0x0000000100000000, 0x0000000100000000)
  eden space 152064K, 29% used [0x00000000f5580000,0x00000000f81f6018,0x00000000fea00000)
  from space 9728K, 35% used [0x00000000ff680000,0x00000000ff9d9800,0x0000000100000000)
  to   space 11264K, 0% used [0x00000000fea00000,0x00000000fea00000,0x00000000ff500000)
 ParOldGen       total 89088K, used 62091K [0x00000000e0000000, 0x00000000e5700000, 0x00000000f5580000)
  object space 89088K, 69% used [0x00000000e0000000,0x00000000e3ca2f28,0x00000000e5700000)
 Metaspace       used 52845K, capacity 59108K, committed 59160K, reserved 1099776K
  class space    used 6372K, capacity 8311K, committed 8320K, reserved 1048576K
Event: 20.103 GC heap after
Heap after GC invocations=21 (full 2):
 PSYoungGen      total 163328K, used 3091K [0x00000000f5580000, 0x0000000100000000, 0x0000000100000000)
  eden space 152064K, 0% used [0x00000000f5580000,0x00000000f5580000,0x00000000fea00000)
  from space 11264K, 27% used [0x00000000fea00000,0x00000000fed04ca0,0x00000000ff500000)
  to   space 11264K, 0% used [0x00000000ff500000,0x00000000ff500000,0x0000000100000000)
 ParOldGen       total 89088K, used 62091K [0x00000000e0000000, 0x00000000e5700000, 0x00000000f5580000)
  object space 89088K, 69% used [0x00000000e0000000,0x00000000e3ca2f28,0x00000000e5700000)
 Metaspace       used 52845K, capacity 59108K, committed 59160K, reserved 1099776K
  class space    used 6372K, capacity 8311K, committed 8320K, reserved 1048576K
}
Event: 20.103 GC heap before
{Heap before GC invocations=22 (full 3):
 PSYoungGen      total 163328K, used 3091K [0x00000000f5580000, 0x0000000100000000, 0x0000000100000000)
  eden space 152064K, 0% used [0x00000000f5580000,0x00000000f5580000,0x00000000fea00000)
  from space 11264K, 27% used [0x00000000fea00000,0x00000000fed04ca0,0x00000000ff500000)
  to   space 11264K, 0% used [0x00000000ff500000,0x00000000ff500000,0x0000000100000000)
 ParOldGen       total 89088K, used 62091K [0x00000000e0000000, 0x00000000e5700000, 0x00000000f5580000)
  object space 89088K, 69% used [0x00000000e0000000,0x00000000e3ca2f28,0x00000000e5700000)
 Metaspace       used 52845K, capacity 59108K, committed 59160K, reserved 1099776K
  class space    used 6372K, capacity 8311K, committed 8320K, reserved 1048576K
Event: 20.643 GC heap after
Heap after GC invocations=22 (full 3):
 PSYoungGen      total 163328K, used 0K [0x00000000f5580000, 0x0000000100000000, 0x0000000100000000)
  eden space 152064K, 0% used [0x00000000f5580000,0x00000000f5580000,0x00000000fea00000)
  from space 11264K, 0% used [0x00000000fea00000,0x00000000fea00000,0x00000000ff500000)
  to   space 11264K, 0% used [0x00000000ff500000,0x00000000ff500000,0x0000000100000000)
 ParOldGen       total 115200K, used 63595K [0x00000000e0000000, 0x00000000e7080000, 0x00000000f5580000)
  object space 115200K, 55% used [0x00000000e0000000,0x00000000e3e1ac30,0x00000000e7080000)
 Metaspace       used 52845K, capacity 59108K, committed 59160K, reserved 1099776K
  class space    used 6372K, capacity 8311K, committed 8320K, reserved 1048576K
}
Event: 21.771 GC heap before
{Heap before GC invocations=23 (full 3):
 PSYoungGen      total 163328K, used 152064K [0x00000000f5580000, 0x0000000100000000, 0x0000000100000000)
  eden space 152064K, 100% used [0x00000000f5580000,0x00000000fea00000,0x00000000fea00000)
  from space 11264K, 0% used [0x00000000fea00000,0x00000000fea00000,0x00000000ff500000)
  to   space 11264K, 0% used [0x00000000ff500000,0x00000000ff500000,0x0000000100000000)
 ParOldGen       total 115200K, used 63595K [0x00000000e0000000, 0x00000000e7080000, 0x00000000f5580000)
  object space 115200K, 55% used [0x00000000e0000000,0x00000000e3e1ac30,0x00000000e7080000)
 Metaspace       used 55590K, capacity 62060K, committed 62208K, reserved 1103872K
  class space    used 6610K, capacity 8577K, committed 8704K, reserved 1048576K
Event: 21.779 GC heap after
Heap after GC invocations=23 (full 3):
 PSYoungGen      total 162304K, used 3075K [0x00000000f5580000, 0x00000000fff00000, 0x0000000100000000)
  eden space 152064K, 0% used [0x00000000f5580000,0x00000000f5580000,0x00000000fea00000)
  from space 10240K, 30% used [0x00000000ff500000,0x00000000ff800fe0,0x00000000fff00000)
  to   space 10752K, 0% used [0x00000000fea00000,0x00000000fea00000,0x00000000ff480000)
 ParOldGen       total 115200K, used 63595K [0x00000000e0000000, 0x00000000e7080000, 0x00000000f5580000)
  object space 115200K, 55% used [0x00000000e0000000,0x00000000e3e1ac30,0x00000000e7080000)
 Metaspace       used 55590K, capacity 62060K, committed 62208K, reserved 1103872K
  class space    used 6610K, capacity 8577K, committed 8704K, reserved 1048576K
}
Event: 23.691 GC heap before
{Heap before GC invocations=24 (full 3):
 PSYoungGen      total 162304K, used 155139K [0x00000000f5580000, 0x00000000fff00000, 0x0000000100000000)
  eden space 152064K, 100% used [0x00000000f5580000,0x00000000fea00000,0x00000000fea00000)
  from space 10240K, 30% used [0x00000000ff500000,0x00000000ff800fe0,0x00000000fff00000)
  to   space 10752K, 0% used [0x00000000fea00000,0x00000000fea00000,0x00000000ff480000)
 ParOldGen       total 115200K, used 63595K [0x00000000e0000000, 0x00000000e7080000, 0x00000000f5580000)
  object space 115200K, 55% used [0x00000000e0000000,0x00000000e3e1ac30,0x00000000e7080000)
 Metaspace       used 58701K, capacity 65624K, committed 65664K, reserved 1105920K
  class space    used 6994K, capacity 9068K, committed 9088K, reserved 1048576K
Event: 23.722 GC heap after
Heap after GC invocations=24 (full 3):
 PSYoungGen      total 162816K, used 8137K [0x00000000f5580000, 0x0000000100000000, 0x0000000100000000)
  eden space 152064K, 0% used [0x00000000f5580000,0x00000000f5580000,0x00000000fea00000)
  from space 10752K, 75% used [0x00000000fea00000,0x00000000ff1f2740,0x00000000ff480000)
  to   space 11264K, 0% used [0x00000000ff500000,0x00000000ff500000,0x0000000100000000)
 ParOldGen       total 115200K, used 63603K [0x00000000e0000000, 0x00000000e7080000, 0x00000000f5580000)
  object space 115200K, 55% used [0x00000000e0000000,0x00000000e3e1cc30,0x00000000e7080000)
 Metaspace       used 58701K, capacity 65624K, committed 65664K, reserved 1105920K
  class space    used 6994K, capacity 9068K, committed 9088K, reserved 1048576K
}
Event: 24.793 GC heap before
{Heap before GC invocations=25 (full 3):
 PSYoungGen      total 162816K, used 160201K [0x00000000f5580000, 0x0000000100000000, 0x0000000100000000)
  eden space 152064K, 100% used [0x00000000f5580000,0x00000000fea00000,0x00000000fea00000)
  from space 10752K, 75% used [0x00000000fea00000,0x00000000ff1f2740,0x00000000ff480000)
  to   space 11264K, 0% used [0x00000000ff500000,0x00000000ff500000,0x0000000100000000)
 ParOldGen       total 115200K, used 63603K [0x00000000e0000000, 0x00000000e7080000, 0x00000000f5580000)
  object space 115200K, 55% used [0x00000000e0000000,0x00000000e3e1cc30,0x00000000e7080000)
 Metaspace       used 59799K, capacity 67122K, committed 67328K, reserved 1107968K
  class space    used 7066K, capacity 9214K, committed 9216K, reserved 1048576K
Event: 24.811 GC heap after
Heap after GC invocations=25 (full 3):
 PSYoungGen      total 162304K, used 8360K [0x00000000f5580000, 0x0000000100000000, 0x0000000100000000)
  eden space 151040K, 0% used [0x00000000f5580000,0x00000000f5580000,0x00000000fe900000)
  from space 11264K, 74% used [0x00000000ff500000,0x00000000ffd2a220,0x0000000100000000)
  to   space 11776K, 0% used [0x00000000fe900000,0x00000000fe900000,0x00000000ff480000)
 ParOldGen       total 115200K, used 63611K [0x00000000e0000000, 0x00000000e7080000, 0x00000000f5580000)
  object space 115200K, 55% used [0x00000000e0000000,0x00000000e3e1ec30,0x00000000e7080000)
 Metaspace       used 59799K, capacity 67122K, committed 67328K, reserved 1107968K
  class space    used 7066K, capacity 9214K, committed 9216K, reserved 1048576K
}

Deoptimization events (10 events):
Event: 23.881 Thread 0x00000000153d3800 Uncommon trap: reason=class_check action=maybe_recompile pc=0x0000000003070f88 method=com.google.common.collect.ImmutableSet$RegularSetBuilderImpl.add(Ljava/lang/Object;)Lcom/google/common/collect/ImmutableSet$SetBuilderImpl; @ 6
Event: 23.881 Thread 0x00000000153d3800 Uncommon trap: reason=class_check action=maybe_recompile pc=0x0000000003070f88 method=com.google.common.collect.ImmutableSet$RegularSetBuilderImpl.add(Ljava/lang/Object;)Lcom/google/common/collect/ImmutableSet$SetBuilderImpl; @ 6
Event: 23.881 Thread 0x00000000153d3800 Uncommon trap: reason=class_check action=maybe_recompile pc=0x0000000003070f88 method=com.google.common.collect.ImmutableSet$RegularSetBuilderImpl.add(Ljava/lang/Object;)Lcom/google/common/collect/ImmutableSet$SetBuilderImpl; @ 6
Event: 23.881 Thread 0x00000000153d3800 Uncommon trap: reason=class_check action=maybe_recompile pc=0x0000000003070f88 method=com.google.common.collect.ImmutableSet$RegularSetBuilderImpl.add(Ljava/lang/Object;)Lcom/google/common/collect/ImmutableSet$SetBuilderImpl; @ 6
Event: 23.883 Thread 0x00000000153d3800 Uncommon trap: reason=unstable_if action=reinterpret pc=0x0000000002d9fe20 method=org.robolectric.internal.bytecode.MethodRef.equals(Ljava/lang/Object;)Z @ 2
Event: 23.908 Thread 0x00000000164ad800 Uncommon trap: reason=bimorphic action=maybe_recompile pc=0x00000000027c7830 method=java.util.regex.Pattern$Start.<init>(Ljava/util/regex/Pattern$Node;)V @ 22
Event: 23.932 Thread 0x00000000164ad800 Uncommon trap: reason=unstable_if action=reinterpret pc=0x0000000002a5a278 method=java.util.Arrays.equals([B[B)Z @ 2
Event: 23.942 Thread 0x00000000164ad800 Uncommon trap: reason=unstable_if action=reinterpret pc=0x0000000002a6824c method=org.robolectric.res.android.ResXMLParser.getAttributeNameResID(I)I @ 18
Event: 24.289 Thread 0x00000000164ad800 Uncommon trap: reason=unstable_if action=reinterpret pc=0x0000000002cb0da8 method=org.robolectric.res.android.ResXMLParser.getAttributeNameResID(I)I @ 18
Event: 24.289 Thread 0x00000000164ad800 Uncommon trap: reason=unstable_if action=reinterpret pc=0x0000000002af95b8 method=org.robolectric.res.android.CppAssetManager2$Theme.GetAttribute(ILorg/robolectric/res/android/Ref;Lorg/robolectric/res/android/Ref;)Lorg/robolectric/res/android/ApkAssetsCoo

Internal exceptions (10 events):
Event: 9.607 Thread 0x00000000164ad800 Exception <a 'java/security/PrivilegedActionException'> (0x00000000f9055bd8) thrown at [C:\re\workspace\8-2-build-windows-amd64-cygwin\jdk8u111\7883\hotspot\src\share\vm\prims\jvm.cpp, line 1386]
Event: 12.060 Thread 0x00000000164ad800 Exception <a 'sun/nio/fs/WindowsException'> (0x00000000f643e8d0) thrown at [C:\re\workspace\8-2-build-windows-amd64-cygwin\jdk8u111\7883\hotspot\src\share\vm\prims\jni.cpp, line 709]
Event: 13.325 Thread 0x00000000164ad800 Exception <a 'java/lang/NoSuchFieldError': method resolution failed> (0x00000000fc9ab638) thrown at [C:\re\workspace\8-2-build-windows-amd64-cygwin\jdk8u111\7883\hotspot\src\share\vm\prims\methodHandles.cpp, line 1146]
Event: 16.031 Thread 0x00000000164ad800 Exception <a 'java/lang/NoSuchFieldError': method resolution failed> (0x00000000fa013888) thrown at [C:\re\workspace\8-2-build-windows-amd64-cygwin\jdk8u111\7883\hotspot\src\share\vm\prims\methodHandles.cpp, line 1146]
Event: 17.611 Thread 0x00000000164ad800 Exception <a 'java/io/FileNotFoundException'> (0x00000000fb8c61d8) thrown at [C:\re\workspace\8-2-build-windows-amd64-cygwin\jdk8u111\7883\hotspot\src\share\vm\prims\jni.cpp, line 709]
Event: 17.744 Thread 0x00000000164ad800 Implicit null exception at 0x00000000027ba215 to 0x00000000027ba3f1
Event: 19.491 Thread 0x00000000164ad800 Exception <a 'java/lang/NoSuchMethodError': java.lang.Object.lambda$comparingDouble$8dcf42ea$1(Ljava/util/function/ToDoubleFunction;Ljava/lang/Object;Ljava/lang/Object;)I> (0x00000000fe1cad18) thrown at [C:\re\workspace\8-2-build-windows-amd64-cygwin\jdk8
Event: 23.763 Thread 0x00000000164ad800 Exception <a 'java/lang/NoSuchMethodError': java.lang.Object.lambda$get$0(Ljava/lang/Object;)V> (0x00000000f591cf20) thrown at [C:\re\workspace\8-2-build-windows-amd64-cygwin\jdk8u111\7883\hotspot\src\share\vm\interpreter\linkResolver.cpp, line 582]
Event: 24.113 Thread 0x00000000164ad800 Exception <a 'sun/nio/fs/WindowsException'> (0x00000000f6925058) thrown at [C:\re\workspace\8-2-build-windows-amd64-cygwin\jdk8u111\7883\hotspot\src\share\vm\prims\jni.cpp, line 709]
Event: 24.289 Thread 0x00000000164ad800 Implicit null exception at 0x0000000002af91a7 to 0x0000000002af9589

Events (10 events):
Event: 24.869 Thread 0x00000000136d4800 flushing nmethod 0x0000000002bf8290
Event: 24.870 Thread 0x00000000136d4800 flushing nmethod 0x0000000002c6add0
Event: 24.870 Thread 0x00000000136d4800 flushing nmethod 0x0000000002c995d0
Event: 24.870 Thread 0x00000000136d4800 flushing nmethod 0x0000000002c99b90
Event: 24.870 Thread 0x00000000136d4800 flushing nmethod 0x0000000002cab7d0
Event: 24.870 Thread 0x00000000136d4800 flushing nmethod 0x0000000002d013d0
Event: 24.871 Thread 0x00000000136d4800 flushing nmethod 0x0000000002d58890
Event: 24.873 Thread 0x00000000136d3800 flushing nmethod 0x0000000002ebefd0
Event: 24.880 Thread 0x00000000136d4800 flushing nmethod 0x0000000002f28e90
Event: 24.900 Thread 0x00000000136d4800 flushing nmethod 0x00000000031a39d0


Dynamic libraries:
0x00007ff6dc770000 - 0x00007ff6dc7a7000 	C:\Program Files\Java\jdk1.8.0_111\bin\java.exe
0x00007ffc0e550000 - 0x00007ffc0e745000 	C:\Windows\SYSTEM32\ntdll.dll
0x00007ffc0caf0000 - 0x00007ffc0cbae000 	C:\Windows\System32\KERNEL32.DLL
0x00007ffc0c170000 - 0x00007ffc0c439000 	C:\Windows\System32\KERNELBASE.dll
0x00007ffc0c6d0000 - 0x00007ffc0c77c000 	C:\Windows\System32\ADVAPI32.dll
0x00007ffc0ce30000 - 0x00007ffc0cece000 	C:\Windows\System32\msvcrt.dll
0x00007ffc0e410000 - 0x00007ffc0e4ab000 	C:\Windows\System32\sechost.dll
0x00007ffc0c9c0000 - 0x00007ffc0caea000 	C:\Windows\System32\RPCRT4.dll
0x00007ffc0dac0000 - 0x00007ffc0dc61000 	C:\Windows\System32\USER32.dll
0x00007ffc0bda0000 - 0x00007ffc0bdc2000 	C:\Windows\System32\win32u.dll
0x00007ffc0d230000 - 0x00007ffc0d25b000 	C:\Windows\System32\GDI32.dll
0x00007ffc0c060000 - 0x00007ffc0c16b000 	C:\Windows\System32\gdi32full.dll
0x00007ffc0bf30000 - 0x00007ffc0bfcd000 	C:\Windows\System32\msvcp_win.dll
0x00007ffc0bdd0000 - 0x00007ffc0bed0000 	C:\Windows\System32\ucrtbase.dll
0x00007ffbf68b0000 - 0x00007ffbf6b4a000 	C:\Windows\WinSxS\amd64_microsoft.windows.common-controls_6595b64144ccf1df_6.0.19041.1110_none_60b5254171f9507e\COMCTL32.dll
0x00007ffc0cdf0000 - 0x00007ffc0ce20000 	C:\Windows\System32\IMM32.DLL
0x0000000069650000 - 0x0000000069722000 	C:\Program Files\Java\jdk1.8.0_111\jre\bin\msvcr100.dll
0x0000000068db0000 - 0x000000006964a000 	C:\Program Files\Java\jdk1.8.0_111\jre\bin\server\jvm.dll
0x00007ffc0ce20000 - 0x00007ffc0ce28000 	C:\Windows\System32\PSAPI.DLL
0x00007ffbfda00000 - 0x00007ffbfda09000 	C:\Windows\SYSTEM32\WSOCK32.dll
0x00007ffc0d0d0000 - 0x00007ffc0d13b000 	C:\Windows\System32\WS2_32.dll
0x00007ffbf95a0000 - 0x00007ffbf95c7000 	C:\Windows\SYSTEM32\WINMM.dll
0x00007ffc04960000 - 0x00007ffc0496a000 	C:\Windows\SYSTEM32\VERSION.dll
0x0000000068da0000 - 0x0000000068daf000 	C:\Program Files\Java\jdk1.8.0_111\jre\bin\verify.dll
0x0000000068d70000 - 0x0000000068d99000 	C:\Program Files\Java\jdk1.8.0_111\jre\bin\java.dll
0x0000000068d50000 - 0x0000000068d66000 	C:\Program Files\Java\jdk1.8.0_111\jre\bin\zip.dll
0x00007ffc0dc70000 - 0x00007ffc0e3af000 	C:\Windows\System32\SHELL32.dll
0x00007ffc09d70000 - 0x00007ffc0a500000 	C:\Windows\SYSTEM32\windows.storage.dll
0x00007ffc0d760000 - 0x00007ffc0dab5000 	C:\Windows\System32\combase.dll
0x00007ffc0b5f0000 - 0x00007ffc0b61c000 	C:\Windows\SYSTEM32\Wldp.dll
0x00007ffc0cd40000 - 0x00007ffc0cdee000 	C:\Windows\System32\SHCORE.dll
0x00007ffc0d700000 - 0x00007ffc0d755000 	C:\Windows\System32\shlwapi.dll
0x00007ffc0bbb0000 - 0x00007ffc0bbcf000 	C:\Windows\SYSTEM32\profapi.dll
0x0000000068d30000 - 0x0000000068d4a000 	C:\Program Files\Java\jdk1.8.0_111\jre\bin\net.dll
0x00007ffc0b350000 - 0x00007ffc0b3ba000 	C:\Windows\system32\mswsock.dll
0x0000000068d10000 - 0x0000000068d21000 	C:\Program Files\Java\jdk1.8.0_111\jre\bin\nio.dll
0x00007ffc0b540000 - 0x00007ffc0b558000 	C:\Windows\SYSTEM32\CRYPTSP.dll
0x00007ffc0acd0000 - 0x00007ffc0ad04000 	C:\Windows\system32\rsaenh.dll
0x00007ffc0bc70000 - 0x00007ffc0bc97000 	C:\Windows\System32\bcrypt.dll
0x00007ffc0bb30000 - 0x00007ffc0bb5e000 	C:\Windows\SYSTEM32\USERENV.dll
0x00007ffc0bfd0000 - 0x00007ffc0c053000 	C:\Windows\System32\bcryptprimitives.dll
0x00007ffc0b560000 - 0x00007ffc0b56c000 	C:\Windows\SYSTEM32\CRYPTBASE.dll
0x00007ffc0b040000 - 0x00007ffc0b07b000 	C:\Windows\SYSTEM32\IPHLPAPI.DLL
0x00007ffc0cff0000 - 0x00007ffc0cff8000 	C:\Windows\System32\NSI.dll
0x00007ffc05890000 - 0x00007ffc058a7000 	C:\Windows\SYSTEM32\dhcpcsvc6.DLL
0x00007ffc05a80000 - 0x00007ffc05a9d000 	C:\Windows\SYSTEM32\dhcpcsvc.DLL
0x00007ffc0b080000 - 0x00007ffc0b14c000 	C:\Windows\SYSTEM32\DNSAPI.dll
0x0000000068cd0000 - 0x0000000068cf4000 	C:\Program Files\Java\jdk1.8.0_111\jre\bin\sunec.dll
0x0000000068cc0000 - 0x0000000068ccb000 	C:\Program Files\Java\jdk1.8.0_111\jre\bin\sunmscapi.dll
0x00007ffc0c440000 - 0x00007ffc0c596000 	C:\Windows\System32\CRYPT32.dll
0x0000000068b20000 - 0x0000000068cb8000 	C:\Program Files\Java\jdk1.8.0_111\jre\bin\awt.dll
0x00007ffc0d000000 - 0x00007ffc0d0cd000 	C:\Windows\System32\OLEAUT32.dll
0x00007ffc09600000 - 0x00007ffc09690000 	C:\Windows\SYSTEM32\apphelp.dll
0x00007ffbfce30000 - 0x00007ffbfd014000 	C:\Windows\SYSTEM32\dbghelp.dll

VM Arguments:
jvm_args: -Djava.awt.headless=true -Djava.security.manager=worker.org.gradle.process.internal.worker.child.BootstrapSecurityManager -Dorg.gradle.native=false -Xmx512m -Dfile.encoding=windows-1252 -Duser.country=ID -Duser.language=en -Duser.variant -ea 
java_command: worker.org.gradle.process.internal.worker.GradleWorkerMain 'Gradle Test Executor 5'
java_class_path (initial): C:\Users\HP\.gradle\caches\6.1.1\workerMain\gradle-worker.jar
Launcher Type: SUN_STANDARD

Environment Variables:
PATH=C:\ProgramData\Oracle\Java\javapath;C:\Windows\system32;C:\Windows;C:\Windows\System32\Wbem;C:\Windows\System32\WindowsPowerShell\v1.0\;C:\Windows\System32\OpenSSH\;C:\Program Files\Git\cmd;C:\Program Files\nodejs\;C:\Program Files\Microsoft SQL Server\Client SDK\ODBC\170\Tools\Binn\;C:\Program Files (x86)\Microsoft SQL Server\150\Tools\Binn\;C:\Program Files\Microsoft SQL Server\150\Tools\Binn\;C:\Program Files\Microsoft SQL Server\150\DTS\Binn\;C:\Program Files (x86)\Microsoft SQL Server\150\DTS\Binn\;C:\Program Files\Azure Data Studio\bin;C:\Program Files\Java\jdk1.8.0_111\bin;C:\Program Files (x86)\PuTTY\;C:\Users\HP\AppData\Local\Microsoft\WindowsApps;C:\xampp\php;C:\Users\HP\AppData\Local\ComposerSetup\bin;C:\Users\HP\AppData\Roaming\Composer\vendor\bin;C:\Users\HP\AppData\Roaming\npm;C:\Users\HP\AppData\Local\Programs\Microsoft VS Code\bin;C:\Program Files\Azure Data Studio\bin
USERNAME=HP
OS=Windows_NT
PROCESSOR_IDENTIFIER=AMD64 Family 21 Model 112 Stepping 0, AuthenticAMD



---------------  S Y S T E M  ---------------

OS: Windows 10.0 , 64 bit Build 19041 (10.0.19041.1202)

CPU:total 2 (2 cores per cpu, 1 threads per core) family 21 model 112 stepping 0, cmov, cx8, fxsr, mmx, sse, sse2, sse3, ssse3, sse4.1, sse4.2, popcnt, avx, avx2, aes, clmul, mmxext, 3dnowpref, lzcnt, sse4a, tsc, tscinvbit, tscinv, bmi1

Memory: 4k page, physical 4073412k(585744k free), swap 10440700k(1847784k free)

vm_info: Java HotSpot(TM) 64-Bit Server VM (25.111-b14) for windows-amd64 JRE (1.8.0_111-b14), built on Sep 22 2016 19:24:05 by "java_re" with MS VC++ 10.0 (VS2010)

time: Tue Sep 28 17:51:49 2021
elapsed time: 25 seconds (0d 0h 0m 25s)

